<!DOCTYPE html>
<html lang="en">
  <head>
    <meta charset="utf-8">
    <meta http-equiv="X-UA-Compatible" content="IE=edge">
    <meta name="viewport" content="width=device-width, initial-scale=1">
    <meta name="description" content="">
    <meta name="author" content="">

    <title>Swift Mailing List Archive</title>
    <link rel="stylesheet" href="/css/app-13f065ae5e595562a5022c544e3b976c.css?vsn=d">
  </head>

  <body>
    <div class="container">
      <header class="header">
        <img src="/images/swift-d0237fc716ba0932a940049990beba1b.svg?vsn=d" height="70">
      </header>

      <p class="alert alert-info" role="alert"></p>
      <p class="alert alert-danger" role="alert"></p>

    </div> <!-- /container -->
    <main role="main">
<div class="comment-wrapper"><ul class="comments"><li class="comment"><div class="avatar"><img src="https://www.gravatar.com/avatar/f921fa5d507b31ef6984fd3d77ae710c?s=50"></div><header><strong>A large number of stdlib/Slice validation tests appear to be failing</strong> from <string>Brian Gesiak</string> &lt;modocache at gmail.com&gt;<p>February 10, 2016 at 01:00:00pm</p></header><div class="content"><p>Hello!<br></p><p>I&#39;m not sure if I&#39;m the only person experiencing a problem, but using the<br>latest apple/swift commit (https://github.com/apple/swift/commit/ad33048a),<br>I&#39;m experiencing a large number of validation-test failures:<br></p><p>- stdlib/Slice.swift.gyb<br>-<br>stdlib/Slice/MutableSlice_Of_DefaultedBidirectionalMutableCollection_FullWidth.swift.gyb<br>-<br>stdlib/Slice/MutableSlice_Of_DefaultedBidirectionalMutableCollection_WithPrefix.swift.gyb<br>    -<br>stdlib/Slice/MutableSlice_Of_DefaultedBidirectionalMutableCollection_WithPrefixAndSuffix.swift.gyb<br>-<br>stdlib/Slice/MutableSlice_Of_DefaultedBidirectionalMutableCollection_WithSuffix.swift.gyb<br>- ...and so on. There are about 60 failures.<br></p><p>All of them fail with the following:<br></p><p>/home/odocache/GitHub/apple/build/Ninja-ReleaseAssert/swift-linux-x86_64/lib/swift/linux/libswiftStdlibCollectionUnittest.so:<br>undefined reference to<br>`_TTSf4s_s_s_n_n___TFs16_assertionFailedFTVs12StaticStringSSS_Su5flagsVs6UInt32_T_&#39;<br>clang-3.9: error: linker command failed with exit code 1 (use -v to see<br>invocation)<br>&lt;unknown&gt;:0: error: link command failed with exit code 1 (use -v to see<br>invocation)<br></p><p>&#39;_assertionFailed&#39; appears to be defined in<br>stdlib/public/core/AssertCommon.swift. I&#39;m not sure what may have recently<br>changed to cause these test failures, but it must have been in the last 70<br>commits since ad33048a, since that build works for me.<br></p><p>I&#39;ll try running a bisect. In the meantime, I was wondering if anyone else<br>was experiencing this issue? Or am I doing something wrong?<br></p><p>Thanks!<br></p><p>- Brian Gesiak<br>-------------- next part --------------<br>An HTML attachment was scrubbed...<br>URL: &lt;https://lists.swift.org/pipermail/swift-dev/attachments/20160210/08b01608/attachment.html&gt;<br></p></div><ul class="comments"><li class="comment"><div class="avatar"><img src="https://www.gravatar.com/avatar/f921fa5d507b31ef6984fd3d77ae710c?s=50"></div><header><strong>A large number of stdlib/Slice validation tests appear to be failing</strong> from <string>Brian Gesiak</string> &lt;modocache at gmail.com&gt;<p>February 10, 2016 at 01:00:00pm</p></header><div class="content"><p>&gt;<br>&gt; &#39;_assertionFailed&#39; appears to be defined in<br>&gt; stdlib/public/core/AssertCommon.swift. I&#39;m not sure what may have recently<br>&gt; changed to cause these test failures, but it must have been in the last 70<br>&gt; commits since ad33048a, since that build works for me.<br>&gt;<br></p><p>Sorry, just to clarify this statement: The tests passed for me on<br>https://github.com/apple/swift/commit/98d8686dc1e76c119034665ab05aae56712ced3d,<br>an earlier commit. I encountered the test failures after updating to<br>https://github.com/apple/swift/commit/ad33048af9003b117dfb7b6542d779c136b0b859<br>this morning.<br></p><p>I&#39;ll bisect the failures between these two points, but was wondering if<br>anyone else was aware of these failures.<br></p><p>Thanks!<br></p><p>- Brian Gesiak<br>-------------- next part --------------<br>An HTML attachment was scrubbed...<br>URL: &lt;https://lists.swift.org/pipermail/swift-dev/attachments/20160210/c6f0adec/attachment.html&gt;<br></p></div><ul class="comments"><li class="comment"><div class="avatar"><img src="https://www.gravatar.com/avatar/8e77369a540cf4d35924683e176c7a9c?s=50"></div><header><strong>A large number of stdlib/Slice validation tests appear to be failing</strong> from <string>Mark Lacey</string> &lt;mark.lacey at apple.com&gt;<p>February 10, 2016 at 12:00:00pm</p></header><div class="content"><p>Are you still seeing a failure?<br></p><p>The CI system doesn’t appear to be hitting this. It’s possible there is a build dependency problem and that this will clear up with a clean build. If that’s the case it would be great to track down the dependency problem and get that fixed.<br></p><p>Mark<br></p><p>&gt; On Feb 10, 2016, at 10:44 AM, Brian Gesiak via swift-dev &lt;swift-dev at swift.org&gt; wrote:<br>&gt; <br>&gt; &#39;_assertionFailed&#39; appears to be defined in stdlib/public/core/AssertCommon.swift. I&#39;m not sure what may have recently changed to cause these test failures, but it must have been in the last 70 commits since ad33048a, since that build works for me.<br>&gt; <br>&gt; Sorry, just to clarify this statement: The tests passed for me on https://github.com/apple/swift/commit/98d8686dc1e76c119034665ab05aae56712ced3d &lt;https://github.com/apple/swift/commit/98d8686dc1e76c119034665ab05aae56712ced3d&gt;, an earlier commit. I encountered the test failures after updating to https://github.com/apple/swift/commit/ad33048af9003b117dfb7b6542d779c136b0b859 &lt;https://github.com/apple/swift/commit/ad33048af9003b117dfb7b6542d779c136b0b859&gt; this morning.<br>&gt; <br>&gt; I&#39;ll bisect the failures between these two points, but was wondering if anyone else was aware of these failures.<br>&gt; <br>&gt; Thanks!<br>&gt; <br>&gt; - Brian Gesiak<br>&gt; <br>&gt; _______________________________________________<br>&gt; swift-dev mailing list<br>&gt; swift-dev at swift.org<br>&gt; https://lists.swift.org/mailman/listinfo/swift-dev<br></p><p>-------------- next part --------------<br>An HTML attachment was scrubbed...<br>URL: &lt;https://lists.swift.org/pipermail/swift-dev/attachments/20160210/55f37fe8/attachment.html&gt;<br></p></div><ul class="comments"><li class="comment"><div class="avatar"><img src="https://www.gravatar.com/avatar/f921fa5d507b31ef6984fd3d77ae710c?s=50"></div><header><strong>A large number of stdlib/Slice validation tests appear to be failing</strong> from <string>Brian Gesiak</string> &lt;modocache at gmail.com&gt;<p>February 10, 2016 at 03:00:00pm</p></header><div class="content"><p>Mark,<br></p><p>Thanks for the reply. Sure enough, a completely clean build fixed my issue.<br>I must have gotten my build in a wonky state. Thanks for your help!<br></p><p>I&#39;ll try and pinpoint what exactly may have happened, in case it&#39;s<br>something that could be fixed.<br></p><p>- Brian Gesiak<br></p><p><br>On Wed, Feb 10, 2016 at 3:05 PM, Mark Lacey &lt;mark.lacey at apple.com&gt; wrote:<br></p><p>&gt; Are you still seeing a failure?<br>&gt;<br>&gt; The CI system doesn’t appear to be hitting this. It’s possible there is a<br>&gt; build dependency problem and that this will clear up with a clean build. If<br>&gt; that’s the case it would be great to track down the dependency problem and<br>&gt; get that fixed.<br>&gt;<br>&gt; Mark<br>&gt;<br>&gt; On Feb 10, 2016, at 10:44 AM, Brian Gesiak via swift-dev &lt;<br>&gt; swift-dev at swift.org&gt; wrote:<br>&gt;<br>&gt; &#39;_assertionFailed&#39; appears to be defined in<br>&gt;&gt; stdlib/public/core/AssertCommon.swift. I&#39;m not sure what may have recently<br>&gt;&gt; changed to cause these test failures, but it must have been in the last 70<br>&gt;&gt; commits since ad33048a, since that build works for me.<br>&gt;&gt;<br>&gt;<br>&gt; Sorry, just to clarify this statement: The tests passed for me on<br>&gt; https://github.com/apple/swift/commit/98d8686dc1e76c119034665ab05aae56712ced3d,<br>&gt; an earlier commit. I encountered the test failures after updating to<br>&gt; https://github.com/apple/swift/commit/ad33048af9003b117dfb7b6542d779c136b0b859<br>&gt; this morning.<br>&gt;<br>&gt; I&#39;ll bisect the failures between these two points, but was wondering if<br>&gt; anyone else was aware of these failures.<br>&gt;<br>&gt; Thanks!<br>&gt;<br>&gt; - Brian Gesiak<br>&gt;<br>&gt; _______________________________________________<br>&gt; swift-dev mailing list<br>&gt; swift-dev at swift.org<br>&gt; https://lists.swift.org/mailman/listinfo/swift-dev<br>&gt;<br>&gt;<br>&gt;<br>-------------- next part --------------<br>An HTML attachment was scrubbed...<br>URL: &lt;https://lists.swift.org/pipermail/swift-dev/attachments/20160210/6f70fb20/attachment.html&gt;<br></p></div></li></ul></li></ul></li></ul></li></ul></div>    </main>
    <script src="/js/app-c283ee129de63ad743722e9511e67a5d.js?vsn=d"></script>
  </body>
  <footer>
    <p>Swift and the Swift logo are trademarks of Apple Inc.</p>
  </footer>
</html>
