<!DOCTYPE html>
<html lang="en">
  <head>
    <meta charset="utf-8">
    <meta http-equiv="X-UA-Compatible" content="IE=edge">
    <meta name="viewport" content="width=device-width, initial-scale=1">
    <meta name="description" content="">
    <meta name="author" content="">

    <title>Swift Mailing List Archive</title>
    <link rel="stylesheet" href="/css/app-13f065ae5e595562a5022c544e3b976c.css?vsn=d">
  </head>

  <body>
    <div class="container">
      <header class="header">
        <img src="/images/swift-d0237fc716ba0932a940049990beba1b.svg?vsn=d" height="70">
      </header>

      <p class="alert alert-info" role="alert"></p>
      <p class="alert alert-danger" role="alert"></p>

    </div> <!-- /container -->
    <main role="main">
<div class="comment-wrapper"><ul class="comments"><li class="comment"><div class="avatar"><img src="https://www.gravatar.com/avatar/d53b7c5f9b5f5557b9082face9b632a0?s=50"></div><header><strong>Linux Foundation test failure</strong> from <string>Dave Abrahams</string> &lt;dabrahams at apple.com&gt;<p>August 29, 2016 at 10:00:00am</p></header><div class="content"><p>This appears to be due to some missing dependency information in the<br>build system for Foundation&#39;s tests.  Some stdlib names not used<br>directly by the overlay or tests were changed and now linking fails<br>with:<br></p><p>+ env LD_LIBRARY_PATH=//usr//lib/swift/:/home/buildnode/disk2/workspace/oss-swift-incremental-RA-linux-ubuntu-14_04/buildbot_incremental/foundation-linux-x86_64/Foundation:/home/buildnode/disk2/workspace/oss-swift-incremental-RA-linux-ubuntu-14_04/buildbot_incremental/xctest-linux-x86_64:/home/buildnode/disk2/workspace/oss-swift-incremental-RA-linux-ubuntu-14_04/buildbot_incremental/libdispatch-linux-x86_64/src/.libs: /home/buildnode/disk2/workspace/oss-swift-incremental-RA-linux-ubuntu-14_04/buildbot_incremental/foundation-linux-x86_64/TestFoundation/TestFoundation<br>/home/buildnode/disk2/workspace/oss-swift-incremental-RA-linux-ubuntu-14_04/buildbot_incremental/foundation-linux-x86_64/TestFoundation/TestFoundation: symbol lookup error: /home/buildnode/disk2/workspace/oss-swift-incremental-RA-linux-ubuntu-14_04/buildbot_incremental/foundation-linux-x86_64/TestFoundation/TestFoundation: undefined symbol: _TWPV10Foundation8IndexSets13IndexableBaseS_<br>/home/buildnode/disk2/workspace/oss-swift-incremental-RA-linux-ubuntu-14_04/swift/utils/build-script: fatal error: command terminated with a non-zero exit status 127, aborting<br></p><p>Specifically, the symbol in question,<br>_TWPV10Foundation8IndexSets13IndexableBaseS_, should be<br>_TWPV10Foundation8IndexSets14_IndexableBaseS_<br></p><p>Does anyone know how to fix it?<br></p><p>-------------- next part --------------<br>An embedded message was scrubbed...<br>From: no-reply at swift.org<br>Subject: [Swift CI] Build Failure: 0. OSS - Swift Incremental RA - Ubuntu 14.04<br> (master) #7204<br>Date: Mon, 29 Aug 2016 08:07:08 -0700 (PDT)<br>Size: 6026<br>URL: &lt;https://lists.swift.org/pipermail/swift-dev/attachments/20160829/123b319c/attachment.mht&gt;<br>-------------- next part --------------<br></p><p><br>-- <br>-Dave<br></p></div><ul class="comments"><li class="comment"><div class="avatar"><img src="https://www.gravatar.com/avatar/00f9939846257c9db8ddc42ce61ec6d1?s=50"></div><header><strong>Linux Foundation test failure</strong> from <string>Philippe Hausler</string> &lt;phausler at apple.com&gt;<p>September  2, 2016 at 12:00:00pm</p></header><div class="content"><p>TestFoundation has a dependency upon libFoundation.so, however if the naming rules of symbols has changed then it probably needs to re-compile everything in Foundation. This looks like it had a stale build around.<br></p><p>&gt; On Aug 29, 2016, at 10:43 AM, Dave Abrahams via swift-dev &lt;swift-dev at swift.org&gt; wrote:<br>&gt; <br>&gt; <br>&gt; This appears to be due to some missing dependency information in the<br>&gt; build system for Foundation&#39;s tests.  Some stdlib names not used<br>&gt; directly by the overlay or tests were changed and now linking fails<br>&gt; with:<br>&gt; <br>&gt; + env LD_LIBRARY_PATH=//usr//lib/swift/:/home/buildnode/disk2/workspace/oss-swift-incremental-RA-linux-ubuntu-14_04/buildbot_incremental/foundation-linux-x86_64/Foundation:/home/buildnode/disk2/workspace/oss-swift-incremental-RA-linux-ubuntu-14_04/buildbot_incremental/xctest-linux-x86_64:/home/buildnode/disk2/workspace/oss-swift-incremental-RA-linux-ubuntu-14_04/buildbot_incremental/libdispatch-linux-x86_64/src/.libs: /home/buildnode/disk2/workspace/oss-swift-incremental-RA-linux-ubuntu-14_04/buildbot_incremental/foundation-linux-x86_64/TestFoundation/TestFoundation<br>&gt; /home/buildnode/disk2/workspace/oss-swift-incremental-RA-linux-ubuntu-14_04/buildbot_incremental/foundation-linux-x86_64/TestFoundation/TestFoundation: symbol lookup error: /home/buildnode/disk2/workspace/oss-swift-incremental-RA-linux-ubuntu-14_04/buildbot_incremental/foundation-linux-x86_64/TestFoundation/TestFoundation: undefined symbol: _TWPV10Foundation8IndexSets13IndexableBaseS_<br>&gt; /home/buildnode/disk2/workspace/oss-swift-incremental-RA-linux-ubuntu-14_04/swift/utils/build-script: fatal error: command terminated with a non-zero exit status 127, aborting<br>&gt; <br>&gt; Specifically, the symbol in question,<br>&gt; _TWPV10Foundation8IndexSets13IndexableBaseS_, should be<br>&gt; _TWPV10Foundation8IndexSets14_IndexableBaseS_<br>&gt; <br>&gt; Does anyone know how to fix it?<br>&gt; <br>&gt; <br>&gt; From: no-reply at swift.org &lt;mailto:no-reply at swift.org&gt;<br>&gt; Subject: [Swift CI] Build Failure: 0. OSS - Swift Incremental RA - Ubuntu 14.04 (master) #7204<br>&gt; Date: August 29, 2016 at 8:07:08 AM PDT<br>&gt; To: dabrahams at apple.com &lt;mailto:dabrahams at apple.com&gt;<br>&gt; Cc: mishal_shah at apple.com &lt;mailto:mishal_shah at apple.com&gt;<br>&gt; Reply-To: swift-dev at swift.org &lt;mailto:swift-dev at swift.org&gt;<br>&gt; <br>&gt; <br>&gt; [FAILURE] oss-swift-incremental-RA-linux-ubuntu-14_04 [#7204]<br>&gt; <br>&gt; Build URL:	https://ci.swift.org/job/oss-swift-incremental-RA-linux-ubuntu-14_04/7204/ &lt;https://ci.swift.org/job/oss-swift-incremental-RA-linux-ubuntu-14_04/7204/&gt;<br>&gt; Project:	oss-swift-incremental-RA-linux-ubuntu-14_04<br>&gt; Date of build:	Mon, 29 Aug 2016 07:48:21 -0700<br>&gt; Build duration:	18 min<br>&gt; Tests:<br>&gt; <br>&gt; Name: Swift(linux-x86_64)<br>&gt; Failed: 0 test(s), Passed: 8276 test(s), Total: 8276 test(s)<br>&gt; Name: Swift-Unit<br>&gt; Failed: 0 test(s), Passed: 230 test(s), Total: 230 test(s)<br>&gt; <br>&gt; Changes<br>&gt; <br>&gt; Commit 5c13e35f298db8b41fd336f0ffc55db587323c09 by dabrahams:<br>&gt; [stdlib] Suppress noisy warnings<br>&gt; <br>&gt; edit: stdlib/public/core/Builtin.swift<br>&gt; edit: stdlib/public/core/CollectionAlgorithms.swift.gyb<br>&gt; edit: test/Interpreter/repl.swift<br>&gt; edit: stdlib/public/core/Collection.swift<br>&gt; edit: stdlib/public/core/ExistentialCollection.swift.gyb<br>&gt; edit: stdlib/public/core/Indices.swift.gyb<br>&gt; edit: stdlib/public/core/RandomAccessCollection.swift<br>&gt; edit: stdlib/public/core/MutableCollection.swift<br>&gt; edit: stdlib/public/core/HashedCollections.swift.gyb<br>&gt; edit: stdlib/public/core/Slice.swift.gyb<br>&gt; edit: stdlib/public/core/BidirectionalCollection.swift<br>&gt; edit: stdlib/private/StdlibCollectionUnittest/CheckCollectionInstance.swift.gyb<br>&gt; edit: stdlib/public/SDK/Foundation/Data.swift<br>&gt; edit: stdlib/public/core/StringInterpolation.swift.gyb<br>&gt; edit: test/SILOptimizer/prespecialize.swift<br>&gt; edit: docs/Literals.rst<br>&gt; edit: stdlib/public/core/UnsafeBufferPointer.swift.gyb<br>&gt; edit: stdlib/public/core/CompilerProtocols.swift<br>&gt; edit: validation-test/stdlib/CollectionDiagnostics.swift<br>&gt; edit: include/swift/AST/DiagnosticsSema.def<br>&gt; edit: include/swift/AST/KnownProtocols.def<br>&gt; edit: stdlib/public/core/RangeReplaceableCollection.swift.gyb<br>&gt; <br>&gt; <br>&gt; <br>&gt; <br>&gt; <br>&gt; -- <br>&gt; -Dave<br>&gt; _______________________________________________<br>&gt; swift-dev mailing list<br>&gt; swift-dev at swift.org &lt;mailto:swift-dev at swift.org&gt;<br>&gt; https://lists.swift.org/mailman/listinfo/swift-dev &lt;https://lists.swift.org/mailman/listinfo/swift-dev&gt;<br>-------------- next part --------------<br>An HTML attachment was scrubbed...<br>URL: &lt;https://lists.swift.org/pipermail/swift-dev/attachments/20160902/5e6c6e2e/attachment.html&gt;<br></p></div><ul class="comments"><li class="comment"><div class="avatar"><img src="https://www.gravatar.com/avatar/d53b7c5f9b5f5557b9082face9b632a0?s=50"></div><header><strong>Linux Foundation test failure</strong> from <string>Dave Abrahams</string> &lt;dabrahams at apple.com&gt;<p>September  4, 2016 at 08:00:00am</p></header><div class="content"><p>Sent from my iPad<br></p><p>&gt; On Sep 2, 2016, at 12:46 PM, Philippe Hausler &lt;phausler at apple.com&gt; wrote:<br>&gt; <br>&gt; TestFoundation has a dependency upon libFoundation.so, however if the naming rules of symbols has changed then it probably needs to re-compile everything in Foundation. This looks like it had a stale build around.<br></p><p>Which points strongly toward &quot;missing dependency information in the build system&quot; as I noted, n&#39;est-ce pas?<br></p><p>&gt;&gt; On Aug 29, 2016, at 10:43 AM, Dave Abrahams via swift-dev &lt;swift-dev at swift.org&gt; wrote:<br>&gt;&gt; <br>&gt;&gt; <br>&gt;&gt; This appears to be due to some missing dependency information in the<br>&gt;&gt; build system for Foundation&#39;s tests.  Some stdlib names not used<br>&gt;&gt; directly by the overlay or tests were changed and now linking fails<br>&gt;&gt; with:<br>&gt;&gt; <br>&gt;&gt; + env LD_LIBRARY_PATH=//usr//lib/swift/:/home/buildnode/disk2/workspace/oss-swift-incremental-RA-linux-ubuntu-14_04/buildbot_incremental/foundation-linux-x86_64/Foundation:/home/buildnode/disk2/workspace/oss-swift-incremental-RA-linux-ubuntu-14_04/buildbot_incremental/xctest-linux-x86_64:/home/buildnode/disk2/workspace/oss-swift-incremental-RA-linux-ubuntu-14_04/buildbot_incremental/libdispatch-linux-x86_64/src/.libs: /home/buildnode/disk2/workspace/oss-swift-incremental-RA-linux-ubuntu-14_04/buildbot_incremental/foundation-linux-x86_64/TestFoundation/TestFoundation<br>&gt;&gt; /home/buildnode/disk2/workspace/oss-swift-incremental-RA-linux-ubuntu-14_04/buildbot_incremental/foundation-linux-x86_64/TestFoundation/TestFoundation: symbol lookup error: /home/buildnode/disk2/workspace/oss-swift-incremental-RA-linux-ubuntu-14_04/buildbot_incremental/foundation-linux-x86_64/TestFoundation/TestFoundation: undefined symbol: _TWPV10Foundation8IndexSets13IndexableBaseS_<br>&gt;&gt; /home/buildnode/disk2/workspace/oss-swift-incremental-RA-linux-ubuntu-14_04/swift/utils/build-script: fatal error: command terminated with a non-zero exit status 127, aborting<br>&gt;&gt; <br>&gt;&gt; Specifically, the symbol in question,<br>&gt;&gt; _TWPV10Foundation8IndexSets13IndexableBaseS_, should be<br>&gt;&gt; _TWPV10Foundation8IndexSets14_IndexableBaseS_<br>&gt;&gt; <br>&gt;&gt; Does anyone know how to fix it?<br>&gt;&gt; <br>&gt;&gt; <br>&gt;&gt; From: no-reply at swift.org<br>&gt;&gt; Subject: [Swift CI] Build Failure: 0. OSS - Swift Incremental RA - Ubuntu 14.04 (master) #7204<br>&gt;&gt; Date: August 29, 2016 at 8:07:08 AM PDT<br>&gt;&gt; To: dabrahams at apple.com<br>&gt;&gt; Cc: mishal_shah at apple.com<br>&gt;&gt; Reply-To: swift-dev at swift.org<br>&gt;&gt; <br>&gt;&gt; <br>&gt;&gt; [FAILURE] oss-swift-incremental-RA-linux-ubuntu-14_04 [#7204]<br>&gt;&gt; <br>&gt;&gt; Build URL:	https://ci.swift.org/job/oss-swift-incremental-RA-linux-ubuntu-14_04/7204/<br>&gt;&gt; Project:	oss-swift-incremental-RA-linux-ubuntu-14_04<br>&gt;&gt; Date of build:	Mon, 29 Aug 2016 07:48:21 -0700<br>&gt;&gt; Build duration:	18 min<br>&gt;&gt; Tests:<br>&gt;&gt; <br>&gt;&gt; Name: Swift(linux-x86_64)<br>&gt;&gt; Failed: 0 test(s), Passed: 8276 test(s), Total: 8276 test(s)<br>&gt;&gt; Name: Swift-Unit<br>&gt;&gt; Failed: 0 test(s), Passed: 230 test(s), Total: 230 test(s)<br>&gt;&gt; <br>&gt;&gt; Changes<br>&gt;&gt; <br>&gt;&gt; Commit 5c13e35f298db8b41fd336f0ffc55db587323c09 by dabrahams:<br>&gt;&gt; [stdlib] Suppress noisy warnings<br>&gt;&gt; <br>&gt;&gt; edit: stdlib/public/core/Builtin.swift<br>&gt;&gt; edit: stdlib/public/core/CollectionAlgorithms.swift.gyb<br>&gt;&gt; edit: test/Interpreter/repl.swift<br>&gt;&gt; edit: stdlib/public/core/Collection.swift<br>&gt;&gt; edit: stdlib/public/core/ExistentialCollection.swift.gyb<br>&gt;&gt; edit: stdlib/public/core/Indices.swift.gyb<br>&gt;&gt; edit: stdlib/public/core/RandomAccessCollection.swift<br>&gt;&gt; edit: stdlib/public/core/MutableCollection.swift<br>&gt;&gt; edit: stdlib/public/core/HashedCollections.swift.gyb<br>&gt;&gt; edit: stdlib/public/core/Slice.swift.gyb<br>&gt;&gt; edit: stdlib/public/core/BidirectionalCollection.swift<br>&gt;&gt; edit: stdlib/private/StdlibCollectionUnittest/CheckCollectionInstance.swift.gyb<br>&gt;&gt; edit: stdlib/public/SDK/Foundation/Data.swift<br>&gt;&gt; edit: stdlib/public/core/StringInterpolation.swift.gyb<br>&gt;&gt; edit: test/SILOptimizer/prespecialize.swift<br>&gt;&gt; edit: docs/Literals.rst<br>&gt;&gt; edit: stdlib/public/core/UnsafeBufferPointer.swift.gyb<br>&gt;&gt; edit: stdlib/public/core/CompilerProtocols.swift<br>&gt;&gt; edit: validation-test/stdlib/CollectionDiagnostics.swift<br>&gt;&gt; edit: include/swift/AST/DiagnosticsSema.def<br>&gt;&gt; edit: include/swift/AST/KnownProtocols.def<br>&gt;&gt; edit: stdlib/public/core/RangeReplaceableCollection.swift.gyb<br>&gt;&gt; <br>&gt;&gt; <br>&gt;&gt; <br>&gt;&gt; <br>&gt;&gt; <br>&gt;&gt; -- <br>&gt;&gt; -Dave<br>&gt;&gt; _______________________________________________<br>&gt;&gt; swift-dev mailing list<br>&gt;&gt; swift-dev at swift.org<br>&gt;&gt; https://lists.swift.org/mailman/listinfo/swift-dev<br>&gt; <br>-------------- next part --------------<br>An HTML attachment was scrubbed...<br>URL: &lt;https://lists.swift.org/pipermail/swift-dev/attachments/20160904/579c43fc/attachment.html&gt;<br></p></div></li></ul></li></ul></li></ul></div>    </main>
    <script src="/js/app-c283ee129de63ad743722e9511e67a5d.js?vsn=d"></script>
  </body>
  <footer>
    <p>Swift and the Swift logo are trademarks of Apple Inc.</p>
  </footer>
</html>
