<!DOCTYPE html>
<html lang="en">
  <head>
    <meta charset="utf-8">
    <meta http-equiv="X-UA-Compatible" content="IE=edge">
    <meta name="viewport" content="width=device-width, initial-scale=1">
    <meta name="description" content="">
    <meta name="author" content="">

    <title>Swift Mailing List Archive</title>
    <link rel="stylesheet" href="/css/app-13f065ae5e595562a5022c544e3b976c.css">
  </head>

  <body>
    <div class="container">
      <header class="header">
        <img src="/images/swift-d0237fc716ba0932a940049990beba1b.svg" height="70">
      </header>

      <p class="alert alert-info" role="alert"></p>
      <p class="alert alert-danger" role="alert"></p>

    </div> <!-- /container -->
    <main role="main">
<div class="comment-wrapper"><ul class="comments"><li class="comment"><div class="avatar"><img src="https://www.gravatar.com/avatar/2306987b54d2acc4d18cc0c8cad26df6?s=50"></div><header><strong>Undefined symbols preventing build</strong> from <string>Kilian Koeltzsch</string> &lt;me at kilian.io&gt;<p>December  8, 2015 at 09:00:00pm</p></header><div class="content"><p>Hello all,<br></p><p>I&#39;ve tried using the Swift 2.2 compiler from swift.org to compile a<br>simple sample project locally on OS X containing nothing besides a<br>hello-world example and a basic Package.swift but am failing to do so<br>due to several &quot;Undefined symbols for architecture x86_64&quot;. <br></p><p>The sample project is as simple as possible with only a Package.swift<br>and a Sources directory containing a main.swift with nothing but a<br>print() statement. There is nothing declared in the Package.swift<br>besides the name of the module and an empty dependencies array.<br></p><p>This is the complete output from running `swift build`:<br></p><p>Compiling Swift Module &#39;foo&#39; (1 sources)<br>Linking Executable:  .build/debug/foo<br>Undefined symbols for architecture x86_64:<br>  &quot;__TFSSCfT21_builtinStringLiteralBp8byteSizeBw7isASCIIBi1__SS&quot;,<br>  referenced from:<br>      _main in main.swift.o<br>  &quot;__TFs5printFTGSaP__9separatorSS10terminatorSS_T_&quot;, referenced from:<br>      _main in main.swift.o<br>  &quot;__TIFs5printFTGSaP__9separatorSS10terminatorSS_T_A0_&quot;, referenced<br>  from:<br>      _main in main.swift.o<br>  &quot;__TIFs5printFTGSaP__9separatorSS10terminatorSS_T_A1_&quot;, referenced<br>  from:<br>      _main in main.swift.o<br>  &quot;__TMSS&quot;, referenced from:<br>      _main in main.swift.o<br>  &quot;__TTSg5P____TFs27_allocateUninitializedArrayurFBwTGSax_Bp_&quot;,<br>  referenced from:<br>      _main in main.swift.o<br>  &quot;__TZvOs7Process11_unsafeArgvGSpGSpVs4Int8__&quot;, referenced from:<br>      _main in main.swift.o<br>  &quot;__TZvOs7Process5_argcVs5Int32&quot;, referenced from:<br>      _main in main.swift.o<br>  &quot;_globalinit_33_1BDF70FFC18749BAB495A73B459ED2F0_func5&quot;, referenced<br>  from:<br>      _main in main.swift.o<br>  &quot;_globalinit_33_1BDF70FFC18749BAB495A73B459ED2F0_token5&quot;, referenced<br>  from:<br>      _main in main.swift.o<br>ld: symbol(s) not found for architecture x86_64<br>&lt;unknown&gt;:0: error: build had 1 command failures<br>swift-build: exit(1):<br>[&quot;/Library/Developer/Toolchains/swift-2.2-SNAPSHOT-2015-12-01-a.xctoolchain/usr/bin/swift-build-tool&quot;,<br>&quot;-f&quot;, &quot;/Users/kilian/Desktop/foo/.build/debug/foo.o/llbuild.yaml&quot;]<br></p><p>This minimal example seems to be working fine on other installs of OS X<br>and also inside an Ubuntu VM.<br></p><p>Any help on how to fix this would be much appreciated. Anything I can<br>find online on this refers to adjusting Xcode build setting to link with<br>external libraries.<br></p><p>There&#39;s also a StackOverflow question for this here[0].<br></p><p>Thank you very much in advance!<br></p><p><br>[0]<br>http://stackoverflow.com/questions/34162636/swift-2-2-undefined-symbols-preventing-build<br></p></div><ul class="comments"><li class="comment"><div class="avatar"><img src="https://www.gravatar.com/avatar/ae51ca494b37cc270597830da66f089f?s=50"></div><header><strong>Undefined symbols preventing build</strong> from <string>Max Howell</string> &lt;max.howell at apple.com&gt;<p>December  8, 2015 at 03:00:00pm</p></header><div class="content"><p>If you report the bug I can get the relevant people involved in solving this: https://bugs.swift.org<br></p><p>Otherwise from what I can see the Swift standard library is not being linked. I can’t say why. It may help if you run `swift build -v` and also which OS X is this?<br></p><p>&gt; On Dec 8, 2015, at 12:36 PM, Kilian Koeltzsch via swift-users &lt;swift-users at swift.org&gt; wrote:<br>&gt; <br>&gt; Hello all,<br>&gt; <br>&gt; I&#39;ve tried using the Swift 2.2 compiler from swift.org to compile a<br>&gt; simple sample project locally on OS X containing nothing besides a<br>&gt; hello-world example and a basic Package.swift but am failing to do so<br>&gt; due to several &quot;Undefined symbols for architecture x86_64&quot;. <br>&gt; <br>&gt; The sample project is as simple as possible with only a Package.swift<br>&gt; and a Sources directory containing a main.swift with nothing but a<br>&gt; print() statement. There is nothing declared in the Package.swift<br>&gt; besides the name of the module and an empty dependencies array.<br>&gt; <br>&gt; This is the complete output from running `swift build`:<br>&gt; <br>&gt; Compiling Swift Module &#39;foo&#39; (1 sources)<br>&gt; Linking Executable:  .build/debug/foo<br>&gt; Undefined symbols for architecture x86_64:<br>&gt;  &quot;__TFSSCfT21_builtinStringLiteralBp8byteSizeBw7isASCIIBi1__SS&quot;,<br>&gt;  referenced from:<br>&gt;      _main in main.swift.o<br>&gt;  &quot;__TFs5printFTGSaP__9separatorSS10terminatorSS_T_&quot;, referenced from:<br>&gt;      _main in main.swift.o<br>&gt;  &quot;__TIFs5printFTGSaP__9separatorSS10terminatorSS_T_A0_&quot;, referenced<br>&gt;  from:<br>&gt;      _main in main.swift.o<br>&gt;  &quot;__TIFs5printFTGSaP__9separatorSS10terminatorSS_T_A1_&quot;, referenced<br>&gt;  from:<br>&gt;      _main in main.swift.o<br>&gt;  &quot;__TMSS&quot;, referenced from:<br>&gt;      _main in main.swift.o<br>&gt;  &quot;__TTSg5P____TFs27_allocateUninitializedArrayurFBwTGSax_Bp_&quot;,<br>&gt;  referenced from:<br>&gt;      _main in main.swift.o<br>&gt;  &quot;__TZvOs7Process11_unsafeArgvGSpGSpVs4Int8__&quot;, referenced from:<br>&gt;      _main in main.swift.o<br>&gt;  &quot;__TZvOs7Process5_argcVs5Int32&quot;, referenced from:<br>&gt;      _main in main.swift.o<br>&gt;  &quot;_globalinit_33_1BDF70FFC18749BAB495A73B459ED2F0_func5&quot;, referenced<br>&gt;  from:<br>&gt;      _main in main.swift.o<br>&gt;  &quot;_globalinit_33_1BDF70FFC18749BAB495A73B459ED2F0_token5&quot;, referenced<br>&gt;  from:<br>&gt;      _main in main.swift.o<br>&gt; ld: symbol(s) not found for architecture x86_64<br>&gt; &lt;unknown&gt;:0: error: build had 1 command failures<br>&gt; swift-build: exit(1):<br>&gt; [&quot;/Library/Developer/Toolchains/swift-2.2-SNAPSHOT-2015-12-01-a.xctoolchain/usr/bin/swift-build-tool&quot;,<br>&gt; &quot;-f&quot;, &quot;/Users/kilian/Desktop/foo/.build/debug/foo.o/llbuild.yaml&quot;]<br>&gt; <br>&gt; This minimal example seems to be working fine on other installs of OS X<br>&gt; and also inside an Ubuntu VM.<br>&gt; <br>&gt; Any help on how to fix this would be much appreciated. Anything I can<br>&gt; find online on this refers to adjusting Xcode build setting to link with<br>&gt; external libraries.<br>&gt; <br>&gt; There&#39;s also a StackOverflow question for this here[0].<br>&gt; <br>&gt; Thank you very much in advance!<br>&gt; <br>&gt; <br>&gt; [0]<br>&gt; http://stackoverflow.com/questions/34162636/swift-2-2-undefined-symbols-preventing-build<br>&gt; _______________________________________________<br>&gt; swift-users mailing list<br>&gt; swift-users at swift.org<br>&gt; https://lists.swift.org/mailman/listinfo/swift-users<br></p></div><ul class="comments"><li class="comment"><div class="avatar"><img src="https://www.gravatar.com/avatar/2306987b54d2acc4d18cc0c8cad26df6?s=50"></div><header><strong>Undefined symbols preventing build</strong> from <string>Kilian Koeltzsch</string> &lt;me at kilian.io&gt;<p>December  9, 2015 at 01:00:00am</p></header><div class="content"><p>I&#39;ve opened an issue for this here [0]. This is occurring on OS X<br>10.11.1.<br></p><p>[0] https://bugs.swift.org/browse/SR-151<br></p><p>On Wed, Dec 9, 2015, at 00:53, Max Howell wrote:<br>&gt; If you report the bug I can get the relevant people involved in solving<br>&gt; this: https://bugs.swift.org<br>&gt; <br>&gt; Otherwise from what I can see the Swift standard library is not being<br>&gt; linked. I can’t say why. It may help if you run `swift build -v` and also<br>&gt; which OS X is this?<br>&gt; <br>&gt; &gt; On Dec 8, 2015, at 12:36 PM, Kilian Koeltzsch via swift-users &lt;swift-users at swift.org&gt; wrote:<br>&gt; &gt; <br>&gt; &gt; Hello all,<br>&gt; &gt; <br>&gt; &gt; I&#39;ve tried using the Swift 2.2 compiler from swift.org to compile a<br>&gt; &gt; simple sample project locally on OS X containing nothing besides a<br>&gt; &gt; hello-world example and a basic Package.swift but am failing to do so<br>&gt; &gt; due to several &quot;Undefined symbols for architecture x86_64&quot;. <br>&gt; &gt; <br>&gt; &gt; The sample project is as simple as possible with only a Package.swift<br>&gt; &gt; and a Sources directory containing a main.swift with nothing but a<br>&gt; &gt; print() statement. There is nothing declared in the Package.swift<br>&gt; &gt; besides the name of the module and an empty dependencies array.<br>&gt; &gt; <br>&gt; &gt; This is the complete output from running `swift build`:<br>&gt; &gt; <br>&gt; &gt; Compiling Swift Module &#39;foo&#39; (1 sources)<br>&gt; &gt; Linking Executable:  .build/debug/foo<br>&gt; &gt; Undefined symbols for architecture x86_64:<br>&gt; &gt;  &quot;__TFSSCfT21_builtinStringLiteralBp8byteSizeBw7isASCIIBi1__SS&quot;,<br>&gt; &gt;  referenced from:<br>&gt; &gt;      _main in main.swift.o<br>&gt; &gt;  &quot;__TFs5printFTGSaP__9separatorSS10terminatorSS_T_&quot;, referenced from:<br>&gt; &gt;      _main in main.swift.o<br>&gt; &gt;  &quot;__TIFs5printFTGSaP__9separatorSS10terminatorSS_T_A0_&quot;, referenced<br>&gt; &gt;  from:<br>&gt; &gt;      _main in main.swift.o<br>&gt; &gt;  &quot;__TIFs5printFTGSaP__9separatorSS10terminatorSS_T_A1_&quot;, referenced<br>&gt; &gt;  from:<br>&gt; &gt;      _main in main.swift.o<br>&gt; &gt;  &quot;__TMSS&quot;, referenced from:<br>&gt; &gt;      _main in main.swift.o<br>&gt; &gt;  &quot;__TTSg5P____TFs27_allocateUninitializedArrayurFBwTGSax_Bp_&quot;,<br>&gt; &gt;  referenced from:<br>&gt; &gt;      _main in main.swift.o<br>&gt; &gt;  &quot;__TZvOs7Process11_unsafeArgvGSpGSpVs4Int8__&quot;, referenced from:<br>&gt; &gt;      _main in main.swift.o<br>&gt; &gt;  &quot;__TZvOs7Process5_argcVs5Int32&quot;, referenced from:<br>&gt; &gt;      _main in main.swift.o<br>&gt; &gt;  &quot;_globalinit_33_1BDF70FFC18749BAB495A73B459ED2F0_func5&quot;, referenced<br>&gt; &gt;  from:<br>&gt; &gt;      _main in main.swift.o<br>&gt; &gt;  &quot;_globalinit_33_1BDF70FFC18749BAB495A73B459ED2F0_token5&quot;, referenced<br>&gt; &gt;  from:<br>&gt; &gt;      _main in main.swift.o<br>&gt; &gt; ld: symbol(s) not found for architecture x86_64<br>&gt; &gt; &lt;unknown&gt;:0: error: build had 1 command failures<br>&gt; &gt; swift-build: exit(1):<br>&gt; &gt; [&quot;/Library/Developer/Toolchains/swift-2.2-SNAPSHOT-2015-12-01-a.xctoolchain/usr/bin/swift-build-tool&quot;,<br>&gt; &gt; &quot;-f&quot;, &quot;/Users/kilian/Desktop/foo/.build/debug/foo.o/llbuild.yaml&quot;]<br>&gt; &gt; <br>&gt; &gt; This minimal example seems to be working fine on other installs of OS X<br>&gt; &gt; and also inside an Ubuntu VM.<br>&gt; &gt; <br>&gt; &gt; Any help on how to fix this would be much appreciated. Anything I can<br>&gt; &gt; find online on this refers to adjusting Xcode build setting to link with<br>&gt; &gt; external libraries.<br>&gt; &gt; <br>&gt; &gt; There&#39;s also a StackOverflow question for this here[0].<br>&gt; &gt; <br>&gt; &gt; Thank you very much in advance!<br>&gt; &gt; <br>&gt; &gt; <br>&gt; &gt; [0]<br>&gt; &gt; http://stackoverflow.com/questions/34162636/swift-2-2-undefined-symbols-preventing-build<br>&gt; &gt; _______________________________________________<br>&gt; &gt; swift-users mailing list<br>&gt; &gt; swift-users at swift.org<br>&gt; &gt; https://lists.swift.org/mailman/listinfo/swift-users<br>&gt;<br></p></div></li></ul></li></ul></li></ul></div>    </main>
    <script src="/js/app-c283ee129de63ad743722e9511e67a5d.js"></script>
  </body>
  <footer>
    <p>Swift and the Swift logo are trademarks of Apple Inc.</p>
  </footer>
</html>
