<!DOCTYPE html>
<html lang="en">
  <head>
    <meta charset="utf-8">
    <meta http-equiv="X-UA-Compatible" content="IE=edge">
    <meta name="viewport" content="width=device-width, initial-scale=1">
    <meta name="description" content="">
    <meta name="author" content="">

    <title>Swift Mailing List Archive</title>
    <link rel="stylesheet" href="/css/app-13f065ae5e595562a5022c544e3b976c.css">
  </head>

  <body>
    <div class="container">
      <header class="header">
        <img src="/images/swift-d0237fc716ba0932a940049990beba1b.svg" height="70">
      </header>

      <p class="alert alert-info" role="alert"></p>
      <p class="alert alert-danger" role="alert"></p>

    </div> <!-- /container -->
    <main role="main">
<div class="comment-wrapper"><ul class="comments"><li class="comment"><div class="avatar"><img src="https://www.gravatar.com/avatar/d9ce70a6cb7175e7a5e5db5658186a31?s=50"></div><header><strong>Error building Swift</strong> from <string>Brandon Knope</string> &lt;bknope at me.com&gt;<p>February 17, 2016 at 04:00:00pm</p></header><div class="content"><p>Hello! I am trying to build swift and I have installed both CMake and Ninja with MacPorts.<br></p><p>When running build-scripts, I am getting this error:<br></p><p>“<br>...<br>-- The C compiler identification is AppleClang 7.0.2.7000181<br>-- The CXX compiler identification is AppleClang 7.0.2.7000181<br>-- Check for working C compiler using: Ninja<br>CMake Error:<br>  The detected version of Ninja () is less than the version of Ninja required<br>  by CMake (1.3).<br></p><p><br>CMake Error: Internal CMake error, TryCompile generation of cmake failed<br>-- Check for working C compiler using: Ninja -- broken<br>CMake Error at /opt/local/share/cmake-3.4/Modules/CMakeTestCCompiler.cmake:61 (message):<br>  The C compiler<br>  &quot;/Applications/Xcode.app/Contents/Developer/Toolchains/XcodeDefault.xctoolchain/usr/bin/clang&quot;<br>  is not able to compile a simple test program.<br></p><p>  It fails with the following output:<br></p><p>   <br></p><p>  <br></p><p>  CMake will not be able to correctly generate this project.<br>“<br></p><p>I followed the directions from https://github.com/apple/swift &lt;https://github.com/apple/swift&gt;.<br></p><p>Ninja should be the most current version as it was installed and updated via MacPorts.<br></p><p>Any ideas? Am I missing something silly?<br></p><p>Thanks,<br>Brandon<br>-------------- next part --------------<br>An HTML attachment was scrubbed...<br>URL: &lt;https://lists.swift.org/pipermail/swift-users/attachments/20160217/2118dee5/attachment.html&gt;<br></p></div><ul class="comments"><li class="comment"><div class="avatar"><img src="https://www.gravatar.com/avatar/969b04d28c02f951ccc03f615b9a92b3?s=50"></div><header><strong>Error building Swift</strong> from <string>Dmitri Gribenko</string> &lt;gribozavr at gmail.com&gt;<p>February 17, 2016 at 01:00:00pm</p></header><div class="content"><p>On Wed, Feb 17, 2016 at 1:42 PM, Brandon Knope via swift-users<br>&lt;swift-users at swift.org&gt; wrote:<br>&gt; Hello! I am trying to build swift and I have installed both CMake and Ninja<br>&gt; with MacPorts.<br>&gt;<br>&gt; When running build-scripts, I am getting this error:<br>&gt;<br>&gt; “<br>&gt; ...<br>&gt; -- The C compiler identification is AppleClang 7.0.2.7000181<br>&gt; -- The CXX compiler identification is AppleClang 7.0.2.7000181<br>&gt; -- Check for working C compiler using: Ninja<br>&gt; CMake Error:<br>&gt;   The detected version of Ninja () is less than the version of Ninja<br>&gt; required<br>&gt;   by CMake (1.3).<br></p><p>Did you clone the ninja repository?<br></p><p>Dmitri<br></p><p>-- <br>main(i,j){for(i=2;;i++){for(j=2;j&lt;i;j++){if(!(i%j)){j=0;break;}}if<br>(j){printf(&quot;%d\n&quot;,i);}}} /*Dmitri Gribenko &lt;gribozavr at gmail.com&gt;*/<br></p></div><ul class="comments"><li class="comment"><div class="avatar"><img src="https://www.gravatar.com/avatar/d9ce70a6cb7175e7a5e5db5658186a31?s=50"></div><header><strong>Error building Swift</strong> from <string>Brandon Knope</string> &lt;bknope at me.com&gt;<p>February 17, 2016 at 04:00:00pm</p></header><div class="content"><p>I installed it via MacPorts. Before going that route, I had cloned it and had the same problem<br></p><p>Brandon<br></p><p>&gt; On Feb 17, 2016, at 4:50 PM, Dmitri Gribenko &lt;gribozavr at gmail.com&gt; wrote:<br>&gt; <br>&gt; On Wed, Feb 17, 2016 at 1:42 PM, Brandon Knope via swift-users<br>&gt; &lt;swift-users at swift.org&gt; wrote:<br>&gt;&gt; Hello! I am trying to build swift and I have installed both CMake and Ninja<br>&gt;&gt; with MacPorts.<br>&gt;&gt; <br>&gt;&gt; When running build-scripts, I am getting this error:<br>&gt;&gt; <br>&gt;&gt; “<br>&gt;&gt; ...<br>&gt;&gt; -- The C compiler identification is AppleClang 7.0.2.7000181<br>&gt;&gt; -- The CXX compiler identification is AppleClang 7.0.2.7000181<br>&gt;&gt; -- Check for working C compiler using: Ninja<br>&gt;&gt; CMake Error:<br>&gt;&gt;  The detected version of Ninja () is less than the version of Ninja<br>&gt;&gt; required<br>&gt;&gt;  by CMake (1.3).<br>&gt; <br>&gt; Did you clone the ninja repository?<br>&gt; <br>&gt; Dmitri<br>&gt; <br>&gt; -- <br>&gt; main(i,j){for(i=2;;i++){for(j=2;j&lt;i;j++){if(!(i%j)){j=0;break;}}if<br>&gt; (j){printf(&quot;%d\n&quot;,i);}}} /*Dmitri Gribenko &lt;gribozavr at gmail.com&gt;*/<br></p></div><ul class="comments"><li class="comment"><div class="avatar"><img src="https://www.gravatar.com/avatar/969b04d28c02f951ccc03f615b9a92b3?s=50"></div><header><strong>Error building Swift</strong> from <string>Dmitri Gribenko</string> &lt;gribozavr at gmail.com&gt;<p>February 17, 2016 at 01:00:00pm</p></header><div class="content"><p>On Wed, Feb 17, 2016 at 1:53 PM, Brandon Knope &lt;bknope at me.com&gt; wrote:<br>&gt; I installed it via MacPorts. Before going that route, I had cloned it and had the same problem<br></p><p>Could you post more of the build log?  And the output of `which ninja`.<br></p><p>Dmitri<br></p><p>-- <br>main(i,j){for(i=2;;i++){for(j=2;j&lt;i;j++){if(!(i%j)){j=0;break;}}if<br>(j){printf(&quot;%d\n&quot;,i);}}} /*Dmitri Gribenko &lt;gribozavr at gmail.com&gt;*/<br></p></div><ul class="comments"><li class="comment"><div class="avatar"><img src="https://www.gravatar.com/avatar/d9ce70a6cb7175e7a5e5db5658186a31?s=50"></div><header><strong>Error building Swift</strong> from <string>Brandon Knope</string> &lt;bknope at me.com&gt;<p>February 17, 2016 at 04:00:00pm</p></header><div class="content"><p>Sure thing! I really appreciate the help!<br></p><p>Output:<br>&quot;<br>bknope$ utils/build-script<br>Building the standard library for: swift-test-stdlib-macosx-x86_64<br></p><p>cmark: using standard linker<br>+ cd &#39;/Users/bknope/Documents/Development/Home Dev/Swift Open Source/Git/build/Ninja-DebugAssert/cmark-macosx-x86_64&#39;<br>+ /opt/local/bin/cmake -G Ninja -DCMAKE_C_COMPILER:PATH=/Applications/Xcode.app/Contents/Developer/Toolchains/XcodeDefault.xctoolchain/usr/bin/clang -DCMAKE_CXX_COMPILER:PATH=/Applications/Xcode.app/Contents/Developer/Toolchains/XcodeDefault.xctoolchain/usr/bin/clang++ -DCMAKE_BUILD_TYPE:STRING=Debug &#39;-DCMAKE_C_FLAGS= &#39; &#39;-DCMAKE_CXX_FLAGS= &#39; -DCMAKE_OSX_SYSROOT:PATH=/Applications/Xcode.app/Contents/Developer/Platforms/MacOSX.platform/Developer/SDKs/MacOSX10.11.sdk -DCMAKE_OSX_DEPLOYMENT_TARGET=10.9 &#39;/Users/bknope/Documents/Development/Home Dev/Swift Open Source/Git/cmark&#39;<br>-- The C compiler identification is AppleClang 7.0.2.7000181<br>-- The CXX compiler identification is AppleClang 7.0.2.7000181<br>-- Check for working C compiler using: Ninja<br>CMake Error:<br>  The detected version of Ninja () is less than the version of Ninja required<br>  by CMake (1.3).<br></p><p><br>CMake Error: Internal CMake error, TryCompile generation of cmake failed<br>-- Check for working C compiler using: Ninja -- broken<br>CMake Error at /opt/local/share/cmake-3.4/Modules/CMakeTestCCompiler.cmake:61 (message):<br>  The C compiler<br>  &quot;/Applications/Xcode.app/Contents/Developer/Toolchains/XcodeDefault.xctoolchain/usr/bin/clang&quot;<br>  is not able to compile a simple test program.<br></p><p>  It fails with the following output:<br></p><p>   <br></p><p>  <br></p><p>  CMake will not be able to correctly generate this project.<br>Call Stack (most recent call first):<br>  CMakeLists.txt:1 (project)<br></p><p><br>-- Configuring incomplete, errors occurred!<br>See also &quot;/Users/bknope/Documents/Development/Home Dev/Swift Open Source/Git/build/Ninja-DebugAssert/cmark-macosx-x86_64/CMakeFiles/CMakeOutput.log&quot;.<br>See also &quot;/Users/bknope/Documents/Development/Home Dev/Swift Open Source/Git/build/Ninja-DebugAssert/cmark-macosx-x86_64/CMakeFiles/CMakeError.log&quot;.<br>utils/build-script: command terminated with a non-zero exit status 1, aborting<br>“<br></p><p>which ninja output:<br>&quot;<br>/opt/local/bin/ninja<br>“<br></p><p>&gt; On Feb 17, 2016, at 4:56 PM, Dmitri Gribenko &lt;gribozavr at gmail.com&gt; wrote:<br>&gt; <br>&gt; On Wed, Feb 17, 2016 at 1:53 PM, Brandon Knope &lt;bknope at me.com&gt; wrote:<br>&gt;&gt; I installed it via MacPorts. Before going that route, I had cloned it and had the same problem<br>&gt; <br>&gt; Could you post more of the build log?  And the output of `which ninja`.<br>&gt; <br>&gt; Dmitri<br>&gt; <br>&gt; -- <br>&gt; main(i,j){for(i=2;;i++){for(j=2;j&lt;i;j++){if(!(i%j)){j=0;break;}}if<br>&gt; (j){printf(&quot;%d\n&quot;,i);}}} /*Dmitri Gribenko &lt;gribozavr at gmail.com&gt;*/<br></p><p>-------------- next part --------------<br>An HTML attachment was scrubbed...<br>URL: &lt;https://lists.swift.org/pipermail/swift-users/attachments/20160217/937111a8/attachment.html&gt;<br></p></div><ul class="comments"><li class="comment"><div class="avatar"><img src="https://www.gravatar.com/avatar/969b04d28c02f951ccc03f615b9a92b3?s=50"></div><header><strong>Error building Swift</strong> from <string>Dmitri Gribenko</string> &lt;gribozavr at gmail.com&gt;<p>February 17, 2016 at 02:00:00pm</p></header><div class="content"><p>On Wed, Feb 17, 2016 at 1:59 PM, Brandon Knope &lt;bknope at me.com&gt; wrote:<br>&gt; Sure thing! I really appreciate the help!<br></p><p>&#39;which&#39; command reports that everything is fine, but CMake isn&#39;t<br>seeing ninja.  Could you check out the ninja sources next to swift,<br>remove your &#39;build&#39; directory, try again and post the output here?<br></p><p>Dmitri<br></p><p>-- <br>main(i,j){for(i=2;;i++){for(j=2;j&lt;i;j++){if(!(i%j)){j=0;break;}}if<br>(j){printf(&quot;%d\n&quot;,i);}}} /*Dmitri Gribenko &lt;gribozavr at gmail.com&gt;*/<br></p></div><ul class="comments"><li class="comment"><div class="avatar"><img src="https://www.gravatar.com/avatar/d9ce70a6cb7175e7a5e5db5658186a31?s=50"></div><header><strong>Error building Swift</strong> from <string>Brandon Knope</string> &lt;bknope at me.com&gt;<p>February 17, 2016 at 05:00:00pm</p></header><div class="content"><p>I cloned ninja again and I deleted the build folder. It looks like it’s getting stuck somewhere else now<br>&quot;<br>++ cmake_config_opt llvm<br>++ product=llvm<br>++ [[ Ninja == \X\c\o\d\e ]]<br>+ /opt/local/bin/cmake --build &#39;/Users/bknope/Documents/Development/Home Dev/SwiftOpenSource/Git/build/Ninja-DebugAssert/llvm-macosx-x86_64&#39; -- -j8 all<br>[558/2025] Linking CXX shared module lib/LLVMHello.dylib<br>FAILED: : &amp;&amp; /Applications/Xcode.app/Contents/Developer/Toolchains/XcodeDefault.xctoolchain/usr/bin/clang++  -stdlib=libc++ -fPIC -fvisibility-inlines-hidden -Wall -W -Wno-unused-parameter -Wwrite-strings -Wcast-qual -Wmissing-field-initializers -pedantic -Wno-long-long -Wcovered-switch-default -Wnon-virtual-dtor -Wdelete-non-virtual-dtor -std=c++11 -fcolor-diagnostics -g -isysroot /Applications/Xcode.app/Contents/Developer/Platforms/MacOSX.platform/Developer/SDKs/MacOSX10.11.sdk -mmacosx-version-min=10.9 -bundle -Wl,-headerpad_max_install_names -stdlib=libc++ -Wl,-flat_namespace -Wl,-undefined -Wl,suppress   -Wl,-exported_symbols_list,/Users/bknope/Documents/Development/Home Dev/SwiftOpenSource/Git/build/Ninja-DebugAssert/llvm-macosx-x86_64/lib/Transforms/Hello/LLVMHello.exports -o lib/LLVMHello.dylib lib/Transforms/Hello/CMakeFiles/LLVMHello.dir/Hello.cpp.o  -Wl,-rpath, at executable_path/../lib &amp;&amp; :<br>clang: error: no such file or directory: &#39;Dev/SwiftOpenSource/Git/build/Ninja-DebugAssert/llvm-macosx-x86_64/lib/Transforms/Hello/LLVMHello.exports&#39;<br>[558/2025] Building CXX object lib/Tra.../LLVMVectorize.dir/LoopVectorize.cpp.o<br>ninja: build stopped: subcommand failed.<br>utils/build-script: command terminated with a non-zero exit status 1, aborting<br>“<br></p><p><br></p><p>Brandon<br></p><p>&gt; On Feb 17, 2016, at 5:29 PM, Dmitri Gribenko &lt;gribozavr at gmail.com&gt; wrote:<br>&gt; <br>&gt; On Wed, Feb 17, 2016 at 1:59 PM, Brandon Knope &lt;bknope at me.com&gt; wrote:<br>&gt;&gt; Sure thing! I really appreciate the help!<br>&gt; <br>&gt; &#39;which&#39; command reports that everything is fine, but CMake isn&#39;t<br>&gt; seeing ninja.  Could you check out the ninja sources next to swift,<br>&gt; remove your &#39;build&#39; directory, try again and post the output here?<br>&gt; <br>&gt; Dmitri<br>&gt; <br>&gt; -- <br>&gt; main(i,j){for(i=2;;i++){for(j=2;j&lt;i;j++){if(!(i%j)){j=0;break;}}if<br>&gt; (j){printf(&quot;%d\n&quot;,i);}}} /*Dmitri Gribenko &lt;gribozavr at gmail.com&gt;*/<br></p><p>-------------- next part --------------<br>An HTML attachment was scrubbed...<br>URL: &lt;https://lists.swift.org/pipermail/swift-users/attachments/20160217/97dc17bf/attachment.html&gt;<br></p></div><ul class="comments"><li class="comment"><div class="avatar"><img src="https://www.gravatar.com/avatar/969b04d28c02f951ccc03f615b9a92b3?s=50"></div><header><strong>Error building Swift</strong> from <string>Dmitri Gribenko</string> &lt;gribozavr at gmail.com&gt;<p>February 17, 2016 at 03:00:00pm</p></header><div class="content"><p>On Wed, Feb 17, 2016 at 2:54 PM, Brandon Knope &lt;bknope at me.com&gt; wrote:<br>&gt; I cloned ninja again and I deleted the build folder. It looks like it’s<br>&gt; getting stuck somewhere else now<br></p><p>Could you try with a directory that does not have spaces in the path?<br></p><p>Dmitri<br></p><p>-- <br>main(i,j){for(i=2;;i++){for(j=2;j&lt;i;j++){if(!(i%j)){j=0;break;}}if<br>(j){printf(&quot;%d\n&quot;,i);}}} /*Dmitri Gribenko &lt;gribozavr at gmail.com&gt;*/<br></p></div><ul class="comments"><li class="comment"><div class="avatar"><img src="https://www.gravatar.com/avatar/d9ce70a6cb7175e7a5e5db5658186a31?s=50"></div><header><strong>Error building Swift</strong> from <string>Brandon Knope</string> &lt;bknope at me.com&gt;<p>February 17, 2016 at 09:00:00pm</p></header><div class="content"><p>That looks like it did it! I say looks like because it is still building but it has gotten much much further than it ever has.<br></p><p>And the annoying thing is I had just changed “Swift Open Source” to “SwiftOpenSource” after the previous errors and I didn’t see the “Home Dev”. <br></p><p>Any reason why it wouldn’t like spaces?<br></p><p>Thanks a ton!<br>Brandon<br></p><p><br>&gt; On Feb 17, 2016, at 6:23 PM, Dmitri Gribenko &lt;gribozavr at gmail.com&gt; wrote:<br>&gt; <br>&gt; On Wed, Feb 17, 2016 at 2:54 PM, Brandon Knope &lt;bknope at me.com&gt; wrote:<br>&gt;&gt; I cloned ninja again and I deleted the build folder. It looks like it’s<br>&gt;&gt; getting stuck somewhere else now<br>&gt; <br>&gt; Could you try with a directory that does not have spaces in the path?<br>&gt; <br>&gt; Dmitri<br>&gt; <br>&gt; -- <br>&gt; main(i,j){for(i=2;;i++){for(j=2;j&lt;i;j++){if(!(i%j)){j=0;break;}}if<br>&gt; (j){printf(&quot;%d\n&quot;,i);}}} /*Dmitri Gribenko &lt;gribozavr at gmail.com&gt;*/<br></p></div><ul class="comments"><li class="comment"><div class="avatar"><img src="https://www.gravatar.com/avatar/d9ce70a6cb7175e7a5e5db5658186a31?s=50"></div><header><strong>Error building Swift</strong> from <string>Brandon Knope</string> &lt;bknope at me.com&gt;<p>February 17, 2016 at 10:00:00pm</p></header><div class="content"><p>Quick update: I ran the command to build for Xcode:<br></p><p>utils/build-scripts -X<br></p><p>And it got some errors toward the end:<br></p><p>“<br>** BUILD FAILED **<br></p><p><br>The following build commands failed:<br>	PhaseScriptExecution CMake\ Rules /Users/bknope/Documents/Development/HomeDev/SwiftOpenSource/Git/build/Xcode-DebugAssert/swift-macosx-x86_64/Swift.build/Debug/xcode_generate_for_ide_only_dummy.build/Script-6DB688F4385B43DF935F22B2.sh<br>	CompileC /Users/bknope/Documents/Development/HomeDev/SwiftOpenSource/Git/build/Xcode-DebugAssert/swift-macosx-x86_64/lib/ClangImporter/Swift.build/Debug/swiftClangImporter.build/Objects-normal/x86_64/ImportDecl.o lib/ClangImporter/ImportDecl.cpp normal x86_64 c++ com.apple.compilers.llvm.clang.1_0.compiler<br>	Libtool /Users/bknope/Documents/Development/HomeDev/SwiftOpenSource/Git/build/Xcode-DebugAssert/swift-macosx-x86_64/Debug/lib/libswiftClangImporter.a normal x86_64<br>	Ld /Users/bknope/Documents/Development/HomeDev/SwiftOpenSource/Git/build/Xcode-DebugAssert/swift-macosx-x86_64/Debug/bin/swift-llvm-opt normal x86_64<br>	Ld /Users/bknope/Documents/Development/HomeDev/SwiftOpenSource/Git/build/Xcode-DebugAssert/swift-macosx-x86_64/Debug/bin/swift-ide-test normal x86_64<br>	Ld /Users/bknope/Documents/Development/HomeDev/SwiftOpenSource/Git/build/Xcode-DebugAssert/swift-macosx-x86_64/Debug/bin/lldb-moduleimport-test normal x86_64<br>	Ld /Users/bknope/Documents/Development/HomeDev/SwiftOpenSource/Git/build/Xcode-DebugAssert/swift-macosx-x86_64/Debug/bin/sil-extract normal x86_64<br>	Ld /Users/bknope/Documents/Development/HomeDev/SwiftOpenSource/Git/build/Xcode-DebugAssert/swift-macosx-x86_64/Debug/lib/libsourcekitdInProc.dylib normal x86_64<br>	Ld /Users/bknope/Documents/Development/HomeDev/SwiftOpenSource/Git/build/Xcode-DebugAssert/swift-macosx-x86_64/Debug/lib/sourcekitd.framework/Versions/A/XPCServices/SourceKitService.xpc/Contents/MacOS/SourceKitService normal x86_64<br>	Ld /Users/bknope/Documents/Development/HomeDev/SwiftOpenSource/Git/build/Xcode-DebugAssert/swift-macosx-x86_64/Debug/bin/sil-opt normal x86_64<br>	Ld /Users/bknope/Documents/Development/HomeDev/SwiftOpenSource/Git/build/Xcode-DebugAssert/swift-macosx-x86_64/Debug/bin/swift normal x86_64<br>	PhaseScriptExecution CMake\ Rules /Users/bknope/Documents/Development/HomeDev/SwiftOpenSource/Git/build/Xcode-DebugAssert/swift-macosx-x86_64/stdlib/public/core/Swift.build/Debug/swiftCore-macosx-x86_64.build/Script-108636DE8CFD466696B1E543.sh<br>	Ld /Users/bknope/Documents/Development/HomeDev/SwiftOpenSource/Git/build/Xcode-DebugAssert/swift-macosx-x86_64/Debug/lib/swift/macosx/x86_64/libswiftCore.dylib normal x86_64<br>	PhaseScriptExecution CMake\ Rules /Users/bknope/Documents/Development/HomeDev/SwiftOpenSource/Git/build/Xcode-DebugAssert/swift-macosx-x86_64/stdlib/public/SDK/Darwin/Swift.build/Debug/swiftDarwin-macosx-x86_64.build/Script-7B22BCBEE10C4A98AADFC1C6.sh<br>	Ld /Users/bknope/Documents/Development/HomeDev/SwiftOpenSource/Git/build/Xcode-DebugAssert/swift-macosx-x86_64/Debug/lib/swift/macosx/x86_64/libswiftDarwin.dylib normal x86_64<br>	PhaseScriptExecution CMake\ Rules /Users/bknope/Documents/Development/HomeDev/SwiftOpenSource/Git/build/Xcode-DebugAssert/swift-macosx-x86_64/stdlib/public/core/Swift.build/Debug/swiftCore-macosx.build/Script-271CB9F29939442FA7136E13.sh<br>	PhaseScriptExecution CMake\ Rules /Users/bknope/Documents/Development/HomeDev/SwiftOpenSource/Git/build/Xcode-DebugAssert/swift-macosx-x86_64/stdlib/public/SDK/IOKit/Swift.build/Debug/swiftIOKit-macosx-x86_64.build/Script-3F9302E9105C466A9C407335.sh<br>	Ld /Users/bknope/Documents/Development/HomeDev/SwiftOpenSource/Git/build/Xcode-DebugAssert/swift-macosx-x86_64/Debug/lib/swift/macosx/x86_64/libswiftIOKit.dylib normal x86_64<br>	PhaseScriptExecution CMake\ Rules /Users/bknope/Documents/Development/HomeDev/SwiftOpenSource/Git/build/Xcode-DebugAssert/swift-macosx-x86_64/stdlib/internal/SwiftExperimental/Swift.build/Debug/swiftSwiftExperimental-macosx-x86_64.build/Script-717669C8E17E4F6094C04BF7.sh<br>	Ld /Users/bknope/Documents/Development/HomeDev/SwiftOpenSource/Git/build/Xcode-DebugAssert/swift-macosx-x86_64/Debug/lib/swift/macosx/x86_64/libswiftSwiftExperimental.dylib normal x86_64<br>	PhaseScriptExecution CMake\ Rules /Users/bknope/Documents/Development/HomeDev/SwiftOpenSource/Git/build/Xcode-DebugAssert/swift-macosx-x86_64/stdlib/private/SwiftPrivate/Swift.build/Debug/swiftSwiftPrivate-macosx-x86_64.build/Script-96060ACCDC4546F6BFEC0CE6.sh<br>	Ld /Users/bknope/Documents/Development/HomeDev/SwiftOpenSource/Git/build/Xcode-DebugAssert/swift-macosx-x86_64/Debug/lib/swift/macosx/x86_64/libswiftSwiftPrivate.dylib normal x86_64<br>	PhaseScriptExecution CMake\ Rules /Users/bknope/Documents/Development/HomeDev/SwiftOpenSource/Git/build/Xcode-DebugAssert/swift-macosx-x86_64/stdlib/public/SDK/IOKit/Swift.build/Debug/swiftIOKit-macosx.build/Script-239BA365810C448D94605F9D.sh<br>	PhaseScriptExecution CMake\ Rules /Users/bknope/Documents/Development/HomeDev/SwiftOpenSource/Git/build/Xcode-DebugAssert/swift-macosx-x86_64/stdlib/internal/SwiftExperimental/Swift.build/Debug/swiftSwiftExperimental-macosx.build/Script-271CD60B97A3431DA346C852.sh<br>	PhaseScriptExecution CMake\ Rules /Users/bknope/Documents/Development/HomeDev/SwiftOpenSource/Git/build/Xcode-DebugAssert/swift-macosx-x86_64/stdlib/private/SwiftPrivate/Swift.build/Debug/swiftSwiftPrivate-macosx.build/Script-C96FADAE1808405DB5AA357A.sh<br>	PhaseScriptExecution CMake\ Rules /Users/bknope/Documents/Development/HomeDev/SwiftOpenSource/Git/build/Xcode-DebugAssert/swift-macosx-x86_64/stdlib/private/SwiftPrivatePthreadExtras/Swift.build/Debug/swiftSwiftPrivatePthreadExtras-macosx-x86_64.build/Script-CD43D74025C64F3E85846AC6.sh<br>	Ld /Users/bknope/Documents/Development/HomeDev/SwiftOpenSource/Git/build/Xcode-DebugAssert/swift-macosx-x86_64/Debug/lib/swift/macosx/x86_64/libswiftSwiftPrivatePthreadExtras.dylib normal x86_64<br>	PhaseScriptExecution CMake\ Rules /Users/bknope/Documents/Development/HomeDev/SwiftOpenSource/Git/build/Xcode-DebugAssert/swift-macosx-x86_64/stdlib/public/SDK/simd/Swift.build/Debug/swiftsimd-macosx-x86_64.build/Script-542BA85D65374A2ABDD7C3CE.sh<br>	Ld /Users/bknope/Documents/Development/HomeDev/SwiftOpenSource/Git/build/Xcode-DebugAssert/swift-macosx-x86_64/Debug/lib/swift/macosx/x86_64/libswiftsimd.dylib normal x86_64<br>	PhaseScriptExecution CMake\ Rules /Users/bknope/Documents/Development/HomeDev/SwiftOpenSource/Git/build/Xcode-DebugAssert/swift-macosx-x86_64/stdlib/public/SDK/Darwin/Swift.build/Debug/swiftDarwin-macosx.build/Script-87A99B225A1D401AA3FFA6D7.sh<br>	PhaseScriptExecution CMake\ Rules /Users/bknope/Documents/Development/HomeDev/SwiftOpenSource/Git/build/Xcode-DebugAssert/swift-macosx-x86_64/stdlib/public/SDK/ObjectiveC/Swift.build/Debug/swiftObjectiveC-macosx-x86_64.build/Script-51425137CB374D088D4E4897.sh<br>	Ld /Users/bknope/Documents/Development/HomeDev/SwiftOpenSource/Git/build/Xcode-DebugAssert/swift-macosx-x86_64/Debug/lib/swift/macosx/x86_64/libswiftObjectiveC.dylib normal x86_64<br>	PhaseScriptExecution CMake\ Rules /Users/bknope/Documents/Development/HomeDev/SwiftOpenSource/Git/build/Xcode-DebugAssert/swift-macosx-x86_64/stdlib/private/SwiftPrivateDarwinExtras/Swift.build/Debug/swiftSwiftPrivateDarwinExtras-macosx-x86_64.build/Script-DA46809C39B14464B8DC0D8D.sh<br>	Ld /Users/bknope/Documents/Development/HomeDev/SwiftOpenSource/Git/build/Xcode-DebugAssert/swift-macosx-x86_64/Debug/lib/swift/macosx/x86_64/libswiftSwiftPrivateDarwinExtras.dylib normal x86_64<br>	PhaseScriptExecution CMake\ Rules /Users/bknope/Documents/Development/HomeDev/SwiftOpenSource/Git/build/Xcode-DebugAssert/swift-macosx-x86_64/stdlib/public/SDK/ObjectiveC/Swift.build/Debug/swiftObjectiveC-macosx.build/Script-9A81870A9969469D8071C8AC.sh<br>	PhaseScriptExecution CMake\ Rules /Users/bknope/Documents/Development/HomeDev/SwiftOpenSource/Git/build/Xcode-DebugAssert/swift-macosx-x86_64/stdlib/public/SDK/Dispatch/Swift.build/Debug/swiftDispatch-macosx-x86_64.build/Script-044C6414519E46BB8EFC9478.sh<br>	Ld /Users/bknope/Documents/Development/HomeDev/SwiftOpenSource/Git/build/Xcode-DebugAssert/swift-macosx-x86_64/Debug/lib/swift/macosx/x86_64/libswiftDispatch.dylib normal x86_64<br>	PhaseScriptExecution CMake\ Rules /Users/bknope/Documents/Development/HomeDev/SwiftOpenSource/Git/build/Xcode-DebugAssert/swift-macosx-x86_64/stdlib/private/SwiftPrivatePthreadExtras/Swift.build/Debug/swiftSwiftPrivatePthreadExtras-macosx.build/Script-00026F3C06974CDDBCAE52E5.sh<br>	PhaseScriptExecution CMake\ Rules /Users/bknope/Documents/Development/HomeDev/SwiftOpenSource/Git/build/Xcode-DebugAssert/swift-macosx-x86_64/stdlib/private/SwiftPrivateDarwinExtras/Swift.build/Debug/swiftSwiftPrivateDarwinExtras-macosx.build/Script-787BD93A208C48CBA3676558.sh<br>	PhaseScriptExecution CMake\ Rules /Users/bknope/Documents/Development/HomeDev/SwiftOpenSource/Git/build/Xcode-DebugAssert/swift-macosx-x86_64/stdlib/public/SDK/simd/Swift.build/Debug/swiftsimd-macosx.build/Script-FFF6C5EF071641328AEF2008.sh<br>	PhaseScriptExecution CMake\ Rules /Users/bknope/Documents/Development/HomeDev/SwiftOpenSource/Git/build/Xcode-DebugAssert/swift-macosx-x86_64/stdlib/public/SDK/OpenCL/Swift.build/Debug/swiftOpenCL-macosx-x86_64.build/Script-DE06A1493DF2492C880DCA8D.sh<br>	Ld /Users/bknope/Documents/Development/HomeDev/SwiftOpenSource/Git/build/Xcode-DebugAssert/swift-macosx-x86_64/Debug/lib/swift/macosx/x86_64/libswiftOpenCL.dylib normal x86_64<br>	PhaseScriptExecution CMake\ Rules /Users/bknope/Documents/Development/HomeDev/SwiftOpenSource/Git/build/Xcode-DebugAssert/swift-macosx-x86_64/stdlib/public/SDK/Dispatch/Swift.build/Debug/swiftDispatch-macosx.build/Script-C745C924C6224783A22824FA.sh<br>	PhaseScriptExecution CMake\ Rules /Users/bknope/Documents/Development/HomeDev/SwiftOpenSource/Git/build/Xcode-DebugAssert/swift-macosx-x86_64/stdlib/public/SDK/CoreAudio/Swift.build/Debug/swiftCoreAudio-macosx-x86_64.build/Script-90E9401695D34C7680D33BD1.sh<br>	Ld /Users/bknope/Documents/Development/HomeDev/SwiftOpenSource/Git/build/Xcode-DebugAssert/swift-macosx-x86_64/Debug/lib/swift/macosx/x86_64/libswiftCoreAudio.dylib normal x86_64<br>	PhaseScriptExecution CMake\ Rules /Users/bknope/Documents/Development/HomeDev/SwiftOpenSource/Git/build/Xcode-DebugAssert/swift-macosx-x86_64/stdlib/public/SDK/CoreGraphics/Swift.build/Debug/swiftCoreGraphics-macosx-x86_64.build/Script-2AECC983853743AD98003973.sh<br>	Ld /Users/bknope/Documents/Development/HomeDev/SwiftOpenSource/Git/build/Xcode-DebugAssert/swift-macosx-x86_64/Debug/lib/swift/macosx/x86_64/libswiftCoreGraphics.dylib normal x86_64<br>	PhaseScriptExecution CMake\ Rules /Users/bknope/Documents/Development/HomeDev/SwiftOpenSource/Git/build/Xcode-DebugAssert/swift-macosx-x86_64/stdlib/public/SDK/OpenCL/Swift.build/Debug/swiftOpenCL-macosx.build/Script-2E7996ED4B254B0D8A6CBF19.sh<br>	PhaseScriptExecution CMake\ Rules /Users/bknope/Documents/Development/HomeDev/SwiftOpenSource/Git/build/Xcode-DebugAssert/swift-macosx-x86_64/stdlib/public/SDK/CoreAudio/Swift.build/Debug/swiftCoreAudio-macosx.build/Script-CF13954B96354FA58931F9DA.sh<br>	PhaseScriptExecution CMake\ Rules /Users/bknope/Documents/Development/HomeDev/SwiftOpenSource/Git/build/Xcode-DebugAssert/swift-macosx-x86_64/stdlib/public/SDK/CoreGraphics/Swift.build/Debug/swiftCoreGraphics-macosx.build/Script-654C01DFA8E74EE68DC02A86.sh<br>	PhaseScriptExecution CMake\ Rules /Users/bknope/Documents/Development/HomeDev/SwiftOpenSource/Git/build/Xcode-DebugAssert/swift-macosx-x86_64/stdlib/public/SDK/Foundation/Swift.build/Debug/swiftFoundation-macosx-x86_64.build/Script-3CCE623331CD4B5FB12F6944.sh<br>	Ld /Users/bknope/Documents/Development/HomeDev/SwiftOpenSource/Git/build/Xcode-DebugAssert/swift-macosx-x86_64/Debug/lib/swift/macosx/x86_64/libswiftFoundation.dylib normal x86_64<br>	PhaseScriptExecution CMake\ Rules /Users/bknope/Documents/Development/HomeDev/SwiftOpenSource/Git/build/Xcode-DebugAssert/swift-macosx-x86_64/stdlib/public/SDK/GameplayKit/Swift.build/Debug/swiftGameplayKit-macosx-x86_64.build/Script-59A41D742DA2452DAF6AE082.sh<br>	Ld /Users/bknope/Documents/Development/HomeDev/SwiftOpenSource/Git/build/Xcode-DebugAssert/swift-macosx-x86_64/Debug/lib/swift/macosx/x86_64/libswiftGameplayKit.dylib normal x86_64<br>	PhaseScriptExecution CMake\ Rules /Users/bknope/Documents/Development/HomeDev/SwiftOpenSource/Git/build/Xcode-DebugAssert/swift-macosx-x86_64/stdlib/private/StdlibUnittestFoundationExtras/Swift.build/Debug/swiftStdlibUnittestFoundationExtras-macosx-x86_64.build/Script-162ACCE0ABB248798402555C.sh<br>	Ld /Users/bknope/Documents/Development/HomeDev/SwiftOpenSource/Git/build/Xcode-DebugAssert/swift-macosx-x86_64/Debug/lib/swift/macosx/x86_64/libswiftStdlibUnittestFoundationExtras.dylib normal x86_64<br>	PhaseScriptExecution CMake\ Rules /Users/bknope/Documents/Development/HomeDev/SwiftOpenSource/Git/build/Xcode-DebugAssert/swift-macosx-x86_64/stdlib/public/SDK/LocalAuthentication/Swift.build/Debug/swiftLocalAuthentication-macosx-x86_64.build/Script-4D0305FE6A6E497FBE051D35.sh<br>	Ld /Users/bknope/Documents/Development/HomeDev/SwiftOpenSource/Git/build/Xcode-DebugAssert/swift-macosx-x86_64/Debug/lib/swift/macosx/x86_64/libswiftLocalAuthentication.dylib normal x86_64<br>	PhaseScriptExecution CMake\ Rules /Users/bknope/Documents/Development/HomeDev/SwiftOpenSource/Git/build/Xcode-DebugAssert/swift-macosx-x86_64/stdlib/public/SDK/Contacts/Swift.build/Debug/swiftContacts-macosx-x86_64.build/Script-F52F72331F6F4629B6241C84.sh<br>	Ld /Users/bknope/Documents/Development/HomeDev/SwiftOpenSource/Git/build/Xcode-DebugAssert/swift-macosx-x86_64/Debug/lib/swift/macosx/x86_64/libswiftContacts.dylib normal x86_64<br>	PhaseScriptExecution CMake\ Rules /Users/bknope/Documents/Development/HomeDev/SwiftOpenSource/Git/build/Xcode-DebugAssert/swift-macosx-x86_64/stdlib/public/SDK/CoreData/Swift.build/Debug/swiftCoreData-macosx-x86_64.build/Script-042FD4EDF85140C1ADD27532.sh<br>	Ld /Users/bknope/Documents/Development/HomeDev/SwiftOpenSource/Git/build/Xcode-DebugAssert/swift-macosx-x86_64/Debug/lib/swift/macosx/x86_64/libswiftCoreData.dylib normal x86_64<br>	PhaseScriptExecution CMake\ Rules /Users/bknope/Documents/Development/HomeDev/SwiftOpenSource/Git/build/Xcode-DebugAssert/swift-macosx-x86_64/stdlib/public/SDK/CoreImage/Swift.build/Debug/swiftCoreImage-macosx-x86_64.build/Script-95ADBB3CC1A2487B8EAD683E.sh<br>	Ld /Users/bknope/Documents/Development/HomeDev/SwiftOpenSource/Git/build/Xcode-DebugAssert/swift-macosx-x86_64/Debug/lib/swift/macosx/x86_64/libswiftCoreImage.dylib normal x86_64<br>	PhaseScriptExecution CMake\ Rules /Users/bknope/Documents/Development/HomeDev/SwiftOpenSource/Git/build/Xcode-DebugAssert/swift-macosx-x86_64/stdlib/public/SDK/CoreLocation/Swift.build/Debug/swiftCoreLocation-macosx-x86_64.build/Script-BD67FD71355E4ECDAB4F168D.sh<br>	Ld /Users/bknope/Documents/Development/HomeDev/SwiftOpenSource/Git/build/Xcode-DebugAssert/swift-macosx-x86_64/Debug/lib/swift/macosx/x86_64/libswiftCoreLocation.dylib normal x86_64<br>	PhaseScriptExecution CMake\ Rules /Users/bknope/Documents/Development/HomeDev/SwiftOpenSource/Git/build/Xcode-DebugAssert/swift-macosx-x86_64/stdlib/public/SDK/Contacts/Swift.build/Debug/swiftContacts-macosx.build/Script-C2FB8D05EDE5488E9260EA60.sh<br>	PhaseScriptExecution CMake\ Rules /Users/bknope/Documents/Development/HomeDev/SwiftOpenSource/Git/build/Xcode-DebugAssert/swift-macosx-x86_64/stdlib/public/SDK/CoreBluetooth/Swift.build/Debug/swiftCoreBluetooth-macosx-x86_64.build/Script-1BB53553927C4AC18373239E.sh<br>	Ld /Users/bknope/Documents/Development/HomeDev/SwiftOpenSource/Git/build/Xcode-DebugAssert/swift-macosx-x86_64/Debug/lib/swift/macosx/x86_64/libswiftCoreBluetooth.dylib normal x86_64<br>	PhaseScriptExecution CMake\ Rules /Users/bknope/Documents/Development/HomeDev/SwiftOpenSource/Git/build/Xcode-DebugAssert/swift-macosx-x86_64/stdlib/public/SDK/CoreData/Swift.build/Debug/swiftCoreData-macosx.build/Script-6D463AB608D54B66A717065D.sh<br>	PhaseScriptExecution CMake\ Rules /Users/bknope/Documents/Development/HomeDev/SwiftOpenSource/Git/build/Xcode-DebugAssert/swift-macosx-x86_64/stdlib/public/SDK/AppKit/Swift.build/Debug/swiftAppKit-macosx-x86_64.build/Script-4E5B318A61D445F0AE02E153.sh<br>	Ld /Users/bknope/Documents/Development/HomeDev/SwiftOpenSource/Git/build/Xcode-DebugAssert/swift-macosx-x86_64/Debug/lib/swift/macosx/x86_64/libswiftAppKit.dylib normal x86_64<br>	PhaseScriptExecution CMake\ Rules /Users/bknope/Documents/Development/HomeDev/SwiftOpenSource/Git/build/Xcode-DebugAssert/swift-macosx-x86_64/stdlib/public/SDK/CoreImage/Swift.build/Debug/swiftCoreImage-macosx.build/Script-7F6B6F1B1D404E3AAE12BFE3.sh<br>	PhaseScriptExecution CMake\ Rules /Users/bknope/Documents/Development/HomeDev/SwiftOpenSource/Git/build/Xcode-DebugAssert/swift-macosx-x86_64/stdlib/public/SDK/CloudKit/Swift.build/Debug/swiftCloudKit-macosx-x86_64.build/Script-C900B15703D94711B1080B5E.sh<br>	Ld /Users/bknope/Documents/Development/HomeDev/SwiftOpenSource/Git/build/Xcode-DebugAssert/swift-macosx-x86_64/Debug/lib/swift/macosx/x86_64/libswiftCloudKit.dylib normal x86_64<br>	PhaseScriptExecution CMake\ Rules /Users/bknope/Documents/Development/HomeDev/SwiftOpenSource/Git/build/Xcode-DebugAssert/swift-macosx-x86_64/stdlib/public/SDK/CoreLocation/Swift.build/Debug/swiftCoreLocation-macosx.build/Script-AE82185A4C24443BB9CDC0ED.sh<br>	PhaseScriptExecution CMake\ Rules /Users/bknope/Documents/Development/HomeDev/SwiftOpenSource/Git/build/Xcode-DebugAssert/swift-macosx-x86_64/stdlib/public/SDK/Foundation/Swift.build/Debug/swiftFoundation-macosx.build/Script-D10071D4B53347529E14D73C.sh<br>	PhaseScriptExecution CMake\ Rules /Users/bknope/Documents/Development/HomeDev/SwiftOpenSource/Git/build/Xcode-DebugAssert/swift-macosx-x86_64/stdlib/public/SDK/LocalAuthentication/Swift.build/Debug/swiftLocalAuthentication-macosx.build/Script-D54931C0E9CE4F389BEB5775.sh<br>	PhaseScriptExecution CMake\ Rules /Users/bknope/Documents/Development/HomeDev/SwiftOpenSource/Git/build/Xcode-DebugAssert/swift-macosx-x86_64/stdlib/private/StdlibUnittest/Swift.build/Debug/swiftStdlibUnittest-macosx-x86_64.build/Script-11C0AD88EB8641D1920C84B5.sh<br>	Ld /Users/bknope/Documents/Development/HomeDev/SwiftOpenSource/Git/build/Xcode-DebugAssert/swift-macosx-x86_64/Debug/lib/swift/macosx/x86_64/libswiftStdlibUnittest.dylib normal x86_64<br>	PhaseScriptExecution CMake\ Rules /Users/bknope/Documents/Development/HomeDev/SwiftOpenSource/Git/build/Xcode-DebugAssert/swift-macosx-x86_64/stdlib/private/StdlibUnittestFoundationExtras/Swift.build/Debug/swiftStdlibUnittestFoundationExtras-macosx.build/Script-43B303FB83F04C03993BE419.sh<br>	PhaseScriptExecution CMake\ Rules /Users/bknope/Documents/Development/HomeDev/SwiftOpenSource/Git/build/Xcode-DebugAssert/swift-macosx-x86_64/stdlib/public/SDK/CoreBluetooth/Swift.build/Debug/swiftCoreBluetooth-macosx.build/Script-E25711D37914441A9CBBED12.sh<br>	PhaseScriptExecution CMake\ Rules /Users/bknope/Documents/Development/HomeDev/SwiftOpenSource/Git/build/Xcode-DebugAssert/swift-macosx-x86_64/stdlib/public/SDK/EventKit/Swift.build/Debug/swiftEventKit-macosx-x86_64.build/Script-3538D4A4B8EE49D784EA4643.sh<br>	Ld /Users/bknope/Documents/Development/HomeDev/SwiftOpenSource/Git/build/Xcode-DebugAssert/swift-macosx-x86_64/Debug/lib/swift/macosx/x86_64/libswiftEventKit.dylib normal x86_64<br>	PhaseScriptExecution CMake\ Rules /Users/bknope/Documents/Development/HomeDev/SwiftOpenSource/Git/build/Xcode-DebugAssert/swift-macosx-x86_64/stdlib/public/SDK/WebKit/Swift.build/Debug/swiftWebKit-macosx-x86_64.build/Script-016C9C2674E24D5AAE824AC0.sh<br>	Ld /Users/bknope/Documents/Development/HomeDev/SwiftOpenSource/Git/build/Xcode-DebugAssert/swift-macosx-x86_64/Debug/lib/swift/macosx/x86_64/libswiftWebKit.dylib normal x86_64<br>	PhaseScriptExecution CMake\ Rules /Users/bknope/Documents/Development/HomeDev/SwiftOpenSource/Git/build/Xcode-DebugAssert/swift-macosx-x86_64/stdlib/public/SDK/AppKit/Swift.build/Debug/swiftAppKit-macosx.build/Script-0BBD02D10B9D48759CF32DDA.sh<br>	PhaseScriptExecution CMake\ Rules /Users/bknope/Documents/Development/HomeDev/SwiftOpenSource/Git/build/Xcode-DebugAssert/swift-macosx-x86_64/stdlib/public/SDK/CoreMedia/Swift.build/Debug/swiftCoreMedia-macosx-x86_64.build/Script-32CCE73E1EAD4E419FC18EFD.sh<br>	Ld /Users/bknope/Documents/Development/HomeDev/SwiftOpenSource/Git/build/Xcode-DebugAssert/swift-macosx-x86_64/Debug/lib/swift/macosx/x86_64/libswiftCoreMedia.dylib normal x86_64<br>	PhaseScriptExecution CMake\ Rules /Users/bknope/Documents/Development/HomeDev/SwiftOpenSource/Git/build/Xcode-DebugAssert/swift-macosx-x86_64/stdlib/public/SDK/CloudKit/Swift.build/Debug/swiftCloudKit-macosx.build/Script-387F71FC160249FDAF723F4A.sh<br>	PhaseScriptExecution CMake\ Rules /Users/bknope/Documents/Development/HomeDev/SwiftOpenSource/Git/build/Xcode-DebugAssert/swift-macosx-x86_64/stdlib/public/SDK/GLKit/Swift.build/Debug/swiftGLKit-macosx-x86_64.build/Script-E4D7DE46F06145BEAAB41A0C.sh<br>	Ld /Users/bknope/Documents/Development/HomeDev/SwiftOpenSource/Git/build/Xcode-DebugAssert/swift-macosx-x86_64/Debug/lib/swift/macosx/x86_64/libswiftGLKit.dylib normal x86_64<br>	PhaseScriptExecution CMake\ Rules /Users/bknope/Documents/Development/HomeDev/SwiftOpenSource/Git/build/Xcode-DebugAssert/swift-macosx-x86_64/stdlib/public/SDK/MultipeerConnectivity/Swift.build/Debug/swiftMultipeerConnectivity-macosx-x86_64.build/Script-246235CAEA2B4182A5202234.sh<br>	Ld /Users/bknope/Documents/Development/HomeDev/SwiftOpenSource/Git/build/Xcode-DebugAssert/swift-macosx-x86_64/Debug/lib/swift/macosx/x86_64/libswiftMultipeerConnectivity.dylib normal x86_64<br>	PhaseScriptExecution CMake\ Rules /Users/bknope/Documents/Development/HomeDev/SwiftOpenSource/Git/build/Xcode-DebugAssert/swift-macosx-x86_64/stdlib/public/SDK/EventKit/Swift.build/Debug/swiftEventKit-macosx.build/Script-3695BE6F2CCF42ADB2D6EF80.sh<br>	PhaseScriptExecution CMake\ Rules /Users/bknope/Documents/Development/HomeDev/SwiftOpenSource/Git/build/Xcode-DebugAssert/swift-macosx-x86_64/stdlib/public/SDK/WebKit/Swift.build/Debug/swiftWebKit-macosx.build/Script-CBB6B1C00A27445FB9DDA635.sh<br>	PhaseScriptExecution CMake\ Rules /Users/bknope/Documents/Development/HomeDev/SwiftOpenSource/Git/build/Xcode-DebugAssert/swift-macosx-x86_64/stdlib/public/SDK/AVFoundation/Swift.build/Debug/swiftAVFoundation-macosx-x86_64.build/Script-57700F74603D481C9705E0FA.sh<br>	Ld /Users/bknope/Documents/Development/HomeDev/SwiftOpenSource/Git/build/Xcode-DebugAssert/swift-macosx-x86_64/Debug/lib/swift/macosx/x86_64/libswiftAVFoundation.dylib normal x86_64<br>	PhaseScriptExecution CMake\ Rules /Users/bknope/Documents/Development/HomeDev/SwiftOpenSource/Git/build/Xcode-DebugAssert/swift-macosx-x86_64/stdlib/public/SDK/CoreMedia/Swift.build/Debug/swiftCoreMedia-macosx.build/Script-97B7138D4DC64B959865E462.sh<br>	PhaseScriptExecution CMake\ Rules /Users/bknope/Documents/Development/HomeDev/SwiftOpenSource/Git/build/Xcode-DebugAssert/swift-macosx-x86_64/stdlib/public/SDK/XCTest/Swift.build/Debug/swiftXCTest-macosx-x86_64.build/Script-3DD3FAA1201345138FADC625.sh<br>	Ld /Users/bknope/Documents/Development/HomeDev/SwiftOpenSource/Git/build/Xcode-DebugAssert/swift-macosx-x86_64/Debug/lib/swift/macosx/x86_64/libswiftXCTest.dylib normal x86_64<br>	PhaseScriptExecution CMake\ Rules /Users/bknope/Documents/Development/HomeDev/SwiftOpenSource/Git/build/Xcode-DebugAssert/swift-macosx-x86_64/stdlib/public/SDK/SceneKit/Swift.build/Debug/swiftSceneKit-macosx-x86_64.build/Script-E0176BA8E09C4593803D0410.sh<br>	Ld /Users/bknope/Documents/Development/HomeDev/SwiftOpenSource/Git/build/Xcode-DebugAssert/swift-macosx-x86_64/Debug/lib/swift/macosx/x86_64/libswiftSceneKit.dylib normal x86_64<br>	PhaseScriptExecution CMake\ Rules /Users/bknope/Documents/Development/HomeDev/SwiftOpenSource/Git/build/Xcode-DebugAssert/swift-macosx-x86_64/stdlib/public/SDK/GLKit/Swift.build/Debug/swiftGLKit-macosx.build/Script-F881131BAAE84DAA865DEC6C.sh<br>	PhaseScriptExecution CMake\ Rules /Users/bknope/Documents/Development/HomeDev/SwiftOpenSource/Git/build/Xcode-DebugAssert/swift-macosx-x86_64/stdlib/public/SDK/MultipeerConnectivity/Swift.build/Debug/swiftMultipeerConnectivity-macosx.build/Script-FE9C57C3ECF44371A8B76218.sh<br>	PhaseScriptExecution CMake\ Rules /Users/bknope/Documents/Development/HomeDev/SwiftOpenSource/Git/build/Xcode-DebugAssert/swift-macosx-x86_64/stdlib/public/SDK/SpriteKit/Swift.build/Debug/swiftSpriteKit-macosx-x86_64.build/Script-C5D94199FE9F4BD88E3544D6.sh<br>	Ld /Users/bknope/Documents/Development/HomeDev/SwiftOpenSource/Git/build/Xcode-DebugAssert/swift-macosx-x86_64/Debug/lib/swift/macosx/x86_64/libswiftSpriteKit.dylib normal x86_64<br>	PhaseScriptExecution CMake\ Rules /Users/bknope/Documents/Development/HomeDev/SwiftOpenSource/Git/build/Xcode-DebugAssert/swift-macosx-x86_64/stdlib/public/SDK/AVFoundation/Swift.build/Debug/swiftAVFoundation-macosx.build/Script-556F5098D4E94CA0ABC53809.sh<br>	PhaseScriptExecution CMake\ Rules /Users/bknope/Documents/Development/HomeDev/SwiftOpenSource/Git/build/Xcode-DebugAssert/swift-macosx-x86_64/stdlib/public/SDK/SpriteKit/Swift.build/Debug/swiftSpriteKit-macosx.build/Script-377F6F205E8E4C949B21056D.sh<br>	PhaseScriptExecution CMake\ Rules /Users/bknope/Documents/Development/HomeDev/SwiftOpenSource/Git/build/Xcode-DebugAssert/swift-macosx-x86_64/stdlib/private/StdlibUnittest/Swift.build/Debug/swiftStdlibUnittest-macosx.build/Script-828CE8660E884AAE9F796678.sh<br>	PhaseScriptExecution CMake\ Rules /Users/bknope/Documents/Development/HomeDev/SwiftOpenSource/Git/build/Xcode-DebugAssert/swift-macosx-x86_64/stdlib/public/SDK/GameplayKit/Swift.build/Debug/swiftGameplayKit-macosx.build/Script-7CE7220CB47E477A84EB8C0B.sh<br>	PhaseScriptExecution CMake\ Rules /Users/bknope/Documents/Development/HomeDev/SwiftOpenSource/Git/build/Xcode-DebugAssert/swift-macosx-x86_64/stdlib/public/SDK/XCTest/Swift.build/Debug/swiftXCTest-macosx.build/Script-36C1BC0D25E94297BE7C7859.sh<br>	PhaseScriptExecution CMake\ Rules /Users/bknope/Documents/Development/HomeDev/SwiftOpenSource/Git/build/Xcode-DebugAssert/swift-macosx-x86_64/stdlib/public/SDK/SceneKit/Swift.build/Debug/swiftSceneKit-macosx.build/Script-494BBCA3D7A1414DA2308550.sh<br>	PhaseScriptExecution CMake\ Rules /Users/bknope/Documents/Development/HomeDev/SwiftOpenSource/Git/build/Xcode-DebugAssert/swift-macosx-x86_64/stdlib/public/SDK/GameKit/Swift.build/Debug/swiftGameKit-macosx-x86_64.build/Script-4BC96D32DB7E43D1938EB9E2.sh<br>	Ld /Users/bknope/Documents/Development/HomeDev/SwiftOpenSource/Git/build/Xcode-DebugAssert/swift-macosx-x86_64/Debug/lib/swift/macosx/x86_64/libswiftGameKit.dylib normal x86_64<br>	PhaseScriptExecution CMake\ Rules /Users/bknope/Documents/Development/HomeDev/SwiftOpenSource/Git/build/Xcode-DebugAssert/swift-macosx-x86_64/stdlib/public/SDK/GameKit/Swift.build/Debug/swiftGameKit-macosx.build/Script-D08BD42C229647E8A6F0800C.sh<br>	PhaseScriptExecution CMake\ Rules /Users/bknope/Documents/Development/HomeDev/SwiftOpenSource/Git/build/Xcode-DebugAssert/swift-macosx-x86_64/benchmark/Swift.build/Debug/copy-swift-stdlib-macosx.build/Script-6123874275E445EBA65B0733.sh<br>	PhaseScriptExecution CMake\ Rules /Users/bknope/Documents/Development/HomeDev/SwiftOpenSource/Git/build/Xcode-DebugAssert/swift-macosx-x86_64/benchmark/Swift.build/Debug/adhoc-sign-swift-stdlib-macosx.build/Script-F69D111B301F49C79B3006FD.sh<br>	PhaseScriptExecution CMake\ Rules /Users/bknope/Documents/Development/HomeDev/SwiftOpenSource/Git/build/Xcode-DebugAssert/swift-macosx-x86_64/benchmark/Swift.build/Debug/swift-benchmark-macosx-x86_64.build/Script-695805E50356498784EBF144.sh<br>	PhaseScriptExecution CMake\ PostBuild\ Rules /Users/bknope/Documents/Development/HomeDev/SwiftOpenSource/Git/build/Xcode-DebugAssert/swift-macosx-x86_64/benchmark/Swift.build/Debug/swift-benchmark-macosx-x86_64.build/Script-610D0BE7F85D4C9FB0F611F1.sh<br>(120 failures)<br>utils/build-script: command terminated with a non-zero exit status 65, aborting<br>&quot;<br></p><p><br>It looks like I can still open Swift.xcodeproj so I’m not sure how serious it is, but I nothing is jumping out at me (i.e. no spaces in my directory names)<br></p><p>Brandon<br></p><p>&gt; On Feb 17, 2016, at 9:57 PM, Brandon Knope via swift-users &lt;swift-users at swift.org&gt; wrote:<br>&gt; <br>&gt; That looks like it did it! I say looks like because it is still building but it has gotten much much further than it ever has.<br>&gt; <br>&gt; And the annoying thing is I had just changed “Swift Open Source” to “SwiftOpenSource” after the previous errors and I didn’t see the “Home Dev”. <br>&gt; <br>&gt; Any reason why it wouldn’t like spaces?<br>&gt; <br>&gt; Thanks a ton!<br>&gt; Brandon<br>&gt; <br>&gt; <br>&gt;&gt; On Feb 17, 2016, at 6:23 PM, Dmitri Gribenko &lt;gribozavr at gmail.com&gt; wrote:<br>&gt;&gt; <br>&gt;&gt; On Wed, Feb 17, 2016 at 2:54 PM, Brandon Knope &lt;bknope at me.com&gt; wrote:<br>&gt;&gt;&gt; I cloned ninja again and I deleted the build folder. It looks like it’s<br>&gt;&gt;&gt; getting stuck somewhere else now<br>&gt;&gt; <br>&gt;&gt; Could you try with a directory that does not have spaces in the path?<br>&gt;&gt; <br>&gt;&gt; Dmitri<br>&gt;&gt; <br>&gt;&gt; -- <br>&gt;&gt; main(i,j){for(i=2;;i++){for(j=2;j&lt;i;j++){if(!(i%j)){j=0;break;}}if<br>&gt;&gt; (j){printf(&quot;%d\n&quot;,i);}}} /*Dmitri Gribenko &lt;gribozavr at gmail.com&gt;*/<br>&gt; <br>&gt; _______________________________________________<br>&gt; swift-users mailing list<br>&gt; swift-users at swift.org<br>&gt; https://lists.swift.org/mailman/listinfo/swift-users<br></p><p>-------------- next part --------------<br>An HTML attachment was scrubbed...<br>URL: &lt;https://lists.swift.org/pipermail/swift-users/attachments/20160217/c706db66/attachment.html&gt;<br></p></div><ul class="comments"><li class="comment"><div class="avatar"><img src="https://www.gravatar.com/avatar/969b04d28c02f951ccc03f615b9a92b3?s=50"></div><header><strong>Error building Swift</strong> from <string>Dmitri Gribenko</string> &lt;gribozavr at gmail.com&gt;<p>February 17, 2016 at 07:00:00pm</p></header><div class="content"><p>On Wed, Feb 17, 2016 at 7:41 PM, Brandon Knope &lt;bknope at me.com&gt; wrote:<br>&gt; Quick update: I ran the command to build for Xcode:<br>&gt;<br>&gt; utils/build-scripts -X<br>&gt;<br>&gt; And it got some errors toward the end:<br>&gt;<br>&gt; “<br>&gt; ** BUILD FAILED **<br></p><p>The Xcode generator can&#39;t be used to build, see build-script --help:<br></p><p>Select the CMake generator:<br>  -X, --xcode-ide-only  use CMake&#39;s Xcode generator, with only IDE support (no<br>                        build)<br></p><p>I recommend to use the default, Ninja, to build.  You can use -X for<br>the IDE experience.<br></p><p>Dmitri<br></p><p>-- <br>main(i,j){for(i=2;;i++){for(j=2;j&lt;i;j++){if(!(i%j)){j=0;break;}}if<br>(j){printf(&quot;%d\n&quot;,i);}}} /*Dmitri Gribenko &lt;gribozavr at gmail.com&gt;*/<br></p></div><ul class="comments"><li class="comment"><div class="avatar"><img src="https://www.gravatar.com/avatar/d9ce70a6cb7175e7a5e5db5658186a31?s=50"></div><header><strong>Error building Swift</strong> from <string>Brandon Knope</string> &lt;bknope at me.com&gt;<p>February 17, 2016 at 10:00:00pm</p></header><div class="content"><p>Okay awesome! Thank you so much! I really appreciate it<br></p><p>Brandon<br></p><p>&gt; On Feb 17, 2016, at 10:44 PM, Dmitri Gribenko &lt;gribozavr at gmail.com&gt; wrote:<br>&gt; <br>&gt; On Wed, Feb 17, 2016 at 7:41 PM, Brandon Knope &lt;bknope at me.com&gt; wrote:<br>&gt;&gt; Quick update: I ran the command to build for Xcode:<br>&gt;&gt; <br>&gt;&gt; utils/build-scripts -X<br>&gt;&gt; <br>&gt;&gt; And it got some errors toward the end:<br>&gt;&gt; <br>&gt;&gt; “<br>&gt;&gt; ** BUILD FAILED **<br>&gt; <br>&gt; The Xcode generator can&#39;t be used to build, see build-script --help:<br>&gt; <br>&gt; Select the CMake generator:<br>&gt;  -X, --xcode-ide-only  use CMake&#39;s Xcode generator, with only IDE support (no<br>&gt;                        build)<br>&gt; <br>&gt; I recommend to use the default, Ninja, to build.  You can use -X for<br>&gt; the IDE experience.<br>&gt; <br>&gt; Dmitri<br>&gt; <br>&gt; -- <br>&gt; main(i,j){for(i=2;;i++){for(j=2;j&lt;i;j++){if(!(i%j)){j=0;break;}}if<br>&gt; (j){printf(&quot;%d\n&quot;,i);}}} /*Dmitri Gribenko &lt;gribozavr at gmail.com&gt;*/<br></p></div></li><li class="comment"><div class="avatar"><img src="https://www.gravatar.com/avatar/c4fe988326eed161b989d0c5521cb105?s=50"></div><header><strong>Error building Swift</strong> from <string>Jordan Rose</string> &lt;jordan_rose at apple.com&gt;<p>February 18, 2016 at 01:00:00pm</p></header><div class="content"><p>&gt; On Feb 17, 2016, at 19:44, Dmitri Gribenko via swift-users &lt;swift-users at swift.org&gt; wrote:<br>&gt; <br>&gt; On Wed, Feb 17, 2016 at 7:41 PM, Brandon Knope &lt;bknope at me.com&gt; wrote:<br>&gt;&gt; Quick update: I ran the command to build for Xcode:<br>&gt;&gt; <br>&gt;&gt; utils/build-scripts -X<br>&gt;&gt; <br>&gt;&gt; And it got some errors toward the end:<br>&gt;&gt; <br>&gt;&gt; “<br>&gt;&gt; ** BUILD FAILED **<br>&gt; <br>&gt; The Xcode generator can&#39;t be used to build, see build-script --help:<br>&gt; <br>&gt; Select the CMake generator:<br>&gt;  -X, --xcode-ide-only  use CMake&#39;s Xcode generator, with only IDE support (no<br>&gt;                        build)<br>&gt; <br>&gt; I recommend to use the default, Ninja, to build.  You can use -X for<br>&gt; the IDE experience.<br></p><p>This is misleading. -x can be used to build, although it will only build for OS X. -X does IDE-only, and should probably go away.<br></p><p>Jordan<br></p></div><ul class="comments"><li class="comment"><div class="avatar"><img src="https://www.gravatar.com/avatar/d9ce70a6cb7175e7a5e5db5658186a31?s=50"></div><header><strong>Error building Swift</strong> from <string>Brandon Knope</string> &lt;bknope at me.com&gt;<p>February 19, 2016 at 06:00:00pm</p></header><div class="content"><p>I built with the -x flag and it still had errors:<br></p><p>“<br>make: *** [swift-benchmark-macosx-x86_64_buildpart_0] Error 1<br></p><p>** BUILD FAILED **<br></p><p><br>The following build commands failed:<br>	PhaseScriptExecution CMake\ Rules /Users/bknope/Documents/Development/HomeDev/SwiftOpenSource/Git/build/Xcode-DebugAssert/swift-macosx-x86_64/Swift.build/Debug/xcode_generate_for_ide_only_dummy.build/Script-19AF2BBC53484AC9B43441A2.sh<br>	CompileC /Users/bknope/Documents/Development/HomeDev/SwiftOpenSource/Git/build/Xcode-DebugAssert/swift-macosx-x86_64/lib/ClangImporter/Swift.build/Debug/swiftClangImporter.build/Objects-normal/x86_64/ImportDecl.o lib/ClangImporter/ImportDecl.cpp normal x86_64 c++ com.apple.compilers.llvm.clang.1_0.compiler<br>	Libtool /Users/bknope/Documents/Development/HomeDev/SwiftOpenSource/Git/build/Xcode-DebugAssert/swift-macosx-x86_64/Debug/lib/libswiftClangImporter.a normal x86_64<br>	Ld /Users/bknope/Documents/Development/HomeDev/SwiftOpenSource/Git/build/Xcode-DebugAssert/swift-macosx-x86_64/Debug/bin/lldb-moduleimport-test normal x86_64<br>	Ld /Users/bknope/Documents/Development/HomeDev/SwiftOpenSource/Git/build/Xcode-DebugAssert/swift-macosx-x86_64/Debug/bin/swift-llvm-opt normal x86_64<br>	Ld /Users/bknope/Documents/Development/HomeDev/SwiftOpenSource/Git/build/Xcode-DebugAssert/swift-macosx-x86_64/Debug/bin/swift-ide-test normal x86_64<br>	Ld /Users/bknope/Documents/Development/HomeDev/SwiftOpenSource/Git/build/Xcode-DebugAssert/swift-macosx-x86_64/Debug/bin/swift normal x86_64<br>	Ld /Users/bknope/Documents/Development/HomeDev/SwiftOpenSource/Git/build/Xcode-DebugAssert/swift-macosx-x86_64/Debug/bin/sil-opt normal x86_64<br>	Ld /Users/bknope/Documents/Development/HomeDev/SwiftOpenSource/Git/build/Xcode-DebugAssert/swift-macosx-x86_64/Debug/bin/sil-extract normal x86_64<br>	Ld /Users/bknope/Documents/Development/HomeDev/SwiftOpenSource/Git/build/Xcode-DebugAssert/swift-macosx-x86_64/Debug/lib/sourcekitd.framework/Versions/A/XPCServices/SourceKitService.xpc/Contents/MacOS/SourceKitService normal x86_64<br>	Ld /Users/bknope/Documents/Development/HomeDev/SwiftOpenSource/Git/build/Xcode-DebugAssert/swift-macosx-x86_64/Debug/lib/libsourcekitdInProc.dylib normal x86_64<br>	PhaseScriptExecution CMake\ Rules /Users/bknope/Documents/Development/HomeDev/SwiftOpenSource/Git/build/Xcode-DebugAssert/swift-macosx-x86_64/stdlib/public/core/Swift.build/Debug/swiftCore-macosx-x86_64.build/Script-C79F976947BF4FC68B197DDF.sh<br>	Ld /Users/bknope/Documents/Development/HomeDev/SwiftOpenSource/Git/build/Xcode-DebugAssert/swift-macosx-<br></p><p>… More that are clipped out …<br></p><p>	PhaseScriptExecution CMake\ Rules /Users/bknope/Documents/Development/HomeDev/SwiftOpenSource/Git/build/Xcode-DebugAssert/swift-macosx-x86_64/stdlib/public/SDK/GameKit/Swift.build/Debug/swiftGameKit-macosx.build/Script-9A57381FBBDA4BE2BC5044CA.sh<br>	PhaseScriptExecution CMake\ Rules /Users/bknope/Documents/Development/HomeDev/SwiftOpenSource/Git/build/Xcode-DebugAssert/swift-macosx-x86_64/benchmark/Swift.build/Debug/copy-swift-stdlib-macosx.build/Script-583EE90CD65D411E89A1A95C.sh<br>	PhaseScriptExecution CMake\ Rules /Users/bknope/Documents/Development/HomeDev/SwiftOpenSource/Git/build/Xcode-DebugAssert/swift-macosx-x86_64/benchmark/Swift.build/Debug/adhoc-sign-swift-stdlib-macosx.build/Script-39E097D2B5814E57AE617C72.sh<br>	PhaseScriptExecution CMake\ Rules /Users/bknope/Documents/Development/HomeDev/SwiftOpenSource/Git/build/Xcode-DebugAssert/swift-macosx-x86_64/benchmark/Swift.build/Debug/swift-benchmark-macosx-x86_64.build/Script-F429CA210C3E428BB0799A93.sh<br>	PhaseScriptExecution CMake\ PostBuild\ Rules /Users/bknope/Documents/Development/HomeDev/SwiftOpenSource/Git/build/Xcode-DebugAssert/swift-macosx-x86_64/benchmark/Swift.build/Debug/swift-benchmark-macosx-x86_64.build/Script-31C012A16FC14BD48BAEFF45.sh<br>(120 failures)<br>utils/build-script: command terminated with a non-zero exit status 65, aborting<br>&quot;<br></p><p>Should this still be happening with the -x flag then?<br></p><p>Thanks,<br>Brandon<br></p><p>&gt; On Feb 18, 2016, at 4:10 PM, Jordan Rose &lt;jordan_rose at apple.com&gt; wrote:<br>&gt; <br>&gt; <br>&gt;&gt; On Feb 17, 2016, at 19:44, Dmitri Gribenko via swift-users &lt;swift-users at swift.org&gt; wrote:<br>&gt;&gt; <br>&gt;&gt; On Wed, Feb 17, 2016 at 7:41 PM, Brandon Knope &lt;bknope at me.com&gt; wrote:<br>&gt;&gt;&gt; Quick update: I ran the command to build for Xcode:<br>&gt;&gt;&gt; <br>&gt;&gt;&gt; utils/build-scripts -X<br>&gt;&gt;&gt; <br>&gt;&gt;&gt; And it got some errors toward the end:<br>&gt;&gt;&gt; <br>&gt;&gt;&gt; “<br>&gt;&gt;&gt; ** BUILD FAILED **<br>&gt;&gt; <br>&gt;&gt; The Xcode generator can&#39;t be used to build, see build-script --help:<br>&gt;&gt; <br>&gt;&gt; Select the CMake generator:<br>&gt;&gt; -X, --xcode-ide-only  use CMake&#39;s Xcode generator, with only IDE support (no<br>&gt;&gt;                       build)<br>&gt;&gt; <br>&gt;&gt; I recommend to use the default, Ninja, to build.  You can use -X for<br>&gt;&gt; the IDE experience.<br>&gt; <br>&gt; This is misleading. -x can be used to build, although it will only build for OS X. -X does IDE-only, and should probably go away.<br>&gt; <br>&gt; Jordan<br></p></div><ul class="comments"><li class="comment"><div class="avatar"><img src="https://www.gravatar.com/avatar/c4fe988326eed161b989d0c5521cb105?s=50"></div><header><strong>Error building Swift</strong> from <string>Jordan Rose</string> &lt;jordan_rose at apple.com&gt;<p>February 19, 2016 at 03:00:00pm</p></header><div class="content"><p>&gt; On Feb 19, 2016, at 15:03, Brandon Knope &lt;bknope at me.com&gt; wrote:<br>&gt; <br>&gt; 	PhaseScriptExecution CMake\ Rules /Users/bknope/Documents/Development/HomeDev/SwiftOpenSource/Git/build/Xcode-DebugAssert/swift-macosx-x86_64/Swift.build/Debug/xcode_generate_for_ide_only_dummy.build/Script-19AF2BBC53484AC9B43441A2.sh<br></p><p>The fact that this line is still in there makes me think you need to blow away your build directory and start again. I don&#39;t think anyone&#39;s tried mixing -x and -X.<br></p><p>Jordan<br></p><p>Jordan<br>-------------- next part --------------<br>An HTML attachment was scrubbed...<br>URL: &lt;https://lists.swift.org/pipermail/swift-users/attachments/20160219/5fb0e9d6/attachment.html&gt;<br></p></div><ul class="comments"><li class="comment"><div class="avatar"><img src="https://www.gravatar.com/avatar/d9ce70a6cb7175e7a5e5db5658186a31?s=50"></div><header><strong>Error building Swift</strong> from <string>Brandon Knope</string> &lt;bknope at me.com&gt;<p>February 19, 2016 at 08:00:00pm</p></header><div class="content"><p>That did it!<br></p><p>Thanks!<br>Brandon <br></p><p>&gt; On Feb 19, 2016, at 6:21 PM, Jordan Rose &lt;jordan_rose at apple.com&gt; wrote:<br>&gt; <br>&gt; <br>&gt;&gt; On Feb 19, 2016, at 15:03, Brandon Knope &lt;bknope at me.com&gt; wrote:<br>&gt;&gt; <br>&gt;&gt; 	PhaseScriptExecution CMake\ Rules /Users/bknope/Documents/Development/HomeDev/SwiftOpenSource/Git/build/Xcode-DebugAssert/swift-macosx-x86_64/Swift.build/Debug/xcode_generate_for_ide_only_dummy.build/Script-19AF2BBC53484AC9B43441A2.sh<br>&gt; <br>&gt; The fact that this line is still in there makes me think you need to blow away your build directory and start again. I don&#39;t think anyone&#39;s tried mixing -x and -X.<br>&gt; <br>&gt; Jordan<br>&gt; <br>&gt; Jordan<br>-------------- next part --------------<br>An HTML attachment was scrubbed...<br>URL: &lt;https://lists.swift.org/pipermail/swift-users/attachments/20160219/e192413a/attachment.html&gt;<br></p></div></li></ul></li></ul></li></ul></li></ul></li></ul></li></ul></li></ul></li></ul></li></ul></li></ul></li></ul></li></ul></li></ul></li></ul></li></ul></div>    </main>
    <script src="/js/app-c283ee129de63ad743722e9511e67a5d.js"></script>
  </body>
  <footer>
    <p>Swift and the Swift logo are trademarks of Apple Inc.</p>
  </footer>
</html>
