<!DOCTYPE html>
<html lang="en">
  <head>
    <meta charset="utf-8">
    <meta http-equiv="X-UA-Compatible" content="IE=edge">
    <meta name="viewport" content="width=device-width, initial-scale=1">
    <meta name="description" content="">
    <meta name="author" content="">

    <title>Swift Mailing List Archive</title>
    <link rel="stylesheet" href="/css/app-13f065ae5e595562a5022c544e3b976c.css">
  </head>

  <body>
    <div class="container">
      <header class="header">
        <img src="/images/swift-d0237fc716ba0932a940049990beba1b.svg" height="70">
      </header>

      <p class="alert alert-info" role="alert"></p>
      <p class="alert alert-danger" role="alert"></p>

    </div> <!-- /container -->
    <main role="main">
<div class="comment-wrapper"><ul class="comments"><li class="comment"><div class="avatar"><img src="https://www.gravatar.com/avatar/a838c63b9093a77fb88231d65effa3b3?s=50"></div><header><strong>preview 5 package-tests failure</strong> from <string>Drew Crawford</string> &lt;drew at sealedabstract.com&gt;<p>August 14, 2016 at 01:00:00am</p></header><div class="content"><p>When attempting to build Swift Preview 5 on Linux, I get this error:<br></p><p>********************<br>Testing Time: 6.02s<br>********************<br>Failing Tests (4):<br>    swift-package-tests :: swift-build-self-host.py<br>    swift-package-tests :: swift-package-init-lib.md<br>    swift-package-tests :: test-foundation-package/test-foundation-package.txt<br>    swift-package-tests :: test-xctest-package/test-xctest-package.txt<br></p><p>  Expected Passes    : 10<br>  Unsupported Tests  : 5<br>  Unexpected Failures: 4<br>./utils/build-script: fatal error: command terminated with a non-zero exit status 1, aborting<br>./utils/build-script: fatal error: command terminated with a non-zero exit status 1, aborting<br></p><p>When I find out what is failing, it&#39;s related to dispatch requiring blocks.  For example, a simple &quot;import XCTest&quot; fails:<br></p><p>$ cat test.swift<br>import XCTest<br></p><p>$ /swift-dev/build/buildbot_linux/none-swift_package_sandbox_linux-x86_64/usr/bin/swiftc test.swift<br>&lt;unknown&gt;:0: error: module &#39;CDispatch&#39; requires feature &#39;blocks&#39;<br>&lt;unknown&gt;:0: error: could not build Objective-C module &#39;CDispatch&#39;<br></p><p>Inserting the required flags works fine:<br></p><p>/swift-dev/build/buildbot_linux/none-swift_package_sandbox_linux-x86_64/usr/bin/swiftc -Xcc -fblocks test2.swift<br>How can I either insert those flags into the packaging tests, or disable the affected tests?<br></p><p>Drew<br></p><p>-------------- next part --------------<br>An HTML attachment was scrubbed...<br>URL: &lt;https://lists.swift.org/pipermail/swift-dev/attachments/20160814/2a62c22e/attachment.html&gt;<br></p></div><ul class="comments"><li class="comment"><div class="avatar"><img src="https://www.gravatar.com/avatar/2ddf7419fbdd69635522af227c08327c?s=50"></div><header><strong>preview 5 package-tests failure</strong> from <string>David P Grove</string> &lt;groved at us.ibm.com&gt;<p>August 14, 2016 at 07:00:00am</p></header><div class="content"><p>Hi Drew,<br></p><p>	Pick up this: https://github.com/apple/swift/pull/3835<br></p><p>	It adds -fblocks to C language options to the ClangImporter on Linux.<br></p><p>--dave<br></p><p>swift-dev-bounces at swift.org wrote on 08/14/2016 02:14:13 AM:<br>&gt;<br>&gt; When attempting to build Swift Preview 5 on Linux, I get this error:<br>&gt;<br>&gt; ********************<br>&gt; Testing Time: 6.02s<br>&gt; ********************<br>&gt; Failing Tests (4):<br>&gt;     swift-package-tests :: swift-build-self-host.py<br>&gt;     swift-package-tests :: swift-package-init-lib.md<br>&gt;     swift-package-tests ::<br>test-foundation-package/test-foundation-package.txt<br>&gt;     swift-package-tests :: test-xctest-package/test-xctest-package.txt<br>&gt;<br>&gt;   Expected Passes    : 10<br>&gt;   Unsupported Tests  : 5<br>&gt;   Unexpected Failures: 4<br>&gt; ./utils/build-script: fatal error: command terminated with a non-<br>&gt; zero exit status 1, aborting<br>&gt; ./utils/build-script: fatal error: command terminated with a non-<br>&gt; zero exit status 1, aborting<br>&gt;<br>&gt; When I find out what is failing, it&#39;s related to dispatch requiring<br>&gt; blocks.  For example, a simple &quot;import XCTest&quot; fails:<br>&gt;<br>&gt; $ cat test.swift<br>&gt; import XCTest<br>&gt;<br>&gt; $ /swift-dev/build/buildbot_linux/none-swift_package_sandbox_linux-<br>&gt; x86_64/usr/bin/swiftc test.swift<br>&gt; &lt;unknown&gt;:0: error: module &#39;CDispatch&#39; requires feature &#39;blocks&#39;<br>&gt; &lt;unknown&gt;:0: error: could not build Objective-C module &#39;CDispatch&#39;<br>&gt;<br>&gt; Inserting the required flags works fine:<br>&gt;<br>&gt; /swift-dev/build/buildbot_linux/none-swift_package_sandbox_linux-<br>&gt; x86_64/usr/bin/swiftc -Xcc -fblocks test2.swift<br>&gt; How can I either insert those flags into the packaging tests, or<br>&gt; disable the affected tests?<br>&gt; Drew_______________________________________________<br>&gt; swift-dev mailing list<br>&gt; swift-dev at swift.org<br>&gt; https://lists.swift.org/mailman/listinfo/swift-dev<br>-------------- next part --------------<br>An HTML attachment was scrubbed...<br>URL: &lt;https://lists.swift.org/pipermail/swift-dev/attachments/20160814/d73fd170/attachment.html&gt;<br></p></div></li><li class="comment"><div class="avatar"><img src="https://www.gravatar.com/avatar/dad1fc0d2023332e239a5c05e01fb577?s=50"></div><header><strong>preview 5 package-tests failure</strong> from <string>Nicole Jacque</string> &lt;nicole_jacque at apple.com&gt;<p>August 14, 2016 at 07:00:00pm</p></header><div class="content"><p>Hi Drew-<br></p><p>If you’re building using the swift-3.0-PREVIEW-5 tag, please be aware that swift-corelib-libdispatch is not included in the preview tag, or part of the CI package job, as we are still working out issues with swift-corelib-libdispatch.<br></p><p>(Preview 5 does, however add support for swift-code-playground support, which we had previously not included in the preview tags.)<br></p><p>Release notes for the tag are at:<br>https://github.com/apple/swift/releases/tag/swift-3.0-PREVIEW-5<br></p><p>We are actively working on getting libdispatch sorted out, and integrated into the package jobs, hopefully in the next few days.  But we’ll be concentrating on getting master and swift-3.0-branch working rather than back porting things to preview 5.<br></p><p>Thanks!<br>nicole<br></p><p>&gt; On Aug 13, 2016, at 11:14 PM, Drew Crawford via swift-dev &lt;swift-dev at swift.org&gt; wrote:<br>&gt; <br>&gt; When attempting to build Swift Preview 5 on Linux, I get this error:<br>&gt; <br>&gt;&gt; ********************<br>&gt;&gt; Testing Time: 6.02s<br>&gt;&gt; ********************<br>&gt;&gt; Failing Tests (4):<br>&gt;&gt;     swift-package-tests :: swift-build-self-host.py<br>&gt;&gt;     swift-package-tests :: swift-package-init-lib.md<br>&gt;&gt;     swift-package-tests :: test-foundation-package/test-foundation-package.txt<br>&gt;&gt;     swift-package-tests :: test-xctest-package/test-xctest-package.txt<br>&gt;&gt; <br>&gt;&gt;   Expected Passes    : 10<br>&gt;&gt;   Unsupported Tests  : 5<br>&gt;&gt;   Unexpected Failures: 4<br>&gt;&gt; ./utils/build-script: fatal error: command terminated with a non-zero exit status 1, aborting<br>&gt;&gt; ./utils/build-script: fatal error: command terminated with a non-zero exit status 1, aborting<br>&gt; <br>&gt; When I find out what is failing, it&#39;s related to dispatch requiring blocks.  For example, a simple &quot;import XCTest&quot; fails:<br>&gt; <br>&gt;&gt; $ cat test.swift<br>&gt;&gt; import XCTest<br>&gt;&gt; <br>&gt;&gt; $ /swift-dev/build/buildbot_linux/none-swift_package_sandbox_linux-x86_64/usr/bin/swiftc test.swift<br>&gt;&gt; &lt;unknown&gt;:0: error: module &#39;CDispatch&#39; requires feature &#39;blocks&#39;<br>&gt;&gt; &lt;unknown&gt;:0: error: could not build Objective-C module &#39;CDispatch&#39;<br>&gt; <br>&gt; Inserting the required flags works fine:<br>&gt; <br>&gt;&gt; /swift-dev/build/buildbot_linux/none-swift_package_sandbox_linux-x86_64/usr/bin/swiftc -Xcc -fblocks test2.swift<br>&gt; How can I either insert those flags into the packaging tests, or disable the affected tests?<br>&gt; <br>&gt; Drew<br>&gt; <br>&gt; _______________________________________________<br>&gt; swift-dev mailing list<br>&gt; swift-dev at swift.org<br>&gt; https://lists.swift.org/mailman/listinfo/swift-dev<br></p></div></li></ul></li></ul></div>    </main>
    <script src="/js/app-c283ee129de63ad743722e9511e67a5d.js"></script>
  </body>
  <footer>
    <p>Swift and the Swift logo are trademarks of Apple Inc.</p>
  </footer>
</html>
