<!DOCTYPE html>
<html lang="en">
  <head>
    <meta charset="utf-8">
    <meta http-equiv="X-UA-Compatible" content="IE=edge">
    <meta name="viewport" content="width=device-width, initial-scale=1">
    <meta name="description" content="">
    <meta name="author" content="">

    <title>Swift Mailing List Archive</title>
    <link rel="stylesheet" href="/css/app-13f065ae5e595562a5022c544e3b976c.css">
  </head>

  <body>
    <div class="container">
      <header class="header">
        <img src="/images/swift-d0237fc716ba0932a940049990beba1b.svg" height="70">
      </header>

      <p class="alert alert-info" role="alert"></p>
      <p class="alert alert-danger" role="alert"></p>

    </div> <!-- /container -->
    <main role="main">
<div class="comment-wrapper"><ul class="comments"><li class="comment"><div class="avatar"><img src="https://www.gravatar.com/avatar/79cd2bdc2074f4e69eac60743fe785fc?s=50"></div><header><strong>Building Toolchain Fails</strong> from <string>Daniel Eggert</string> &lt;danieleggert at me.com&gt;<p>April  7, 2016 at 07:00:00pm</p></header><div class="content"><p>I&#39;m seeing this when trying to build a toolchain off master:<br></p><p>% ./utils/update-checkout --clone-with-ssh<br>% caffeinate ./utils/build-toolchain local.swift<br></p><p>[...]<br></p><p>--- Running tests for swiftpm ---<br>+ /Users/deggert/Desktop/Swift/swiftpm/Utilities/bootstrap --sysroot=/Applications/Xcode.app/Contents/Developer/Platforms/MacOSX.platform/Developer/SDKs/MacOSX10.11.sdk -v --swiftc=/Users/deggert/Desktop/Swift/build/buildbot_osx/swift-macosx-x86_64/bin/swiftc --sbt=/Users/deggert/Desktop/Swift/build/buildbot_osx/llbuild-macosx-x86_64/bin/swift-build-tool --build=/Users/deggert/Desktop/Swift/build/buildbot_osx/swiftpm-macosx-x86_64 test<br>--- bootstrap: note: building stage1: /Users/deggert/Desktop/Swift/build/buildbot_osx/llbuild-macosx-x86_64/bin/swift-build-tool -f /Users/deggert/Desktop/Swift/build/buildbot_osx/swiftpm-macosx-x86_64/.bootstrap/build.swift-build -v<br>--- bootstrap: note: building self-hosted &#39;swift-build&#39;: env SWIFT_EXEC=/Users/deggert/Desktop/Swift/build/buildbot_osx/swiftpm-macosx-x86_64/debug/swiftc SWIFT_BUILD_PATH=/Users/deggert/Desktop/Swift/build/buildbot_osx/swiftpm-macosx-x86_64 SYSROOT=/Applications/Xcode.app/Contents/Developer/Platforms/MacOSX.platform/Developer/SDKs/MacOSX10.11.sdk /Users/deggert/Desktop/Swift/build/buildbot_osx/swiftpm-macosx-x86_64/debug/swift-build-stage1 -Xlinker -rpath -Xlinker @executable_path/../lib/swift/macosx<br>Compiling Swift Module &#39;UtilityTestSuite&#39; (8 sources)<br>Compiling Swift Module &#39;TransmuteTestSuite&#39; (2 sources)<br>Compiling Swift Module &#39;ManifestParserTestSuite&#39; (4 sources)<br>Compiling Swift Module &#39;PackageDescriptionTestSuite&#39; (2 sources)<br>Compiling Swift Module &#39;GetTestSuite&#39; (4 sources)<br>/Users/deggert/Desktop/Swift/swiftpm/Tests/ManifestParser/ManifestTests.swift:54:13: error: expression type &#39;Void&#39; (aka &#39;()&#39;) is ambiguous without more context<br>            XCTAssertEqual(manifest.package.targets, [])<br>            ^~~~~~~~~~~~~~~~~~~~~~~~~~~~~~~~~~~~~~~~~~~~<br></p><p>[...]<br></p><p>error: exit(1): /Users/deggert/Desktop/Swift/build/buildbot_osx/swiftpm-macosx-x86_64/debug/swift-build-tool -f /Users/deggert/Desktop/Swift/build/buildbot_osx/swiftpm-macosx-x86_64/debug.yaml test<br>--- bootstrap: error: tests failed with exit status 1<br>./utils/build-script: command terminated with a non-zero exit status 1, aborting<br>./utils/build-script: command terminated with a non-zero exit status 1, aborting<br></p></div><ul class="comments"><li class="comment"><div class="avatar"><img src="https://www.gravatar.com/avatar/5d9baa679148bd83458d11df12327ce0?s=50"></div><header><strong>Building Toolchain Fails</strong> from <string>Daniel Dunbar</string> &lt;daniel_dunbar at apple.com&gt;<p>April  7, 2016 at 04:00:00pm</p></header><div class="content"><p>I believe this was a transient failure on trunk, please update and retry.<br></p><p> - Daniel<br></p><p>&gt; On Apr 7, 2016, at 10:19 AM, Daniel Eggert via swift-dev &lt;swift-dev at swift.org&gt; wrote:<br>&gt; <br>&gt; I&#39;m seeing this when trying to build a toolchain off master:<br>&gt; <br>&gt; % ./utils/update-checkout --clone-with-ssh<br>&gt; % caffeinate ./utils/build-toolchain local.swift<br>&gt; <br>&gt; [...]<br>&gt; <br>&gt; --- Running tests for swiftpm ---<br>&gt; + /Users/deggert/Desktop/Swift/swiftpm/Utilities/bootstrap --sysroot=/Applications/Xcode.app/Contents/Developer/Platforms/MacOSX.platform/Developer/SDKs/MacOSX10.11.sdk -v --swiftc=/Users/deggert/Desktop/Swift/build/buildbot_osx/swift-macosx-x86_64/bin/swiftc --sbt=/Users/deggert/Desktop/Swift/build/buildbot_osx/llbuild-macosx-x86_64/bin/swift-build-tool --build=/Users/deggert/Desktop/Swift/build/buildbot_osx/swiftpm-macosx-x86_64 test<br>&gt; --- bootstrap: note: building stage1: /Users/deggert/Desktop/Swift/build/buildbot_osx/llbuild-macosx-x86_64/bin/swift-build-tool -f /Users/deggert/Desktop/Swift/build/buildbot_osx/swiftpm-macosx-x86_64/.bootstrap/build.swift-build -v<br>&gt; --- bootstrap: note: building self-hosted &#39;swift-build&#39;: env SWIFT_EXEC=/Users/deggert/Desktop/Swift/build/buildbot_osx/swiftpm-macosx-x86_64/debug/swiftc SWIFT_BUILD_PATH=/Users/deggert/Desktop/Swift/build/buildbot_osx/swiftpm-macosx-x86_64 SYSROOT=/Applications/Xcode.app/Contents/Developer/Platforms/MacOSX.platform/Developer/SDKs/MacOSX10.11.sdk /Users/deggert/Desktop/Swift/build/buildbot_osx/swiftpm-macosx-x86_64/debug/swift-build-stage1 -Xlinker -rpath -Xlinker @executable_path/../lib/swift/macosx<br>&gt; Compiling Swift Module &#39;UtilityTestSuite&#39; (8 sources)<br>&gt; Compiling Swift Module &#39;TransmuteTestSuite&#39; (2 sources)<br>&gt; Compiling Swift Module &#39;ManifestParserTestSuite&#39; (4 sources)<br>&gt; Compiling Swift Module &#39;PackageDescriptionTestSuite&#39; (2 sources)<br>&gt; Compiling Swift Module &#39;GetTestSuite&#39; (4 sources)<br>&gt; /Users/deggert/Desktop/Swift/swiftpm/Tests/ManifestParser/ManifestTests.swift:54:13: error: expression type &#39;Void&#39; (aka &#39;()&#39;) is ambiguous without more context<br>&gt;            XCTAssertEqual(manifest.package.targets, [])<br>&gt;            ^~~~~~~~~~~~~~~~~~~~~~~~~~~~~~~~~~~~~~~~~~~~<br>&gt; <br>&gt; [...]<br>&gt; <br>&gt; error: exit(1): /Users/deggert/Desktop/Swift/build/buildbot_osx/swiftpm-macosx-x86_64/debug/swift-build-tool -f /Users/deggert/Desktop/Swift/build/buildbot_osx/swiftpm-macosx-x86_64/debug.yaml test<br>&gt; --- bootstrap: error: tests failed with exit status 1<br>&gt; ./utils/build-script: command terminated with a non-zero exit status 1, aborting<br>&gt; ./utils/build-script: command terminated with a non-zero exit status 1, aborting<br>&gt; <br>&gt; <br>&gt; _______________________________________________<br>&gt; swift-dev mailing list<br>&gt; swift-dev at swift.org<br>&gt; https://lists.swift.org/mailman/listinfo/swift-dev<br></p></div><ul class="comments"><li class="comment"><div class="avatar"><img src="https://www.gravatar.com/avatar/79cd2bdc2074f4e69eac60743fe785fc?s=50"></div><header><strong>Building Toolchain Fails</strong> from <string>Daniel Eggert</string> &lt;danieleggert at me.com&gt;<p>April  8, 2016 at 12:00:00pm</p></header><div class="content"><p>On 08 Apr 2016, at 01:43, Daniel Dunbar &lt;daniel_dunbar at apple.com&gt; wrote:<br>&gt; <br>&gt; I believe this was a transient failure on trunk, please update and retry.<br></p><p>It failed multiple times over many hours of update-checkout + build-toolchain. But it works now! :)<br></p><p>/Daniel<br></p></div></li></ul></li></ul></li></ul></div>    </main>
    <script src="/js/app-c283ee129de63ad743722e9511e67a5d.js"></script>
  </body>
  <footer>
    <p>Swift and the Swift logo are trademarks of Apple Inc.</p>
  </footer>
</html>
