<!DOCTYPE html>
<html lang="en">
  <head>
    <meta charset="utf-8">
    <meta http-equiv="X-UA-Compatible" content="IE=edge">
    <meta name="viewport" content="width=device-width, initial-scale=1">
    <meta name="description" content="">
    <meta name="author" content="">

    <title>Swift Mailing List Archive</title>
    <link rel="stylesheet" href="/css/app-13f065ae5e595562a5022c544e3b976c.css">
  </head>

  <body>
    <div class="container">
      <header class="header">
        <img src="/images/swift-d0237fc716ba0932a940049990beba1b.svg" height="70">
      </header>

      <p class="alert alert-info" role="alert"></p>
      <p class="alert alert-danger" role="alert"></p>

    </div> <!-- /container -->
    <main role="main">
<div class="comment-wrapper"><ul class="comments"><li class="comment"><div class="avatar"><img src="https://www.gravatar.com/avatar/e0cf6ae15b5fae33e4627c33690ba81d?s=50"></div><header><strong>[Swift CI] Build Failing: OSS - Swift Incremental RA - OS X (master) #5294</strong> from <string>Bob Wilson</string> &lt;bob.wilson at apple.com&gt;<p>July 18, 2016 at 04:00:00pm</p></header><div class="content"><p>I’m composing this by hand because I don’t see any notification that was sent to swift-dev.<br></p><p>https://ci.swift.org/job/oss-swift-incremental-RA-osx/5294/ &lt;https://ci.swift.org/job/oss-swift-incremental-RA-osx/5294/&gt;<br></p><p>The failure is:<br></p><p>/Users/buildnode/jenkins/workspace/oss-swift-incremental-RA-osx/swift/stdlib/private/StdlibUnittestFoundationExtras/StdlibUnittestFoundationExtras.swift:71:19: error: missing argument label &#39;invoking:&#39; in call<br></p><p>  autoreleasepool(body)<br>                  ^<br>                  invoking: <br></p><p>I’m not sure what change might have caused that.<br>-------------- next part --------------<br>An HTML attachment was scrubbed...<br>URL: &lt;https://lists.swift.org/pipermail/swift-dev/attachments/20160718/3470c112/attachment.html&gt;<br></p></div><ul class="comments"><li class="comment"><div class="avatar"><img src="https://www.gravatar.com/avatar/8e77369a540cf4d35924683e176c7a9c?s=50"></div><header><strong>[Swift CI] Build Failing: OSS - Swift Incremental RA - OS X (master) #5294</strong> from <string>Mark Lacey</string> &lt;mark.lacey at apple.com&gt;<p>July 18, 2016 at 04:00:00pm</p></header><div class="content"><p>&gt; On Jul 18, 2016, at 4:43 PM, Bob Wilson via swift-dev &lt;swift-dev at swift.org&gt; wrote:<br>&gt; <br>&gt; I’m composing this by hand because I don’t see any notification that was sent to swift-dev.<br>&gt; <br>&gt; https://ci.swift.org/job/oss-swift-incremental-RA-osx/5294/ &lt;https://ci.swift.org/job/oss-swift-incremental-RA-osx/5294/&gt;<br>&gt; <br>&gt; The failure is:<br>&gt; <br>&gt; /Users/buildnode/jenkins/workspace/oss-swift-incremental-RA-osx/swift/stdlib/private/StdlibUnittestFoundationExtras/StdlibUnittestFoundationExtras.swift:71:19: error: missing argument label &#39;invoking:&#39; in call<br>&gt; <br>&gt;   autoreleasepool(body)<br>&gt;                   ^<br>&gt;                   invoking: <br>&gt; <br>&gt; I’m not sure what change might have caused that.<br></p><p>I believe it’s from this PR: https://github.com/apple/swift/pull/3589 &lt;https://github.com/apple/swift/pull/3589&gt;<br></p><p>Mark<br></p><p>&gt; _______________________________________________<br>&gt; swift-dev mailing list<br>&gt; swift-dev at swift.org<br>&gt; https://lists.swift.org/mailman/listinfo/swift-dev<br></p><p>-------------- next part --------------<br>An HTML attachment was scrubbed...<br>URL: &lt;https://lists.swift.org/pipermail/swift-dev/attachments/20160718/e40086a5/attachment.html&gt;<br></p></div><ul class="comments"><li class="comment"><div class="avatar"><img src="https://www.gravatar.com/avatar/e0cf6ae15b5fae33e4627c33690ba81d?s=50"></div><header><strong>[Swift CI] Build Failing: OSS - Swift Incremental RA - OS X (master) #5294</strong> from <string>Bob Wilson</string> &lt;bob.wilson at apple.com&gt;<p>July 18, 2016 at 04:00:00pm</p></header><div class="content"><p>+ Dave<br></p><p>&gt; On Jul 18, 2016, at 4:55 PM, Mark Lacey &lt;mark.lacey at apple.com&gt; wrote:<br>&gt; <br>&gt;&gt; <br>&gt;&gt; On Jul 18, 2016, at 4:43 PM, Bob Wilson via swift-dev &lt;swift-dev at swift.org &lt;mailto:swift-dev at swift.org&gt;&gt; wrote:<br>&gt;&gt; <br>&gt;&gt; I’m composing this by hand because I don’t see any notification that was sent to swift-dev.<br>&gt;&gt; <br>&gt;&gt; https://ci.swift.org/job/oss-swift-incremental-RA-osx/5294/ &lt;https://ci.swift.org/job/oss-swift-incremental-RA-osx/5294/&gt;<br>&gt;&gt; <br>&gt;&gt; The failure is:<br>&gt;&gt; <br>&gt;&gt; /Users/buildnode/jenkins/workspace/oss-swift-incremental-RA-osx/swift/stdlib/private/StdlibUnittestFoundationExtras/StdlibUnittestFoundationExtras.swift:71:19: error: missing argument label &#39;invoking:&#39; in call<br>&gt;&gt; <br>&gt;&gt;   autoreleasepool(body)<br>&gt;&gt;                   ^<br>&gt;&gt;                   invoking: <br>&gt;&gt; <br>&gt;&gt; I’m not sure what change might have caused that.<br>&gt; <br>&gt; I believe it’s from this PR: https://github.com/apple/swift/pull/3589 &lt;https://github.com/apple/swift/pull/3589&gt;<br>&gt; <br>&gt; Mark<br>&gt; <br>&gt;&gt; _______________________________________________<br>&gt;&gt; swift-dev mailing list<br>&gt;&gt; swift-dev at swift.org &lt;mailto:swift-dev at swift.org&gt;<br>&gt;&gt; https://lists.swift.org/mailman/listinfo/swift-dev &lt;https://lists.swift.org/mailman/listinfo/swift-dev&gt;<br>-------------- next part --------------<br>An HTML attachment was scrubbed...<br>URL: &lt;https://lists.swift.org/pipermail/swift-dev/attachments/20160718/18f98f5c/attachment.html&gt;<br></p></div><ul class="comments"><li class="comment"><div class="avatar"><img src="https://www.gravatar.com/avatar/17d2af4afb70023e28e655d17471a018?s=50"></div><header><strong>[Swift CI] Build Failing: OSS - Swift Incremental RA - OS X (master) #5294</strong> from <string>Michael Gottesman</string> &lt;mgottesman at apple.com&gt;<p>July 18, 2016 at 05:00:00pm</p></header><div class="content"><p>I reverted all the things.<br></p><p>The patient should feel better soon.<br></p><p>HTH,<br>Dr. G<br></p><p>&gt; On Jul 18, 2016, at 4:56 PM, Bob Wilson via swift-dev &lt;swift-dev at swift.org&gt; wrote:<br>&gt; <br>&gt; + Dave<br>&gt; <br>&gt;&gt; On Jul 18, 2016, at 4:55 PM, Mark Lacey &lt;mark.lacey at apple.com &lt;mailto:mark.lacey at apple.com&gt;&gt; wrote:<br>&gt;&gt; <br>&gt;&gt;&gt; <br>&gt;&gt;&gt; On Jul 18, 2016, at 4:43 PM, Bob Wilson via swift-dev &lt;swift-dev at swift.org &lt;mailto:swift-dev at swift.org&gt;&gt; wrote:<br>&gt;&gt;&gt; <br>&gt;&gt;&gt; I’m composing this by hand because I don’t see any notification that was sent to swift-dev.<br>&gt;&gt;&gt; <br>&gt;&gt;&gt; https://ci.swift.org/job/oss-swift-incremental-RA-osx/5294/ &lt;https://ci.swift.org/job/oss-swift-incremental-RA-osx/5294/&gt;<br>&gt;&gt;&gt; <br>&gt;&gt;&gt; The failure is:<br>&gt;&gt;&gt; <br>&gt;&gt;&gt; /Users/buildnode/jenkins/workspace/oss-swift-incremental-RA-osx/swift/stdlib/private/StdlibUnittestFoundationExtras/StdlibUnittestFoundationExtras.swift:71:19: error: missing argument label &#39;invoking:&#39; in call<br>&gt;&gt;&gt; <br>&gt;&gt;&gt;   autoreleasepool(body)<br>&gt;&gt;&gt;                   ^<br>&gt;&gt;&gt;                   invoking: <br>&gt;&gt;&gt; <br>&gt;&gt;&gt; I’m not sure what change might have caused that.<br>&gt;&gt; <br>&gt;&gt; I believe it’s from this PR: https://github.com/apple/swift/pull/3589 &lt;https://github.com/apple/swift/pull/3589&gt;<br>&gt;&gt; <br>&gt;&gt; Mark<br>&gt;&gt; <br>&gt;&gt;&gt; _______________________________________________<br>&gt;&gt;&gt; swift-dev mailing list<br>&gt;&gt;&gt; swift-dev at swift.org &lt;mailto:swift-dev at swift.org&gt;<br>&gt;&gt;&gt; https://lists.swift.org/mailman/listinfo/swift-dev &lt;https://lists.swift.org/mailman/listinfo/swift-dev&gt;<br>&gt; _______________________________________________<br>&gt; swift-dev mailing list<br>&gt; swift-dev at swift.org<br>&gt; https://lists.swift.org/mailman/listinfo/swift-dev<br></p><p>-------------- next part --------------<br>An HTML attachment was scrubbed...<br>URL: &lt;https://lists.swift.org/pipermail/swift-dev/attachments/20160718/546c8675/attachment.html&gt;<br></p></div></li></ul></li></ul></li></ul></li></ul></div>    </main>
    <script src="/js/app-c283ee129de63ad743722e9511e67a5d.js"></script>
  </body>
  <footer>
    <p>Swift and the Swift logo are trademarks of Apple Inc.</p>
  </footer>
</html>
