<!DOCTYPE html>
<html lang="en">
  <head>
    <meta charset="utf-8">
    <meta http-equiv="X-UA-Compatible" content="IE=edge">
    <meta name="viewport" content="width=device-width, initial-scale=1">
    <meta name="description" content="">
    <meta name="author" content="">

    <title>Swift Mailing List Archive</title>
    <link rel="stylesheet" href="/css/app-13f065ae5e595562a5022c544e3b976c.css?vsn=d">
  </head>

  <body>
    <div class="container">
      <header class="header">
        <img src="/images/swift-d0237fc716ba0932a940049990beba1b.svg?vsn=d" height="70">
      </header>

      <p class="alert alert-info" role="alert"></p>
      <p class="alert alert-danger" role="alert"></p>

    </div> <!-- /container -->
    <main role="main">
<div class="comment-wrapper"><ul class="comments"><li class="comment"><div class="avatar"><img src="https://www.gravatar.com/avatar/a838c63b9093a77fb88231d65effa3b3?s=50"></div><header><strong>snapshot build breakage</strong> from <string>Drew Crawford</string> &lt;drew at sealedabstract.com&gt;<p>January 26, 2016 at 12:00:00pm</p></header><div class="content"><p>I&#39;m attempting to compile the latest snapshot from source and it seems to fail at the last step:<br></p><p>Command 4: &quot;/swift-dev/build/buildbot_linux/none-swift_package_sandbox/usr/bin/swift&quot; &quot;build&quot; &quot;--chdir&quot; &quot;/tmp/swift-package-tests/test-xctest-package/Output/test-xctest-package.py.tmp.dir/tool&quot; &quot;-v&quot;<br>Command 4 Result: 1<br>Command 4 Output:<br>None<br></p><p>Command 4 Stderr:<br>/tmp/swift-package-tests/test-xctest-package/Output/test-xctest-package.py.tmp.dir/tool/main.swift:3:7: error: type &#39;MyXCTest&#39; does not conform to protocol &#39;XCTestCaseProvider&#39;<br>class MyXCTest : XCTestCase {<br>      ^<br>XCTest.XCTestCaseProvider:2:16: note: protocol requires property &#39;allTests&#39; with type &#39;[(String, () -&gt; Void)]&#39;<br>    public var allTests: [(String, () -&gt; Void)] { get }<br>               ^<br>/tmp/swift-package-tests/test-xctest-package/Output/test-xctest-package.py.tmp.dir/tool/main.swift:4:9: note: candidate has non-matching type &#39;[(String, () throws -&gt; ())]&#39;<br>    var allTests : [(String, () throws -&gt; ())] {<br>        ^<br>&lt;unknown&gt;:0: error: build had 1 command failures<br>swift-build: error: exit(1): [&quot;/swift-dev/build/buildbot_linux/none-swift_package_sandbox/usr/bin/swift-build-tool&quot;, &quot;-v&quot;, &quot;-f&quot;, &quot;/tmp/swift-package-tests/test-xctest-package/Output/test-xctest-package.py.tmp.dir/tool/.build/debug/tool.o/llbuild.yaml&quot;]<br></p><p><br></p><p><br>--<br></p><p>********************<br>Testing: 0 .. 10.. 20.. 30.. 40.. 50.. 60.. 70.. 80.. 90..<br>Testing Time: 9.85s<br>********************<br>Failing Tests (1):<br>    swift-package-tests :: test-xctest-package/test-xctest-package.py<br></p><p>  Expected Passes    : 10<br>  Unsupported Tests  : 5<br>  Unexpected Failures: 1<br>./utils/build-script: command terminated with a non-zero exit status 1, aborting<br>./utils/build-script: using preset &#39;buildbot_linux&#39;, which expands to ./utils/build-script --assertions --no-swift-stdlib-assertions --llbuild --swiftpm --xctest --build-subdir=buildbot_linux --lldb --release --test --validation-test --foundation -- --swift-enable-ast-verifier=0 --install-swift --install-lldb --install-llbuild --install-swiftpm --install-xctest --install-prefix=/usr &#39;--swift-install-components=compiler;clang-builtin-headers;stdlib;sdk-overlay;license&#39; --build-swift-static-stdlib=1 --skip-test-lldb=1 --test-installable-package=1 --install-destdir=/tmp/install --installable-package=/tmp/swift.tar.gz --install-foundation --reconfigure<br>./utils/build-script: command terminated with a non-zero exit status 1, aborting<br>-------------- next part --------------<br>An HTML attachment was scrubbed...<br>URL: &lt;https://lists.swift.org/pipermail/swift-dev/attachments/20160126/3e9214bd/attachment.html&gt;<br></p></div><ul class="comments"><li class="comment"><div class="avatar"><img src="https://www.gravatar.com/avatar/dbc48a135881e122fea26cf27760d11a?s=50"></div><header><strong>snapshot build breakage</strong> from <string>Mish Awadah</string> &lt;mawadah at apple.com&gt;<p>January 26, 2016 at 11:00:00am</p></header><div class="content"><p>Hmm, strange. This does not reproduce for us. <br></p><p>What branch are you building? How old is your build directory? What command are you using to create this package?<br></p><p>- mish<br></p><p>&gt; On Jan 26, 2016, at 10:20 AM, Drew Crawford via swift-dev &lt;swift-dev at swift.org&gt; wrote:<br>&gt; <br>&gt; I&#39;m attempting to compile the latest snapshot from source and it seems to fail at the last step:<br>&gt; <br>&gt; Command 4: &quot;/swift-dev/build/buildbot_linux/none-swift_package_sandbox/usr/bin/swift&quot; &quot;build&quot; &quot;--chdir&quot; &quot;/tmp/swift-package-tests/test-xctest-package/Output/test-xctest-package.py.tmp.dir/tool&quot; &quot;-v&quot;<br>&gt; Command 4 Result: 1<br>&gt; Command 4 Output:<br>&gt; None<br>&gt; <br>&gt; Command 4 Stderr:<br>&gt; /tmp/swift-package-tests/test-xctest-package/Output/test-xctest-package.py.tmp.dir/tool/main.swift:3:7: error: type &#39;MyXCTest&#39; does not conform to protocol &#39;XCTestCaseProvider&#39;<br>&gt; class MyXCTest : XCTestCase {<br>&gt;       ^<br>&gt; XCTest.XCTestCaseProvider:2:16: note: protocol requires property &#39;allTests&#39; with type &#39;[(String, () -&gt; Void)]&#39;<br>&gt;     public var allTests: [(String, () -&gt; Void)] { get }<br>&gt;                ^<br>&gt; /tmp/swift-package-tests/test-xctest-package/Output/test-xctest-package.py.tmp.dir/tool/main.swift:4:9: note: candidate has non-matching type &#39;[(String, () throws -&gt; ())]&#39;<br>&gt;     var allTests : [(String, () throws -&gt; ())] {<br>&gt;         ^<br>&gt; &lt;unknown&gt;:0: error: build had 1 command failures<br>&gt; swift-build: error: exit(1): [&quot;/swift-dev/build/buildbot_linux/none-swift_package_sandbox/usr/bin/swift-build-tool&quot;, &quot;-v&quot;, &quot;-f&quot;, &quot;/tmp/swift-package-tests/test-xctest-package/Output/test-xctest-package.py.tmp.dir/tool/.build/debug/tool.o/llbuild.yaml&quot;]<br>&gt; <br>&gt; <br>&gt; <br>&gt; <br>&gt; --<br>&gt; <br>&gt; ********************<br>&gt; Testing: 0 .. 10.. 20.. 30.. 40.. 50.. 60.. 70.. 80.. 90..<br>&gt; Testing Time: 9.85s<br>&gt; ********************<br>&gt; Failing Tests (1):<br>&gt;     swift-package-tests :: test-xctest-package/test-xctest-package.py<br>&gt; <br>&gt;   Expected Passes    : 10<br>&gt;   Unsupported Tests  : 5<br>&gt;   Unexpected Failures: 1<br>&gt; ./utils/build-script: command terminated with a non-zero exit status 1, aborting<br>&gt; ./utils/build-script: using preset &#39;buildbot_linux&#39;, which expands to ./utils/build-script --assertions --no-swift-stdlib-assertions --llbuild --swiftpm --xctest --build-subdir=buildbot_linux --lldb --release --test --validation-test --foundation -- --swift-enable-ast-verifier=0 --install-swift --install-lldb --install-llbuild --install-swiftpm --install-xctest --install-prefix=/usr &#39;--swift-install-components=compiler;clang-builtin-headers;stdlib;sdk-overlay;license&#39; --build-swift-static-stdlib=1 --skip-test-lldb=1 --test-installable-package=1 --install-destdir=/tmp/install --installable-package=/tmp/swift.tar.gz --install-foundation --reconfigure<br>&gt; ./utils/build-script: command terminated with a non-zero exit status 1, aborting<br>&gt; _______________________________________________<br>&gt; swift-dev mailing list<br>&gt; swift-dev at swift.org<br>&gt; https://lists.swift.org/mailman/listinfo/swift-dev<br></p><p>-------------- next part --------------<br>An HTML attachment was scrubbed...<br>URL: &lt;https://lists.swift.org/pipermail/swift-dev/attachments/20160126/23abf548/attachment.html&gt;<br></p></div></li></ul></li></ul></div>    </main>
    <script src="/js/app-c283ee129de63ad743722e9511e67a5d.js?vsn=d"></script>
  </body>
  <footer>
    <p>Swift and the Swift logo are trademarks of Apple Inc.</p>
  </footer>
</html>
