<!DOCTYPE html>
<html lang="en">
  <head>
    <meta charset="utf-8">
    <meta http-equiv="X-UA-Compatible" content="IE=edge">
    <meta name="viewport" content="width=device-width, initial-scale=1">
    <meta name="description" content="">
    <meta name="author" content="">

    <title>Swift Mailing List Archive</title>
    <link rel="stylesheet" href="/css/app-13f065ae5e595562a5022c544e3b976c.css">
  </head>

  <body>
    <div class="container">
      <header class="header">
        <img src="/images/swift-d0237fc716ba0932a940049990beba1b.svg" height="70">
      </header>

      <p class="alert alert-info" role="alert"></p>
      <p class="alert alert-danger" role="alert"></p>

    </div> <!-- /container -->
    <main role="main">
<div class="comment-wrapper"><ul class="comments"><li class="comment"><div class="avatar"><img src="https://www.gravatar.com/avatar/6451ee8093c9cedc94f6c813b4dde2c5?s=50"></div><header><strong>Current master is failing on 3 tests</strong> from <string>Kevin Ballard</string> &lt;kevin at sb.org&gt;<p>December 31, 2015 at 10:00:00am</p></header><div class="content"><p>Running tests on current master fails on 3 tests every time. I already checked to make sure I&#39;m fully up-to-date. They reproduce with just `build-script -t`.<br></p><p>FAIL: Swift-Unit :: Basic/SwiftBasicTests/Compression.FlatEncoding (2266 of 2451)<br>******************** TEST &#39;Swift-Unit :: Basic/SwiftBasicTests/Compression.FlatEncoding&#39; FAILED ********************<br>Note: Google Test filter = Compression.FlatEncoding<br>[==========] Running 1 test from 1 test case.<br>[----------] Global test environment set-up.<br>[----------] 1 test from Compression<br>[ RUN      ] Compression.FlatEncoding<br>Assertion failed: (LHS.BitWidth == RHS.BitWidth &amp;&amp; &quot;Bit widths must be the same&quot;), function udivrem, file /Users/kevin/Dev/Swift/Apple/llvm/lib/Support/APInt.cpp, line 1937.<br>0  SwiftBasicTests          0x000000010648094b llvm::sys::PrintStackTrace(llvm::raw_ostream&amp;) + 43<br>1  SwiftBasicTests          0x000000010647fba6 llvm::sys::RunSignalHandlers() + 70<br>2  SwiftBasicTests          0x000000010648116f SignalHandler(int) + 575<br>3  libsystem_platform.dylib 0x00007fff97a9feaa _sigtramp + 26<br>4  libsystem_platform.dylib 000000000000000000 _sigtramp + 1750466928<br>5  SwiftBasicTests          0x0000000106480e86 abort + 22<br>6  SwiftBasicTests          0x0000000106480e61 __assert_rtn + 81<br>7  SwiftBasicTests          0x000000010643e9f8 llvm::APInt::udivrem(llvm::APInt const&amp;, llvm::APInt const&amp;, llvm::APInt&amp;, llvm::APInt&amp;) + 2504<br>8  SwiftBasicTests          0x00000001065308e6 DecodeFixedWidth(llvm::APInt&amp;) + 230<br>9  SwiftBasicTests          0x0000000106530795 swift::Compress::DecodeStringFromNumber(llvm::APInt const&amp;, swift::Compress::EncodingKind) + 341<br>10 SwiftBasicTests          0x00000001063b77d7 Compression_FlatEncoding_Test::TestBody() + 167<br>11 SwiftBasicTests          0x0000000106415291 testing::Test::Run() + 801<br>12 SwiftBasicTests          0x0000000106416ac0 testing::TestInfo::Run() + 848<br>13 SwiftBasicTests          0x00000001064171e3 testing::TestCase::Run() + 483<br>14 SwiftBasicTests          0x0000000106420029 testing::internal::UnitTestImpl::RunAllTests() + 1353<br>15 SwiftBasicTests          0x000000010641faca testing::UnitTest::Run() + 106<br>16 SwiftBasicTests          0x0000000106436bc6 main + 70<br>17 libdyld.dylib            0x00007fff8ad685ad start + 1<br>18 libdyld.dylib            0x0000000000000002 start + 1965652566<br></p><p>********************<br>FAIL: Swift-Unit :: Basic/SwiftBasicTests/Compression.FullCompression (2267 of 2451)<br>******************** TEST &#39;Swift-Unit :: Basic/SwiftBasicTests/Compression.FullCompression&#39; FAILED ********************<br>Note: Google Test filter = Compression.FullCompression<br>[==========] Running 1 test from 1 test case.<br>[----------] Global test environment set-up.<br>[----------] 1 test from Compression<br>[ RUN      ] Compression.FullCompression<br>Assertion failed: (LHS.BitWidth == RHS.BitWidth &amp;&amp; &quot;Bit widths must be the same&quot;), function udivrem, file /Users/kevin/Dev/Swift/Apple/llvm/lib/Support/APInt.cpp, line 1937.<br>0  SwiftBasicTests          0x000000010296394b llvm::sys::PrintStackTrace(llvm::raw_ostream&amp;) + 43<br>1  SwiftBasicTests          0x0000000102962ba6 llvm::sys::RunSignalHandlers() + 70<br>2  SwiftBasicTests          0x000000010296416f SignalHandler(int) + 575<br>3  libsystem_platform.dylib 0x00007fff97a9feaa _sigtramp + 26<br>4  libsystem_platform.dylib 0x00007fb682c0f880 _sigtramp + 3944151536<br>5  SwiftBasicTests          0x0000000102963e86 abort + 22<br>6  SwiftBasicTests          0x0000000102963e61 __assert_rtn + 81<br>7  SwiftBasicTests          0x00000001029219f8 llvm::APInt::udivrem(llvm::APInt const&amp;, llvm::APInt const&amp;, llvm::APInt&amp;, llvm::APInt&amp;) + 2504<br>8  SwiftBasicTests          0x0000000102a138e6 DecodeFixedWidth(llvm::APInt&amp;) + 230<br>9  SwiftBasicTests          0x0000000102a13795 swift::Compress::DecodeStringFromNumber(llvm::APInt const&amp;, swift::Compress::EncodingKind) + 341<br>10 SwiftBasicTests          0x0000000102a13c0e swift::Compress::CompressName(llvm::StringRef) + 686<br>11 SwiftBasicTests          0x000000010289b69a Compression_FullCompression_Test::TestBody() + 138<br>12 SwiftBasicTests          0x00000001028f8291 testing::Test::Run() + 801<br>13 SwiftBasicTests          0x00000001028f9ac0 testing::TestInfo::Run() + 848<br>14 SwiftBasicTests          0x00000001028fa1e3 testing::TestCase::Run() + 483<br>15 SwiftBasicTests          0x0000000102903029 testing::internal::UnitTestImpl::RunAllTests() + 1353<br>16 SwiftBasicTests          0x0000000102902aca testing::UnitTest::Run() + 106<br>17 SwiftBasicTests          0x0000000102919bc6 main + 70<br>18 libdyld.dylib            0x00007fff8ad685ad start + 1<br>19 libdyld.dylib            0x0000000000000002 start + 1965652566<br></p><p>********************<br>FAIL: Swift-Unit :: Basic/SwiftBasicTests/Compression.VariableLength (2270 of 2451)<br>******************** TEST &#39;Swift-Unit :: Basic/SwiftBasicTests/Compression.VariableLength&#39; FAILED ********************<br>Note: Google Test filter = Compression.VariableLength<br>[==========] Running 1 test from 1 test case.<br>[----------] Global test environment set-up.<br>[----------] 1 test from Compression<br>[ RUN      ] Compression.VariableLength<br>Assertion failed: (LHS.BitWidth == RHS.BitWidth &amp;&amp; &quot;Bit widths must be the same&quot;), function udivrem, file /Users/kevin/Dev/Swift/Apple/llvm/lib/Support/APInt.cpp, line 1937.<br>0  SwiftBasicTests          0x0000000103f2c94b llvm::sys::PrintStackTrace(llvm::raw_ostream&amp;) + 43<br>1  SwiftBasicTests          0x0000000103f2bba6 llvm::sys::RunSignalHandlers() + 70<br>2  SwiftBasicTests          0x0000000103f2d16f SignalHandler(int) + 575<br>3  libsystem_platform.dylib 0x00007fff97a9feaa _sigtramp + 26<br>4  libsystem_platform.dylib 0x0000ffff00001f80 _sigtramp + 1750474992<br>5  SwiftBasicTests          0x0000000103f2ce86 abort + 22<br>6  SwiftBasicTests          0x0000000103f2ce61 __assert_rtn + 81<br>7  SwiftBasicTests          0x0000000103eea9f8 llvm::APInt::udivrem(llvm::APInt const&amp;, llvm::APInt const&amp;, llvm::APInt&amp;, llvm::APInt&amp;) + 2504<br>8  SwiftBasicTests          0x0000000103fdc8e6 DecodeFixedWidth(llvm::APInt&amp;) + 230<br>9  SwiftBasicTests          0x0000000103fdc795 swift::Compress::DecodeStringFromNumber(llvm::APInt const&amp;, swift::Compress::EncodingKind) + 341<br>10 SwiftBasicTests          0x0000000103e63e44 Compression_VariableLength_Test::TestBody() + 164<br>11 SwiftBasicTests          0x0000000103ec1291 testing::Test::Run() + 801<br>12 SwiftBasicTests          0x0000000103ec2ac0 testing::TestInfo::Run() + 848<br>13 SwiftBasicTests          0x0000000103ec31e3 testing::TestCase::Run() + 483<br>14 SwiftBasicTests          0x0000000103ecc029 testing::internal::UnitTestImpl::RunAllTests() + 1353<br>15 SwiftBasicTests          0x0000000103ecbaca testing::UnitTest::Run() + 106<br>16 SwiftBasicTests          0x0000000103ee2bc6 main + 70<br>17 libdyld.dylib            0x00007fff8ad685ad start + 1<br>18 libdyld.dylib            0x0000000000000002 start + 1965652566<br></p><p>********************<br>Testing Time: 358.38s<br>********************<br>Failing Tests (3):<br>    Swift-Unit :: Basic/SwiftBasicTests/Compression.FlatEncoding<br>    Swift-Unit :: Basic/SwiftBasicTests/Compression.FullCompression<br>    Swift-Unit :: Basic/SwiftBasicTests/Compression.VariableLength<br></p><p>  Expected Passes    : 2408<br>  Expected Failures  : 5<br>  Unsupported Tests  : 35<br>  Unexpected Failures: 3<br>*** Failed while running tests for swift (check-swift-macosx-x86_64)<br></p><p>-Kevin Ballard<br></p></div><ul class="comments"><li class="comment"><div class="avatar"><img src="https://www.gravatar.com/avatar/969b04d28c02f951ccc03f615b9a92b3?s=50"></div><header><strong>Current master is failing on 3 tests</strong> from <string>Dmitri Gribenko</string> &lt;gribozavr at gmail.com&gt;<p>December 31, 2015 at 09:00:00pm</p></header><div class="content"><p>+Nadav who committed these tests in 25832d39b22eb30370e7f1dc855e4919590f528f.<br></p><p>On Thu, Dec 31, 2015 at 8:51 PM, Kevin Ballard via swift-dev<br>&lt;swift-dev at swift.org&gt; wrote:<br>&gt; Running tests on current master fails on 3 tests every time. I already checked to make sure I&#39;m fully up-to-date. They reproduce with just `build-script -t`.<br>&gt;<br>&gt; FAIL: Swift-Unit :: Basic/SwiftBasicTests/Compression.FlatEncoding (2266 of 2451)<br>&gt; ******************** TEST &#39;Swift-Unit :: Basic/SwiftBasicTests/Compression.FlatEncoding&#39; FAILED ********************<br>&gt; Note: Google Test filter = Compression.FlatEncoding<br>&gt; [==========] Running 1 test from 1 test case.<br>&gt; [----------] Global test environment set-up.<br>&gt; [----------] 1 test from Compression<br>&gt; [ RUN      ] Compression.FlatEncoding<br>&gt; Assertion failed: (LHS.BitWidth == RHS.BitWidth &amp;&amp; &quot;Bit widths must be the same&quot;), function udivrem, file /Users/kevin/Dev/Swift/Apple/llvm/lib/Support/APInt.cpp, line 1937.<br>&gt; 0  SwiftBasicTests          0x000000010648094b llvm::sys::PrintStackTrace(llvm::raw_ostream&amp;) + 43<br>&gt; 1  SwiftBasicTests          0x000000010647fba6 llvm::sys::RunSignalHandlers() + 70<br>&gt; 2  SwiftBasicTests          0x000000010648116f SignalHandler(int) + 575<br>&gt; 3  libsystem_platform.dylib 0x00007fff97a9feaa _sigtramp + 26<br>&gt; 4  libsystem_platform.dylib 000000000000000000 _sigtramp + 1750466928<br>&gt; 5  SwiftBasicTests          0x0000000106480e86 abort + 22<br>&gt; 6  SwiftBasicTests          0x0000000106480e61 __assert_rtn + 81<br>&gt; 7  SwiftBasicTests          0x000000010643e9f8 llvm::APInt::udivrem(llvm::APInt const&amp;, llvm::APInt const&amp;, llvm::APInt&amp;, llvm::APInt&amp;) + 2504<br>&gt; 8  SwiftBasicTests          0x00000001065308e6 DecodeFixedWidth(llvm::APInt&amp;) + 230<br>&gt; 9  SwiftBasicTests          0x0000000106530795 swift::Compress::DecodeStringFromNumber(llvm::APInt const&amp;, swift::Compress::EncodingKind) + 341<br>&gt; 10 SwiftBasicTests          0x00000001063b77d7 Compression_FlatEncoding_Test::TestBody() + 167<br>&gt; 11 SwiftBasicTests          0x0000000106415291 testing::Test::Run() + 801<br>&gt; 12 SwiftBasicTests          0x0000000106416ac0 testing::TestInfo::Run() + 848<br>&gt; 13 SwiftBasicTests          0x00000001064171e3 testing::TestCase::Run() + 483<br>&gt; 14 SwiftBasicTests          0x0000000106420029 testing::internal::UnitTestImpl::RunAllTests() + 1353<br>&gt; 15 SwiftBasicTests          0x000000010641faca testing::UnitTest::Run() + 106<br>&gt; 16 SwiftBasicTests          0x0000000106436bc6 main + 70<br>&gt; 17 libdyld.dylib            0x00007fff8ad685ad start + 1<br>&gt; 18 libdyld.dylib            0x0000000000000002 start + 1965652566<br>&gt;<br>&gt; ********************<br>&gt; FAIL: Swift-Unit :: Basic/SwiftBasicTests/Compression.FullCompression (2267 of 2451)<br>&gt; ******************** TEST &#39;Swift-Unit :: Basic/SwiftBasicTests/Compression.FullCompression&#39; FAILED ********************<br>&gt; Note: Google Test filter = Compression.FullCompression<br>&gt; [==========] Running 1 test from 1 test case.<br>&gt; [----------] Global test environment set-up.<br>&gt; [----------] 1 test from Compression<br>&gt; [ RUN      ] Compression.FullCompression<br>&gt; Assertion failed: (LHS.BitWidth == RHS.BitWidth &amp;&amp; &quot;Bit widths must be the same&quot;), function udivrem, file /Users/kevin/Dev/Swift/Apple/llvm/lib/Support/APInt.cpp, line 1937.<br>&gt; 0  SwiftBasicTests          0x000000010296394b llvm::sys::PrintStackTrace(llvm::raw_ostream&amp;) + 43<br>&gt; 1  SwiftBasicTests          0x0000000102962ba6 llvm::sys::RunSignalHandlers() + 70<br>&gt; 2  SwiftBasicTests          0x000000010296416f SignalHandler(int) + 575<br>&gt; 3  libsystem_platform.dylib 0x00007fff97a9feaa _sigtramp + 26<br>&gt; 4  libsystem_platform.dylib 0x00007fb682c0f880 _sigtramp + 3944151536<br>&gt; 5  SwiftBasicTests          0x0000000102963e86 abort + 22<br>&gt; 6  SwiftBasicTests          0x0000000102963e61 __assert_rtn + 81<br>&gt; 7  SwiftBasicTests          0x00000001029219f8 llvm::APInt::udivrem(llvm::APInt const&amp;, llvm::APInt const&amp;, llvm::APInt&amp;, llvm::APInt&amp;) + 2504<br>&gt; 8  SwiftBasicTests          0x0000000102a138e6 DecodeFixedWidth(llvm::APInt&amp;) + 230<br>&gt; 9  SwiftBasicTests          0x0000000102a13795 swift::Compress::DecodeStringFromNumber(llvm::APInt const&amp;, swift::Compress::EncodingKind) + 341<br>&gt; 10 SwiftBasicTests          0x0000000102a13c0e swift::Compress::CompressName(llvm::StringRef) + 686<br>&gt; 11 SwiftBasicTests          0x000000010289b69a Compression_FullCompression_Test::TestBody() + 138<br>&gt; 12 SwiftBasicTests          0x00000001028f8291 testing::Test::Run() + 801<br>&gt; 13 SwiftBasicTests          0x00000001028f9ac0 testing::TestInfo::Run() + 848<br>&gt; 14 SwiftBasicTests          0x00000001028fa1e3 testing::TestCase::Run() + 483<br>&gt; 15 SwiftBasicTests          0x0000000102903029 testing::internal::UnitTestImpl::RunAllTests() + 1353<br>&gt; 16 SwiftBasicTests          0x0000000102902aca testing::UnitTest::Run() + 106<br>&gt; 17 SwiftBasicTests          0x0000000102919bc6 main + 70<br>&gt; 18 libdyld.dylib            0x00007fff8ad685ad start + 1<br>&gt; 19 libdyld.dylib            0x0000000000000002 start + 1965652566<br>&gt;<br>&gt; ********************<br>&gt; FAIL: Swift-Unit :: Basic/SwiftBasicTests/Compression.VariableLength (2270 of 2451)<br>&gt; ******************** TEST &#39;Swift-Unit :: Basic/SwiftBasicTests/Compression.VariableLength&#39; FAILED ********************<br>&gt; Note: Google Test filter = Compression.VariableLength<br>&gt; [==========] Running 1 test from 1 test case.<br>&gt; [----------] Global test environment set-up.<br>&gt; [----------] 1 test from Compression<br>&gt; [ RUN      ] Compression.VariableLength<br>&gt; Assertion failed: (LHS.BitWidth == RHS.BitWidth &amp;&amp; &quot;Bit widths must be the same&quot;), function udivrem, file /Users/kevin/Dev/Swift/Apple/llvm/lib/Support/APInt.cpp, line 1937.<br>&gt; 0  SwiftBasicTests          0x0000000103f2c94b llvm::sys::PrintStackTrace(llvm::raw_ostream&amp;) + 43<br>&gt; 1  SwiftBasicTests          0x0000000103f2bba6 llvm::sys::RunSignalHandlers() + 70<br>&gt; 2  SwiftBasicTests          0x0000000103f2d16f SignalHandler(int) + 575<br>&gt; 3  libsystem_platform.dylib 0x00007fff97a9feaa _sigtramp + 26<br>&gt; 4  libsystem_platform.dylib 0x0000ffff00001f80 _sigtramp + 1750474992<br>&gt; 5  SwiftBasicTests          0x0000000103f2ce86 abort + 22<br>&gt; 6  SwiftBasicTests          0x0000000103f2ce61 __assert_rtn + 81<br>&gt; 7  SwiftBasicTests          0x0000000103eea9f8 llvm::APInt::udivrem(llvm::APInt const&amp;, llvm::APInt const&amp;, llvm::APInt&amp;, llvm::APInt&amp;) + 2504<br>&gt; 8  SwiftBasicTests          0x0000000103fdc8e6 DecodeFixedWidth(llvm::APInt&amp;) + 230<br>&gt; 9  SwiftBasicTests          0x0000000103fdc795 swift::Compress::DecodeStringFromNumber(llvm::APInt const&amp;, swift::Compress::EncodingKind) + 341<br>&gt; 10 SwiftBasicTests          0x0000000103e63e44 Compression_VariableLength_Test::TestBody() + 164<br>&gt; 11 SwiftBasicTests          0x0000000103ec1291 testing::Test::Run() + 801<br>&gt; 12 SwiftBasicTests          0x0000000103ec2ac0 testing::TestInfo::Run() + 848<br>&gt; 13 SwiftBasicTests          0x0000000103ec31e3 testing::TestCase::Run() + 483<br>&gt; 14 SwiftBasicTests          0x0000000103ecc029 testing::internal::UnitTestImpl::RunAllTests() + 1353<br>&gt; 15 SwiftBasicTests          0x0000000103ecbaca testing::UnitTest::Run() + 106<br>&gt; 16 SwiftBasicTests          0x0000000103ee2bc6 main + 70<br>&gt; 17 libdyld.dylib            0x00007fff8ad685ad start + 1<br>&gt; 18 libdyld.dylib            0x0000000000000002 start + 1965652566<br>&gt;<br>&gt; ********************<br>&gt; Testing Time: 358.38s<br>&gt; ********************<br>&gt; Failing Tests (3):<br>&gt;     Swift-Unit :: Basic/SwiftBasicTests/Compression.FlatEncoding<br>&gt;     Swift-Unit :: Basic/SwiftBasicTests/Compression.FullCompression<br>&gt;     Swift-Unit :: Basic/SwiftBasicTests/Compression.VariableLength<br>&gt;<br>&gt;   Expected Passes    : 2408<br>&gt;   Expected Failures  : 5<br>&gt;   Unsupported Tests  : 35<br>&gt;   Unexpected Failures: 3<br>&gt; *** Failed while running tests for swift (check-swift-macosx-x86_64)<br>&gt;<br>&gt; -Kevin Ballard<br>&gt; _______________________________________________<br>&gt; swift-dev mailing list<br>&gt; swift-dev at swift.org<br>&gt; https://lists.swift.org/mailman/listinfo/swift-dev<br></p><p><br></p><p>-- <br>main(i,j){for(i=2;;i++){for(j=2;j&lt;i;j++){if(!(i%j)){j=0;break;}}if<br>(j){printf(&quot;%d\n&quot;,i);}}} /*Dmitri Gribenko &lt;gribozavr at gmail.com&gt;*/<br></p></div><ul class="comments"><li class="comment"><div class="avatar"><img src="https://www.gravatar.com/avatar/18c60397fcda8f42900d42ba4db4f029?s=50"></div><header><strong>Current master is failing on 3 tests</strong> from <string>Nadav Rotem</string> &lt;nrotem at apple.com&gt;<p>December 31, 2015 at 12:00:00pm</p></header><div class="content"><p>Yes, I introduced the failing tests (and the bug) a few hours ago. Sorry. It looks like the bug is in the call to APInt::divrem()  with mismatch bitwidth APInts. I am currently away from my computer. Feel free to comment out the tests and I&#39;ll fix the problem in a few hours. <br></p><p><br></p><p>Sent from my iPhone<br></p><p>&gt; On Dec 31, 2015, at 11:34, Dmitri Gribenko &lt;gribozavr at gmail.com&gt; wrote:<br>&gt; <br>&gt; +Nadav who committed these tests in 25832d39b22eb30370e7f1dc855e4919590f528f.<br>&gt; <br>&gt; On Thu, Dec 31, 2015 at 8:51 PM, Kevin Ballard via swift-dev<br>&gt; &lt;swift-dev at swift.org&gt; wrote:<br>&gt;&gt; Running tests on current master fails on 3 tests every time. I already checked to make sure I&#39;m fully up-to-date. They reproduce with just `build-script -t`.<br>&gt;&gt; <br>&gt;&gt; FAIL: Swift-Unit :: Basic/SwiftBasicTests/Compression.FlatEncoding (2266 of 2451)<br>&gt;&gt; ******************** TEST &#39;Swift-Unit :: Basic/SwiftBasicTests/Compression.FlatEncoding&#39; FAILED ********************<br>&gt;&gt; Note: Google Test filter = Compression.FlatEncoding<br>&gt;&gt; [==========] Running 1 test from 1 test case.<br>&gt;&gt; [----------] Global test environment set-up.<br>&gt;&gt; [----------] 1 test from Compression<br>&gt;&gt; [ RUN      ] Compression.FlatEncoding<br>&gt;&gt; Assertion failed: (LHS.BitWidth == RHS.BitWidth &amp;&amp; &quot;Bit widths must be the same&quot;), function udivrem, file /Users/kevin/Dev/Swift/Apple/llvm/lib/Support/APInt.cpp, line 1937.<br>&gt;&gt; 0  SwiftBasicTests          0x000000010648094b llvm::sys::PrintStackTrace(llvm::raw_ostream&amp;) + 43<br>&gt;&gt; 1  SwiftBasicTests          0x000000010647fba6 llvm::sys::RunSignalHandlers() + 70<br>&gt;&gt; 2  SwiftBasicTests          0x000000010648116f SignalHandler(int) + 575<br>&gt;&gt; 3  libsystem_platform.dylib 0x00007fff97a9feaa _sigtramp + 26<br>&gt;&gt; 4  libsystem_platform.dylib 000000000000000000 _sigtramp + 1750466928<br>&gt;&gt; 5  SwiftBasicTests          0x0000000106480e86 abort + 22<br>&gt;&gt; 6  SwiftBasicTests          0x0000000106480e61 __assert_rtn + 81<br>&gt;&gt; 7  SwiftBasicTests          0x000000010643e9f8 llvm::APInt::udivrem(llvm::APInt const&amp;, llvm::APInt const&amp;, llvm::APInt&amp;, llvm::APInt&amp;) + 2504<br>&gt;&gt; 8  SwiftBasicTests          0x00000001065308e6 DecodeFixedWidth(llvm::APInt&amp;) + 230<br>&gt;&gt; 9  SwiftBasicTests          0x0000000106530795 swift::Compress::DecodeStringFromNumber(llvm::APInt const&amp;, swift::Compress::EncodingKind) + 341<br>&gt;&gt; 10 SwiftBasicTests          0x00000001063b77d7 Compression_FlatEncoding_Test::TestBody() + 167<br>&gt;&gt; 11 SwiftBasicTests          0x0000000106415291 testing::Test::Run() + 801<br>&gt;&gt; 12 SwiftBasicTests          0x0000000106416ac0 testing::TestInfo::Run() + 848<br>&gt;&gt; 13 SwiftBasicTests          0x00000001064171e3 testing::TestCase::Run() + 483<br>&gt;&gt; 14 SwiftBasicTests          0x0000000106420029 testing::internal::UnitTestImpl::RunAllTests() + 1353<br>&gt;&gt; 15 SwiftBasicTests          0x000000010641faca testing::UnitTest::Run() + 106<br>&gt;&gt; 16 SwiftBasicTests          0x0000000106436bc6 main + 70<br>&gt;&gt; 17 libdyld.dylib            0x00007fff8ad685ad start + 1<br>&gt;&gt; 18 libdyld.dylib            0x0000000000000002 start + 1965652566<br>&gt;&gt; <br>&gt;&gt; ********************<br>&gt;&gt; FAIL: Swift-Unit :: Basic/SwiftBasicTests/Compression.FullCompression (2267 of 2451)<br>&gt;&gt; ******************** TEST &#39;Swift-Unit :: Basic/SwiftBasicTests/Compression.FullCompression&#39; FAILED ********************<br>&gt;&gt; Note: Google Test filter = Compression.FullCompression<br>&gt;&gt; [==========] Running 1 test from 1 test case.<br>&gt;&gt; [----------] Global test environment set-up.<br>&gt;&gt; [----------] 1 test from Compression<br>&gt;&gt; [ RUN      ] Compression.FullCompression<br>&gt;&gt; Assertion failed: (LHS.BitWidth == RHS.BitWidth &amp;&amp; &quot;Bit widths must be the same&quot;), function udivrem, file /Users/kevin/Dev/Swift/Apple/llvm/lib/Support/APInt.cpp, line 1937.<br>&gt;&gt; 0  SwiftBasicTests          0x000000010296394b llvm::sys::PrintStackTrace(llvm::raw_ostream&amp;) + 43<br>&gt;&gt; 1  SwiftBasicTests          0x0000000102962ba6 llvm::sys::RunSignalHandlers() + 70<br>&gt;&gt; 2  SwiftBasicTests          0x000000010296416f SignalHandler(int) + 575<br>&gt;&gt; 3  libsystem_platform.dylib 0x00007fff97a9feaa _sigtramp + 26<br>&gt;&gt; 4  libsystem_platform.dylib 0x00007fb682c0f880 _sigtramp + 3944151536<br>&gt;&gt; 5  SwiftBasicTests          0x0000000102963e86 abort + 22<br>&gt;&gt; 6  SwiftBasicTests          0x0000000102963e61 __assert_rtn + 81<br>&gt;&gt; 7  SwiftBasicTests          0x00000001029219f8 llvm::APInt::udivrem(llvm::APInt const&amp;, llvm::APInt const&amp;, llvm::APInt&amp;, llvm::APInt&amp;) + 2504<br>&gt;&gt; 8  SwiftBasicTests          0x0000000102a138e6 DecodeFixedWidth(llvm::APInt&amp;) + 230<br>&gt;&gt; 9  SwiftBasicTests          0x0000000102a13795 swift::Compress::DecodeStringFromNumber(llvm::APInt const&amp;, swift::Compress::EncodingKind) + 341<br>&gt;&gt; 10 SwiftBasicTests          0x0000000102a13c0e swift::Compress::CompressName(llvm::StringRef) + 686<br>&gt;&gt; 11 SwiftBasicTests          0x000000010289b69a Compression_FullCompression_Test::TestBody() + 138<br>&gt;&gt; 12 SwiftBasicTests          0x00000001028f8291 testing::Test::Run() + 801<br>&gt;&gt; 13 SwiftBasicTests          0x00000001028f9ac0 testing::TestInfo::Run() + 848<br>&gt;&gt; 14 SwiftBasicTests          0x00000001028fa1e3 testing::TestCase::Run() + 483<br>&gt;&gt; 15 SwiftBasicTests          0x0000000102903029 testing::internal::UnitTestImpl::RunAllTests() + 1353<br>&gt;&gt; 16 SwiftBasicTests          0x0000000102902aca testing::UnitTest::Run() + 106<br>&gt;&gt; 17 SwiftBasicTests          0x0000000102919bc6 main + 70<br>&gt;&gt; 18 libdyld.dylib            0x00007fff8ad685ad start + 1<br>&gt;&gt; 19 libdyld.dylib            0x0000000000000002 start + 1965652566<br>&gt;&gt; <br>&gt;&gt; ********************<br>&gt;&gt; FAIL: Swift-Unit :: Basic/SwiftBasicTests/Compression.VariableLength (2270 of 2451)<br>&gt;&gt; ******************** TEST &#39;Swift-Unit :: Basic/SwiftBasicTests/Compression.VariableLength&#39; FAILED ********************<br>&gt;&gt; Note: Google Test filter = Compression.VariableLength<br>&gt;&gt; [==========] Running 1 test from 1 test case.<br>&gt;&gt; [----------] Global test environment set-up.<br>&gt;&gt; [----------] 1 test from Compression<br>&gt;&gt; [ RUN      ] Compression.VariableLength<br>&gt;&gt; Assertion failed: (LHS.BitWidth == RHS.BitWidth &amp;&amp; &quot;Bit widths must be the same&quot;), function udivrem, file /Users/kevin/Dev/Swift/Apple/llvm/lib/Support/APInt.cpp, line 1937.<br>&gt;&gt; 0  SwiftBasicTests          0x0000000103f2c94b llvm::sys::PrintStackTrace(llvm::raw_ostream&amp;) + 43<br>&gt;&gt; 1  SwiftBasicTests          0x0000000103f2bba6 llvm::sys::RunSignalHandlers() + 70<br>&gt;&gt; 2  SwiftBasicTests          0x0000000103f2d16f SignalHandler(int) + 575<br>&gt;&gt; 3  libsystem_platform.dylib 0x00007fff97a9feaa _sigtramp + 26<br>&gt;&gt; 4  libsystem_platform.dylib 0x0000ffff00001f80 _sigtramp + 1750474992<br>&gt;&gt; 5  SwiftBasicTests          0x0000000103f2ce86 abort + 22<br>&gt;&gt; 6  SwiftBasicTests          0x0000000103f2ce61 __assert_rtn + 81<br>&gt;&gt; 7  SwiftBasicTests          0x0000000103eea9f8 llvm::APInt::udivrem(llvm::APInt const&amp;, llvm::APInt const&amp;, llvm::APInt&amp;, llvm::APInt&amp;) + 2504<br>&gt;&gt; 8  SwiftBasicTests          0x0000000103fdc8e6 DecodeFixedWidth(llvm::APInt&amp;) + 230<br>&gt;&gt; 9  SwiftBasicTests          0x0000000103fdc795 swift::Compress::DecodeStringFromNumber(llvm::APInt const&amp;, swift::Compress::EncodingKind) + 341<br>&gt;&gt; 10 SwiftBasicTests          0x0000000103e63e44 Compression_VariableLength_Test::TestBody() + 164<br>&gt;&gt; 11 SwiftBasicTests          0x0000000103ec1291 testing::Test::Run() + 801<br>&gt;&gt; 12 SwiftBasicTests          0x0000000103ec2ac0 testing::TestInfo::Run() + 848<br>&gt;&gt; 13 SwiftBasicTests          0x0000000103ec31e3 testing::TestCase::Run() + 483<br>&gt;&gt; 14 SwiftBasicTests          0x0000000103ecc029 testing::internal::UnitTestImpl::RunAllTests() + 1353<br>&gt;&gt; 15 SwiftBasicTests          0x0000000103ecbaca testing::UnitTest::Run() + 106<br>&gt;&gt; 16 SwiftBasicTests          0x0000000103ee2bc6 main + 70<br>&gt;&gt; 17 libdyld.dylib            0x00007fff8ad685ad start + 1<br>&gt;&gt; 18 libdyld.dylib            0x0000000000000002 start + 1965652566<br>&gt;&gt; <br>&gt;&gt; ********************<br>&gt;&gt; Testing Time: 358.38s<br>&gt;&gt; ********************<br>&gt;&gt; Failing Tests (3):<br>&gt;&gt;    Swift-Unit :: Basic/SwiftBasicTests/Compression.FlatEncoding<br>&gt;&gt;    Swift-Unit :: Basic/SwiftBasicTests/Compression.FullCompression<br>&gt;&gt;    Swift-Unit :: Basic/SwiftBasicTests/Compression.VariableLength<br>&gt;&gt; <br>&gt;&gt;  Expected Passes    : 2408<br>&gt;&gt;  Expected Failures  : 5<br>&gt;&gt;  Unsupported Tests  : 35<br>&gt;&gt;  Unexpected Failures: 3<br>&gt;&gt; *** Failed while running tests for swift (check-swift-macosx-x86_64)<br>&gt;&gt; <br>&gt;&gt; -Kevin Ballard<br>&gt;&gt; _______________________________________________<br>&gt;&gt; swift-dev mailing list<br>&gt;&gt; swift-dev at swift.org<br>&gt;&gt; https://lists.swift.org/mailman/listinfo/swift-dev<br>&gt; <br>&gt; <br>&gt; <br>&gt; -- <br>&gt; main(i,j){for(i=2;;i++){for(j=2;j&lt;i;j++){if(!(i%j)){j=0;break;}}if<br>&gt; (j){printf(&quot;%d\n&quot;,i);}}} /*Dmitri Gribenko &lt;gribozavr at gmail.com&gt;*/<br></p></div><ul class="comments"><li class="comment"><div class="avatar"><img src="https://www.gravatar.com/avatar/18c60397fcda8f42900d42ba4db4f029?s=50"></div><header><strong>Current master is failing on 3 tests</strong> from <string>Nadav Rotem</string> &lt;nrotem at apple.com&gt;<p>December 31, 2015 at 03:00:00pm</p></header><div class="content"><p>Thanks for reverting. I fixed the issue in cd71f51 and verified that the tests pass with LLVM assertions enabled.<br></p><p>&gt; On Dec 31, 2015, at 12:08 PM, Nadav Rotem via swift-dev &lt;swift-dev at swift.org&gt; wrote:<br>&gt; <br>&gt; Yes, I introduced the failing tests (and the bug) a few hours ago. Sorry. It looks like the bug is in the call to APInt::divrem()  with mismatch bitwidth APInts. I am currently away from my computer. Feel free to comment out the tests and I&#39;ll fix the problem in a few hours. <br>&gt; <br>&gt; <br>&gt; <br>&gt; Sent from my iPhone<br>&gt; <br>&gt;&gt; On Dec 31, 2015, at 11:34, Dmitri Gribenko &lt;gribozavr at gmail.com&gt; wrote:<br>&gt;&gt; <br>&gt;&gt; +Nadav who committed these tests in 25832d39b22eb30370e7f1dc855e4919590f528f.<br>&gt;&gt; <br>&gt;&gt; On Thu, Dec 31, 2015 at 8:51 PM, Kevin Ballard via swift-dev<br>&gt;&gt; &lt;swift-dev at swift.org&gt; wrote:<br>&gt;&gt;&gt; Running tests on current master fails on 3 tests every time. I already checked to make sure I&#39;m fully up-to-date. They reproduce with just `build-script -t`.<br>&gt;&gt;&gt; <br>&gt;&gt;&gt; FAIL: Swift-Unit :: Basic/SwiftBasicTests/Compression.FlatEncoding (2266 of 2451)<br>&gt;&gt;&gt; ******************** TEST &#39;Swift-Unit :: Basic/SwiftBasicTests/Compression.FlatEncoding&#39; FAILED ********************<br>&gt;&gt;&gt; Note: Google Test filter = Compression.FlatEncoding<br>&gt;&gt;&gt; [==========] Running 1 test from 1 test case.<br>&gt;&gt;&gt; [----------] Global test environment set-up.<br>&gt;&gt;&gt; [----------] 1 test from Compression<br>&gt;&gt;&gt; [ RUN      ] Compression.FlatEncoding<br>&gt;&gt;&gt; Assertion failed: (LHS.BitWidth == RHS.BitWidth &amp;&amp; &quot;Bit widths must be the same&quot;), function udivrem, file /Users/kevin/Dev/Swift/Apple/llvm/lib/Support/APInt.cpp, line 1937.<br>&gt;&gt;&gt; 0  SwiftBasicTests          0x000000010648094b llvm::sys::PrintStackTrace(llvm::raw_ostream&amp;) + 43<br>&gt;&gt;&gt; 1  SwiftBasicTests          0x000000010647fba6 llvm::sys::RunSignalHandlers() + 70<br>&gt;&gt;&gt; 2  SwiftBasicTests          0x000000010648116f SignalHandler(int) + 575<br>&gt;&gt;&gt; 3  libsystem_platform.dylib 0x00007fff97a9feaa _sigtramp + 26<br>&gt;&gt;&gt; 4  libsystem_platform.dylib 000000000000000000 _sigtramp + 1750466928<br>&gt;&gt;&gt; 5  SwiftBasicTests          0x0000000106480e86 abort + 22<br>&gt;&gt;&gt; 6  SwiftBasicTests          0x0000000106480e61 __assert_rtn + 81<br>&gt;&gt;&gt; 7  SwiftBasicTests          0x000000010643e9f8 llvm::APInt::udivrem(llvm::APInt const&amp;, llvm::APInt const&amp;, llvm::APInt&amp;, llvm::APInt&amp;) + 2504<br>&gt;&gt;&gt; 8  SwiftBasicTests          0x00000001065308e6 DecodeFixedWidth(llvm::APInt&amp;) + 230<br>&gt;&gt;&gt; 9  SwiftBasicTests          0x0000000106530795 swift::Compress::DecodeStringFromNumber(llvm::APInt const&amp;, swift::Compress::EncodingKind) + 341<br>&gt;&gt;&gt; 10 SwiftBasicTests          0x00000001063b77d7 Compression_FlatEncoding_Test::TestBody() + 167<br>&gt;&gt;&gt; 11 SwiftBasicTests          0x0000000106415291 testing::Test::Run() + 801<br>&gt;&gt;&gt; 12 SwiftBasicTests          0x0000000106416ac0 testing::TestInfo::Run() + 848<br>&gt;&gt;&gt; 13 SwiftBasicTests          0x00000001064171e3 testing::TestCase::Run() + 483<br>&gt;&gt;&gt; 14 SwiftBasicTests          0x0000000106420029 testing::internal::UnitTestImpl::RunAllTests() + 1353<br>&gt;&gt;&gt; 15 SwiftBasicTests          0x000000010641faca testing::UnitTest::Run() + 106<br>&gt;&gt;&gt; 16 SwiftBasicTests          0x0000000106436bc6 main + 70<br>&gt;&gt;&gt; 17 libdyld.dylib            0x00007fff8ad685ad start + 1<br>&gt;&gt;&gt; 18 libdyld.dylib            0x0000000000000002 start + 1965652566<br>&gt;&gt;&gt; <br>&gt;&gt;&gt; ********************<br>&gt;&gt;&gt; FAIL: Swift-Unit :: Basic/SwiftBasicTests/Compression.FullCompression (2267 of 2451)<br>&gt;&gt;&gt; ******************** TEST &#39;Swift-Unit :: Basic/SwiftBasicTests/Compression.FullCompression&#39; FAILED ********************<br>&gt;&gt;&gt; Note: Google Test filter = Compression.FullCompression<br>&gt;&gt;&gt; [==========] Running 1 test from 1 test case.<br>&gt;&gt;&gt; [----------] Global test environment set-up.<br>&gt;&gt;&gt; [----------] 1 test from Compression<br>&gt;&gt;&gt; [ RUN      ] Compression.FullCompression<br>&gt;&gt;&gt; Assertion failed: (LHS.BitWidth == RHS.BitWidth &amp;&amp; &quot;Bit widths must be the same&quot;), function udivrem, file /Users/kevin/Dev/Swift/Apple/llvm/lib/Support/APInt.cpp, line 1937.<br>&gt;&gt;&gt; 0  SwiftBasicTests          0x000000010296394b llvm::sys::PrintStackTrace(llvm::raw_ostream&amp;) + 43<br>&gt;&gt;&gt; 1  SwiftBasicTests          0x0000000102962ba6 llvm::sys::RunSignalHandlers() + 70<br>&gt;&gt;&gt; 2  SwiftBasicTests          0x000000010296416f SignalHandler(int) + 575<br>&gt;&gt;&gt; 3  libsystem_platform.dylib 0x00007fff97a9feaa _sigtramp + 26<br>&gt;&gt;&gt; 4  libsystem_platform.dylib 0x00007fb682c0f880 _sigtramp + 3944151536<br>&gt;&gt;&gt; 5  SwiftBasicTests          0x0000000102963e86 abort + 22<br>&gt;&gt;&gt; 6  SwiftBasicTests          0x0000000102963e61 __assert_rtn + 81<br>&gt;&gt;&gt; 7  SwiftBasicTests          0x00000001029219f8 llvm::APInt::udivrem(llvm::APInt const&amp;, llvm::APInt const&amp;, llvm::APInt&amp;, llvm::APInt&amp;) + 2504<br>&gt;&gt;&gt; 8  SwiftBasicTests          0x0000000102a138e6 DecodeFixedWidth(llvm::APInt&amp;) + 230<br>&gt;&gt;&gt; 9  SwiftBasicTests          0x0000000102a13795 swift::Compress::DecodeStringFromNumber(llvm::APInt const&amp;, swift::Compress::EncodingKind) + 341<br>&gt;&gt;&gt; 10 SwiftBasicTests          0x0000000102a13c0e swift::Compress::CompressName(llvm::StringRef) + 686<br>&gt;&gt;&gt; 11 SwiftBasicTests          0x000000010289b69a Compression_FullCompression_Test::TestBody() + 138<br>&gt;&gt;&gt; 12 SwiftBasicTests          0x00000001028f8291 testing::Test::Run() + 801<br>&gt;&gt;&gt; 13 SwiftBasicTests          0x00000001028f9ac0 testing::TestInfo::Run() + 848<br>&gt;&gt;&gt; 14 SwiftBasicTests          0x00000001028fa1e3 testing::TestCase::Run() + 483<br>&gt;&gt;&gt; 15 SwiftBasicTests          0x0000000102903029 testing::internal::UnitTestImpl::RunAllTests() + 1353<br>&gt;&gt;&gt; 16 SwiftBasicTests          0x0000000102902aca testing::UnitTest::Run() + 106<br>&gt;&gt;&gt; 17 SwiftBasicTests          0x0000000102919bc6 main + 70<br>&gt;&gt;&gt; 18 libdyld.dylib            0x00007fff8ad685ad start + 1<br>&gt;&gt;&gt; 19 libdyld.dylib            0x0000000000000002 start + 1965652566<br>&gt;&gt;&gt; <br>&gt;&gt;&gt; ********************<br>&gt;&gt;&gt; FAIL: Swift-Unit :: Basic/SwiftBasicTests/Compression.VariableLength (2270 of 2451)<br>&gt;&gt;&gt; ******************** TEST &#39;Swift-Unit :: Basic/SwiftBasicTests/Compression.VariableLength&#39; FAILED ********************<br>&gt;&gt;&gt; Note: Google Test filter = Compression.VariableLength<br>&gt;&gt;&gt; [==========] Running 1 test from 1 test case.<br>&gt;&gt;&gt; [----------] Global test environment set-up.<br>&gt;&gt;&gt; [----------] 1 test from Compression<br>&gt;&gt;&gt; [ RUN      ] Compression.VariableLength<br>&gt;&gt;&gt; Assertion failed: (LHS.BitWidth == RHS.BitWidth &amp;&amp; &quot;Bit widths must be the same&quot;), function udivrem, file /Users/kevin/Dev/Swift/Apple/llvm/lib/Support/APInt.cpp, line 1937.<br>&gt;&gt;&gt; 0  SwiftBasicTests          0x0000000103f2c94b llvm::sys::PrintStackTrace(llvm::raw_ostream&amp;) + 43<br>&gt;&gt;&gt; 1  SwiftBasicTests          0x0000000103f2bba6 llvm::sys::RunSignalHandlers() + 70<br>&gt;&gt;&gt; 2  SwiftBasicTests          0x0000000103f2d16f SignalHandler(int) + 575<br>&gt;&gt;&gt; 3  libsystem_platform.dylib 0x00007fff97a9feaa _sigtramp + 26<br>&gt;&gt;&gt; 4  libsystem_platform.dylib 0x0000ffff00001f80 _sigtramp + 1750474992<br>&gt;&gt;&gt; 5  SwiftBasicTests          0x0000000103f2ce86 abort + 22<br>&gt;&gt;&gt; 6  SwiftBasicTests          0x0000000103f2ce61 __assert_rtn + 81<br>&gt;&gt;&gt; 7  SwiftBasicTests          0x0000000103eea9f8 llvm::APInt::udivrem(llvm::APInt const&amp;, llvm::APInt const&amp;, llvm::APInt&amp;, llvm::APInt&amp;) + 2504<br>&gt;&gt;&gt; 8  SwiftBasicTests          0x0000000103fdc8e6 DecodeFixedWidth(llvm::APInt&amp;) + 230<br>&gt;&gt;&gt; 9  SwiftBasicTests          0x0000000103fdc795 swift::Compress::DecodeStringFromNumber(llvm::APInt const&amp;, swift::Compress::EncodingKind) + 341<br>&gt;&gt;&gt; 10 SwiftBasicTests          0x0000000103e63e44 Compression_VariableLength_Test::TestBody() + 164<br>&gt;&gt;&gt; 11 SwiftBasicTests          0x0000000103ec1291 testing::Test::Run() + 801<br>&gt;&gt;&gt; 12 SwiftBasicTests          0x0000000103ec2ac0 testing::TestInfo::Run() + 848<br>&gt;&gt;&gt; 13 SwiftBasicTests          0x0000000103ec31e3 testing::TestCase::Run() + 483<br>&gt;&gt;&gt; 14 SwiftBasicTests          0x0000000103ecc029 testing::internal::UnitTestImpl::RunAllTests() + 1353<br>&gt;&gt;&gt; 15 SwiftBasicTests          0x0000000103ecbaca testing::UnitTest::Run() + 106<br>&gt;&gt;&gt; 16 SwiftBasicTests          0x0000000103ee2bc6 main + 70<br>&gt;&gt;&gt; 17 libdyld.dylib            0x00007fff8ad685ad start + 1<br>&gt;&gt;&gt; 18 libdyld.dylib            0x0000000000000002 start + 1965652566<br>&gt;&gt;&gt; <br>&gt;&gt;&gt; ********************<br>&gt;&gt;&gt; Testing Time: 358.38s<br>&gt;&gt;&gt; ********************<br>&gt;&gt;&gt; Failing Tests (3):<br>&gt;&gt;&gt;   Swift-Unit :: Basic/SwiftBasicTests/Compression.FlatEncoding<br>&gt;&gt;&gt;   Swift-Unit :: Basic/SwiftBasicTests/Compression.FullCompression<br>&gt;&gt;&gt;   Swift-Unit :: Basic/SwiftBasicTests/Compression.VariableLength<br>&gt;&gt;&gt; <br>&gt;&gt;&gt; Expected Passes    : 2408<br>&gt;&gt;&gt; Expected Failures  : 5<br>&gt;&gt;&gt; Unsupported Tests  : 35<br>&gt;&gt;&gt; Unexpected Failures: 3<br>&gt;&gt;&gt; *** Failed while running tests for swift (check-swift-macosx-x86_64)<br>&gt;&gt;&gt; <br>&gt;&gt;&gt; -Kevin Ballard<br>&gt;&gt;&gt; _______________________________________________<br>&gt;&gt;&gt; swift-dev mailing list<br>&gt;&gt;&gt; swift-dev at swift.org<br>&gt;&gt;&gt; https://lists.swift.org/mailman/listinfo/swift-dev<br>&gt;&gt; <br>&gt;&gt; <br>&gt;&gt; <br>&gt;&gt; -- <br>&gt;&gt; main(i,j){for(i=2;;i++){for(j=2;j&lt;i;j++){if(!(i%j)){j=0;break;}}if<br>&gt;&gt; (j){printf(&quot;%d\n&quot;,i);}}} /*Dmitri Gribenko &lt;gribozavr at gmail.com&gt;*/<br>&gt; _______________________________________________<br>&gt; swift-dev mailing list<br>&gt; swift-dev at swift.org<br>&gt; https://lists.swift.org/mailman/listinfo/swift-dev<br></p><p>-------------- next part --------------<br>An HTML attachment was scrubbed...<br>URL: &lt;https://lists.swift.org/pipermail/swift-dev/attachments/20151231/caf22ce4/attachment.html&gt;<br></p></div></li></ul></li></ul></li></ul></li></ul></div>    </main>
    <script src="/js/app-c283ee129de63ad743722e9511e67a5d.js"></script>
  </body>
  <footer>
    <p>Swift and the Swift logo are trademarks of Apple Inc.</p>
  </footer>
</html>
