<!DOCTYPE html>
<html lang="en">
  <head>
    <meta charset="utf-8">
    <meta http-equiv="X-UA-Compatible" content="IE=edge">
    <meta name="viewport" content="width=device-width, initial-scale=1">
    <meta name="description" content="">
    <meta name="author" content="">

    <title>Swift Mailing List Archive</title>
    <link rel="stylesheet" href="/css/app-13f065ae5e595562a5022c544e3b976c.css?vsn=d">
  </head>

  <body>
    <div class="container">
      <header class="header">
        <img src="/images/swift-d0237fc716ba0932a940049990beba1b.svg?vsn=d" height="70">
      </header>

      <p class="alert alert-info" role="alert"></p>
      <p class="alert alert-danger" role="alert"></p>

    </div> <!-- /container -->
    <main role="main">
<div class="comment-wrapper"><ul class="comments"><li class="comment"><div class="avatar"><img src="https://www.gravatar.com/avatar/231cec2cc45a272aa5b341b413fdc2ed?s=50"></div><header><strong>[FAILURE] Swift Linux Package (Ubuntu 15.10) [#885]</strong> from <string>Mishal Shah</string> &lt;shahmishal at gmail.com&gt;<p>April  3, 2016 at 01:00:00pm</p></header><div class="content"><p>Hi,<br></p><p>Linux package bots started failing after these commits, which is causing<br>pull request testing to fail.<br></p><p>Thanks,<br>Mishal Shah<br>[FAILURE] oss-swift-package-linux-ubuntu-15_10 [#885]<br>Build URL:<br>https://ci.swift.org/job/oss-swift-package-linux-ubuntu-15_10/885/<br>Project: oss-swift-package-linux-ubuntu-15_10<br>Date of build: Fri, 01 Apr 2016 19:46:53 -0700<br>Build duration: 15 minIdentified problems:<br></p><p>   - Compile Error: This build failed because of a compile error. Below is<br>   a list of all errors in the build log:<br>      - Indication 1<br>      &lt;https://ci.swift.org//job/oss-swift-package-linux-ubuntu-15_10/885/consoleFull#-245262329ee1a197b-acac-4b17-83cf-a53b95139a76&gt;<br>   - Regression test failed: This build failed because a regression test in<br>   the test suite FAILed. Below is a list of all errors:<br>      - Indication 1<br>      &lt;https://ci.swift.org//job/oss-swift-package-linux-ubuntu-15_10/885/consoleFull#1435579392fca400bf-2f4a-462e-b517-e058d770b2d7&gt;<br></p><p><br>Changes<br></p><p>   - Commit *28515222052fc74b00f8ae1442ee6bfaf3d9db88* by *practicalswift:*<br></p><p>   [swiftc] Add test case for crash triggered in<br>   - *add*:<br>      validation-test/compiler_crashers/28284-swift-cantype-isreferencetypeimpl.swift<br></p><p>   - Commit *af831051a10761441226b52cf5536ea2442dbc24* by *dan:*<br></p><p>   Add using statements to improve readability and DRY<br>   - *edit*: lib/IDE/CodeCompletion.cpp<br></p><p>   - Commit *dd124ae4e9fed2507887ccf11e5cc76c49ab5031* by *eeckstein:*<br></p><p>   Add SILCombine+SimplifyCFG passes between the ClosureSpecializer (and<br>   - *edit*: test/SILOptimizer/devirt_single_module_in_multiple_files.swift<br>      - *edit*: lib/SILOptimizer/PassManager/Passes.cpp<br>      - *add*: test/SILOptimizer/closure_spec_and_inline.swift<br></p><p>   - Commit *1872a4ee2809a6431f8d81f50c3946a776d9c29c* by *spestov:*<br></p><p>   AST: @_versioned types and storage are resilient<br>   - *edit*: lib/AST/Decl.cpp<br>      - *edit*: test/SILGen/struct_resilience.swift<br>      - *edit*: validation-test/Evolution/Inputs/global_change_size.swift<br>      - *edit*: lib/AST/DeclContext.cpp<br>      - *edit*: lib/IRGen/GenDecl.cpp<br>      - *edit*: validation-test/Evolution/test_global_change_size.swift<br></p><p>   - Commit *0969f273d60aa744b0c4a9e264e304fbe05e923c* by *spestov:*<br></p><p>   benchmark: Respect the SWIFT_DARWIN_XCRUN_TOOLCHAIN build setting<br>   - *edit*: benchmark/CMakeLists.txt<br></p><p>   - Commit *40e084ef727fa747bf7819f1c5bb1504916bf5f8* by *cwillmore:*<br></p><p>   Fix passing of structurable tuple to single Any param.<br>   - *edit*: lib/Sema/CSSimplify.cpp<br>      - *edit*: test/Constraints/function.swift<br></p><p>   - Commit *61a750adc60ad14f3097142a6663ff33d5e9c776* by *max.howell:*<br></p><p>   getcwd() no longer throws<br>   - *edit*: Sources/POSIX/getcwd.swift<br>      - *edit*: Sources/Multitool/directories.swift<br>      - *edit*: Sources/swift-build/main.swift<br>      - *edit*: Tests/Utility/PathTests.swift<br>      - *edit*: Sources/POSIX/mkdir.swift<br>      - *edit*: Sources/swift-build/initPackage.swift<br>      - *edit*: Sources/Utility/Path.swift<br>      - *edit*: Tests/Functional/Utilities.swift<br></p><p>   - Commit *2ce8a1810994a5bc3809731c594f2f519b49a5a1* by *max.howell:*<br></p><p>   Remove SWIFT_BUILD_TOOL and SPM_INSTALL_PATH<br>   - *edit*: Utilities/bootstrap<br>      - *edit*: Sources/POSIX/system.swift<br></p><p>   - Commit *e4bff9d9168e431e9fb01c7b142a050c90cac925* by *max.howell:*<br></p><p>   Can build with toolchain other than swift-build’s<br>   - *edit*: Sources/swift-build/main.swift<br>      - *edit*: Utilities/bootstrap<br>      - *edit*: Sources/Build/Command.compile(SwiftModule).swift<br>      - *edit*: Sources/Build/Command.compile(ClangModule).swift<br>      - *edit*: Sources/Build/ToolProtocol.swift<br>      - *edit*: Sources/Utility/Path.swift<br>      - *edit*: Tests/Functional/Utilities.swift<br>      - *add*: Sources/Multitool/Toolchain.swift<br>      - *edit*: Tests/Functional/TestMiscellaneous.swift<br>      - *edit*: Tests/ManifestParser/ManifestTests.swift<br>      - *delete*: Sources/Utility/Toolchain.swift<br>      - *edit*: Sources/Build/describe().swift<br>      - *edit*: Tests/Transmute/ModuleTests.swift<br>      - *edit*: Sources/Multitool/build().swift<br>      - *edit*: Tests/Build/DescribeTests.swift<br>      - *edit*: Sources/POSIX/system.swift<br>      - *edit*: Sources/swift-build/xp.swift<br>      - *edit*: Sources/swift-build/usage.swift<br>      - *edit*: Sources/Build/Command.link().swift<br>      - *edit*: Sources/Multitool/Error.swift<br>      - *edit*: Sources/Build/misc.swift<br>      - *add*: Sources/swift-build/UserToolchain.swift<br></p><p>   - Commit *1c3db5eab5759bdd3a087bb5f127648ea7869c8d* by *max.howell:*<br></p><p>   Add --release flag for bootstrap script<br>   - *edit*: Utilities/bootstrap<br></p><p>   - Commit *3e3460d996be6f7e383b8c49ea77d5c877cf93ee* by *max.howell:*<br></p><p>   Install release products when called /w --release<br>   - *edit*: Utilities/bootstrap<br></p><p>   - Commit *a327aa9362642fd133d4fd80fe03ce237821b7e5* by *todd.fiala:*<br></p><p>   Guard xunit result test class and test method name access to prevent<br>   - *edit*: packages/Python/lldbsuite/test/xunit_formatter.py<br></p><p>Mishal Shah<br>-------------- next part --------------<br>An HTML attachment was scrubbed...<br>URL: &lt;https://lists.swift.org/pipermail/swift-dev/attachments/20160403/5e8d4ff3/attachment.html&gt;<br></p></div><ul class="comments"><li class="comment"><div class="avatar"><img src="https://www.gravatar.com/avatar/5d9baa679148bd83458d11df12327ce0?s=50"></div><header><strong>[FAILURE] Swift Linux Package (Ubuntu 15.10) [#885]</strong> from <string>Daniel Dunbar</string> &lt;daniel_dunbar at apple.com&gt;<p>April  3, 2016 at 08:00:00pm</p></header><div class="content"><p>+Max<br></p><p>&gt; On Apr 3, 2016, at 1:20 PM, Mishal Shah via swift-dev &lt;swift-dev at swift.org&gt; wrote:<br>&gt; <br>&gt; Hi,<br>&gt; <br>&gt; Linux package bots started failing after these commits, which is causing pull request testing to fail. <br>&gt; <br>&gt; Thanks, <br>&gt; Mishal Shah<br>&gt; [FAILURE] oss-swift-package-linux-ubuntu-15_10 [#885]<br>&gt; <br>&gt; Build URL:	https://ci.swift.org/job/oss-swift-package-linux-ubuntu-15_10/885/ &lt;https://ci.swift.org/job/oss-swift-package-linux-ubuntu-15_10/885/&gt;<br>&gt; Project:	oss-swift-package-linux-ubuntu-15_10<br>&gt; Date of build:	Fri, 01 Apr 2016 19:46:53 -0700<br>&gt; Build duration:	15 min<br>&gt; Identified problems:<br>&gt; <br>&gt; Compile Error: This build failed because of a compile error. Below is a list of all errors in the build log:<br>&gt; Indication 1 &lt;https://ci.swift.org//job/oss-swift-package-linux-ubuntu-15_10/885/consoleFull#-245262329ee1a197b-acac-4b17-83cf-a53b95139a76&gt;<br>&gt; Regression test failed: This build failed because a regression test in the test suite FAILed. Below is a list of all errors:<br>&gt; Indication 1 &lt;https://ci.swift.org//job/oss-swift-package-linux-ubuntu-15_10/885/consoleFull#1435579392fca400bf-2f4a-462e-b517-e058d770b2d7&gt;<br>&gt; Changes<br>&gt; <br>&gt; Commit 28515222052fc74b00f8ae1442ee6bfaf3d9db88 by practicalswift:<br>&gt; [swiftc] Add test case for crash triggered in<br>&gt; <br>&gt; add: validation-test/compiler_crashers/28284-swift-cantype-isreferencetypeimpl.swift<br>&gt; <br>&gt; Commit af831051a10761441226b52cf5536ea2442dbc24 by dan:<br>&gt; Add using statements to improve readability and DRY<br>&gt; <br>&gt; edit: lib/IDE/CodeCompletion.cpp<br>&gt; <br>&gt; Commit dd124ae4e9fed2507887ccf11e5cc76c49ab5031 by eeckstein:<br>&gt; Add SILCombine+SimplifyCFG passes between the ClosureSpecializer (and<br>&gt; <br>&gt; edit: test/SILOptimizer/devirt_single_module_in_multiple_files.swift<br>&gt; edit: lib/SILOptimizer/PassManager/Passes.cpp<br>&gt; add: test/SILOptimizer/closure_spec_and_inline.swift<br>&gt; <br>&gt; Commit 1872a4ee2809a6431f8d81f50c3946a776d9c29c by spestov:<br>&gt; AST: @_versioned types and storage are resilient<br>&gt; <br>&gt; edit: lib/AST/Decl.cpp<br>&gt; edit: test/SILGen/struct_resilience.swift<br>&gt; edit: validation-test/Evolution/Inputs/global_change_size.swift<br>&gt; edit: lib/AST/DeclContext.cpp<br>&gt; edit: lib/IRGen/GenDecl.cpp<br>&gt; edit: validation-test/Evolution/test_global_change_size.swift<br>&gt; <br>&gt; Commit 0969f273d60aa744b0c4a9e264e304fbe05e923c by spestov:<br>&gt; benchmark: Respect the SWIFT_DARWIN_XCRUN_TOOLCHAIN build setting<br>&gt; <br>&gt; edit: benchmark/CMakeLists.txt<br>&gt; <br>&gt; Commit 40e084ef727fa747bf7819f1c5bb1504916bf5f8 by cwillmore:<br>&gt; Fix passing of structurable tuple to single Any param.<br>&gt; <br>&gt; edit: lib/Sema/CSSimplify.cpp<br>&gt; edit: test/Constraints/function.swift<br>&gt; <br>&gt; Commit 61a750adc60ad14f3097142a6663ff33d5e9c776 by max.howell:<br>&gt; getcwd() no longer throws<br>&gt; <br>&gt; edit: Sources/POSIX/getcwd.swift<br>&gt; edit: Sources/Multitool/directories.swift<br>&gt; edit: Sources/swift-build/main.swift<br>&gt; edit: Tests/Utility/PathTests.swift<br>&gt; edit: Sources/POSIX/mkdir.swift<br>&gt; edit: Sources/swift-build/initPackage.swift<br>&gt; edit: Sources/Utility/Path.swift<br>&gt; edit: Tests/Functional/Utilities.swift<br>&gt; <br>&gt; Commit 2ce8a1810994a5bc3809731c594f2f519b49a5a1 by max.howell:<br>&gt; Remove SWIFT_BUILD_TOOL and SPM_INSTALL_PATH<br>&gt; <br>&gt; edit: Utilities/bootstrap<br>&gt; edit: Sources/POSIX/system.swift<br>&gt; <br>&gt; Commit e4bff9d9168e431e9fb01c7b142a050c90cac925 by max.howell:<br>&gt; Can build with toolchain other than swift-build’s<br>&gt; <br>&gt; edit: Sources/swift-build/main.swift<br>&gt; edit: Utilities/bootstrap<br>&gt; edit: Sources/Build/Command.compile(SwiftModule).swift<br>&gt; edit: Sources/Build/Command.compile(ClangModule).swift<br>&gt; edit: Sources/Build/ToolProtocol.swift<br>&gt; edit: Sources/Utility/Path.swift<br>&gt; edit: Tests/Functional/Utilities.swift<br>&gt; add: Sources/Multitool/Toolchain.swift<br>&gt; edit: Tests/Functional/TestMiscellaneous.swift<br>&gt; edit: Tests/ManifestParser/ManifestTests.swift<br>&gt; delete: Sources/Utility/Toolchain.swift<br>&gt; edit: Sources/Build/describe().swift<br>&gt; edit: Tests/Transmute/ModuleTests.swift<br>&gt; edit: Sources/Multitool/build().swift<br>&gt; edit: Tests/Build/DescribeTests.swift<br>&gt; edit: Sources/POSIX/system.swift<br>&gt; edit: Sources/swift-build/xp.swift<br>&gt; edit: Sources/swift-build/usage.swift<br>&gt; edit: Sources/Build/Command.link().swift<br>&gt; edit: Sources/Multitool/Error.swift<br>&gt; edit: Sources/Build/misc.swift<br>&gt; add: Sources/swift-build/UserToolchain.swift<br>&gt; <br>&gt; Commit 1c3db5eab5759bdd3a087bb5f127648ea7869c8d by max.howell:<br>&gt; Add --release flag for bootstrap script<br>&gt; <br>&gt; edit: Utilities/bootstrap<br>&gt; <br>&gt; Commit 3e3460d996be6f7e383b8c49ea77d5c877cf93ee by max.howell:<br>&gt; Install release products when called /w --release<br>&gt; <br>&gt; edit: Utilities/bootstrap<br>&gt; <br>&gt; Commit a327aa9362642fd133d4fd80fe03ce237821b7e5 by todd.fiala:<br>&gt; Guard xunit result test class and test method name access to prevent<br>&gt; <br>&gt; edit: packages/Python/lldbsuite/test/xunit_formatter.py<br>&gt; Mishal Shah<br>&gt; _______________________________________________<br>&gt; swift-dev mailing list<br>&gt; swift-dev at swift.org<br>&gt; https://lists.swift.org/mailman/listinfo/swift-dev<br></p><p>-------------- next part --------------<br>An HTML attachment was scrubbed...<br>URL: &lt;https://lists.swift.org/pipermail/swift-dev/attachments/20160403/e67e6917/attachment.html&gt;<br></p></div><ul class="comments"><li class="comment"><div class="avatar"><img src="https://www.gravatar.com/avatar/ae51ca494b37cc270597830da66f089f?s=50"></div><header><strong>[FAILURE] Swift Linux Package (Ubuntu 15.10) [#885]</strong> from <string>Max Howell</string> &lt;max.howell at apple.com&gt;<p>April  4, 2016 at 11:00:00am</p></header><div class="content"><p>Failing in the integration tests.<br></p><p>Seemingly these don’t run for SwiftPM CI ?<br></p><p>I’m not 100% sure how to run them locally even.<br></p><p>&gt; +Max<br>&gt; <br>&gt;&gt; On Apr 3, 2016, at 1:20 PM, Mishal Shah via swift-dev &lt;swift-dev at swift.org &lt;mailto:swift-dev at swift.org&gt;&gt; wrote:<br>&gt;&gt; <br>&gt;&gt; Hi,<br>&gt;&gt; <br>&gt;&gt; Linux package bots started failing after these commits, which is causing pull request testing to fail. <br>&gt;&gt; <br>&gt;&gt; Thanks, <br>&gt;&gt; Mishal Shah<br>&gt;&gt; [FAILURE] oss-swift-package-linux-ubuntu-15_10 [#885]<br>&gt;&gt; <br>&gt;&gt; Build URL:	https://ci.swift.org/job/oss-swift-package-linux-ubuntu-15_10/885/ &lt;https://ci.swift.org/job/oss-swift-package-linux-ubuntu-15_10/885/&gt;<br>&gt;&gt; Project:	oss-swift-package-linux-ubuntu-15_10<br>&gt;&gt; Date of build:	Fri, 01 Apr 2016 19:46:53 -0700<br>&gt;&gt; Build duration:	15 min<br>&gt;&gt; Identified problems:<br>&gt;&gt; <br>&gt;&gt; Compile Error: This build failed because of a compile error. Below is a list of all errors in the build log:<br>&gt;&gt; Indication 1 &lt;https://ci.swift.org//job/oss-swift-package-linux-ubuntu-15_10/885/consoleFull#-245262329ee1a197b-acac-4b17-83cf-a53b95139a76&gt;<br>&gt;&gt; Regression test failed: This build failed because a regression test in the test suite FAILed. Below is a list of all errors:<br>&gt;&gt; Indication 1 &lt;https://ci.swift.org//job/oss-swift-package-linux-ubuntu-15_10/885/consoleFull#1435579392fca400bf-2f4a-462e-b517-e058d770b2d7&gt;<br>&gt;&gt; Changes<br>&gt;&gt; <br>&gt;&gt; Commit 28515222052fc74b00f8ae1442ee6bfaf3d9db88 by practicalswift:<br>&gt;&gt; [swiftc] Add test case for crash triggered in<br>&gt;&gt; <br>&gt;&gt; add: validation-test/compiler_crashers/28284-swift-cantype-isreferencetypeimpl.swift<br>&gt;&gt; <br>&gt;&gt; Commit af831051a10761441226b52cf5536ea2442dbc24 by dan:<br>&gt;&gt; Add using statements to improve readability and DRY<br>&gt;&gt; <br>&gt;&gt; edit: lib/IDE/CodeCompletion.cpp<br>&gt;&gt; <br>&gt;&gt; Commit dd124ae4e9fed2507887ccf11e5cc76c49ab5031 by eeckstein:<br>&gt;&gt; Add SILCombine+SimplifyCFG passes between the ClosureSpecializer (and<br>&gt;&gt; <br>&gt;&gt; edit: test/SILOptimizer/devirt_single_module_in_multiple_files.swift<br>&gt;&gt; edit: lib/SILOptimizer/PassManager/Passes.cpp<br>&gt;&gt; add: test/SILOptimizer/closure_spec_and_inline.swift<br>&gt;&gt; <br>&gt;&gt; Commit 1872a4ee2809a6431f8d81f50c3946a776d9c29c by spestov:<br>&gt;&gt; AST: @_versioned types and storage are resilient<br>&gt;&gt; <br>&gt;&gt; edit: lib/AST/Decl.cpp<br>&gt;&gt; edit: test/SILGen/struct_resilience.swift<br>&gt;&gt; edit: validation-test/Evolution/Inputs/global_change_size.swift<br>&gt;&gt; edit: lib/AST/DeclContext.cpp<br>&gt;&gt; edit: lib/IRGen/GenDecl.cpp<br>&gt;&gt; edit: validation-test/Evolution/test_global_change_size.swift<br>&gt;&gt; <br>&gt;&gt; Commit 0969f273d60aa744b0c4a9e264e304fbe05e923c by spestov:<br>&gt;&gt; benchmark: Respect the SWIFT_DARWIN_XCRUN_TOOLCHAIN build setting<br>&gt;&gt; <br>&gt;&gt; edit: benchmark/CMakeLists.txt<br>&gt;&gt; <br>&gt;&gt; Commit 40e084ef727fa747bf7819f1c5bb1504916bf5f8 by cwillmore:<br>&gt;&gt; Fix passing of structurable tuple to single Any param.<br>&gt;&gt; <br>&gt;&gt; edit: lib/Sema/CSSimplify.cpp<br>&gt;&gt; edit: test/Constraints/function.swift<br>&gt;&gt; <br>&gt;&gt; Commit 61a750adc60ad14f3097142a6663ff33d5e9c776 by max.howell:<br>&gt;&gt; getcwd() no longer throws<br>&gt;&gt; <br>&gt;&gt; edit: Sources/POSIX/getcwd.swift<br>&gt;&gt; edit: Sources/Multitool/directories.swift<br>&gt;&gt; edit: Sources/swift-build/main.swift<br>&gt;&gt; edit: Tests/Utility/PathTests.swift<br>&gt;&gt; edit: Sources/POSIX/mkdir.swift<br>&gt;&gt; edit: Sources/swift-build/initPackage.swift<br>&gt;&gt; edit: Sources/Utility/Path.swift<br>&gt;&gt; edit: Tests/Functional/Utilities.swift<br>&gt;&gt; <br>&gt;&gt; Commit 2ce8a1810994a5bc3809731c594f2f519b49a5a1 by max.howell:<br>&gt;&gt; Remove SWIFT_BUILD_TOOL and SPM_INSTALL_PATH<br>&gt;&gt; <br>&gt;&gt; edit: Utilities/bootstrap<br>&gt;&gt; edit: Sources/POSIX/system.swift<br>&gt;&gt; <br>&gt;&gt; Commit e4bff9d9168e431e9fb01c7b142a050c90cac925 by max.howell:<br>&gt;&gt; Can build with toolchain other than swift-build’s<br>&gt;&gt; <br>&gt;&gt; edit: Sources/swift-build/main.swift<br>&gt;&gt; edit: Utilities/bootstrap<br>&gt;&gt; edit: Sources/Build/Command.compile(SwiftModule).swift<br>&gt;&gt; edit: Sources/Build/Command.compile(ClangModule).swift<br>&gt;&gt; edit: Sources/Build/ToolProtocol.swift<br>&gt;&gt; edit: Sources/Utility/Path.swift<br>&gt;&gt; edit: Tests/Functional/Utilities.swift<br>&gt;&gt; add: Sources/Multitool/Toolchain.swift<br>&gt;&gt; edit: Tests/Functional/TestMiscellaneous.swift<br>&gt;&gt; edit: Tests/ManifestParser/ManifestTests.swift<br>&gt;&gt; delete: Sources/Utility/Toolchain.swift<br>&gt;&gt; edit: Sources/Build/describe().swift<br>&gt;&gt; edit: Tests/Transmute/ModuleTests.swift<br>&gt;&gt; edit: Sources/Multitool/build().swift<br>&gt;&gt; edit: Tests/Build/DescribeTests.swift<br>&gt;&gt; edit: Sources/POSIX/system.swift<br>&gt;&gt; edit: Sources/swift-build/xp.swift<br>&gt;&gt; edit: Sources/swift-build/usage.swift<br>&gt;&gt; edit: Sources/Build/Command.link().swift<br>&gt;&gt; edit: Sources/Multitool/Error.swift<br>&gt;&gt; edit: Sources/Build/misc.swift<br>&gt;&gt; add: Sources/swift-build/UserToolchain.swift<br>&gt;&gt; <br>&gt;&gt; Commit 1c3db5eab5759bdd3a087bb5f127648ea7869c8d by max.howell:<br>&gt;&gt; Add --release flag for bootstrap script<br>&gt;&gt; <br>&gt;&gt; edit: Utilities/bootstrap<br>&gt;&gt; <br>&gt;&gt; Commit 3e3460d996be6f7e383b8c49ea77d5c877cf93ee by max.howell:<br>&gt;&gt; Install release products when called /w --release<br>&gt;&gt; <br>&gt;&gt; edit: Utilities/bootstrap<br>&gt;&gt; <br>&gt;&gt; Commit a327aa9362642fd133d4fd80fe03ce237821b7e5 by todd.fiala:<br>&gt;&gt; Guard xunit result test class and test method name access to prevent<br>&gt;&gt; <br>&gt;&gt; edit: packages/Python/lldbsuite/test/xunit_formatter.py<br>&gt;&gt; Mishal Shah<br>&gt;&gt; _______________________________________________<br>&gt;&gt; swift-dev mailing list<br>&gt;&gt; swift-dev at swift.org &lt;mailto:swift-dev at swift.org&gt;<br>&gt;&gt; https://lists.swift.org/mailman/listinfo/swift-dev<br>&gt; <br></p><p>-------------- next part --------------<br>An HTML attachment was scrubbed...<br>URL: &lt;https://lists.swift.org/pipermail/swift-dev/attachments/20160404/20be70c3/attachment.html&gt;<br></p></div><ul class="comments"><li class="comment"><div class="avatar"><img src="https://www.gravatar.com/avatar/5d9baa679148bd83458d11df12327ce0?s=50"></div><header><strong>[FAILURE] Swift Linux Package (Ubuntu 15.10) [#885]</strong> from <string>Daniel Dunbar</string> &lt;daniel_dunbar at apple.com&gt;<p>April  4, 2016 at 11:00:00am</p></header><div class="content"><p>If you clone the repo I believe it has a README which describes how to run them.<br></p><p> - Daniel<br></p><p>&gt; On Apr 4, 2016, at 11:07 AM, Max Howell &lt;max.howell at apple.com&gt; wrote:<br>&gt; <br>&gt; Failing in the integration tests.<br>&gt; <br>&gt; Seemingly these don’t run for SwiftPM CI ?<br>&gt; <br>&gt; I’m not 100% sure how to run them locally even.<br>&gt; <br>&gt;&gt; +Max<br>&gt;&gt; <br>&gt;&gt;&gt; On Apr 3, 2016, at 1:20 PM, Mishal Shah via swift-dev &lt;swift-dev at swift.org &lt;mailto:swift-dev at swift.org&gt;&gt; wrote:<br>&gt;&gt;&gt; <br>&gt;&gt;&gt; Hi,<br>&gt;&gt;&gt; <br>&gt;&gt;&gt; Linux package bots started failing after these commits, which is causing pull request testing to fail. <br>&gt;&gt;&gt; <br>&gt;&gt;&gt; Thanks, <br>&gt;&gt;&gt; Mishal Shah<br>&gt;&gt;&gt; [FAILURE] oss-swift-package-linux-ubuntu-15_10 [#885]<br>&gt;&gt;&gt; <br>&gt;&gt;&gt; Build URL:	https://ci.swift.org/job/oss-swift-package-linux-ubuntu-15_10/885/ &lt;https://ci.swift.org/job/oss-swift-package-linux-ubuntu-15_10/885/&gt;<br>&gt;&gt;&gt; Project:	oss-swift-package-linux-ubuntu-15_10<br>&gt;&gt;&gt; Date of build:	Fri, 01 Apr 2016 19:46:53 -0700<br>&gt;&gt;&gt; Build duration:	15 min<br>&gt;&gt;&gt; Identified problems:<br>&gt;&gt;&gt; <br>&gt;&gt;&gt; Compile Error: This build failed because of a compile error. Below is a list of all errors in the build log:<br>&gt;&gt;&gt; Indication 1 &lt;https://ci.swift.org//job/oss-swift-package-linux-ubuntu-15_10/885/consoleFull#-245262329ee1a197b-acac-4b17-83cf-a53b95139a76&gt;<br>&gt;&gt;&gt; Regression test failed: This build failed because a regression test in the test suite FAILed. Below is a list of all errors:<br>&gt;&gt;&gt; Indication 1 &lt;https://ci.swift.org//job/oss-swift-package-linux-ubuntu-15_10/885/consoleFull#1435579392fca400bf-2f4a-462e-b517-e058d770b2d7&gt;<br>&gt;&gt;&gt; Changes<br>&gt;&gt;&gt; <br>&gt;&gt;&gt; Commit 28515222052fc74b00f8ae1442ee6bfaf3d9db88 by practicalswift:<br>&gt;&gt;&gt; [swiftc] Add test case for crash triggered in<br>&gt;&gt;&gt; <br>&gt;&gt;&gt; add: validation-test/compiler_crashers/28284-swift-cantype-isreferencetypeimpl.swift<br>&gt;&gt;&gt; <br>&gt;&gt;&gt; Commit af831051a10761441226b52cf5536ea2442dbc24 by dan:<br>&gt;&gt;&gt; Add using statements to improve readability and DRY<br>&gt;&gt;&gt; <br>&gt;&gt;&gt; edit: lib/IDE/CodeCompletion.cpp<br>&gt;&gt;&gt; <br>&gt;&gt;&gt; Commit dd124ae4e9fed2507887ccf11e5cc76c49ab5031 by eeckstein:<br>&gt;&gt;&gt; Add SILCombine+SimplifyCFG passes between the ClosureSpecializer (and<br>&gt;&gt;&gt; <br>&gt;&gt;&gt; edit: test/SILOptimizer/devirt_single_module_in_multiple_files.swift<br>&gt;&gt;&gt; edit: lib/SILOptimizer/PassManager/Passes.cpp<br>&gt;&gt;&gt; add: test/SILOptimizer/closure_spec_and_inline.swift<br>&gt;&gt;&gt; <br>&gt;&gt;&gt; Commit 1872a4ee2809a6431f8d81f50c3946a776d9c29c by spestov:<br>&gt;&gt;&gt; AST: @_versioned types and storage are resilient<br>&gt;&gt;&gt; <br>&gt;&gt;&gt; edit: lib/AST/Decl.cpp<br>&gt;&gt;&gt; edit: test/SILGen/struct_resilience.swift<br>&gt;&gt;&gt; edit: validation-test/Evolution/Inputs/global_change_size.swift<br>&gt;&gt;&gt; edit: lib/AST/DeclContext.cpp<br>&gt;&gt;&gt; edit: lib/IRGen/GenDecl.cpp<br>&gt;&gt;&gt; edit: validation-test/Evolution/test_global_change_size.swift<br>&gt;&gt;&gt; <br>&gt;&gt;&gt; Commit 0969f273d60aa744b0c4a9e264e304fbe05e923c by spestov:<br>&gt;&gt;&gt; benchmark: Respect the SWIFT_DARWIN_XCRUN_TOOLCHAIN build setting<br>&gt;&gt;&gt; <br>&gt;&gt;&gt; edit: benchmark/CMakeLists.txt<br>&gt;&gt;&gt; <br>&gt;&gt;&gt; Commit 40e084ef727fa747bf7819f1c5bb1504916bf5f8 by cwillmore:<br>&gt;&gt;&gt; Fix passing of structurable tuple to single Any param.<br>&gt;&gt;&gt; <br>&gt;&gt;&gt; edit: lib/Sema/CSSimplify.cpp<br>&gt;&gt;&gt; edit: test/Constraints/function.swift<br>&gt;&gt;&gt; <br>&gt;&gt;&gt; Commit 61a750adc60ad14f3097142a6663ff33d5e9c776 by max.howell:<br>&gt;&gt;&gt; getcwd() no longer throws<br>&gt;&gt;&gt; <br>&gt;&gt;&gt; edit: Sources/POSIX/getcwd.swift<br>&gt;&gt;&gt; edit: Sources/Multitool/directories.swift<br>&gt;&gt;&gt; edit: Sources/swift-build/main.swift<br>&gt;&gt;&gt; edit: Tests/Utility/PathTests.swift<br>&gt;&gt;&gt; edit: Sources/POSIX/mkdir.swift<br>&gt;&gt;&gt; edit: Sources/swift-build/initPackage.swift<br>&gt;&gt;&gt; edit: Sources/Utility/Path.swift<br>&gt;&gt;&gt; edit: Tests/Functional/Utilities.swift<br>&gt;&gt;&gt; <br>&gt;&gt;&gt; Commit 2ce8a1810994a5bc3809731c594f2f519b49a5a1 by max.howell:<br>&gt;&gt;&gt; Remove SWIFT_BUILD_TOOL and SPM_INSTALL_PATH<br>&gt;&gt;&gt; <br>&gt;&gt;&gt; edit: Utilities/bootstrap<br>&gt;&gt;&gt; edit: Sources/POSIX/system.swift<br>&gt;&gt;&gt; <br>&gt;&gt;&gt; Commit e4bff9d9168e431e9fb01c7b142a050c90cac925 by max.howell:<br>&gt;&gt;&gt; Can build with toolchain other than swift-build’s<br>&gt;&gt;&gt; <br>&gt;&gt;&gt; edit: Sources/swift-build/main.swift<br>&gt;&gt;&gt; edit: Utilities/bootstrap<br>&gt;&gt;&gt; edit: Sources/Build/Command.compile(SwiftModule).swift<br>&gt;&gt;&gt; edit: Sources/Build/Command.compile(ClangModule).swift<br>&gt;&gt;&gt; edit: Sources/Build/ToolProtocol.swift<br>&gt;&gt;&gt; edit: Sources/Utility/Path.swift<br>&gt;&gt;&gt; edit: Tests/Functional/Utilities.swift<br>&gt;&gt;&gt; add: Sources/Multitool/Toolchain.swift<br>&gt;&gt;&gt; edit: Tests/Functional/TestMiscellaneous.swift<br>&gt;&gt;&gt; edit: Tests/ManifestParser/ManifestTests.swift<br>&gt;&gt;&gt; delete: Sources/Utility/Toolchain.swift<br>&gt;&gt;&gt; edit: Sources/Build/describe().swift<br>&gt;&gt;&gt; edit: Tests/Transmute/ModuleTests.swift<br>&gt;&gt;&gt; edit: Sources/Multitool/build().swift<br>&gt;&gt;&gt; edit: Tests/Build/DescribeTests.swift<br>&gt;&gt;&gt; edit: Sources/POSIX/system.swift<br>&gt;&gt;&gt; edit: Sources/swift-build/xp.swift<br>&gt;&gt;&gt; edit: Sources/swift-build/usage.swift<br>&gt;&gt;&gt; edit: Sources/Build/Command.link().swift<br>&gt;&gt;&gt; edit: Sources/Multitool/Error.swift<br>&gt;&gt;&gt; edit: Sources/Build/misc.swift<br>&gt;&gt;&gt; add: Sources/swift-build/UserToolchain.swift<br>&gt;&gt;&gt; <br>&gt;&gt;&gt; Commit 1c3db5eab5759bdd3a087bb5f127648ea7869c8d by max.howell:<br>&gt;&gt;&gt; Add --release flag for bootstrap script<br>&gt;&gt;&gt; <br>&gt;&gt;&gt; edit: Utilities/bootstrap<br>&gt;&gt;&gt; <br>&gt;&gt;&gt; Commit 3e3460d996be6f7e383b8c49ea77d5c877cf93ee by max.howell:<br>&gt;&gt;&gt; Install release products when called /w --release<br>&gt;&gt;&gt; <br>&gt;&gt;&gt; edit: Utilities/bootstrap<br>&gt;&gt;&gt; <br>&gt;&gt;&gt; Commit a327aa9362642fd133d4fd80fe03ce237821b7e5 by todd.fiala:<br>&gt;&gt;&gt; Guard xunit result test class and test method name access to prevent<br>&gt;&gt;&gt; <br>&gt;&gt;&gt; edit: packages/Python/lldbsuite/test/xunit_formatter.py<br>&gt;&gt;&gt; Mishal Shah<br>&gt;&gt;&gt; _______________________________________________<br>&gt;&gt;&gt; swift-dev mailing list<br>&gt;&gt;&gt; swift-dev at swift.org &lt;mailto:swift-dev at swift.org&gt;<br>&gt;&gt;&gt; https://lists.swift.org/mailman/listinfo/swift-dev &lt;https://lists.swift.org/mailman/listinfo/swift-dev&gt;<br>&gt;&gt; <br>&gt; <br></p><p>-------------- next part --------------<br>An HTML attachment was scrubbed...<br>URL: &lt;https://lists.swift.org/pipermail/swift-dev/attachments/20160404/c525f3f8/attachment.html&gt;<br></p></div><ul class="comments"><li class="comment"><div class="avatar"><img src="https://www.gravatar.com/avatar/ae51ca494b37cc270597830da66f089f?s=50"></div><header><strong>[FAILURE] Swift Linux Package (Ubuntu 15.10) [#885]</strong> from <string>Max Howell</string> &lt;max.howell at apple.com&gt;<p>April  4, 2016 at 11:00:00am</p></header><div class="content"><p>Hopefully pushed a fix, but running the integration tests will take longer, have to build more stuff.<br></p><p>&gt; If you clone the repo I believe it has a README which describes how to run them.<br>&gt; <br>&gt;  - Daniel<br>&gt; <br>&gt;&gt; On Apr 4, 2016, at 11:07 AM, Max Howell &lt;max.howell at apple.com &lt;mailto:max.howell at apple.com&gt;&gt; wrote:<br>&gt;&gt; <br>&gt;&gt; Failing in the integration tests.<br>&gt;&gt; <br>&gt;&gt; Seemingly these don’t run for SwiftPM CI ?<br>&gt;&gt; <br>&gt;&gt; I’m not 100% sure how to run them locally even.<br>&gt;&gt; <br>&gt;&gt;&gt; +Max<br>&gt;&gt;&gt; <br>&gt;&gt;&gt;&gt; On Apr 3, 2016, at 1:20 PM, Mishal Shah via swift-dev &lt;swift-dev at swift.org &lt;mailto:swift-dev at swift.org&gt;&gt; wrote:<br>&gt;&gt;&gt;&gt; <br>&gt;&gt;&gt;&gt; Hi,<br>&gt;&gt;&gt;&gt; <br>&gt;&gt;&gt;&gt; Linux package bots started failing after these commits, which is causing pull request testing to fail. <br>&gt;&gt;&gt;&gt; <br>&gt;&gt;&gt;&gt; Thanks, <br>&gt;&gt;&gt;&gt; Mishal Shah<br>&gt;&gt;&gt;&gt; [FAILURE] oss-swift-package-linux-ubuntu-15_10 [#885]<br>&gt;&gt;&gt;&gt; <br>&gt;&gt;&gt;&gt; Build URL:	https://ci.swift.org/job/oss-swift-package-linux-ubuntu-15_10/885/ &lt;https://ci.swift.org/job/oss-swift-package-linux-ubuntu-15_10/885/&gt;<br>&gt;&gt;&gt;&gt; Project:	oss-swift-package-linux-ubuntu-15_10<br>&gt;&gt;&gt;&gt; Date of build:	Fri, 01 Apr 2016 19:46:53 -0700<br>&gt;&gt;&gt;&gt; Build duration:	15 min<br>&gt;&gt;&gt;&gt; Identified problems:<br>&gt;&gt;&gt;&gt; <br>&gt;&gt;&gt;&gt; Compile Error: This build failed because of a compile error. Below is a list of all errors in the build log:<br>&gt;&gt;&gt;&gt; Indication 1 &lt;https://ci.swift.org//job/oss-swift-package-linux-ubuntu-15_10/885/consoleFull#-245262329ee1a197b-acac-4b17-83cf-a53b95139a76&gt;<br>&gt;&gt;&gt;&gt; Regression test failed: This build failed because a regression test in the test suite FAILed. Below is a list of all errors:<br>&gt;&gt;&gt;&gt; Indication 1 &lt;https://ci.swift.org//job/oss-swift-package-linux-ubuntu-15_10/885/consoleFull#1435579392fca400bf-2f4a-462e-b517-e058d770b2d7&gt;<br>&gt;&gt;&gt;&gt; Changes<br>&gt;&gt;&gt;&gt; <br>&gt;&gt;&gt;&gt; Commit 28515222052fc74b00f8ae1442ee6bfaf3d9db88 by practicalswift:<br>&gt;&gt;&gt;&gt; [swiftc] Add test case for crash triggered in<br>&gt;&gt;&gt;&gt; <br>&gt;&gt;&gt;&gt; add: validation-test/compiler_crashers/28284-swift-cantype-isreferencetypeimpl.swift<br>&gt;&gt;&gt;&gt; <br>&gt;&gt;&gt;&gt; Commit af831051a10761441226b52cf5536ea2442dbc24 by dan:<br>&gt;&gt;&gt;&gt; Add using statements to improve readability and DRY<br>&gt;&gt;&gt;&gt; <br>&gt;&gt;&gt;&gt; edit: lib/IDE/CodeCompletion.cpp<br>&gt;&gt;&gt;&gt; <br>&gt;&gt;&gt;&gt; Commit dd124ae4e9fed2507887ccf11e5cc76c49ab5031 by eeckstein:<br>&gt;&gt;&gt;&gt; Add SILCombine+SimplifyCFG passes between the ClosureSpecializer (and<br>&gt;&gt;&gt;&gt; <br>&gt;&gt;&gt;&gt; edit: test/SILOptimizer/devirt_single_module_in_multiple_files.swift<br>&gt;&gt;&gt;&gt; edit: lib/SILOptimizer/PassManager/Passes.cpp<br>&gt;&gt;&gt;&gt; add: test/SILOptimizer/closure_spec_and_inline.swift<br>&gt;&gt;&gt;&gt; <br>&gt;&gt;&gt;&gt; Commit 1872a4ee2809a6431f8d81f50c3946a776d9c29c by spestov:<br>&gt;&gt;&gt;&gt; AST: @_versioned types and storage are resilient<br>&gt;&gt;&gt;&gt; <br>&gt;&gt;&gt;&gt; edit: lib/AST/Decl.cpp<br>&gt;&gt;&gt;&gt; edit: test/SILGen/struct_resilience.swift<br>&gt;&gt;&gt;&gt; edit: validation-test/Evolution/Inputs/global_change_size.swift<br>&gt;&gt;&gt;&gt; edit: lib/AST/DeclContext.cpp<br>&gt;&gt;&gt;&gt; edit: lib/IRGen/GenDecl.cpp<br>&gt;&gt;&gt;&gt; edit: validation-test/Evolution/test_global_change_size.swift<br>&gt;&gt;&gt;&gt; <br>&gt;&gt;&gt;&gt; Commit 0969f273d60aa744b0c4a9e264e304fbe05e923c by spestov:<br>&gt;&gt;&gt;&gt; benchmark: Respect the SWIFT_DARWIN_XCRUN_TOOLCHAIN build setting<br>&gt;&gt;&gt;&gt; <br>&gt;&gt;&gt;&gt; edit: benchmark/CMakeLists.txt<br>&gt;&gt;&gt;&gt; <br>&gt;&gt;&gt;&gt; Commit 40e084ef727fa747bf7819f1c5bb1504916bf5f8 by cwillmore:<br>&gt;&gt;&gt;&gt; Fix passing of structurable tuple to single Any param.<br>&gt;&gt;&gt;&gt; <br>&gt;&gt;&gt;&gt; edit: lib/Sema/CSSimplify.cpp<br>&gt;&gt;&gt;&gt; edit: test/Constraints/function.swift<br>&gt;&gt;&gt;&gt; <br>&gt;&gt;&gt;&gt; Commit 61a750adc60ad14f3097142a6663ff33d5e9c776 by max.howell:<br>&gt;&gt;&gt;&gt; getcwd() no longer throws<br>&gt;&gt;&gt;&gt; <br>&gt;&gt;&gt;&gt; edit: Sources/POSIX/getcwd.swift<br>&gt;&gt;&gt;&gt; edit: Sources/Multitool/directories.swift<br>&gt;&gt;&gt;&gt; edit: Sources/swift-build/main.swift<br>&gt;&gt;&gt;&gt; edit: Tests/Utility/PathTests.swift<br>&gt;&gt;&gt;&gt; edit: Sources/POSIX/mkdir.swift<br>&gt;&gt;&gt;&gt; edit: Sources/swift-build/initPackage.swift<br>&gt;&gt;&gt;&gt; edit: Sources/Utility/Path.swift<br>&gt;&gt;&gt;&gt; edit: Tests/Functional/Utilities.swift<br>&gt;&gt;&gt;&gt; <br>&gt;&gt;&gt;&gt; Commit 2ce8a1810994a5bc3809731c594f2f519b49a5a1 by max.howell:<br>&gt;&gt;&gt;&gt; Remove SWIFT_BUILD_TOOL and SPM_INSTALL_PATH<br>&gt;&gt;&gt;&gt; <br>&gt;&gt;&gt;&gt; edit: Utilities/bootstrap<br>&gt;&gt;&gt;&gt; edit: Sources/POSIX/system.swift<br>&gt;&gt;&gt;&gt; <br>&gt;&gt;&gt;&gt; Commit e4bff9d9168e431e9fb01c7b142a050c90cac925 by max.howell:<br>&gt;&gt;&gt;&gt; Can build with toolchain other than swift-build’s<br>&gt;&gt;&gt;&gt; <br>&gt;&gt;&gt;&gt; edit: Sources/swift-build/main.swift<br>&gt;&gt;&gt;&gt; edit: Utilities/bootstrap<br>&gt;&gt;&gt;&gt; edit: Sources/Build/Command.compile(SwiftModule).swift<br>&gt;&gt;&gt;&gt; edit: Sources/Build/Command.compile(ClangModule).swift<br>&gt;&gt;&gt;&gt; edit: Sources/Build/ToolProtocol.swift<br>&gt;&gt;&gt;&gt; edit: Sources/Utility/Path.swift<br>&gt;&gt;&gt;&gt; edit: Tests/Functional/Utilities.swift<br>&gt;&gt;&gt;&gt; add: Sources/Multitool/Toolchain.swift<br>&gt;&gt;&gt;&gt; edit: Tests/Functional/TestMiscellaneous.swift<br>&gt;&gt;&gt;&gt; edit: Tests/ManifestParser/ManifestTests.swift<br>&gt;&gt;&gt;&gt; delete: Sources/Utility/Toolchain.swift<br>&gt;&gt;&gt;&gt; edit: Sources/Build/describe().swift<br>&gt;&gt;&gt;&gt; edit: Tests/Transmute/ModuleTests.swift<br>&gt;&gt;&gt;&gt; edit: Sources/Multitool/build().swift<br>&gt;&gt;&gt;&gt; edit: Tests/Build/DescribeTests.swift<br>&gt;&gt;&gt;&gt; edit: Sources/POSIX/system.swift<br>&gt;&gt;&gt;&gt; edit: Sources/swift-build/xp.swift<br>&gt;&gt;&gt;&gt; edit: Sources/swift-build/usage.swift<br>&gt;&gt;&gt;&gt; edit: Sources/Build/Command.link().swift<br>&gt;&gt;&gt;&gt; edit: Sources/Multitool/Error.swift<br>&gt;&gt;&gt;&gt; edit: Sources/Build/misc.swift<br>&gt;&gt;&gt;&gt; add: Sources/swift-build/UserToolchain.swift<br>&gt;&gt;&gt;&gt; <br>&gt;&gt;&gt;&gt; Commit 1c3db5eab5759bdd3a087bb5f127648ea7869c8d by max.howell:<br>&gt;&gt;&gt;&gt; Add --release flag for bootstrap script<br>&gt;&gt;&gt;&gt; <br>&gt;&gt;&gt;&gt; edit: Utilities/bootstrap<br>&gt;&gt;&gt;&gt; <br>&gt;&gt;&gt;&gt; Commit 3e3460d996be6f7e383b8c49ea77d5c877cf93ee by max.howell:<br>&gt;&gt;&gt;&gt; Install release products when called /w --release<br>&gt;&gt;&gt;&gt; <br>&gt;&gt;&gt;&gt; edit: Utilities/bootstrap<br>&gt;&gt;&gt;&gt; <br>&gt;&gt;&gt;&gt; Commit a327aa9362642fd133d4fd80fe03ce237821b7e5 by todd.fiala:<br>&gt;&gt;&gt;&gt; Guard xunit result test class and test method name access to prevent<br>&gt;&gt;&gt;&gt; <br>&gt;&gt;&gt;&gt; edit: packages/Python/lldbsuite/test/xunit_formatter.py<br>&gt;&gt;&gt;&gt; Mishal Shah<br>&gt;&gt;&gt;&gt; _______________________________________________<br>&gt;&gt;&gt;&gt; swift-dev mailing list<br>&gt;&gt;&gt;&gt; swift-dev at swift.org &lt;mailto:swift-dev at swift.org&gt;<br>&gt;&gt;&gt;&gt; https://lists.swift.org/mailman/listinfo/swift-dev &lt;https://lists.swift.org/mailman/listinfo/swift-dev&gt;<br>&gt;&gt;&gt; <br>&gt;&gt; <br>&gt; <br></p><p>-------------- next part --------------<br>An HTML attachment was scrubbed...<br>URL: &lt;https://lists.swift.org/pipermail/swift-dev/attachments/20160404/f29e7405/attachment.html&gt;<br></p></div><ul class="comments"><li class="comment"><div class="avatar"><img src="https://www.gravatar.com/avatar/231cec2cc45a272aa5b341b413fdc2ed?s=50"></div><header><strong>[FAILURE] Swift Linux Package (Ubuntu 15.10) [#885]</strong> from <string>Mishal Shah</string> &lt;shahmishal at gmail.com&gt;<p>April  4, 2016 at 01:00:00pm</p></header><div class="content"><p>Thanks Max all of the Ubuntu test failures are fixed, now we are seeing<br>only OS X bot failing.<br></p><p>https://ci.swift.org/view/Packages/job/oss-swift-package-osx/1205/consoleFull#1402544572fca400bf-2f4a-462e-b517-e058d770b2d7<br></p><p>Failing Tests (1):<br>    swift-package-tests :: swift-build-self-host.py<br></p><p>  Expected Passes    : 7<br>  Unsupported Tests  : 8<br>  Unexpected Failures: 1<br></p><p>Thanks,<br>Mishal Shah<br></p><p>Mishal Shah<br></p><p>On Mon, Apr 4, 2016 at 11:49 AM, Max Howell &lt;max.howell at apple.com&gt; wrote:<br></p><p>&gt; Hopefully pushed a fix, but running the integration tests will take<br>&gt; longer, have to build more stuff.<br>&gt;<br>&gt; If you clone the repo I believe it has a README which describes how to run<br>&gt; them.<br>&gt;<br>&gt;  - Daniel<br>&gt;<br>&gt; On Apr 4, 2016, at 11:07 AM, Max Howell &lt;max.howell at apple.com&gt; wrote:<br>&gt;<br>&gt; Failing in the integration tests.<br>&gt;<br>&gt; Seemingly these don’t run for SwiftPM CI ?<br>&gt;<br>&gt; I’m not 100% sure how to run them locally even.<br>&gt;<br>&gt; +Max<br>&gt;<br>&gt; On Apr 3, 2016, at 1:20 PM, Mishal Shah via swift-dev &lt;swift-dev at swift.org&gt;<br>&gt; wrote:<br>&gt;<br>&gt; Hi,<br>&gt;<br>&gt; Linux package bots started failing after these commits, which is causing<br>&gt; pull request testing to fail.<br>&gt;<br>&gt; Thanks,<br>&gt; Mishal Shah<br>&gt; [FAILURE] oss-swift-package-linux-ubuntu-15_10 [#885]<br>&gt; Build URL:<br>&gt; https://ci.swift.org/job/oss-swift-package-linux-ubuntu-15_10/885/<br>&gt; Project: oss-swift-package-linux-ubuntu-15_10<br>&gt; Date of build: Fri, 01 Apr 2016 19:46:53 -0700<br>&gt; Build duration: 15 minIdentified problems:<br>&gt;<br>&gt;    - Compile Error: This build failed because of a compile error. Below<br>&gt;    is a list of all errors in the build log:<br>&gt;       - Indication 1<br>&gt;       &lt;https://ci.swift.org//job/oss-swift-package-linux-ubuntu-15_10/885/consoleFull#-245262329ee1a197b-acac-4b17-83cf-a53b95139a76&gt;<br>&gt;    - Regression test failed: This build failed because a regression test<br>&gt;    in the test suite FAILed. Below is a list of all errors:<br>&gt;       - Indication 1<br>&gt;       &lt;https://ci.swift.org//job/oss-swift-package-linux-ubuntu-15_10/885/consoleFull#1435579392fca400bf-2f4a-462e-b517-e058d770b2d7&gt;<br>&gt;<br>&gt;<br>&gt; Changes<br>&gt;<br>&gt;    - Commit *28515222052fc74b00f8ae1442ee6bfaf3d9db88* by<br>&gt;    *practicalswift:*<br>&gt;<br>&gt;    [swiftc] Add test case for crash triggered in<br>&gt;    - *add*:<br>&gt;       validation-test/compiler_crashers/28284-swift-cantype-isreferencetypeimpl.swift<br>&gt;<br>&gt;    - Commit *af831051a10761441226b52cf5536ea2442dbc24* by *dan:*<br>&gt;<br>&gt;    Add using statements to improve readability and DRY<br>&gt;    - *edit*: lib/IDE/CodeCompletion.cpp<br>&gt;<br>&gt;    - Commit *dd124ae4e9fed2507887ccf11e5cc76c49ab5031* by *eeckstein:*<br>&gt;<br>&gt;    Add SILCombine+SimplifyCFG passes between the ClosureSpecializer (and<br>&gt;    - *edit*:<br>&gt;       test/SILOptimizer/devirt_single_module_in_multiple_files.swift<br>&gt;       - *edit*: lib/SILOptimizer/PassManager/Passes.cpp<br>&gt;       - *add*: test/SILOptimizer/closure_spec_and_inline.swift<br>&gt;<br>&gt;    - Commit *1872a4ee2809a6431f8d81f50c3946a776d9c29c* by *spestov:*<br>&gt;<br>&gt;    AST: @_versioned types and storage are resilient<br>&gt;    - *edit*: lib/AST/Decl.cpp<br>&gt;       - *edit*: test/SILGen/struct_resilience.swift<br>&gt;       - *edit*: validation-test/Evolution/Inputs/global_change_size.swift<br>&gt;       - *edit*: lib/AST/DeclContext.cpp<br>&gt;       - *edit*: lib/IRGen/GenDecl.cpp<br>&gt;       - *edit*: validation-test/Evolution/test_global_change_size.swift<br>&gt;<br>&gt;    - Commit *0969f273d60aa744b0c4a9e264e304fbe05e923c* by *spestov:*<br>&gt;<br>&gt;    benchmark: Respect the SWIFT_DARWIN_XCRUN_TOOLCHAIN build setting<br>&gt;    - *edit*: benchmark/CMakeLists.txt<br>&gt;<br>&gt;    - Commit *40e084ef727fa747bf7819f1c5bb1504916bf5f8* by *cwillmore:*<br>&gt;<br>&gt;    Fix passing of structurable tuple to single Any param.<br>&gt;    - *edit*: lib/Sema/CSSimplify.cpp<br>&gt;       - *edit*: test/Constraints/function.swift<br>&gt;<br>&gt;    - Commit *61a750adc60ad14f3097142a6663ff33d5e9c776* by *max.howell:*<br>&gt;<br>&gt;    getcwd() no longer throws<br>&gt;    - *edit*: Sources/POSIX/getcwd.swift<br>&gt;       - *edit*: Sources/Multitool/directories.swift<br>&gt;       - *edit*: Sources/swift-build/main.swift<br>&gt;       - *edit*: Tests/Utility/PathTests.swift<br>&gt;       - *edit*: Sources/POSIX/mkdir.swift<br>&gt;       - *edit*: Sources/swift-build/initPackage.swift<br>&gt;       - *edit*: Sources/Utility/Path.swift<br>&gt;       - *edit*: Tests/Functional/Utilities.swift<br>&gt;<br>&gt;    - Commit *2ce8a1810994a5bc3809731c594f2f519b49a5a1* by *max.howell:*<br>&gt;<br>&gt;    Remove SWIFT_BUILD_TOOL and SPM_INSTALL_PATH<br>&gt;    - *edit*: Utilities/bootstrap<br>&gt;       - *edit*: Sources/POSIX/system.swift<br>&gt;<br>&gt;    - Commit *e4bff9d9168e431e9fb01c7b142a050c90cac925* by *max.howell:*<br>&gt;<br>&gt;    Can build with toolchain other than swift-build’s<br>&gt;    - *edit*: Sources/swift-build/main.swift<br>&gt;       - *edit*: Utilities/bootstrap<br>&gt;       - *edit*: Sources/Build/Command.compile(SwiftModule).swift<br>&gt;       - *edit*: Sources/Build/Command.compile(ClangModule).swift<br>&gt;       - *edit*: Sources/Build/ToolProtocol.swift<br>&gt;       - *edit*: Sources/Utility/Path.swift<br>&gt;       - *edit*: Tests/Functional/Utilities.swift<br>&gt;       - *add*: Sources/Multitool/Toolchain.swift<br>&gt;       - *edit*: Tests/Functional/TestMiscellaneous.swift<br>&gt;       - *edit*: Tests/ManifestParser/ManifestTests.swift<br>&gt;       - *delete*: Sources/Utility/Toolchain.swift<br>&gt;       - *edit*: Sources/Build/describe().swift<br>&gt;       - *edit*: Tests/Transmute/ModuleTests.swift<br>&gt;       - *edit*: Sources/Multitool/build().swift<br>&gt;       - *edit*: Tests/Build/DescribeTests.swift<br>&gt;       - *edit*: Sources/POSIX/system.swift<br>&gt;       - *edit*: Sources/swift-build/xp.swift<br>&gt;       - *edit*: Sources/swift-build/usage.swift<br>&gt;       - *edit*: Sources/Build/Command.link().swift<br>&gt;       - *edit*: Sources/Multitool/Error.swift<br>&gt;       - *edit*: Sources/Build/misc.swift<br>&gt;       - *add*: Sources/swift-build/UserToolchain.swift<br>&gt;<br>&gt;    - Commit *1c3db5eab5759bdd3a087bb5f127648ea7869c8d* by *max.howell:*<br>&gt;<br>&gt;    Add --release flag for bootstrap script<br>&gt;    - *edit*: Utilities/bootstrap<br>&gt;<br>&gt;    - Commit *3e3460d996be6f7e383b8c49ea77d5c877cf93ee* by *max.howell:*<br>&gt;<br>&gt;    Install release products when called /w --release<br>&gt;    - *edit*: Utilities/bootstrap<br>&gt;<br>&gt;    - Commit *a327aa9362642fd133d4fd80fe03ce237821b7e5* by *todd.fiala:*<br>&gt;<br>&gt;    Guard xunit result test class and test method name access to prevent<br>&gt;    - *edit*: packages/Python/lldbsuite/test/xunit_formatter.py<br>&gt;<br>&gt; Mishal Shah<br>&gt; _______________________________________________<br>&gt; swift-dev mailing list<br>&gt; swift-dev at swift.org<br>&gt; https://lists.swift.org/mailman/listinfo/swift-dev<br>&gt;<br>&gt;<br>&gt;<br>&gt;<br>&gt;<br>&gt;<br>-------------- next part --------------<br>An HTML attachment was scrubbed...<br>URL: &lt;https://lists.swift.org/pipermail/swift-dev/attachments/20160404/65df8ed8/attachment.html&gt;<br></p></div><ul class="comments"><li class="comment"><div class="avatar"><img src="https://www.gravatar.com/avatar/e2303da56647c283b6d8e58d5831faca?s=50"></div><header><strong>[FAILURE] Swift Linux Package (Ubuntu 15.10) [#885]</strong> from <string>Joseph Bell</string> &lt;joe at iachieved.it&gt;<p>April  4, 2016 at 06:00:00pm</p></header><div class="content"><p>Interesting, I am still seeing the Ubuntu 14.04 failing on the integration<br>tests:  repl/test-repl-glibc.py<br></p><p>Failure:<br>Welcome to Swift version 3.0-dev (LLVM 807b21219f, Clang fa83172882, Swift<br>9976eff891). Type :help for assistance.<br>  1&gt; import Glibc<br>error: repl.swift:1:8: error: missing required module &#39;SwiftGlibc&#39;<br>import Glibc<br></p><p><br>Hashes:<br>➜  package-swift-3.0 git:(swift-3.0) ✗ swift swiftrevs.swift<br>swift:9976eff891<br>llvm:807b21219f<br>clang:fa83172882<br>lldb:ffd1e2204d<br>cmark:5af77f3c1d<br>llbuild:368256dec4<br>swiftpm:4d9b1b71db<br>swift-corelibs-xctest:e74dea1f26<br>swift-corelibs-foundation:d1643b5b6d<br>swift-integration-tests:b92e71691c<br></p><p>To be sure, this is a new failure I haven&#39;t previously seen when using the<br>&quot;package&quot; buildbots.  Can anyone else build on 14.04 from the ground up?<br></p><p>Joe<br></p><p><br></p><p><br></p><p><br>On Mon, Apr 4, 2016 at 3:25 PM, Mishal Shah via swift-dev &lt;<br>swift-dev at swift.org&gt; wrote:<br></p><p>&gt; Thanks Max all of the Ubuntu test failures are fixed, now we are seeing<br>&gt; only OS X bot failing.<br>&gt;<br>&gt;<br>&gt; https://ci.swift.org/view/Packages/job/oss-swift-package-osx/1205/consoleFull#1402544572fca400bf-2f4a-462e-b517-e058d770b2d7<br>&gt;<br>&gt; Failing Tests (1):<br>&gt;     swift-package-tests :: swift-build-self-host.py<br>&gt;<br>&gt;   Expected Passes    : 7<br>&gt;   Unsupported Tests  : 8<br>&gt;   Unexpected Failures: 1<br>&gt;<br>&gt; Thanks,<br>&gt; Mishal Shah<br>&gt;<br>&gt; Mishal Shah<br>&gt;<br>&gt; On Mon, Apr 4, 2016 at 11:49 AM, Max Howell &lt;max.howell at apple.com&gt; wrote:<br>&gt;<br>&gt;&gt; Hopefully pushed a fix, but running the integration tests will take<br>&gt;&gt; longer, have to build more stuff.<br>&gt;&gt;<br>&gt;&gt; If you clone the repo I believe it has a README which describes how to<br>&gt;&gt; run them.<br>&gt;&gt;<br>&gt;&gt;  - Daniel<br>&gt;&gt;<br>&gt;&gt; On Apr 4, 2016, at 11:07 AM, Max Howell &lt;max.howell at apple.com&gt; wrote:<br>&gt;&gt;<br>&gt;&gt; Failing in the integration tests.<br>&gt;&gt;<br>&gt;&gt; Seemingly these don’t run for SwiftPM CI ?<br>&gt;&gt;<br>&gt;&gt; I’m not 100% sure how to run them locally even.<br>&gt;&gt;<br>&gt;&gt; +Max<br>&gt;&gt;<br>&gt;&gt; On Apr 3, 2016, at 1:20 PM, Mishal Shah via swift-dev &lt;<br>&gt;&gt; swift-dev at swift.org&gt; wrote:<br>&gt;&gt;<br>&gt;&gt; Hi,<br>&gt;&gt;<br>&gt;&gt; Linux package bots started failing after these commits, which is causing<br>&gt;&gt; pull request testing to fail.<br>&gt;&gt;<br>&gt;&gt; Thanks,<br>&gt;&gt; Mishal Shah<br>&gt;&gt; [FAILURE] oss-swift-package-linux-ubuntu-15_10 [#885]<br>&gt;&gt; Build URL:<br>&gt;&gt; https://ci.swift.org/job/oss-swift-package-linux-ubuntu-15_10/885/<br>&gt;&gt; Project: oss-swift-package-linux-ubuntu-15_10<br>&gt;&gt; Date of build: Fri, 01 Apr 2016 19:46:53 -0700<br>&gt;&gt; Build duration: 15 minIdentified problems:<br>&gt;&gt;<br>&gt;&gt;    - Compile Error: This build failed because of a compile error. Below<br>&gt;&gt;    is a list of all errors in the build log:<br>&gt;&gt;       - Indication 1<br>&gt;&gt;       &lt;https://ci.swift.org//job/oss-swift-package-linux-ubuntu-15_10/885/consoleFull#-245262329ee1a197b-acac-4b17-83cf-a53b95139a76&gt;<br>&gt;&gt;    - Regression test failed: This build failed because a regression test<br>&gt;&gt;    in the test suite FAILed. Below is a list of all errors:<br>&gt;&gt;       - Indication 1<br>&gt;&gt;       &lt;https://ci.swift.org//job/oss-swift-package-linux-ubuntu-15_10/885/consoleFull#1435579392fca400bf-2f4a-462e-b517-e058d770b2d7&gt;<br>&gt;&gt;<br>&gt;&gt;<br>&gt;&gt; Changes<br>&gt;&gt;<br>&gt;&gt;    - Commit *28515222052fc74b00f8ae1442ee6bfaf3d9db88* by<br>&gt;&gt;    *practicalswift:*<br>&gt;&gt;<br>&gt;&gt;    [swiftc] Add test case for crash triggered in<br>&gt;&gt;    - *add*:<br>&gt;&gt;       validation-test/compiler_crashers/28284-swift-cantype-isreferencetypeimpl.swift<br>&gt;&gt;<br>&gt;&gt;    - Commit *af831051a10761441226b52cf5536ea2442dbc24* by *dan:*<br>&gt;&gt;<br>&gt;&gt;    Add using statements to improve readability and DRY<br>&gt;&gt;    - *edit*: lib/IDE/CodeCompletion.cpp<br>&gt;&gt;<br>&gt;&gt;    - Commit *dd124ae4e9fed2507887ccf11e5cc76c49ab5031* by *eeckstein:*<br>&gt;&gt;<br>&gt;&gt;    Add SILCombine+SimplifyCFG passes between the ClosureSpecializer (and<br>&gt;&gt;    - *edit*:<br>&gt;&gt;       test/SILOptimizer/devirt_single_module_in_multiple_files.swift<br>&gt;&gt;       - *edit*: lib/SILOptimizer/PassManager/Passes.cpp<br>&gt;&gt;       - *add*: test/SILOptimizer/closure_spec_and_inline.swift<br>&gt;&gt;<br>&gt;&gt;    - Commit *1872a4ee2809a6431f8d81f50c3946a776d9c29c* by *spestov:*<br>&gt;&gt;<br>&gt;&gt;    AST: @_versioned types and storage are resilient<br>&gt;&gt;    - *edit*: lib/AST/Decl.cpp<br>&gt;&gt;       - *edit*: test/SILGen/struct_resilience.swift<br>&gt;&gt;       - *edit*: validation-test/Evolution/Inputs/global_change_size.swift<br>&gt;&gt;       - *edit*: lib/AST/DeclContext.cpp<br>&gt;&gt;       - *edit*: lib/IRGen/GenDecl.cpp<br>&gt;&gt;       - *edit*: validation-test/Evolution/test_global_change_size.swift<br>&gt;&gt;<br>&gt;&gt;    - Commit *0969f273d60aa744b0c4a9e264e304fbe05e923c* by *spestov:*<br>&gt;&gt;<br>&gt;&gt;    benchmark: Respect the SWIFT_DARWIN_XCRUN_TOOLCHAIN build setting<br>&gt;&gt;    - *edit*: benchmark/CMakeLists.txt<br>&gt;&gt;<br>&gt;&gt;    - Commit *40e084ef727fa747bf7819f1c5bb1504916bf5f8* by *cwillmore:*<br>&gt;&gt;<br>&gt;&gt;    Fix passing of structurable tuple to single Any param.<br>&gt;&gt;    - *edit*: lib/Sema/CSSimplify.cpp<br>&gt;&gt;       - *edit*: test/Constraints/function.swift<br>&gt;&gt;<br>&gt;&gt;    - Commit *61a750adc60ad14f3097142a6663ff33d5e9c776* by *max.howell:*<br>&gt;&gt;<br>&gt;&gt;    getcwd() no longer throws<br>&gt;&gt;    - *edit*: Sources/POSIX/getcwd.swift<br>&gt;&gt;       - *edit*: Sources/Multitool/directories.swift<br>&gt;&gt;       - *edit*: Sources/swift-build/main.swift<br>&gt;&gt;       - *edit*: Tests/Utility/PathTests.swift<br>&gt;&gt;       - *edit*: Sources/POSIX/mkdir.swift<br>&gt;&gt;       - *edit*: Sources/swift-build/initPackage.swift<br>&gt;&gt;       - *edit*: Sources/Utility/Path.swift<br>&gt;&gt;       - *edit*: Tests/Functional/Utilities.swift<br>&gt;&gt;<br>&gt;&gt;    - Commit *2ce8a1810994a5bc3809731c594f2f519b49a5a1* by *max.howell:*<br>&gt;&gt;<br>&gt;&gt;    Remove SWIFT_BUILD_TOOL and SPM_INSTALL_PATH<br>&gt;&gt;    - *edit*: Utilities/bootstrap<br>&gt;&gt;       - *edit*: Sources/POSIX/system.swift<br>&gt;&gt;<br>&gt;&gt;    - Commit *e4bff9d9168e431e9fb01c7b142a050c90cac925* by *max.howell:*<br>&gt;&gt;<br>&gt;&gt;    Can build with toolchain other than swift-build’s<br>&gt;&gt;    - *edit*: Sources/swift-build/main.swift<br>&gt;&gt;       - *edit*: Utilities/bootstrap<br>&gt;&gt;       - *edit*: Sources/Build/Command.compile(SwiftModule).swift<br>&gt;&gt;       - *edit*: Sources/Build/Command.compile(ClangModule).swift<br>&gt;&gt;       - *edit*: Sources/Build/ToolProtocol.swift<br>&gt;&gt;       - *edit*: Sources/Utility/Path.swift<br>&gt;&gt;       - *edit*: Tests/Functional/Utilities.swift<br>&gt;&gt;       - *add*: Sources/Multitool/Toolchain.swift<br>&gt;&gt;       - *edit*: Tests/Functional/TestMiscellaneous.swift<br>&gt;&gt;       - *edit*: Tests/ManifestParser/ManifestTests.swift<br>&gt;&gt;       - *delete*: Sources/Utility/Toolchain.swift<br>&gt;&gt;       - *edit*: Sources/Build/describe().swift<br>&gt;&gt;       - *edit*: Tests/Transmute/ModuleTests.swift<br>&gt;&gt;       - *edit*: Sources/Multitool/build().swift<br>&gt;&gt;       - *edit*: Tests/Build/DescribeTests.swift<br>&gt;&gt;       - *edit*: Sources/POSIX/system.swift<br>&gt;&gt;       - *edit*: Sources/swift-build/xp.swift<br>&gt;&gt;       - *edit*: Sources/swift-build/usage.swift<br>&gt;&gt;       - *edit*: Sources/Build/Command.link().swift<br>&gt;&gt;       - *edit*: Sources/Multitool/Error.swift<br>&gt;&gt;       - *edit*: Sources/Build/misc.swift<br>&gt;&gt;       - *add*: Sources/swift-build/UserToolchain.swift<br>&gt;&gt;<br>&gt;&gt;    - Commit *1c3db5eab5759bdd3a087bb5f127648ea7869c8d* by *max.howell:*<br>&gt;&gt;<br>&gt;&gt;    Add --release flag for bootstrap script<br>&gt;&gt;    - *edit*: Utilities/bootstrap<br>&gt;&gt;<br>&gt;&gt;    - Commit *3e3460d996be6f7e383b8c49ea77d5c877cf93ee* by *max.howell:*<br>&gt;&gt;<br>&gt;&gt;    Install release products when called /w --release<br>&gt;&gt;    - *edit*: Utilities/bootstrap<br>&gt;&gt;<br>&gt;&gt;    - Commit *a327aa9362642fd133d4fd80fe03ce237821b7e5* by *todd.fiala:*<br>&gt;&gt;<br>&gt;&gt;    Guard xunit result test class and test method name access to prevent<br>&gt;&gt;    - *edit*: packages/Python/lldbsuite/test/xunit_formatter.py<br>&gt;&gt;<br>&gt;&gt; Mishal Shah<br>&gt;&gt; _______________________________________________<br>&gt;&gt; swift-dev mailing list<br>&gt;&gt; swift-dev at swift.org<br>&gt;&gt; https://lists.swift.org/mailman/listinfo/swift-dev<br>&gt;&gt;<br>&gt;&gt;<br>&gt;&gt;<br>&gt;&gt;<br>&gt;&gt;<br>&gt;&gt;<br>&gt;<br>&gt; _______________________________________________<br>&gt; swift-dev mailing list<br>&gt; swift-dev at swift.org<br>&gt; https://lists.swift.org/mailman/listinfo/swift-dev<br>&gt;<br>&gt;<br></p><p><br>-- <br>---<br>http://dev.iachieved.it/iachievedit/<br>@iachievedit<br>-------------- next part --------------<br>An HTML attachment was scrubbed...<br>URL: &lt;https://lists.swift.org/pipermail/swift-dev/attachments/20160404/70d88536/attachment.html&gt;<br></p></div></li></ul></li></ul></li></ul></li></ul></li></ul></li></ul></li></ul></div>    </main>
    <script src="/js/app-c283ee129de63ad743722e9511e67a5d.js?vsn=d"></script>
  </body>
  <footer>
    <p>Swift and the Swift logo are trademarks of Apple Inc.</p>
  </footer>
</html>
