<!DOCTYPE html>
<html lang="en">
  <head>
    <meta charset="utf-8">
    <meta http-equiv="X-UA-Compatible" content="IE=edge">
    <meta name="viewport" content="width=device-width, initial-scale=1">
    <meta name="description" content="">
    <meta name="author" content="">

    <title>Swift Mailing List Archive</title>
    <link rel="stylesheet" href="/css/app-13f065ae5e595562a5022c544e3b976c.css">
  </head>

  <body>
    <div class="container">
      <header class="header">
        <img src="/images/swift-d0237fc716ba0932a940049990beba1b.svg" height="70">
      </header>

      <p class="alert alert-info" role="alert"></p>
      <p class="alert alert-danger" role="alert"></p>

    </div> <!-- /container -->
    <main role="main">
<div class="comment-wrapper"><ul class="comments"><li class="comment"><div class="avatar"><img src="https://www.gravatar.com/avatar/d84e3106fff0d257cc5a95ca9ea44405?s=50"></div><header><strong>Build errors</strong> from <string>George King</string> &lt;george.w.king at gmail.com&gt;<p>March 23, 2016 at 12:00:00pm</p></header><div class="content"><p>Hello,<br></p><p>In an effort to isolate a different bug, I&#39;m trying to build HEAD of master, and have encountered what looks to be a configuration error. Can somebody please point me in the right direction?<br></p><p>Here is the relevant build output - I can post a complete log if it would help. There are many &quot;incomplete definition&quot; errors; below is the first one.<br></p><p>Thanks! -george<br></p><p><br>swift/utils/build-script: using preset &#39;rel-dbg&#39;, which expands to swift/utils/build-script --release-debuginfo --<br>Building the standard library for: swift-stdlib-macosx-x86_64<br>Running Swift tests for: check-swift-macosx-x86_64<br></p><p><br>-- Build files have been written to: /Users/gwk/external/swift/_build/Ninja-RelWithDebInfoAssert/swift-macosx-x86_64<br>++ cmake_config_opt swift<br>++ product=swift<br>++ [[ Ninja == \X\c\o\d\e ]]<br>+ /usr/local/cmake/bin/cmake --build /Users/gwk/external/swift/_build/Ninja-RelWithDebInfoAssert/swift-macosx-x86_64 -- -j6 all swift-stdlib-macosx-x86_64<br>[6/646] Building CXX object lib/SILPasses/CMakeFiles/swiftSILPasses.dir/Scalar/ReleaseDevirtualizer.cpp.o<br>FAILED: /Applications/Xcode.app/Contents/Developer/Toolchains/XcodeDefault.xctoolchain/usr/bin/clang++   -DGTEST_HAS_RTTI=0 -D_DEBUG -D__STDC_CONSTANT_MACROS -D__STDC_FORMAT_MACROS -D__STDC_LIMIT_MACROS -Ilib/SILPasses -I/Users/gwk/external/swift/swift/lib/SILPasses -I/Users/gwk/external/swift/swift/include -Iinclude -I/Users/gwk/external/swift/_build/Ninja-RelWithDebInfoAssert/llvm-macosx-x86_64/include -I/Users/gwk/external/swift/llvm/include -I/Users/gwk/external/swift/_build/Ninja-RelWithDebInfoAssert/llvm-macosx-x86_64/tools/clang/include -I/Users/gwk/external/swift/llvm/tools/clang/include -I/Users/gwk/external/swift/cmark/src -I/Users/gwk/external/swift/_build/Ninja-RelWithDebInfoAssert/cmark-macosx-x86_64/src -fno-stack-protector -fPIC -fvisibility-inlines-hidden -Wall -W -Wno-unused-parameter -Wwrite-strings -Wcast-qual -Wmissing-field-initializers -Wcovered-switch-default -Wnon-virtual-dtor -Wdelete-non-virtual-dtor -Werror=date-time -std=c++11 -fcolor-diagnostics -Wdocumentation -Wimplicit-fallthrough -Wunreachable-code -Woverloaded-virtual -O2 -g    -UNDEBUG  -fno-exceptions -fno-rtti -target x86_64-apple-macosx10.9 -isysroot /Applications/Xcode.app/Contents/Developer/Platforms/MacOSX.platform/Developer/SDKs/MacOSX10.11.sdk -arch x86_64 -F /Applications/Xcode.app/Contents/Developer/Platforms/MacOSX.platform/Developer/SDKs/MacOSX10.11.sdk/../../../Developer/Library/Frameworks -mmacosx-version-min=10.9 -O2 -momit-leaf-frame-pointer -g -UNDEBUG -MMD -MT lib/SILPasses/CMakeFiles/swiftSILPasses.dir/Scalar/ReleaseDevirtualizer.cpp.o -MF lib/SILPasses/CMakeFiles/swiftSILPasses.dir/Scalar/ReleaseDevirtualizer.cpp.o.d -o lib/SILPasses/CMakeFiles/swiftSILPasses.dir/Scalar/ReleaseDevirtualizer.cpp.o -c /Users/gwk/external/swift/swift/lib/SILPasses/Scalar/ReleaseDevirtualizer.cpp<br>In file included from /Users/gwk/external/swift/swift/lib/SILPasses/Scalar/ReleaseDevirtualizer.cpp:14:<br>In file included from /Users/gwk/external/swift/swift/include/swift/SILPasses/Passes.h:20:<br>In file included from /Users/gwk/external/swift/swift/include/swift/SIL/SILModule.h:20:<br>In file included from /Users/gwk/external/swift/swift/include/swift/AST/ASTContext.h:21:<br>In file included from /Users/gwk/external/swift/swift/include/swift/AST/ArchetypeBuilder.h:22:<br>In file included from /Users/gwk/external/swift/swift/include/swift/AST/Identifier.h:21:<br>In file included from /Users/gwk/external/swift/llvm/include/llvm/ADT/ArrayRef.h:13:<br>In file included from /Users/gwk/external/swift/llvm/include/llvm/ADT/Hashing.h:49:<br>In file included from /Users/gwk/external/swift/llvm/include/llvm/Support/Host.h:17:<br>In file included from /Users/gwk/external/swift/llvm/include/llvm/ADT/StringMap.h:18:<br>In file included from /Users/gwk/external/swift/llvm/include/llvm/Support/Allocator.h:24:<br>In file included from /Users/gwk/external/swift/llvm/include/llvm/ADT/SmallVector.h:18:<br>/Users/gwk/external/swift/llvm/include/llvm/Support/AlignOf.h:39:5: error: field has incomplete type &#39;swift::ValueDecl&#39;<br>  T t;<br>    ^<br></p></div><ul class="comments"><li class="comment"><div class="avatar"><img src="https://www.gravatar.com/avatar/969b04d28c02f951ccc03f615b9a92b3?s=50"></div><header><strong>Build errors</strong> from <string>Dmitri Gribenko</string> &lt;gribozavr at gmail.com&gt;<p>March 23, 2016 at 09:00:00am</p></header><div class="content"><p>On Wed, Mar 23, 2016 at 9:11 AM, George King via swift-dev<br>&lt;swift-dev at swift.org&gt; wrote:<br>&gt; Hello,<br>&gt;<br>&gt; In an effort to isolate a different bug, I&#39;m trying to build HEAD of master, and have encountered what looks to be a configuration error. Can somebody please point me in the right direction?<br></p><p>Hi George,<br></p><p>Which branches are you using for llvm and clang?  Should be &#39;stable&#39;.<br></p><p>Dmitri<br></p><p>-- <br>main(i,j){for(i=2;;i++){for(j=2;j&lt;i;j++){if(!(i%j)){j=0;break;}}if<br>(j){printf(&quot;%d\n&quot;,i);}}} /*Dmitri Gribenko &lt;gribozavr at gmail.com&gt;*/<br></p></div><ul class="comments"><li class="comment"><div class="avatar"><img src="https://www.gravatar.com/avatar/d84e3106fff0d257cc5a95ca9ea44405?s=50"></div><header><strong>Build errors</strong> from <string>George King</string> &lt;george.w.king at gmail.com&gt;<p>March 23, 2016 at 01:00:00pm</p></header><div class="content"><p>I am using stable for both, master for all of the others.<br>clang: 3e4d01d<br>llvm: 56e761d<br></p><p><br>&gt; On Mar 23, 2016, at 12:32 PM, Dmitri Gribenko via swift-dev &lt;swift-dev at swift.org&gt; wrote:<br>&gt; <br>&gt; On Wed, Mar 23, 2016 at 9:11 AM, George King via swift-dev<br>&gt; &lt;swift-dev at swift.org&gt; wrote:<br>&gt;&gt; Hello,<br>&gt;&gt; <br>&gt;&gt; In an effort to isolate a different bug, I&#39;m trying to build HEAD of master, and have encountered what looks to be a configuration error. Can somebody please point me in the right direction?<br>&gt; <br>&gt; Hi George,<br>&gt; <br>&gt; Which branches are you using for llvm and clang?  Should be &#39;stable&#39;.<br>&gt; <br>&gt; Dmitri<br>&gt; <br>&gt; -- <br>&gt; main(i,j){for(i=2;;i++){for(j=2;j&lt;i;j++){if(!(i%j)){j=0;break;}}if<br>&gt; (j){printf(&quot;%d\n&quot;,i);}}} /*Dmitri Gribenko &lt;gribozavr at gmail.com&gt;*/<br>&gt; _______________________________________________<br>&gt; swift-dev mailing list<br>&gt; swift-dev at swift.org<br>&gt; https://lists.swift.org/mailman/listinfo/swift-dev<br></p></div></li></ul></li></ul></li></ul></div>    </main>
    <script src="/js/app-c283ee129de63ad743722e9511e67a5d.js"></script>
  </body>
  <footer>
    <p>Swift and the Swift logo are trademarks of Apple Inc.</p>
  </footer>
</html>
