<!DOCTYPE html>
<html lang="en">
  <head>
    <meta charset="utf-8">
    <meta http-equiv="X-UA-Compatible" content="IE=edge">
    <meta name="viewport" content="width=device-width, initial-scale=1">
    <meta name="description" content="">
    <meta name="author" content="">

    <title>Swift Mailing List Archive</title>
    <link rel="stylesheet" href="/css/app-13f065ae5e595562a5022c544e3b976c.css?vsn=d">
  </head>

  <body>
    <div class="container">
      <header class="header">
        <img src="/images/swift-d0237fc716ba0932a940049990beba1b.svg?vsn=d" height="70">
      </header>

      <p class="alert alert-info" role="alert"></p>
      <p class="alert alert-danger" role="alert"></p>

    </div> <!-- /container -->
    <main role="main">
<div class="comment-wrapper"><ul class="comments"><li class="comment"><div class="avatar"><img src="https://www.gravatar.com/avatar/6fe87aed0d64cdbc46378bf7596a7553?s=50"></div><header><strong>1_stdlib/NSSetAPI.swift fails verifying open archetypes</strong> from <string>Andrew Trick</string> &lt;atrick at apple.com&gt;<p>July 16, 2016 at 12:00:00pm</p></header><div class="content"><p>Roman,<br></p><p>This has been failing since July 14 (although the most recent build hit a linker error first). Do you want to try fixing it or can you revert?<br></p><p>1_stdlib/NSSetAPI.swift<br>SIL verification failed: Opened archetype should be registered in SILFunction: Def<br></p><p>https://ci.swift.org/job/oss-swift_tools-RA_stdlib-RDA_test-simulator/1714/changes#ae8b2ba0ded42cdf9c2f4e1d0bd38d2a2f3ea8eb<br></p><p>1.	While verifying SIL function @_TTSf4g_g___TF4mainP33_686502F7DC72AADE8272815984E17B6D20compareAnythingAtAllFTPs9AnyObject_1yPS0___O14StdlibUnittest24ExpectedComparisonResult for &#39;compareAnythingAtAll&#39; at /Users/buildnode/jenkins/workspace/oss-swift_tools-RA_stdlib-RDA_test-simulator/swift/test/1_stdlib/NSSetAPI.swift:18:9<br></p><p>******************** TEST &#39;Swift :: 1_stdlib/NSSetAPI.swift&#39; FAILED ********************<br>Script:<br>--<br>rm -rf /Users/buildnode/jenkins/workspace/oss-swift_tools-RA_stdlib-RDA_test-simulator/Ninja-ReleaseAssert/swift-macosx-x86_64/test-macosx-x86_64/1_stdlib/Output/NSSetAPI.swift.tmp &amp;&amp; mkdir -p /Users/buildnode/jenkins/workspace/oss-swift_tools-RA_stdlib-RDA_test-simulator/Ninja-ReleaseAssert/swift-macosx-x86_64/test-macosx-x86_64/1_stdlib/Output/NSSetAPI.swift.tmp &amp;&amp; xcrun --toolchain default --sdk /Applications/Xcode-beta.app/Contents/Developer/Platforms/MacOSX.platform/Developer/SDKs/MacOSX10.12.sdk /Users/buildnode/jenkins/workspace/oss-swift_tools-RA_stdlib-RDA_test-simulator/Ninja-ReleaseAssert/swift-macosx-x86_64/bin/swiftc -target x86_64-apple-macosx10.9  -module-cache-path &#39;/var/folders/_8/79jmzf2142z2xydc_01btlx00000gn/T/swift-testsuite-clang-module-cacheWJ4Hcy&#39; -F /Applications/Xcode-beta.app/Contents/Developer/Platforms/MacOSX.platform/Developer/SDKs/MacOSX10.12.sdk/../../../Developer/Library/Frameworks -Xlinker -rpath -Xlinker /Applications/Xcode-beta.app/Contents/Developer/Platforms/MacOSX.platform/Developer/SDKs/MacOSX10.12.sdk/../../../Developer/Library/Frameworks   -O -module-cache-path &#39;/var/folders/_8/79jmzf2142z2xydc_01btlx00000gn/T/swift-testsuite-clang-module-cacheWJ4Hcy&#39; /Users/buildnode/jenkins/workspace/oss-swift_tools-RA_stdlib-RDA_test-simulator/swift/test/1_stdlib/NSSetAPI.swift -o /Users/buildnode/jenkins/workspace/oss-swift_tools-RA_stdlib-RDA_test-simulator/Ninja-ReleaseAssert/swift-macosx-x86_64/test-macosx-x86_64/1_stdlib/Output/NSSetAPI.swift.tmp/a.out -module-name main &amp;&amp;  /Users/buildnode/jenkins/workspace/oss-swift_tools-RA_stdlib-RDA_test-simulator/Ninja-ReleaseAssert/swift-macosx-x86_64/test-macosx-x86_64/1_stdlib/Output/NSSetAPI.swift.tmp/a.out<br></p><p>-------------- next part --------------<br>An HTML attachment was scrubbed...<br>URL: &lt;https://lists.swift.org/pipermail/swift-dev/attachments/20160716/84eea568/attachment.html&gt;<br></p></div><ul class="comments"><li class="comment"><div class="avatar"><img src="https://www.gravatar.com/avatar/8e77369a540cf4d35924683e176c7a9c?s=50"></div><header><strong>1_stdlib/NSSetAPI.swift fails verifying open archetypes</strong> from <string>Mark Lacey</string> &lt;mark.lacey at apple.com&gt;<p>July 16, 2016 at 12:00:00pm</p></header><div class="content"><p>FYI, I hit this yesterday on the master-next merge and have disabled the test on that branch. I hadn’t realized that it was already failing on master.<br></p><p>Mark<br></p><p>&gt; On Jul 16, 2016, at 12:13 PM, Andrew Trick via swift-dev &lt;swift-dev at swift.org&gt; wrote:<br>&gt; <br>&gt; Roman,<br>&gt; <br>&gt; This has been failing since July 14 (although the most recent build hit a linker error first). Do you want to try fixing it or can you revert?<br>&gt; <br>&gt; 1_stdlib/NSSetAPI.swift<br>&gt; SIL verification failed: Opened archetype should be registered in SILFunction: Def<br>&gt; <br>&gt; https://ci.swift.org/job/oss-swift_tools-RA_stdlib-RDA_test-simulator/1714/changes#ae8b2ba0ded42cdf9c2f4e1d0bd38d2a2f3ea8eb &lt;https://ci.swift.org/job/oss-swift_tools-RA_stdlib-RDA_test-simulator/1714/changes#ae8b2ba0ded42cdf9c2f4e1d0bd38d2a2f3ea8eb&gt;<br>&gt; <br>&gt; 1.	While verifying SIL function @_TTSf4g_g___TF4mainP33_686502F7DC72AADE8272815984E17B6D20compareAnythingAtAllFTPs9AnyObject_1yPS0___O14StdlibUnittest24ExpectedComparisonResult for &#39;compareAnythingAtAll&#39; at /Users/buildnode/jenkins/workspace/oss-swift_tools-RA_stdlib-RDA_test-simulator/swift/test/1_stdlib/NSSetAPI.swift:18:9<br>&gt; <br>&gt; ******************** TEST &#39;Swift :: 1_stdlib/NSSetAPI.swift&#39; FAILED ********************<br>&gt; Script:<br>&gt; --<br>&gt; rm -rf /Users/buildnode/jenkins/workspace/oss-swift_tools-RA_stdlib-RDA_test-simulator/Ninja-ReleaseAssert/swift-macosx-x86_64/test-macosx-x86_64/1_stdlib/Output/NSSetAPI.swift.tmp &amp;&amp; mkdir -p /Users/buildnode/jenkins/workspace/oss-swift_tools-RA_stdlib-RDA_test-simulator/Ninja-ReleaseAssert/swift-macosx-x86_64/test-macosx-x86_64/1_stdlib/Output/NSSetAPI.swift.tmp &amp;&amp; xcrun --toolchain default --sdk /Applications/Xcode-beta.app/Contents/Developer/Platforms/MacOSX.platform/Developer/SDKs/MacOSX10.12.sdk /Users/buildnode/jenkins/workspace/oss-swift_tools-RA_stdlib-RDA_test-simulator/Ninja-ReleaseAssert/swift-macosx-x86_64/bin/swiftc -target x86_64-apple-macosx10.9  -module-cache-path &#39;/var/folders/_8/79jmzf2142z2xydc_01btlx00000gn/T/swift-testsuite-clang-module-cacheWJ4Hcy&#39; -F /Applications/Xcode-beta.app/Contents/Developer/Platforms/MacOSX.platform/Developer/SDKs/MacOSX10.12.sdk/../../../Developer/Library/Frameworks -Xlinker -rpath -Xlinker /Applications/Xcode-beta.app/Contents/Developer/Platforms/MacOSX.platform/Developer/SDKs/MacOSX10.12.sdk/../../../Developer/Library/Frameworks   -O -module-cache-path &#39;/var/folders/_8/79jmzf2142z2xydc_01btlx00000gn/T/swift-testsuite-clang-module-cacheWJ4Hcy&#39; /Users/buildnode/jenkins/workspace/oss-swift_tools-RA_stdlib-RDA_test-simulator/swift/test/1_stdlib/NSSetAPI.swift -o /Users/buildnode/jenkins/workspace/oss-swift_tools-RA_stdlib-RDA_test-simulator/Ninja-ReleaseAssert/swift-macosx-x86_64/test-macosx-x86_64/1_stdlib/Output/NSSetAPI.swift.tmp/a.out -module-name main &amp;&amp;  /Users/buildnode/jenkins/workspace/oss-swift_tools-RA_stdlib-RDA_test-simulator/Ninja-ReleaseAssert/swift-macosx-x86_64/test-macosx-x86_64/1_stdlib/Output/NSSetAPI.swift.tmp/a.out<br>&gt; <br>&gt; _______________________________________________<br>&gt; swift-dev mailing list<br>&gt; swift-dev at swift.org<br>&gt; https://lists.swift.org/mailman/listinfo/swift-dev<br></p><p>-------------- next part --------------<br>An HTML attachment was scrubbed...<br>URL: &lt;https://lists.swift.org/pipermail/swift-dev/attachments/20160716/0a4b2af4/attachment.html&gt;<br></p></div><ul class="comments"><li class="comment"><div class="avatar"><img src="https://www.gravatar.com/avatar/8f1a9db0e26bb3e069fa7a0932e3cd85?s=50"></div><header><strong>1_stdlib/NSSetAPI.swift fails verifying open archetypes</strong> from <string>Roman Levenstein</string> &lt;rlevenstein at apple.com&gt;<p>July 16, 2016 at 02:00:00pm</p></header><div class="content"><p>Oh, I wasn’t aware of this issue. I’ll see if I can fix it.<br></p><p><br>-Roman<br></p><p>&gt; On Jul 16, 2016, at 12:22 PM, Mark Lacey &lt;mark.lacey at apple.com&gt; wrote:<br>&gt; <br>&gt; FYI, I hit this yesterday on the master-next merge and have disabled the test on that branch. I hadn’t realized that it was already failing on master.<br>&gt; <br>&gt; Mark<br>&gt; <br>&gt;&gt; On Jul 16, 2016, at 12:13 PM, Andrew Trick via swift-dev &lt;swift-dev at swift.org &lt;mailto:swift-dev at swift.org&gt;&gt; wrote:<br>&gt;&gt; <br>&gt;&gt; Roman,<br>&gt;&gt; <br>&gt;&gt; This has been failing since July 14 (although the most recent build hit a linker error first). Do you want to try fixing it or can you revert?<br>&gt;&gt; <br>&gt;&gt; 1_stdlib/NSSetAPI.swift<br>&gt;&gt; SIL verification failed: Opened archetype should be registered in SILFunction: Def<br>&gt;&gt; <br>&gt;&gt; https://ci.swift.org/job/oss-swift_tools-RA_stdlib-RDA_test-simulator/1714/changes#ae8b2ba0ded42cdf9c2f4e1d0bd38d2a2f3ea8eb &lt;https://ci.swift.org/job/oss-swift_tools-RA_stdlib-RDA_test-simulator/1714/changes#ae8b2ba0ded42cdf9c2f4e1d0bd38d2a2f3ea8eb&gt;<br>&gt;&gt; <br>&gt;&gt; 1.	While verifying SIL function @_TTSf4g_g___TF4mainP33_686502F7DC72AADE8272815984E17B6D20compareAnythingAtAllFTPs9AnyObject_1yPS0___O14StdlibUnittest24ExpectedComparisonResult for &#39;compareAnythingAtAll&#39; at /Users/buildnode/jenkins/workspace/oss-swift_tools-RA_stdlib-RDA_test-simulator/swift/test/1_stdlib/NSSetAPI.swift:18:9<br>&gt;&gt; <br>&gt;&gt; ******************** TEST &#39;Swift :: 1_stdlib/NSSetAPI.swift&#39; FAILED ********************<br>&gt;&gt; Script:<br>&gt;&gt; --<br>&gt;&gt; rm -rf /Users/buildnode/jenkins/workspace/oss-swift_tools-RA_stdlib-RDA_test-simulator/Ninja-ReleaseAssert/swift-macosx-x86_64/test-macosx-x86_64/1_stdlib/Output/NSSetAPI.swift.tmp &amp;&amp; mkdir -p /Users/buildnode/jenkins/workspace/oss-swift_tools-RA_stdlib-RDA_test-simulator/Ninja-ReleaseAssert/swift-macosx-x86_64/test-macosx-x86_64/1_stdlib/Output/NSSetAPI.swift.tmp &amp;&amp; xcrun --toolchain default --sdk /Applications/Xcode-beta.app/Contents/Developer/Platforms/MacOSX.platform/Developer/SDKs/MacOSX10.12.sdk /Users/buildnode/jenkins/workspace/oss-swift_tools-RA_stdlib-RDA_test-simulator/Ninja-ReleaseAssert/swift-macosx-x86_64/bin/swiftc -target x86_64-apple-macosx10.9  -module-cache-path &#39;/var/folders/_8/79jmzf2142z2xydc_01btlx00000gn/T/swift-testsuite-clang-module-cacheWJ4Hcy&#39; -F /Applications/Xcode-beta.app/Contents/Developer/Platforms/MacOSX.platform/Developer/SDKs/MacOSX10.12.sdk/../../../Developer/Library/Frameworks -Xlinker -rpath -Xlinker /Applications/Xcode-beta.app/Contents/Developer/Platforms/MacOSX.platform/Developer/SDKs/MacOSX10.12.sdk/../../../Developer/Library/Frameworks   -O -module-cache-path &#39;/var/folders/_8/79jmzf2142z2xydc_01btlx00000gn/T/swift-testsuite-clang-module-cacheWJ4Hcy&#39; /Users/buildnode/jenkins/workspace/oss-swift_tools-RA_stdlib-RDA_test-simulator/swift/test/1_stdlib/NSSetAPI.swift -o /Users/buildnode/jenkins/workspace/oss-swift_tools-RA_stdlib-RDA_test-simulator/Ninja-ReleaseAssert/swift-macosx-x86_64/test-macosx-x86_64/1_stdlib/Output/NSSetAPI.swift.tmp/a.out -module-name main &amp;&amp;  /Users/buildnode/jenkins/workspace/oss-swift_tools-RA_stdlib-RDA_test-simulator/Ninja-ReleaseAssert/swift-macosx-x86_64/test-macosx-x86_64/1_stdlib/Output/NSSetAPI.swift.tmp/a.out<br>&gt;&gt; <br>&gt;&gt; _______________________________________________<br>&gt;&gt; swift-dev mailing list<br>&gt;&gt; swift-dev at swift.org &lt;mailto:swift-dev at swift.org&gt;<br>&gt;&gt; https://lists.swift.org/mailman/listinfo/swift-dev<br>&gt; <br></p><p>-------------- next part --------------<br>An HTML attachment was scrubbed...<br>URL: &lt;https://lists.swift.org/pipermail/swift-dev/attachments/20160716/b2427201/attachment.html&gt;<br></p></div></li></ul></li></ul></li></ul></div>    </main>
    <script src="/js/app-c283ee129de63ad743722e9511e67a5d.js?vsn=d"></script>
  </body>
  <footer>
    <p>Swift and the Swift logo are trademarks of Apple Inc.</p>
  </footer>
</html>
