<!DOCTYPE html>
<html lang="en">
  <head>
    <meta charset="utf-8">
    <meta http-equiv="X-UA-Compatible" content="IE=edge">
    <meta name="viewport" content="width=device-width, initial-scale=1">
    <meta name="description" content="">
    <meta name="author" content="">

    <title>Swift Mailing List Archive</title>
    <link rel="stylesheet" href="/css/app-13f065ae5e595562a5022c544e3b976c.css">
  </head>

  <body>
    <div class="container">
      <header class="header">
        <img src="/images/swift-d0237fc716ba0932a940049990beba1b.svg" height="70">
      </header>

      <p class="alert alert-info" role="alert"></p>
      <p class="alert alert-danger" role="alert"></p>

    </div> <!-- /container -->
    <main role="main">
<div class="comment-wrapper"><ul class="comments"><li class="comment"><div class="avatar"><img src="https://www.gravatar.com/avatar/8d9dbc0dfeb74eab8dd9bbd9cbd84680?s=50"></div><header><strong>Help need with SR-1187</strong> from <string>Jose Cheyo Jimenez</string> &lt;cheyo at masters3d.com&gt;<p>April 14, 2016 at 10:00:00pm</p></header><div class="content"><p>Hi Everybody, <br></p><p>I am trying to build the example-packages but I am getting errors once I try to run test<br></p><p>I was hopping to add some tests to close https://bugs.swift.org/browse/SR-1187 &lt;https://bugs.swift.org/browse/SR-1187&gt;<br></p><p>I am using the 3-24 snapshot but I am getting import errors <br></p><p>: error: no such module &#39;FisherYates&#39;<br>import FisherYates<br>       ^<br>&lt;unknown&gt;:0: error: build had 1 command failures<br></p><p>It would seem that I am not able to import module names. <br></p><p>The same thing happens when I try to run some new xctest from others the other with no dependencies. <br></p><p>example-package-deckofplayingcards<br>example-package-fisheryates<br>example-package-playingcard<br>example-package-dealer<br></p><p><br>-------------- next part --------------<br>An HTML attachment was scrubbed...<br>URL: &lt;https://lists.swift.org/pipermail/swift-users/attachments/20160414/a92ebee6/attachment.html&gt;<br></p></div><ul class="comments"><li class="comment"><div class="avatar"><img src="https://www.gravatar.com/avatar/8d9dbc0dfeb74eab8dd9bbd9cbd84680?s=50"></div><header><strong>Help need with SR-1187</strong> from <string>Jose Cheyo Jimenez</string> &lt;cheyo at masters3d.com&gt;<p>April 19, 2016 at 11:00:00pm</p></header><div class="content"><p>I fixed the previous issue by uninstalling a really old version of https://github.com/realm/SwiftLint &lt;https://github.com/realm/SwiftLint&gt;<br></p><p>Now I am having the same error as <br>https://bugs.swift.org/browse/SR-151 &lt;https://bugs.swift.org/browse/SR-151&gt;<br>but the linking error only occurs when I run the test. (It builds just fine)<br></p><p>This is my fork with added tests. <br>https://github.com/masters3d/example-package-playingcard &lt;https://github.com/masters3d/example-package-playingcard&gt;<br></p><p>Builds ok. <br>Tests fail to link<br></p><p>$ swift build -v<br>2016-04-19 23:07:36.949 xcodebuild[13800:2337418] Build settings from command line:<br>2016-04-19 23:07:36.950 xcodebuild[13800:2337418]     ENABLE_BITCODE = NO<br>2016-04-19 23:07:36.950 xcodebuild[13800:2337418]     SWIFT_DISABLE_REQUIRED_ARCLITE = YES<br>2016-04-19 23:07:36.950 xcodebuild[13800:2337418]     SWIFT_LINK_OBJC_RUNTIME = YES<br>2016-04-19 23:07:36.950 xcodebuild[13800:2337418]     TOOLCHAINS = org.swift.3020160412a<br>2016-04-19 23:07:36.950 xcodebuild[13800:2337418]     XCODE_DEFAULT_TOOLCHAIN_OVERRIDE = /Library/Developer/Toolchains/swift-DEVELOPMENT-SNAPSHOT-2016-04-12-a.xctoolchain<br>2016-04-19 23:07:37.348 xcodebuild[13802:2337432] Build settings from command line:<br>2016-04-19 23:07:37.349 xcodebuild[13802:2337432]     ENABLE_BITCODE = NO<br>2016-04-19 23:07:37.349 xcodebuild[13802:2337432]     SWIFT_DISABLE_REQUIRED_ARCLITE = YES<br>2016-04-19 23:07:37.349 xcodebuild[13802:2337432]     SWIFT_LINK_OBJC_RUNTIME = YES<br>2016-04-19 23:07:37.349 xcodebuild[13802:2337432]     TOOLCHAINS = org.swift.3020160412a<br>2016-04-19 23:07:37.349 xcodebuild[13802:2337432]     XCODE_DEFAULT_TOOLCHAIN_OVERRIDE = /Library/Developer/Toolchains/swift-DEVELOPMENT-SNAPSHOT-2016-04-12-a.xctoolchain<br>/Library/Developer/Toolchains/swift-DEVELOPMENT-SNAPSHOT-2016-04-12-a.xctoolchain/usr/bin/swiftc --driver-mode=swift -I /Library/Developer/Toolchains/swift-DEVELOPMENT-SNAPSHOT-2016-04-12-a.xctoolchain/usr/lib/swift/pm -L /Library/Developer/Toolchains/swift-DEVELOPMENT-SNAPSHOT-2016-04-12-a.xctoolchain/usr/lib/swift/pm -lPackageDescription -target x86_64-apple-macosx10.10 /Volumes/Joses_Stuff/github/Swift\ OSS/example-package-playingcard/Package.swift -fileno 3<br>2016-04-19 23:07:39.731 xcodebuild[13808:2337460] Build settings from command line:<br>2016-04-19 23:07:39.732 xcodebuild[13808:2337460]     ENABLE_BITCODE = NO<br>2016-04-19 23:07:39.732 xcodebuild[13808:2337460]     SWIFT_DISABLE_REQUIRED_ARCLITE = YES<br>2016-04-19 23:07:39.732 xcodebuild[13808:2337460]     SWIFT_LINK_OBJC_RUNTIME = YES<br>2016-04-19 23:07:39.732 xcodebuild[13808:2337460]     TOOLCHAINS = org.swift.3020160412a<br>2016-04-19 23:07:39.732 xcodebuild[13808:2337460]     XCODE_DEFAULT_TOOLCHAIN_OVERRIDE = /Library/Developer/Toolchains/swift-DEVELOPMENT-SNAPSHOT-2016-04-12-a.xctoolchain<br>/Library/Developer/Toolchains/swift-DEVELOPMENT-SNAPSHOT-2016-04-12-a.xctoolchain/usr/bin/swift-build-tool -f /Volumes/Joses_Stuff/github/Swift\ OSS/example-package-playingcard/.build/debug.yaml default -v<br>/Library/Developer/Toolchains/swift-DEVELOPMENT-SNAPSHOT-2016-04-12-a.xctoolchain/usr/bin/swiftc -module-name PlayingCard -incremental -emit-dependencies -emit-module -emit-module-path &quot;/Volumes/Joses_Stuff/github/Swift OSS/example-package-playingcard/.build/debug/PlayingCard.swiftmodule&quot; -output-file-map &quot;/Volumes/Joses_Stuff/github/Swift OSS/example-package-playingcard/.build/debug/PlayingCard.build/output-file-map.json&quot; -parse-as-library -c &quot;/Volumes/Joses_Stuff/github/Swift OSS/example-package-playingcard/Sources/Card.swift&quot; &quot;/Volumes/Joses_Stuff/github/Swift OSS/example-package-playingcard/Sources/Rank.swift&quot; &quot;/Volumes/Joses_Stuff/github/Swift OSS/example-package-playingcard/Sources/Suit.swift&quot; -I &quot;/Volumes/Joses_Stuff/github/Swift OSS/example-package-playingcard/.build/debug&quot; -j8 -Onone -g -D SWIFT_PACKAGE -enable-testing -F /Applications/Xcode.app/Contents/Developer/Platforms/MacOSX.platform/Developer/Library/Frameworks -target x86_64-apple-macosx10.10 -sdk /Applications/Xcode.app/Contents/Developer/Platforms/MacOSX.platform/Developer/SDKs/MacOSX10.11.sdk<br></p><p><br></p><p><br>$ swift test<br>Compiling Swift Module &#39;CardTestSuite&#39; (3 sources)<br>Linking .build/debug/PlayingCard.xctest/Contents/MacOS/PlayingCard<br>Undefined symbols for architecture x86_64:<br>  &quot;__TFO11PlayingCard4RankCfT8rawValueSi_GSqS0__&quot;, referenced from:<br>      __TFFC13CardTestSuite8RankTest22testRankStringEqualityFT_T_U_FSiGSqO11PlayingCard4Rank_ in RankTests.swift.o<br>  &quot;__TFV11PlayingCard4CardCfT4rankOS_4Rank4suitOS_4Suit_S0_&quot;, referenced from:<br>      __TFC13CardTestSuite8CardTest14testCardSinglefT_T_ in CardTests.swift.o<br>      __TFC13CardTestSuite8CardTest22testCardStringEqualityfT_T_ in CardTests.swift.o<br>  &quot;__TMO11PlayingCard4Rank&quot;, referenced from:<br>      __TFC13CardTestSuite8RankTest22testRankStringEqualityfT_T_ in RankTests.swift.o<br>      __TMaGSqO11PlayingCard4Rank_ in RankTests.swift.o<br>      __TFFC13CardTestSuite8RankTest22testRankStringEqualityFT_T_U1_FO11PlayingCard4RankSi in RankTests.swift.o<br>      __TMaGSaO11PlayingCard4Rank_ in RankTests.swift.o<br>      __TFFC13CardTestSuite8RankTest22testRankStringEqualityFT_T_u_KzT_GSqSS_ in RankTests.swift.o<br>      __TFFC13CardTestSuite8RankTest22testRankStringEqualityFT_T_u1_KzT_GSqSS_ in RankTests.swift.o<br>      __TFFC13CardTestSuite8RankTest22testRankStringEqualityFT_T_u3_KzT_GSqSS_ in RankTests.swift.o<br>      ...<br>  &quot;__TMO11PlayingCard4Suit&quot;, referenced from:<br>      __TFFC13CardTestSuite8SuitTest22testSuitStringEqualityFT_T_u_KzT_GSqSS_ in SuitTests.swift.o<br>      __TFFC13CardTestSuite8SuitTest22testSuitStringEqualityFT_T_u1_KzT_GSqSS_ in SuitTests.swift.o<br>      __TFFC13CardTestSuite8SuitTest22testSuitStringEqualityFT_T_u3_KzT_GSqSS_ in SuitTests.swift.o<br>      __TFFC13CardTestSuite8SuitTest22testSuitStringEqualityFT_T_u5_KzT_GSqSS_ in SuitTests.swift.o<br>      __TFC13CardTestSuite8SuitTest18testSuitComparablefT_T_ in SuitTests.swift.o<br>  &quot;__TMV11PlayingCard4Card&quot;, referenced from:<br>      __TFC13CardTestSuite8CardTest14testCardSinglefT_T_ in CardTests.swift.o<br>      __TFFC13CardTestSuite8CardTest22testCardStringEqualityFT_T_u_KzT_GSqSS_ in CardTests.swift.o<br>      __TFFC13CardTestSuite8CardTest22testCardStringEqualityFT_T_u1_KzT_GSqSS_ in CardTests.swift.o<br>      __TFFC13CardTestSuite8CardTest22testCardStringEqualityFT_T_u3_KzT_GSqSS_ in CardTests.swift.o<br>  &quot;__TWPO11PlayingCard4Ranks10ComparableS_&quot;, referenced from:<br>      __TFC13CardTestSuite8RankTest18testRankComparablefT_T_ in RankTests.swift.o<br>  &quot;__TWPO11PlayingCard4Suits10ComparableS_&quot;, referenced from:<br>      __TFC13CardTestSuite8SuitTest18testSuitComparablefT_T_ in SuitTests.swift.o<br>  &quot;__TWPV11PlayingCard4Cards10ComparableS_&quot;, referenced from:<br>      __TFC13CardTestSuite8CardTest14testCardSinglefT_T_ in CardTests.swift.o<br>  &quot;__TWPV11PlayingCard4Cards9EquatableS_&quot;, referenced from:<br>      __TFC13CardTestSuite8CardTest14testCardSinglefT_T_ in CardTests.swift.o<br>ld: symbol(s) not found for architecture x86_64<br>&lt;unknown&gt;:0: error: link command failed with exit code 1 (use -v to see invocation)<br>&lt;unknown&gt;:0: error: build had 1 command failures<br>error: exit(1): /Library/Developer/Toolchains/swift-DEVELOPMENT-SNAPSHOT-2016-04-12-a.xctoolchain/usr/bin/swift-build-tool -f /Volumes/Joses_Stuff/github/Swift\ OSS/example-package-playingcard/.build/debug.yaml test<br></p><p><br></p><p><br></p><p>&gt; On Apr 14, 2016, at 10:32 PM, Jose Cheyo Jimenez &lt;cheyo at masters3d.com&gt; wrote:<br>&gt; <br>&gt; Hi Everybody, <br>&gt; <br>&gt; I am trying to build the example-packages but I am getting errors once I try to run test<br>&gt; <br>&gt; I was hopping to add some tests to close https://bugs.swift.org/browse/SR-1187 &lt;https://bugs.swift.org/browse/SR-1187&gt;<br>&gt; <br>&gt; I am using the 3-24 snapshot but I am getting import errors <br>&gt; <br>&gt; : error: no such module &#39;FisherYates&#39;<br>&gt; import FisherYates<br>&gt;        ^<br>&gt; &lt;unknown&gt;:0: error: build had 1 command failures<br>&gt; <br>&gt; It would seem that I am not able to import module names. <br>&gt; <br>&gt; The same thing happens when I try to run some new xctest from others the other with no dependencies. <br>&gt; <br>&gt; example-package-deckofplayingcards<br>&gt; example-package-fisheryates<br>&gt; example-package-playingcard<br>&gt; example-package-dealer<br>&gt; <br>&gt; <br></p><p>-------------- next part --------------<br>An HTML attachment was scrubbed...<br>URL: &lt;https://lists.swift.org/pipermail/swift-users/attachments/20160419/4815b746/attachment.html&gt;<br></p></div><ul class="comments"><li class="comment"><div class="avatar"><img src="https://www.gravatar.com/avatar/8d9dbc0dfeb74eab8dd9bbd9cbd84680?s=50"></div><header><strong>Help need with SR-1187</strong> from <string>Jose Cheyo Jimenez</string> &lt;cheyo at masters3d.com&gt;<p>April 20, 2016 at 05:00:00pm</p></header><div class="content"><p>I filed a bug against the swift package manager.<br></p><p>https://bugs.swift.org/browse/SR-1276 &lt;https://bugs.swift.org/browse/SR-1276&gt;<br></p><p><br>&gt; On Apr 19, 2016, at 11:20 PM, Jose Cheyo Jimenez &lt;cheyo at masters3d.com&gt; wrote:<br>&gt; <br>&gt; I fixed the previous issue by uninstalling a really old version of https://github.com/realm/SwiftLint &lt;https://github.com/realm/SwiftLint&gt;<br>&gt; <br>&gt; Now I am having the same error as <br>&gt; https://bugs.swift.org/browse/SR-151 &lt;https://bugs.swift.org/browse/SR-151&gt;<br>&gt; but the linking error only occurs when I run the test. (It builds just fine)<br>&gt; <br>&gt; This is my fork with added tests. <br>&gt; https://github.com/masters3d/example-package-playingcard &lt;https://github.com/masters3d/example-package-playingcard&gt;<br>&gt; <br>&gt; Builds ok. <br>&gt; Tests fail to link<br>&gt; <br>&gt; $ swift build -v<br>&gt; 2016-04-19 23:07:36.949 xcodebuild[13800:2337418] Build settings from command line:<br>&gt; 2016-04-19 23:07:36.950 xcodebuild[13800:2337418]     ENABLE_BITCODE = NO<br>&gt; 2016-04-19 23:07:36.950 xcodebuild[13800:2337418]     SWIFT_DISABLE_REQUIRED_ARCLITE = YES<br>&gt; 2016-04-19 23:07:36.950 xcodebuild[13800:2337418]     SWIFT_LINK_OBJC_RUNTIME = YES<br>&gt; 2016-04-19 23:07:36.950 xcodebuild[13800:2337418]     TOOLCHAINS = org.swift.3020160412a<br>&gt; 2016-04-19 23:07:36.950 xcodebuild[13800:2337418]     XCODE_DEFAULT_TOOLCHAIN_OVERRIDE = /Library/Developer/Toolchains/swift-DEVELOPMENT-SNAPSHOT-2016-04-12-a.xctoolchain<br>&gt; 2016-04-19 23:07:37.348 xcodebuild[13802:2337432] Build settings from command line:<br>&gt; 2016-04-19 23:07:37.349 xcodebuild[13802:2337432]     ENABLE_BITCODE = NO<br>&gt; 2016-04-19 23:07:37.349 xcodebuild[13802:2337432]     SWIFT_DISABLE_REQUIRED_ARCLITE = YES<br>&gt; 2016-04-19 23:07:37.349 xcodebuild[13802:2337432]     SWIFT_LINK_OBJC_RUNTIME = YES<br>&gt; 2016-04-19 23:07:37.349 xcodebuild[13802:2337432]     TOOLCHAINS = org.swift.3020160412a<br>&gt; 2016-04-19 23:07:37.349 xcodebuild[13802:2337432]     XCODE_DEFAULT_TOOLCHAIN_OVERRIDE = /Library/Developer/Toolchains/swift-DEVELOPMENT-SNAPSHOT-2016-04-12-a.xctoolchain<br>&gt; /Library/Developer/Toolchains/swift-DEVELOPMENT-SNAPSHOT-2016-04-12-a.xctoolchain/usr/bin/swiftc --driver-mode=swift -I /Library/Developer/Toolchains/swift-DEVELOPMENT-SNAPSHOT-2016-04-12-a.xctoolchain/usr/lib/swift/pm -L /Library/Developer/Toolchains/swift-DEVELOPMENT-SNAPSHOT-2016-04-12-a.xctoolchain/usr/lib/swift/pm -lPackageDescription -target x86_64-apple-macosx10.10 /Volumes/Joses_Stuff/github/Swift\ OSS/example-package-playingcard/Package.swift -fileno 3<br>&gt; 2016-04-19 23:07:39.731 xcodebuild[13808:2337460] Build settings from command line:<br>&gt; 2016-04-19 23:07:39.732 xcodebuild[13808:2337460]     ENABLE_BITCODE = NO<br>&gt; 2016-04-19 23:07:39.732 xcodebuild[13808:2337460]     SWIFT_DISABLE_REQUIRED_ARCLITE = YES<br>&gt; 2016-04-19 23:07:39.732 xcodebuild[13808:2337460]     SWIFT_LINK_OBJC_RUNTIME = YES<br>&gt; 2016-04-19 23:07:39.732 xcodebuild[13808:2337460]     TOOLCHAINS = org.swift.3020160412a<br>&gt; 2016-04-19 23:07:39.732 xcodebuild[13808:2337460]     XCODE_DEFAULT_TOOLCHAIN_OVERRIDE = /Library/Developer/Toolchains/swift-DEVELOPMENT-SNAPSHOT-2016-04-12-a.xctoolchain<br>&gt; /Library/Developer/Toolchains/swift-DEVELOPMENT-SNAPSHOT-2016-04-12-a.xctoolchain/usr/bin/swift-build-tool -f /Volumes/Joses_Stuff/github/Swift\ OSS/example-package-playingcard/.build/debug.yaml default -v<br>&gt; /Library/Developer/Toolchains/swift-DEVELOPMENT-SNAPSHOT-2016-04-12-a.xctoolchain/usr/bin/swiftc -module-name PlayingCard -incremental -emit-dependencies -emit-module -emit-module-path &quot;/Volumes/Joses_Stuff/github/Swift OSS/example-package-playingcard/.build/debug/PlayingCard.swiftmodule&quot; -output-file-map &quot;/Volumes/Joses_Stuff/github/Swift OSS/example-package-playingcard/.build/debug/PlayingCard.build/output-file-map.json&quot; -parse-as-library -c &quot;/Volumes/Joses_Stuff/github/Swift OSS/example-package-playingcard/Sources/Card.swift&quot; &quot;/Volumes/Joses_Stuff/github/Swift OSS/example-package-playingcard/Sources/Rank.swift&quot; &quot;/Volumes/Joses_Stuff/github/Swift OSS/example-package-playingcard/Sources/Suit.swift&quot; -I &quot;/Volumes/Joses_Stuff/github/Swift OSS/example-package-playingcard/.build/debug&quot; -j8 -Onone -g -D SWIFT_PACKAGE -enable-testing -F /Applications/Xcode.app/Contents/Developer/Platforms/MacOSX.platform/Developer/Library/Frameworks -target x86_64-apple-macosx10.10 -sdk /Applications/Xcode.app/Contents/Developer/Platforms/MacOSX.platform/Developer/SDKs/MacOSX10.11.sdk<br>&gt; <br>&gt; <br>&gt; <br>&gt; <br>&gt; $ swift test<br>&gt; Compiling Swift Module &#39;CardTestSuite&#39; (3 sources)<br>&gt; Linking .build/debug/PlayingCard.xctest/Contents/MacOS/PlayingCard<br>&gt; Undefined symbols for architecture x86_64:<br>&gt;   &quot;__TFO11PlayingCard4RankCfT8rawValueSi_GSqS0__&quot;, referenced from:<br>&gt;       __TFFC13CardTestSuite8RankTest22testRankStringEqualityFT_T_U_FSiGSqO11PlayingCard4Rank_ in RankTests.swift.o<br>&gt;   &quot;__TFV11PlayingCard4CardCfT4rankOS_4Rank4suitOS_4Suit_S0_&quot;, referenced from:<br>&gt;       __TFC13CardTestSuite8CardTest14testCardSinglefT_T_ in CardTests.swift.o<br>&gt;       __TFC13CardTestSuite8CardTest22testCardStringEqualityfT_T_ in CardTests.swift.o<br>&gt;   &quot;__TMO11PlayingCard4Rank&quot;, referenced from:<br>&gt;       __TFC13CardTestSuite8RankTest22testRankStringEqualityfT_T_ in RankTests.swift.o<br>&gt;       __TMaGSqO11PlayingCard4Rank_ in RankTests.swift.o<br>&gt;       __TFFC13CardTestSuite8RankTest22testRankStringEqualityFT_T_U1_FO11PlayingCard4RankSi in RankTests.swift.o<br>&gt;       __TMaGSaO11PlayingCard4Rank_ in RankTests.swift.o<br>&gt;       __TFFC13CardTestSuite8RankTest22testRankStringEqualityFT_T_u_KzT_GSqSS_ in RankTests.swift.o<br>&gt;       __TFFC13CardTestSuite8RankTest22testRankStringEqualityFT_T_u1_KzT_GSqSS_ in RankTests.swift.o<br>&gt;       __TFFC13CardTestSuite8RankTest22testRankStringEqualityFT_T_u3_KzT_GSqSS_ in RankTests.swift.o<br>&gt;       ...<br>&gt;   &quot;__TMO11PlayingCard4Suit&quot;, referenced from:<br>&gt;       __TFFC13CardTestSuite8SuitTest22testSuitStringEqualityFT_T_u_KzT_GSqSS_ in SuitTests.swift.o<br>&gt;       __TFFC13CardTestSuite8SuitTest22testSuitStringEqualityFT_T_u1_KzT_GSqSS_ in SuitTests.swift.o<br>&gt;       __TFFC13CardTestSuite8SuitTest22testSuitStringEqualityFT_T_u3_KzT_GSqSS_ in SuitTests.swift.o<br>&gt;       __TFFC13CardTestSuite8SuitTest22testSuitStringEqualityFT_T_u5_KzT_GSqSS_ in SuitTests.swift.o<br>&gt;       __TFC13CardTestSuite8SuitTest18testSuitComparablefT_T_ in SuitTests.swift.o<br>&gt;   &quot;__TMV11PlayingCard4Card&quot;, referenced from:<br>&gt;       __TFC13CardTestSuite8CardTest14testCardSinglefT_T_ in CardTests.swift.o<br>&gt;       __TFFC13CardTestSuite8CardTest22testCardStringEqualityFT_T_u_KzT_GSqSS_ in CardTests.swift.o<br>&gt;       __TFFC13CardTestSuite8CardTest22testCardStringEqualityFT_T_u1_KzT_GSqSS_ in CardTests.swift.o<br>&gt;       __TFFC13CardTestSuite8CardTest22testCardStringEqualityFT_T_u3_KzT_GSqSS_ in CardTests.swift.o<br>&gt;   &quot;__TWPO11PlayingCard4Ranks10ComparableS_&quot;, referenced from:<br>&gt;       __TFC13CardTestSuite8RankTest18testRankComparablefT_T_ in RankTests.swift.o<br>&gt;   &quot;__TWPO11PlayingCard4Suits10ComparableS_&quot;, referenced from:<br>&gt;       __TFC13CardTestSuite8SuitTest18testSuitComparablefT_T_ in SuitTests.swift.o<br>&gt;   &quot;__TWPV11PlayingCard4Cards10ComparableS_&quot;, referenced from:<br>&gt;       __TFC13CardTestSuite8CardTest14testCardSinglefT_T_ in CardTests.swift.o<br>&gt;   &quot;__TWPV11PlayingCard4Cards9EquatableS_&quot;, referenced from:<br>&gt;       __TFC13CardTestSuite8CardTest14testCardSinglefT_T_ in CardTests.swift.o<br>&gt; ld: symbol(s) not found for architecture x86_64<br>&gt; &lt;unknown&gt;:0: error: link command failed with exit code 1 (use -v to see invocation)<br>&gt; &lt;unknown&gt;:0: error: build had 1 command failures<br>&gt; error: exit(1): /Library/Developer/Toolchains/swift-DEVELOPMENT-SNAPSHOT-2016-04-12-a.xctoolchain/usr/bin/swift-build-tool -f /Volumes/Joses_Stuff/github/Swift\ OSS/example-package-playingcard/.build/debug.yaml test<br>&gt; <br>&gt; <br>&gt; <br>&gt; <br>&gt; <br>&gt;&gt; On Apr 14, 2016, at 10:32 PM, Jose Cheyo Jimenez &lt;cheyo at masters3d.com &lt;mailto:cheyo at masters3d.com&gt;&gt; wrote:<br>&gt;&gt; <br>&gt;&gt; Hi Everybody, <br>&gt;&gt; <br>&gt;&gt; I am trying to build the example-packages but I am getting errors once I try to run test<br>&gt;&gt; <br>&gt;&gt; I was hopping to add some tests to close https://bugs.swift.org/browse/SR-1187 &lt;https://bugs.swift.org/browse/SR-1187&gt;<br>&gt;&gt; <br>&gt;&gt; I am using the 3-24 snapshot but I am getting import errors <br>&gt;&gt; <br>&gt;&gt; : error: no such module &#39;FisherYates&#39;<br>&gt;&gt; import FisherYates<br>&gt;&gt;        ^<br>&gt;&gt; &lt;unknown&gt;:0: error: build had 1 command failures<br>&gt;&gt; <br>&gt;&gt; It would seem that I am not able to import module names. <br>&gt;&gt; <br>&gt;&gt; The same thing happens when I try to run some new xctest from others the other with no dependencies. <br>&gt;&gt; <br>&gt;&gt; example-package-deckofplayingcards<br>&gt;&gt; example-package-fisheryates<br>&gt;&gt; example-package-playingcard<br>&gt;&gt; example-package-dealer<br>&gt;&gt; <br>&gt;&gt; <br>&gt; <br></p><p>-------------- next part --------------<br>An HTML attachment was scrubbed...<br>URL: &lt;https://lists.swift.org/pipermail/swift-users/attachments/20160420/29282da3/attachment.html&gt;<br></p></div><ul class="comments"><li class="comment"><div class="avatar"><img src="https://www.gravatar.com/avatar/5d9baa679148bd83458d11df12327ce0?s=50"></div><header><strong>Help need with SR-1187</strong> from <string>Daniel Dunbar</string> &lt;daniel_dunbar at apple.com&gt;<p>April 20, 2016 at 05:00:00pm</p></header><div class="content"><p>The package manager will add an implicit dependency between the test suite and the target it assumes it is trying to test. In your case, however, your package module is named PlayingCard, and your test module is name CardTests (not PlayingCardTests) so it doesn&#39;t find that dependency. This leaves it without any dependencies, and so the link fails. That the build of the individual test files doesn&#39;t fail is because we don&#39;t yet have a good way to enforce your Swift code only see what it is allowed to.<br></p><p>If you do:<br>```<br>$ git mv Tests/Card Tests/PlayingCard<br>$ TOOLCHAINS=swift swift build<br>$ TOOLCHAINS=swift swift test<br>```<br>then it should work.<br></p><p> - Daniel<br></p><p>&gt; On Apr 20, 2016, at 5:05 PM, Jose Cheyo Jimenez via swift-users &lt;swift-users at swift.org&gt; wrote:<br>&gt; <br>&gt; I filed a bug against the swift package manager.<br>&gt; <br>&gt; https://bugs.swift.org/browse/SR-1276 &lt;https://bugs.swift.org/browse/SR-1276&gt;<br>&gt; <br>&gt; <br>&gt;&gt; On Apr 19, 2016, at 11:20 PM, Jose Cheyo Jimenez &lt;cheyo at masters3d.com &lt;mailto:cheyo at masters3d.com&gt;&gt; wrote:<br>&gt;&gt; <br>&gt;&gt; I fixed the previous issue by uninstalling a really old version of https://github.com/realm/SwiftLint &lt;https://github.com/realm/SwiftLint&gt;<br>&gt;&gt; <br>&gt;&gt; Now I am having the same error as <br>&gt;&gt; https://bugs.swift.org/browse/SR-151 &lt;https://bugs.swift.org/browse/SR-151&gt;<br>&gt;&gt; but the linking error only occurs when I run the test. (It builds just fine)<br>&gt;&gt; <br>&gt;&gt; This is my fork with added tests. <br>&gt;&gt; https://github.com/masters3d/example-package-playingcard &lt;https://github.com/masters3d/example-package-playingcard&gt;<br>&gt;&gt; <br>&gt;&gt; Builds ok. <br>&gt;&gt; Tests fail to link<br>&gt;&gt; <br>&gt;&gt; $ swift build -v<br>&gt;&gt; 2016-04-19 23:07:36.949 xcodebuild[13800:2337418] Build settings from command line:<br>&gt;&gt; 2016-04-19 23:07:36.950 xcodebuild[13800:2337418]     ENABLE_BITCODE = NO<br>&gt;&gt; 2016-04-19 23:07:36.950 xcodebuild[13800:2337418]     SWIFT_DISABLE_REQUIRED_ARCLITE = YES<br>&gt;&gt; 2016-04-19 23:07:36.950 xcodebuild[13800:2337418]     SWIFT_LINK_OBJC_RUNTIME = YES<br>&gt;&gt; 2016-04-19 23:07:36.950 xcodebuild[13800:2337418]     TOOLCHAINS = org.swift.3020160412a<br>&gt;&gt; 2016-04-19 23:07:36.950 xcodebuild[13800:2337418]     XCODE_DEFAULT_TOOLCHAIN_OVERRIDE = /Library/Developer/Toolchains/swift-DEVELOPMENT-SNAPSHOT-2016-04-12-a.xctoolchain<br>&gt;&gt; 2016-04-19 23:07:37.348 xcodebuild[13802:2337432] Build settings from command line:<br>&gt;&gt; 2016-04-19 23:07:37.349 xcodebuild[13802:2337432]     ENABLE_BITCODE = NO<br>&gt;&gt; 2016-04-19 23:07:37.349 xcodebuild[13802:2337432]     SWIFT_DISABLE_REQUIRED_ARCLITE = YES<br>&gt;&gt; 2016-04-19 23:07:37.349 xcodebuild[13802:2337432]     SWIFT_LINK_OBJC_RUNTIME = YES<br>&gt;&gt; 2016-04-19 23:07:37.349 xcodebuild[13802:2337432]     TOOLCHAINS = org.swift.3020160412a<br>&gt;&gt; 2016-04-19 23:07:37.349 xcodebuild[13802:2337432]     XCODE_DEFAULT_TOOLCHAIN_OVERRIDE = /Library/Developer/Toolchains/swift-DEVELOPMENT-SNAPSHOT-2016-04-12-a.xctoolchain<br>&gt;&gt; /Library/Developer/Toolchains/swift-DEVELOPMENT-SNAPSHOT-2016-04-12-a.xctoolchain/usr/bin/swiftc --driver-mode=swift -I /Library/Developer/Toolchains/swift-DEVELOPMENT-SNAPSHOT-2016-04-12-a.xctoolchain/usr/lib/swift/pm -L /Library/Developer/Toolchains/swift-DEVELOPMENT-SNAPSHOT-2016-04-12-a.xctoolchain/usr/lib/swift/pm -lPackageDescription -target x86_64-apple-macosx10.10 /Volumes/Joses_Stuff/github/Swift\ OSS/example-package-playingcard/Package.swift -fileno 3<br>&gt;&gt; 2016-04-19 23:07:39.731 xcodebuild[13808:2337460] Build settings from command line:<br>&gt;&gt; 2016-04-19 23:07:39.732 xcodebuild[13808:2337460]     ENABLE_BITCODE = NO<br>&gt;&gt; 2016-04-19 23:07:39.732 xcodebuild[13808:2337460]     SWIFT_DISABLE_REQUIRED_ARCLITE = YES<br>&gt;&gt; 2016-04-19 23:07:39.732 xcodebuild[13808:2337460]     SWIFT_LINK_OBJC_RUNTIME = YES<br>&gt;&gt; 2016-04-19 23:07:39.732 xcodebuild[13808:2337460]     TOOLCHAINS = org.swift.3020160412a<br>&gt;&gt; 2016-04-19 23:07:39.732 xcodebuild[13808:2337460]     XCODE_DEFAULT_TOOLCHAIN_OVERRIDE = /Library/Developer/Toolchains/swift-DEVELOPMENT-SNAPSHOT-2016-04-12-a.xctoolchain<br>&gt;&gt; /Library/Developer/Toolchains/swift-DEVELOPMENT-SNAPSHOT-2016-04-12-a.xctoolchain/usr/bin/swift-build-tool -f /Volumes/Joses_Stuff/github/Swift\ OSS/example-package-playingcard/.build/debug.yaml default -v<br>&gt;&gt; /Library/Developer/Toolchains/swift-DEVELOPMENT-SNAPSHOT-2016-04-12-a.xctoolchain/usr/bin/swiftc -module-name PlayingCard -incremental -emit-dependencies -emit-module -emit-module-path &quot;/Volumes/Joses_Stuff/github/Swift OSS/example-package-playingcard/.build/debug/PlayingCard.swiftmodule&quot; -output-file-map &quot;/Volumes/Joses_Stuff/github/Swift OSS/example-package-playingcard/.build/debug/PlayingCard.build/output-file-map.json&quot; -parse-as-library -c &quot;/Volumes/Joses_Stuff/github/Swift OSS/example-package-playingcard/Sources/Card.swift&quot; &quot;/Volumes/Joses_Stuff/github/Swift OSS/example-package-playingcard/Sources/Rank.swift&quot; &quot;/Volumes/Joses_Stuff/github/Swift OSS/example-package-playingcard/Sources/Suit.swift&quot; -I &quot;/Volumes/Joses_Stuff/github/Swift OSS/example-package-playingcard/.build/debug&quot; -j8 -Onone -g -D SWIFT_PACKAGE -enable-testing -F /Applications/Xcode.app/Contents/Developer/Platforms/MacOSX.platform/Developer/Library/Frameworks -target x86_64-apple-macosx10.10 -sdk /Applications/Xcode.app/Contents/Developer/Platforms/MacOSX.platform/Developer/SDKs/MacOSX10.11.sdk<br>&gt;&gt; <br>&gt;&gt; <br>&gt;&gt; <br>&gt;&gt; <br>&gt;&gt; $ swift test<br>&gt;&gt; Compiling Swift Module &#39;CardTestSuite&#39; (3 sources)<br>&gt;&gt; Linking .build/debug/PlayingCard.xctest/Contents/MacOS/PlayingCard<br>&gt;&gt; Undefined symbols for architecture x86_64:<br>&gt;&gt;   &quot;__TFO11PlayingCard4RankCfT8rawValueSi_GSqS0__&quot;, referenced from:<br>&gt;&gt;       __TFFC13CardTestSuite8RankTest22testRankStringEqualityFT_T_U_FSiGSqO11PlayingCard4Rank_ in RankTests.swift.o<br>&gt;&gt;   &quot;__TFV11PlayingCard4CardCfT4rankOS_4Rank4suitOS_4Suit_S0_&quot;, referenced from:<br>&gt;&gt;       __TFC13CardTestSuite8CardTest14testCardSinglefT_T_ in CardTests.swift.o<br>&gt;&gt;       __TFC13CardTestSuite8CardTest22testCardStringEqualityfT_T_ in CardTests.swift.o<br>&gt;&gt;   &quot;__TMO11PlayingCard4Rank&quot;, referenced from:<br>&gt;&gt;       __TFC13CardTestSuite8RankTest22testRankStringEqualityfT_T_ in RankTests.swift.o<br>&gt;&gt;       __TMaGSqO11PlayingCard4Rank_ in RankTests.swift.o<br>&gt;&gt;       __TFFC13CardTestSuite8RankTest22testRankStringEqualityFT_T_U1_FO11PlayingCard4RankSi in RankTests.swift.o<br>&gt;&gt;       __TMaGSaO11PlayingCard4Rank_ in RankTests.swift.o<br>&gt;&gt;       __TFFC13CardTestSuite8RankTest22testRankStringEqualityFT_T_u_KzT_GSqSS_ in RankTests.swift.o<br>&gt;&gt;       __TFFC13CardTestSuite8RankTest22testRankStringEqualityFT_T_u1_KzT_GSqSS_ in RankTests.swift.o<br>&gt;&gt;       __TFFC13CardTestSuite8RankTest22testRankStringEqualityFT_T_u3_KzT_GSqSS_ in RankTests.swift.o<br>&gt;&gt;       ...<br>&gt;&gt;   &quot;__TMO11PlayingCard4Suit&quot;, referenced from:<br>&gt;&gt;       __TFFC13CardTestSuite8SuitTest22testSuitStringEqualityFT_T_u_KzT_GSqSS_ in SuitTests.swift.o<br>&gt;&gt;       __TFFC13CardTestSuite8SuitTest22testSuitStringEqualityFT_T_u1_KzT_GSqSS_ in SuitTests.swift.o<br>&gt;&gt;       __TFFC13CardTestSuite8SuitTest22testSuitStringEqualityFT_T_u3_KzT_GSqSS_ in SuitTests.swift.o<br>&gt;&gt;       __TFFC13CardTestSuite8SuitTest22testSuitStringEqualityFT_T_u5_KzT_GSqSS_ in SuitTests.swift.o<br>&gt;&gt;       __TFC13CardTestSuite8SuitTest18testSuitComparablefT_T_ in SuitTests.swift.o<br>&gt;&gt;   &quot;__TMV11PlayingCard4Card&quot;, referenced from:<br>&gt;&gt;       __TFC13CardTestSuite8CardTest14testCardSinglefT_T_ in CardTests.swift.o<br>&gt;&gt;       __TFFC13CardTestSuite8CardTest22testCardStringEqualityFT_T_u_KzT_GSqSS_ in CardTests.swift.o<br>&gt;&gt;       __TFFC13CardTestSuite8CardTest22testCardStringEqualityFT_T_u1_KzT_GSqSS_ in CardTests.swift.o<br>&gt;&gt;       __TFFC13CardTestSuite8CardTest22testCardStringEqualityFT_T_u3_KzT_GSqSS_ in CardTests.swift.o<br>&gt;&gt;   &quot;__TWPO11PlayingCard4Ranks10ComparableS_&quot;, referenced from:<br>&gt;&gt;       __TFC13CardTestSuite8RankTest18testRankComparablefT_T_ in RankTests.swift.o<br>&gt;&gt;   &quot;__TWPO11PlayingCard4Suits10ComparableS_&quot;, referenced from:<br>&gt;&gt;       __TFC13CardTestSuite8SuitTest18testSuitComparablefT_T_ in SuitTests.swift.o<br>&gt;&gt;   &quot;__TWPV11PlayingCard4Cards10ComparableS_&quot;, referenced from:<br>&gt;&gt;       __TFC13CardTestSuite8CardTest14testCardSinglefT_T_ in CardTests.swift.o<br>&gt;&gt;   &quot;__TWPV11PlayingCard4Cards9EquatableS_&quot;, referenced from:<br>&gt;&gt;       __TFC13CardTestSuite8CardTest14testCardSinglefT_T_ in CardTests.swift.o<br>&gt;&gt; ld: symbol(s) not found for architecture x86_64<br>&gt;&gt; &lt;unknown&gt;:0: error: link command failed with exit code 1 (use -v to see invocation)<br>&gt;&gt; &lt;unknown&gt;:0: error: build had 1 command failures<br>&gt;&gt; error: exit(1): /Library/Developer/Toolchains/swift-DEVELOPMENT-SNAPSHOT-2016-04-12-a.xctoolchain/usr/bin/swift-build-tool -f /Volumes/Joses_Stuff/github/Swift\ OSS/example-package-playingcard/.build/debug.yaml test<br>&gt;&gt; <br>&gt;&gt; <br>&gt;&gt; <br>&gt;&gt; <br>&gt;&gt; <br>&gt;&gt;&gt; On Apr 14, 2016, at 10:32 PM, Jose Cheyo Jimenez &lt;cheyo at masters3d.com &lt;mailto:cheyo at masters3d.com&gt;&gt; wrote:<br>&gt;&gt;&gt; <br>&gt;&gt;&gt; Hi Everybody, <br>&gt;&gt;&gt; <br>&gt;&gt;&gt; I am trying to build the example-packages but I am getting errors once I try to run test<br>&gt;&gt;&gt; <br>&gt;&gt;&gt; I was hopping to add some tests to close https://bugs.swift.org/browse/SR-1187 &lt;https://bugs.swift.org/browse/SR-1187&gt;<br>&gt;&gt;&gt; <br>&gt;&gt;&gt; I am using the 3-24 snapshot but I am getting import errors <br>&gt;&gt;&gt; <br>&gt;&gt;&gt; : error: no such module &#39;FisherYates&#39;<br>&gt;&gt;&gt; import FisherYates<br>&gt;&gt;&gt;        ^<br>&gt;&gt;&gt; &lt;unknown&gt;:0: error: build had 1 command failures<br>&gt;&gt;&gt; <br>&gt;&gt;&gt; It would seem that I am not able to import module names. <br>&gt;&gt;&gt; <br>&gt;&gt;&gt; The same thing happens when I try to run some new xctest from others the other with no dependencies. <br>&gt;&gt;&gt; <br>&gt;&gt;&gt; example-package-deckofplayingcards<br>&gt;&gt;&gt; example-package-fisheryates<br>&gt;&gt;&gt; example-package-playingcard<br>&gt;&gt;&gt; example-package-dealer<br>&gt;&gt;&gt; <br>&gt;&gt;&gt; <br>&gt;&gt; <br>&gt; <br>&gt; _______________________________________________<br>&gt; swift-users mailing list<br>&gt; swift-users at swift.org<br>&gt; https://lists.swift.org/mailman/listinfo/swift-users<br></p><p>-------------- next part --------------<br>An HTML attachment was scrubbed...<br>URL: &lt;https://lists.swift.org/pipermail/swift-users/attachments/20160420/efcac8c1/attachment.html&gt;<br></p></div></li></ul></li></ul></li></ul></li></ul></div>    </main>
    <script src="/js/app-c283ee129de63ad743722e9511e67a5d.js"></script>
  </body>
  <footer>
    <p>Swift and the Swift logo are trademarks of Apple Inc.</p>
  </footer>
</html>
