<!DOCTYPE html>
<html lang="en">
  <head>
    <meta charset="utf-8">
    <meta http-equiv="X-UA-Compatible" content="IE=edge">
    <meta name="viewport" content="width=device-width, initial-scale=1">
    <meta name="description" content="">
    <meta name="author" content="">

    <title>Swift Mailing List Archive</title>
    <link rel="stylesheet" href="/css/app-13f065ae5e595562a5022c544e3b976c.css?vsn=d">
  </head>

  <body>
    <div class="container">
      <header class="header">
        <img src="/images/swift-d0237fc716ba0932a940049990beba1b.svg?vsn=d" height="70">
      </header>

      <p class="alert alert-info" role="alert"></p>
      <p class="alert alert-danger" role="alert"></p>

    </div> <!-- /container -->
    <main role="main">
<div class="comment-wrapper"><ul class="comments"><li class="comment"><div class="avatar"><img src="https://www.gravatar.com/avatar/4655b3a69b4454d58c7f7c010671b067?s=50"></div><header><strong>cmark test failure when trying to run Swift tests</strong> from <string>Carlos Liam</string> &lt;carlos at aarzee.me&gt;<p>December  4, 2015 at 11:00:00am</p></header><div class="content"><p>I&#39;m experimenting with building and testing Swift on my Mac running OS X 10.11.1, but every time I run build-script -T (or -t), the output ends with this:<br></p><p>--- Building tests for cmark ---<br>+ /usr/local/bin/cmake --build /Users/aarzee/swiftdir/build/Ninja-ReleaseAssert/cmark-macosx-x86_64 -- api_test<br>ninja: no work to do.<br>--- Running tests for cmark ---<br>--- test ---<br>+ cd /Users/aarzee/swiftdir/build/Ninja-ReleaseAssert/cmark-macosx-x86_64<br>+ /usr/local/Cellar/cmake/3.4.0/bin/ctest --force-new-ctest-process<br>Test project /Users/aarzee/swiftdir/build/Ninja-ReleaseAssert/cmark-macosx-x86_64<br>    Start 1: api_test<br>1/6 Test #1: api_test .........................   Passed    0.01 sec<br>    Start 2: html_normalization<br>2/6 Test #2: html_normalization ...............***Failed    0.20 sec<br>    Start 3: spectest_library<br>3/6 Test #3: spectest_library .................***Failed    0.10 sec<br>    Start 4: pathological_tests_library<br>4/6 Test #4: pathological_tests_library .......   Passed    0.77 sec<br>    Start 5: spectest_executable<br>5/6 Test #5: spectest_executable ..............***Failed    0.08 sec<br>    Start 6: smartpuncttest_executable<br>6/6 Test #6: smartpuncttest_executable ........***Failed    0.08 sec<br></p><p>33% tests passed, 4 tests failed out of 6<br></p><p>Total Test time (real) =   1.27 sec<br></p><p>The following tests FAILED:<br>	  2 - html_normalization (Failed)<br>	  3 - spectest_library (Failed)<br>	  5 - spectest_executable (Failed)<br>	  6 - smartpuncttest_executable (Failed)<br>Errors while running CTest<br>*** Failed while running tests for cmark (test)<br>swift/utils/build-script: command terminated with a non-zero exit status 8, aborting<br></p><p><br>I haven&#39;t modified any files from how they exist in git, and I&#39;m using the swift-prefixed versions of LLVM and Clang.<br></p><p>Is there something I should try to fix this? I would appreciate any assistance. Thank you.<br></p><p><br> - CL<br></p></div><ul class="comments"><li class="comment"><div class="avatar"><img src="https://www.gravatar.com/avatar/969b04d28c02f951ccc03f615b9a92b3?s=50"></div><header><strong>cmark test failure when trying to run Swift tests</strong> from <string>Dmitri Gribenko</string> &lt;gribozavr at gmail.com&gt;<p>December  5, 2015 at 12:00:00am</p></header><div class="content"><p>On Fri, Dec 4, 2015 at 8:29 AM, Carlos Liam &lt;carlos at aarzee.me&gt; wrote:<br>&gt; I&#39;m experimenting with building and testing Swift on my Mac running OS X 10.11.1, but every time I run build-script -T (or -t), the output ends with this:<br>&gt;<br>&gt; --- Building tests for cmark ---<br>&gt; + /usr/local/bin/cmake --build /Users/aarzee/swiftdir/build/Ninja-ReleaseAssert/cmark-macosx-x86_64 -- api_test<br>&gt; ninja: no work to do.<br>&gt; --- Running tests for cmark ---<br>&gt; --- test ---<br>&gt; + cd /Users/aarzee/swiftdir/build/Ninja-ReleaseAssert/cmark-macosx-x86_64<br>&gt; + /usr/local/Cellar/cmake/3.4.0/bin/ctest --force-new-ctest-process<br>&gt; Test project /Users/aarzee/swiftdir/build/Ninja-ReleaseAssert/cmark-macosx-x86_64<br>&gt;     Start 1: api_test<br>&gt; 1/6 Test #1: api_test .........................   Passed    0.01 sec<br>&gt;     Start 2: html_normalization<br>&gt; 2/6 Test #2: html_normalization ...............***Failed    0.20 sec<br>&gt;     Start 3: spectest_library<br>&gt; 3/6 Test #3: spectest_library .................***Failed    0.10 sec<br>&gt;     Start 4: pathological_tests_library<br>&gt; 4/6 Test #4: pathological_tests_library .......   Passed    0.77 sec<br>&gt;     Start 5: spectest_executable<br>&gt; 5/6 Test #5: spectest_executable ..............***Failed    0.08 sec<br>&gt;     Start 6: smartpuncttest_executable<br>&gt; 6/6 Test #6: smartpuncttest_executable ........***Failed    0.08 sec<br>&gt;<br>&gt; 33% tests passed, 4 tests failed out of 6<br>&gt;<br>&gt; Total Test time (real) =   1.27 sec<br>&gt;<br>&gt; The following tests FAILED:<br>&gt;           2 - html_normalization (Failed)<br>&gt;           3 - spectest_library (Failed)<br>&gt;           5 - spectest_executable (Failed)<br>&gt;           6 - smartpuncttest_executable (Failed)<br>&gt; Errors while running CTest<br>&gt; *** Failed while running tests for cmark (test)<br>&gt; swift/utils/build-script: command terminated with a non-zero exit status 8, aborting<br>&gt;<br>&gt;<br>&gt; I haven&#39;t modified any files from how they exist in git, and I&#39;m using the swift-prefixed versions of LLVM and Clang.<br>&gt;<br>&gt; Is there something I should try to fix this? I would appreciate any assistance. Thank you.<br></p><p>Hi Carlos,<br></p><p>Do you happen to have Python 3.5 installed as the default Python?<br>Seems like cmark tests break in that case.<br></p><p>Dmitri<br></p><p>-- <br>main(i,j){for(i=2;;i++){for(j=2;j&lt;i;j++){if(!(i%j)){j=0;break;}}if<br>(j){printf(&quot;%d\n&quot;,i);}}} /*Dmitri Gribenko &lt;gribozavr at gmail.com&gt;*/<br></p></div></li></ul></li></ul></div>    </main>
    <script src="/js/app-c283ee129de63ad743722e9511e67a5d.js?vsn=d"></script>
  </body>
  <footer>
    <p>Swift and the Swift logo are trademarks of Apple Inc.</p>
  </footer>
</html>
