<!DOCTYPE html>
<html lang="en">
  <head>
    <meta charset="utf-8">
    <meta http-equiv="X-UA-Compatible" content="IE=edge">
    <meta name="viewport" content="width=device-width, initial-scale=1">
    <meta name="description" content="">
    <meta name="author" content="">

    <title>Swift Mailing List Archive</title>
    <link rel="stylesheet" href="/css/app-13f065ae5e595562a5022c544e3b976c.css">
  </head>

  <body>
    <div class="container">
      <header class="header">
        <img src="/images/swift-d0237fc716ba0932a940049990beba1b.svg" height="70">
      </header>

      <p class="alert alert-info" role="alert"></p>
      <p class="alert alert-danger" role="alert"></p>

    </div> <!-- /container -->
    <main role="main">
<div class="comment-wrapper"><ul class="comments"><li class="comment"><div class="avatar"><img src="https://www.gravatar.com/avatar/d53b7c5f9b5f5557b9082face9b632a0?s=50"></div><header><strong>linux long tests failing due to JUnit issue?</strong> from <string>Dave Abrahams</string> &lt;dabrahams at apple.com&gt;<p>August  6, 2016 at 03:00:00pm</p></header><div class="content"><p>I don&#39;t really understand why JUnit would be relevant here, but we&#39;re<br>getting this failure after everything else seems to pass.<br></p><p>[xUnit] [INFO] - Processing JUnit<br>[xUnit] [INFO] - [JUnit] - No test report file(s) were found with the pattern &#39;Ninja-ReleaseAssert/swift-linux-x86_64/swift-test-results/x86_64-unknown-linux-gnu/lit-tests.xml&#39; relative to &#39;/home/buildnode/jenkins/workspace/oss-swift-incremental-RA-linux-ubuntu-14_04-long-test&#39; for the testing framework &#39;JUnit&#39;.  Did you enter a pattern relative to the correct directory?  Did you generate the result report(s) for &#39;JUnit&#39;?<br>[xUnit] [ERROR] - No test reports found for the metric &#39;JUnit&#39; with the resolved pattern &#39;Ninja-ReleaseAssert/swift-linux-x86_64/swift-test-results/x86_64-unknown-linux-gnu/lit-tests.xml&#39;. Configuration error?.<br>[xUnit] [INFO] - Failing BUILD.<br></p><p>See the bottom of:<br>https://ci.swift.org/job/oss-swift-incremental-RA-linux-ubuntu-14_04-long-test/lastBuild/consoleFull<br></p><p>Any ideas?<br></p><p>-- <br>-Dave<br></p></div><ul class="comments"><li class="comment"><div class="avatar"><img src="https://www.gravatar.com/avatar/12dd65fe648ab7baf7b432dd586a8388?s=50"></div><header><strong>linux long tests failing due to JUnit issue?</strong> from <string>mishal_shah</string> &lt;mishal_shah at apple.com&gt;<p>August  8, 2016 at 10:00:00am</p></header><div class="content"><p>Hi Dave, <br></p><p>It’s due to build directory name change from Ninja-ReleaseAssert to buildbot_incremental. <br></p><p>I just fixed it, next build should not fail due to this reason. <br></p><p>https://ci.swift.org/job/oss-swift-incremental-RA-linux-ubuntu-14_04-long-test/675/<br></p><p>Thanks, <br>Mishal Shah<br>&gt; On Aug 6, 2016, at 3:15 PM, Dave Abrahams via swift-dev &lt;swift-dev at swift.org&gt; wrote:<br>&gt; <br>&gt; <br>&gt; I don&#39;t really understand why JUnit would be relevant here, but we&#39;re<br>&gt; getting this failure after everything else seems to pass.<br>&gt; <br>&gt; [xUnit] [INFO] - Processing JUnit<br>&gt; [xUnit] [INFO] - [JUnit] - No test report file(s) were found with the pattern &#39;Ninja-ReleaseAssert/swift-linux-x86_64/swift-test-results/x86_64-unknown-linux-gnu/lit-tests.xml&#39; relative to &#39;/home/buildnode/jenkins/workspace/oss-swift-incremental-RA-linux-ubuntu-14_04-long-test&#39; for the testing framework &#39;JUnit&#39;.  Did you enter a pattern relative to the correct directory?  Did you generate the result report(s) for &#39;JUnit&#39;?<br>&gt; [xUnit] [ERROR] - No test reports found for the metric &#39;JUnit&#39; with the resolved pattern &#39;Ninja-ReleaseAssert/swift-linux-x86_64/swift-test-results/x86_64-unknown-linux-gnu/lit-tests.xml&#39;. Configuration error?.<br>&gt; [xUnit] [INFO] - Failing BUILD.<br>&gt; <br>&gt; See the bottom of:<br>&gt; https://ci.swift.org/job/oss-swift-incremental-RA-linux-ubuntu-14_04-long-test/lastBuild/consoleFull<br>&gt; <br>&gt; Any ideas?<br>&gt; <br>&gt; -- <br>&gt; -Dave<br>&gt; <br>&gt; _______________________________________________<br>&gt; swift-dev mailing list<br>&gt; swift-dev at swift.org<br>&gt; https://lists.swift.org/mailman/listinfo/swift-dev<br></p></div></li><li class="comment"><div class="avatar"><img src="https://www.gravatar.com/avatar/c4fe988326eed161b989d0c5521cb105?s=50"></div><header><strong>linux long tests failing due to JUnit issue?</strong> from <string>Jordan Rose</string> &lt;jordan_rose at apple.com&gt;<p>August  8, 2016 at 01:00:00pm</p></header><div class="content"><p>&gt; On Aug 6, 2016, at 15:15, Dave Abrahams via swift-dev &lt;swift-dev at swift.org&gt; wrote:<br>&gt; <br>&gt; <br>&gt; I don&#39;t really understand why JUnit would be relevant here, but we&#39;re<br>&gt; getting this failure after everything else seems to pass.<br>&gt; <br>&gt; [xUnit] [INFO] - Processing JUnit<br>&gt; [xUnit] [INFO] - [JUnit] - No test report file(s) were found with the pattern &#39;Ninja-ReleaseAssert/swift-linux-x86_64/swift-test-results/x86_64-unknown-linux-gnu/lit-tests.xml&#39; relative to &#39;/home/buildnode/jenkins/workspace/oss-swift-incremental-RA-linux-ubuntu-14_04-long-test&#39; for the testing framework &#39;JUnit&#39;.  Did you enter a pattern relative to the correct directory?  Did you generate the result report(s) for &#39;JUnit&#39;?<br>&gt; [xUnit] [ERROR] - No test reports found for the metric &#39;JUnit&#39; with the resolved pattern &#39;Ninja-ReleaseAssert/swift-linux-x86_64/swift-test-results/x86_64-unknown-linux-gnu/lit-tests.xml&#39;. Configuration error?.<br>&gt; [xUnit] [INFO] - Failing BUILD.<br>&gt; <br>&gt; See the bottom of:<br>&gt; https://ci.swift.org/job/oss-swift-incremental-RA-linux-ubuntu-14_04-long-test/lastBuild/consoleFull<br></p><p>For the record, Mishal says this is due to us changing the “subdir” option on the build configuration. I don’t think he’s gotten to updating the bot yet.<br></p><p>Jordan<br></p></div></li></ul></li></ul></div>    </main>
    <script src="/js/app-c283ee129de63ad743722e9511e67a5d.js"></script>
  </body>
  <footer>
    <p>Swift and the Swift logo are trademarks of Apple Inc.</p>
  </footer>
</html>
