<!DOCTYPE html>
<html lang="en">
  <head>
    <meta charset="utf-8">
    <meta http-equiv="X-UA-Compatible" content="IE=edge">
    <meta name="viewport" content="width=device-width, initial-scale=1">
    <meta name="description" content="">
    <meta name="author" content="">

    <title>Swift Mailing List Archive</title>
    <link rel="stylesheet" href="/css/app-13f065ae5e595562a5022c544e3b976c.css?vsn=d">
  </head>

  <body>
    <div class="container">
      <header class="header">
        <img src="/images/swift-d0237fc716ba0932a940049990beba1b.svg?vsn=d" height="70">
      </header>

      <p class="alert alert-info" role="alert"></p>
      <p class="alert alert-danger" role="alert"></p>

    </div> <!-- /container -->
    <main role="main">
<div class="comment-wrapper"><ul class="comments"><li class="comment"><div class="avatar"><img src="https://www.gravatar.com/avatar/12dd65fe648ab7baf7b432dd586a8388?s=50"></div><header><strong>[Swift CI] [Master] Swift iPhone simulator i386 test failing</strong> from <string>mishal_shah</string> &lt;mishal_shah at apple.com&gt;<p>February 23, 2016 at 10:00:00am</p></header><div class="content"><p>Swift iPhone simulator i386 test are broken after following commits: <br></p><p>https://ci.swift.org/job/oss-swift_tools-RA_stdlib-DA_test-simulator/645/<br></p><p>	• [Parser] Couple &amp;quot;expected declaration&amp;quot; Diagnose With A Note (detail)<br>	• [Parser] updated tests for &amp;quot;expected declaration&amp;quot; companion note (detail)<br>	• [stdlib] Rename &amp;quot;PrivateDarwin&amp;quot; to &amp;quot;PrivateLibc&amp;quot; (detail)<br>	• [Omit needless words] More Cocoa verbs: activate, deactivate, reattach. (detail)<br>	• [Omit needless words] Treat &amp;quot;Mask&amp;quot; as a skippable type suffix. (detail)<br>	• ASTPrinter: Move the logic for collecting all module groups from (detail)<br>	• Module group: Address @natecook1000 and @dabrahams&amp;#039;s comments. (detail)<br>	• Module group: Add Optional and Pointer groups. (detail)<br>	• Improve handling of unreachable blocks in mem2reg. (detail)<br>	• stdlib: Fix handling of standard library types in _typeByName. (detail)<br>	• Switch NecessaryBindings to use PolymorphicConvention, making it much (detail)<br>	• Module group: Move Bit.swift to Math. (detail)<br>	• Module group: Add protocol group. (detail)<br>	• [upstream-update] dexonsmith in an upstream commit realized he missed an (detail)<br>	• Disable test/Interpreter/property_behavior.swift optimized execution (detail)<br>	• Remove some now-unnecessary code, since associated types are no longer (detail)<br>	• Refactor some ArraySemanticsCall code. NFC. (detail)<br>	• Handle array.get_element semantics calls with direct results in SIL (detail)<br>	• Support for mangling of generic specializations with different (detail)<br>	• refactoring: move static function isPartialApplyOfReabstractionThunk (detail)<br>	• GenericSpecializer: When specializing a generic function, convert (detail)<br>	• [Omit needless words] &amp;quot;de-&amp;quot; is a verb prefix. (detail)<br>	• [Omit needless words] Don&amp;#039;t infer empty option sets for setters. (detail)<br>	• [Omit needless words] Don&amp;#039;t prefix-strip when dumping APIs. (detail)<br></p><p>******************** TEST &#39;Swift :: IRGen/protocol_resilience.sil&#39; FAILED ********************<br></p><p>Script:<br>--<br>/Users/buildnode/jenkins/workspace/oss-swift_tools-RA_stdlib-DA_test-simulator/Ninja-ReleaseAssert/swift-macosx-x86_64/bin/swiftc -frontend -target i386-apple-ios7.0  -module-cache-path &#39;/var/folders/_8/79jmzf2142z2xydc_01btlx00000gn/T/swift-testsuite-clang-module-cacheJGYIrV&#39; -sdk /Applications/Xcode.app/Contents/Developer/Platforms/iPhoneSimulator.platform/Developer/SDKs/iPhoneSimulator9.2.sdk  -I /Users/buildnode/jenkins/workspace/oss-swift_tools-RA_stdlib-DA_test-simulator/swift/test/IRGen/../Inputs -enable-source-import -emit-ir -enable-resilience /Users/buildnode/jenkins/workspace/oss-swift_tools-RA_stdlib-DA_test-simulator/swift/test/IRGen/protocol_resilience.sil | FileCheck /Users/buildnode/jenkins/workspace/oss-swift_tools-RA_stdlib-DA_test-simulator/swift/test/IRGen/protocol_resilience.sil<br>/Users/buildnode/jenkins/workspace/oss-swift_tools-RA_stdlib-DA_test-simulator/Ninja-ReleaseAssert/swift-macosx-x86_64/bin/swiftc -frontend -target i386-apple-ios7.0  -module-cache-path &#39;/var/folders/_8/79jmzf2142z2xydc_01btlx00000gn/T/swift-testsuite-clang-module-cacheJGYIrV&#39; -sdk /Applications/Xcode.app/Contents/Developer/Platforms/iPhoneSimulator.platform/Developer/SDKs/iPhoneSimulator9.2.sdk  -I /Users/buildnode/jenkins/workspace/oss-swift_tools-RA_stdlib-DA_test-simulator/swift/test/IRGen/../Inputs -enable-source-import -emit-ir -enable-resilience -O /Users/buildnode/jenkins/workspace/oss-swift_tools-RA_stdlib-DA_test-simulator/swift/test/IRGen/protocol_resilience.sil<br>--<br>Exit Code: 1<br></p><p>Command Output (stderr):<br>--<br></p><p>/Users/buildnode/jenkins/workspace/oss-swift_tools-RA_stdlib-DA_test-simulator/swift/test/IRGen/protocol_resilience.sil:94:17: error: expected string not found in input<br></p><p> // CHECK-NEXT: [[LAYOUT:%.*]] = bitcast %swift.refcounted* [[CONTEXT]] to &lt;{ %swift.refcounted, [{{8|16}} x i8], i8* }&gt;*<br>                ^<br>&lt;stdin&gt;:84:186: note: scanning from here<br> %5 = call noalias %swift.refcounted* @swift_allocObject(%swift.type* getelementptr inbounds (%swift.full_boxmetadata, %swift.full_boxmetadata* @metadata, i32 0, i32 2), i32 20, i32 3) #2<br>                                                                                                                                                                                         ^<br>&lt;stdin&gt;:84:186: note: with variable &quot;CONTEXT&quot; equal to &quot;%5&quot;<br> %5 = call noalias %swift.refcounted* @swift_allocObject(%swift.type* getelementptr inbounds (%swift.full_boxmetadata, %swift.full_boxmetadata* @metadata, i32 0, i32 2), i32 20, i32 3) #2<br>                                                                                                                                                                                         ^<br>&lt;stdin&gt;:85:2: note: possible intended match here<br> %6 = bitcast %swift.refcounted* %5 to &lt;{ %swift.refcounted, [4 x i8], i8* }&gt;*<br> ^<br></p><p>--<br></p><p>********************<br>Testing: 0 .. 10.. 20.. 30.. 40.. 50.. 60.. 70.. 80.. 90.. <br></p><p>Testing Time: 2933.43s<br>********************<br>Failing Tests (1):<br>    Swift :: IRGen/protocol_resilience.sil<br></p><p><br>-------------- next part --------------<br>An HTML attachment was scrubbed...<br>URL: &lt;https://lists.swift.org/pipermail/swift-dev/attachments/20160223/cbe03692/attachment.html&gt;<br></p></div><ul class="comments"><li class="comment"><div class="avatar"><img src="https://www.gravatar.com/avatar/569ed436467cf145f3bbdd0d53fbe115?s=50"></div><header><strong>[Swift CI] [Master] Swift iPhone simulator i386 test failing</strong> from <string>Slava Pestov</string> &lt;spestov at apple.com&gt;<p>February 23, 2016 at 01:00:00pm</p></header><div class="content"><p>I&#39;ll fix it.<br></p><p>it appears that @swift-ci doesn&#39;t run these tests?<br></p><p>Slava<br></p><p>&gt; On Feb 23, 2016, at 10:29 AM, Mishal Shah via swift-dev &lt;swift-dev at swift.org&gt; wrote:<br>&gt; <br>&gt; Swift iPhone simulator i386 test are broken after following commits: <br>&gt; <br>&gt; https://ci.swift.org/job/oss-swift_tools-RA_stdlib-DA_test-simulator/645/ &lt;https://ci.swift.org/job/oss-swift_tools-RA_stdlib-DA_test-simulator/645/&gt;<br>&gt; <br>&gt; 	• [Parser] Couple &amp;quot;expected declaration&amp;quot; Diagnose With A Note (detail)<br>&gt; 	• [Parser] updated tests for &amp;quot;expected declaration&amp;quot; companion note (detail)<br>&gt; 	• [stdlib] Rename &amp;quot;PrivateDarwin&amp;quot; to &amp;quot;PrivateLibc&amp;quot; (detail)<br>&gt; 	• [Omit needless words] More Cocoa verbs: activate, deactivate, reattach. (detail)<br>&gt; 	• [Omit needless words] Treat &amp;quot;Mask&amp;quot; as a skippable type suffix. (detail)<br>&gt; 	• ASTPrinter: Move the logic for collecting all module groups from (detail)<br>&gt; 	• Module group: Address @natecook1000 and @dabrahams&amp;#039;s comments. (detail)<br>&gt; 	• Module group: Add Optional and Pointer groups. (detail)<br>&gt; 	• Improve handling of unreachable blocks in mem2reg. (detail)<br>&gt; 	• stdlib: Fix handling of standard library types in _typeByName. (detail)<br>&gt; 	• Switch NecessaryBindings to use PolymorphicConvention, making it much (detail)<br>&gt; 	• Module group: Move Bit.swift to Math. (detail)<br>&gt; 	• Module group: Add protocol group. (detail)<br>&gt; 	• [upstream-update] dexonsmith in an upstream commit realized he missed an (detail)<br>&gt; 	• Disable test/Interpreter/property_behavior.swift optimized execution (detail)<br>&gt; 	• Remove some now-unnecessary code, since associated types are no longer (detail)<br>&gt; 	• Refactor some ArraySemanticsCall code. NFC. (detail)<br>&gt; 	• Handle array.get_element semantics calls with direct results in SIL (detail)<br>&gt; 	• Support for mangling of generic specializations with different (detail)<br>&gt; 	• refactoring: move static function isPartialApplyOfReabstractionThunk (detail)<br>&gt; 	• GenericSpecializer: When specializing a generic function, convert (detail)<br>&gt; 	• [Omit needless words] &amp;quot;de-&amp;quot; is a verb prefix. (detail)<br>&gt; 	• [Omit needless words] Don&amp;#039;t infer empty option sets for setters. (detail)<br>&gt; 	• [Omit needless words] Don&amp;#039;t prefix-strip when dumping APIs. (detail)<br>&gt; <br>&gt; ******************** TEST &#39;Swift :: IRGen/protocol_resilience.sil&#39; FAILED ********************<br>&gt; <br>&gt; Script:<br>&gt; --<br>&gt; /Users/buildnode/jenkins/workspace/oss-swift_tools-RA_stdlib-DA_test-simulator/Ninja-ReleaseAssert/swift-macosx-x86_64/bin/swiftc -frontend -target i386-apple-ios7.0  -module-cache-path &#39;/var/folders/_8/79jmzf2142z2xydc_01btlx00000gn/T/swift-testsuite-clang-module-cacheJGYIrV&#39; -sdk /Applications/Xcode.app/Contents/Developer/Platforms/iPhoneSimulator.platform/Developer/SDKs/iPhoneSimulator9.2.sdk  -I /Users/buildnode/jenkins/workspace/oss-swift_tools-RA_stdlib-DA_test-simulator/swift/test/IRGen/../Inputs -enable-source-import -emit-ir -enable-resilience /Users/buildnode/jenkins/workspace/oss-swift_tools-RA_stdlib-DA_test-simulator/swift/test/IRGen/protocol_resilience.sil | FileCheck /Users/buildnode/jenkins/workspace/oss-swift_tools-RA_stdlib-DA_test-simulator/swift/test/IRGen/protocol_resilience.sil<br>&gt; /Users/buildnode/jenkins/workspace/oss-swift_tools-RA_stdlib-DA_test-simulator/Ninja-ReleaseAssert/swift-macosx-x86_64/bin/swiftc -frontend -target i386-apple-ios7.0  -module-cache-path &#39;/var/folders/_8/79jmzf2142z2xydc_01btlx00000gn/T/swift-testsuite-clang-module-cacheJGYIrV&#39; -sdk /Applications/Xcode.app/Contents/Developer/Platforms/iPhoneSimulator.platform/Developer/SDKs/iPhoneSimulator9.2.sdk  -I /Users/buildnode/jenkins/workspace/oss-swift_tools-RA_stdlib-DA_test-simulator/swift/test/IRGen/../Inputs -enable-source-import -emit-ir -enable-resilience -O /Users/buildnode/jenkins/workspace/oss-swift_tools-RA_stdlib-DA_test-simulator/swift/test/IRGen/protocol_resilience.sil<br>&gt; --<br>&gt; Exit Code: 1<br>&gt; <br>&gt; Command Output (stderr):<br>&gt; --<br>&gt; <br>&gt; /Users/buildnode/jenkins/workspace/oss-swift_tools-RA_stdlib-DA_test-simulator/swift/test/IRGen/protocol_resilience.sil:94:17: error: expected string not found in input<br>&gt; <br>&gt;  // CHECK-NEXT: [[LAYOUT:%.*]] = bitcast %swift.refcounted* [[CONTEXT]] to &lt;{ %swift.refcounted, [{{8|16}} x i8], i8* }&gt;*<br>&gt;                 ^<br>&gt; &lt;stdin&gt;:84:186: note: scanning from here<br>&gt;  %5 = call noalias %swift.refcounted* @swift_allocObject(%swift.type* getelementptr inbounds (%swift.full_boxmetadata, %swift.full_boxmetadata* @metadata, i32 0, i32 2), i32 20, i32 3) #2<br>&gt;                                                                                                                                                                                          ^<br>&gt; &lt;stdin&gt;:84:186: note: with variable &quot;CONTEXT&quot; equal to &quot;%5&quot;<br>&gt;  %5 = call noalias %swift.refcounted* @swift_allocObject(%swift.type* getelementptr inbounds (%swift.full_boxmetadata, %swift.full_boxmetadata* @metadata, i32 0, i32 2), i32 20, i32 3) #2<br>&gt;                                                                                                                                                                                          ^<br>&gt; &lt;stdin&gt;:85:2: note: possible intended match here<br>&gt;  %6 = bitcast %swift.refcounted* %5 to &lt;{ %swift.refcounted, [4 x i8], i8* }&gt;*<br>&gt;  ^<br>&gt; <br>&gt; --<br>&gt; <br>&gt; ********************<br>&gt; Testing: 0 .. 10.. 20.. 30.. 40.. 50.. 60.. 70.. 80.. 90.. <br>&gt; <br>&gt; Testing Time: 2933.43s<br>&gt; ********************<br>&gt; Failing Tests (1):<br>&gt;     Swift :: IRGen/protocol_resilience.sil<br>&gt; <br>&gt; <br>&gt; _______________________________________________<br>&gt; swift-dev mailing list<br>&gt; swift-dev at swift.org<br>&gt; https://lists.swift.org/mailman/listinfo/swift-dev<br></p><p>-------------- next part --------------<br>An HTML attachment was scrubbed...<br>URL: &lt;https://lists.swift.org/pipermail/swift-dev/attachments/20160223/1adc9aca/attachment.html&gt;<br></p></div><ul class="comments"><li class="comment"><div class="avatar"><img src="https://www.gravatar.com/avatar/12dd65fe648ab7baf7b432dd586a8388?s=50"></div><header><strong>[Swift CI] [Master] Swift iPhone simulator i386 test failing</strong> from <string>mishal_shah</string> &lt;mishal_shah at apple.com&gt;<p>February 23, 2016 at 01:00:00pm</p></header><div class="content"><p>Hi Slava, <br></p><p>The pull request testing should run “check-swift-all-iphonesimulator-i386”, If you are not seeing it with &quot;@swift-ci Please test” please let me know this is a bug.<br></p><p>Thanks,<br>Mishal Shah<br>&gt; On Feb 23, 2016, at 1:05 PM, Slava Pestov &lt;spestov at apple.com&gt; wrote:<br>&gt; <br>&gt; I&#39;ll fix it.<br>&gt; <br>&gt; it appears that @swift-ci doesn&#39;t run these tests?<br>&gt; <br>&gt; Slava<br>&gt; <br>&gt;&gt; On Feb 23, 2016, at 10:29 AM, Mishal Shah via swift-dev &lt;swift-dev at swift.org &lt;mailto:swift-dev at swift.org&gt;&gt; wrote:<br>&gt;&gt; <br>&gt;&gt; Swift iPhone simulator i386 test are broken after following commits: <br>&gt;&gt; <br>&gt;&gt; https://ci.swift.org/job/oss-swift_tools-RA_stdlib-DA_test-simulator/645/ &lt;https://ci.swift.org/job/oss-swift_tools-RA_stdlib-DA_test-simulator/645/&gt;<br>&gt;&gt; <br>&gt;&gt; 	• [Parser] Couple &amp;quot;expected declaration&amp;quot; Diagnose With A Note (detail)<br>&gt;&gt; 	• [Parser] updated tests for &amp;quot;expected declaration&amp;quot; companion note (detail)<br>&gt;&gt; 	• [stdlib] Rename &amp;quot;PrivateDarwin&amp;quot; to &amp;quot;PrivateLibc&amp;quot; (detail)<br>&gt;&gt; 	• [Omit needless words] More Cocoa verbs: activate, deactivate, reattach. (detail)<br>&gt;&gt; 	• [Omit needless words] Treat &amp;quot;Mask&amp;quot; as a skippable type suffix. (detail)<br>&gt;&gt; 	• ASTPrinter: Move the logic for collecting all module groups from (detail)<br>&gt;&gt; 	• Module group: Address @natecook1000 and @dabrahams&amp;#039;s comments. (detail)<br>&gt;&gt; 	• Module group: Add Optional and Pointer groups. (detail)<br>&gt;&gt; 	• Improve handling of unreachable blocks in mem2reg. (detail)<br>&gt;&gt; 	• stdlib: Fix handling of standard library types in _typeByName. (detail)<br>&gt;&gt; 	• Switch NecessaryBindings to use PolymorphicConvention, making it much (detail)<br>&gt;&gt; 	• Module group: Move Bit.swift to Math. (detail)<br>&gt;&gt; 	• Module group: Add protocol group. (detail)<br>&gt;&gt; 	• [upstream-update] dexonsmith in an upstream commit realized he missed an (detail)<br>&gt;&gt; 	• Disable test/Interpreter/property_behavior.swift optimized execution (detail)<br>&gt;&gt; 	• Remove some now-unnecessary code, since associated types are no longer (detail)<br>&gt;&gt; 	• Refactor some ArraySemanticsCall code. NFC. (detail)<br>&gt;&gt; 	• Handle array.get_element semantics calls with direct results in SIL (detail)<br>&gt;&gt; 	• Support for mangling of generic specializations with different (detail)<br>&gt;&gt; 	• refactoring: move static function isPartialApplyOfReabstractionThunk (detail)<br>&gt;&gt; 	• GenericSpecializer: When specializing a generic function, convert (detail)<br>&gt;&gt; 	• [Omit needless words] &amp;quot;de-&amp;quot; is a verb prefix. (detail)<br>&gt;&gt; 	• [Omit needless words] Don&amp;#039;t infer empty option sets for setters. (detail)<br>&gt;&gt; 	• [Omit needless words] Don&amp;#039;t prefix-strip when dumping APIs. (detail)<br>&gt;&gt; <br>&gt;&gt; ******************** TEST &#39;Swift :: IRGen/protocol_resilience.sil&#39; FAILED ********************<br>&gt;&gt; <br>&gt;&gt; Script:<br>&gt;&gt; --<br>&gt;&gt; /Users/buildnode/jenkins/workspace/oss-swift_tools-RA_stdlib-DA_test-simulator/Ninja-ReleaseAssert/swift-macosx-x86_64/bin/swiftc -frontend -target i386-apple-ios7.0  -module-cache-path &#39;/var/folders/_8/79jmzf2142z2xydc_01btlx00000gn/T/swift-testsuite-clang-module-cacheJGYIrV&#39; -sdk /Applications/Xcode.app/Contents/Developer/Platforms/iPhoneSimulator.platform/Developer/SDKs/iPhoneSimulator9.2.sdk  -I /Users/buildnode/jenkins/workspace/oss-swift_tools-RA_stdlib-DA_test-simulator/swift/test/IRGen/../Inputs -enable-source-import -emit-ir -enable-resilience /Users/buildnode/jenkins/workspace/oss-swift_tools-RA_stdlib-DA_test-simulator/swift/test/IRGen/protocol_resilience.sil | FileCheck /Users/buildnode/jenkins/workspace/oss-swift_tools-RA_stdlib-DA_test-simulator/swift/test/IRGen/protocol_resilience.sil<br>&gt;&gt; /Users/buildnode/jenkins/workspace/oss-swift_tools-RA_stdlib-DA_test-simulator/Ninja-ReleaseAssert/swift-macosx-x86_64/bin/swiftc -frontend -target i386-apple-ios7.0  -module-cache-path &#39;/var/folders/_8/79jmzf2142z2xydc_01btlx00000gn/T/swift-testsuite-clang-module-cacheJGYIrV&#39; -sdk /Applications/Xcode.app/Contents/Developer/Platforms/iPhoneSimulator.platform/Developer/SDKs/iPhoneSimulator9.2.sdk  -I /Users/buildnode/jenkins/workspace/oss-swift_tools-RA_stdlib-DA_test-simulator/swift/test/IRGen/../Inputs -enable-source-import -emit-ir -enable-resilience -O /Users/buildnode/jenkins/workspace/oss-swift_tools-RA_stdlib-DA_test-simulator/swift/test/IRGen/protocol_resilience.sil<br>&gt;&gt; --<br>&gt;&gt; Exit Code: 1<br>&gt;&gt; <br>&gt;&gt; Command Output (stderr):<br>&gt;&gt; --<br>&gt;&gt; <br>&gt;&gt; /Users/buildnode/jenkins/workspace/oss-swift_tools-RA_stdlib-DA_test-simulator/swift/test/IRGen/protocol_resilience.sil:94:17: error: expected string not found in input<br>&gt;&gt; <br>&gt;&gt;  // CHECK-NEXT: [[LAYOUT:%.*]] = bitcast %swift.refcounted* [[CONTEXT]] to &lt;{ %swift.refcounted, [{{8|16}} x i8], i8* }&gt;*<br>&gt;&gt;                 ^<br>&gt;&gt; &lt;stdin&gt;:84:186: note: scanning from here<br>&gt;&gt;  %5 = call noalias %swift.refcounted* @swift_allocObject(%swift.type* getelementptr inbounds (%swift.full_boxmetadata, %swift.full_boxmetadata* @metadata, i32 0, i32 2), i32 20, i32 3) #2<br>&gt;&gt;                                                                                                                                                                                          ^<br>&gt;&gt; &lt;stdin&gt;:84:186: note: with variable &quot;CONTEXT&quot; equal to &quot;%5&quot;<br>&gt;&gt;  %5 = call noalias %swift.refcounted* @swift_allocObject(%swift.type* getelementptr inbounds (%swift.full_boxmetadata, %swift.full_boxmetadata* @metadata, i32 0, i32 2), i32 20, i32 3) #2<br>&gt;&gt;                                                                                                                                                                                          ^<br>&gt;&gt; &lt;stdin&gt;:85:2: note: possible intended match here<br>&gt;&gt;  %6 = bitcast %swift.refcounted* %5 to &lt;{ %swift.refcounted, [4 x i8], i8* }&gt;*<br>&gt;&gt;  ^<br>&gt;&gt; <br>&gt;&gt; --<br>&gt;&gt; <br>&gt;&gt; ********************<br>&gt;&gt; Testing: 0 .. 10.. 20.. 30.. 40.. 50.. 60.. 70.. 80.. 90.. <br>&gt;&gt; <br>&gt;&gt; Testing Time: 2933.43s<br>&gt;&gt; ********************<br>&gt;&gt; Failing Tests (1):<br>&gt;&gt;     Swift :: IRGen/protocol_resilience.sil<br>&gt;&gt; <br>&gt;&gt; <br>&gt;&gt; _______________________________________________<br>&gt;&gt; swift-dev mailing list<br>&gt;&gt; swift-dev at swift.org &lt;mailto:swift-dev at swift.org&gt;<br>&gt;&gt; https://lists.swift.org/mailman/listinfo/swift-dev<br>&gt; <br></p><p>-------------- next part --------------<br>An HTML attachment was scrubbed...<br>URL: &lt;https://lists.swift.org/pipermail/swift-dev/attachments/20160223/7a8bae71/attachment.html&gt;<br></p></div></li></ul></li></ul></li></ul></div>    </main>
    <script src="/js/app-c283ee129de63ad743722e9511e67a5d.js?vsn=d"></script>
  </body>
  <footer>
    <p>Swift and the Swift logo are trademarks of Apple Inc.</p>
  </footer>
</html>
