<!DOCTYPE html>
<html lang="en">
  <head>
    <meta charset="utf-8">
    <meta http-equiv="X-UA-Compatible" content="IE=edge">
    <meta name="viewport" content="width=device-width, initial-scale=1">
    <meta name="description" content="">
    <meta name="author" content="">

    <title>Swift Mailing List Archive</title>
    <link rel="stylesheet" href="/css/app-13f065ae5e595562a5022c544e3b976c.css">
  </head>

  <body>
    <div class="container">
      <header class="header">
        <img src="/images/swift-d0237fc716ba0932a940049990beba1b.svg" height="70">
      </header>

      <p class="alert alert-info" role="alert"></p>
      <p class="alert alert-danger" role="alert"></p>

    </div> <!-- /container -->
    <main role="main">
<div class="comment-wrapper"><ul class="comments"><li class="comment"><div class="avatar"><img src="https://www.gravatar.com/avatar/fae07cfa9d826a57406ffa89fa22fbd2?s=50"></div><header><strong>Compiling on RHEL 7</strong> from <string>Jeremy Fergason</string> &lt;jeremy.fergason at gmail.com&gt;<p>December 23, 2015 at 04:00:00pm</p></header><div class="content"><p>I have successfully built from the git repo on RHEL 7 but one of the tests fail: IDE/print_clang/header_swift_name.swift<br></p><p><br>Is this expected?<br></p><p><br>Here’s the relevant output:<br></p><p><br>FAIL: Swift :: IDE/print_clang_header_swift_name.swift (633 of 2366)<br></p><p>******************** TEST &#39;Swift :: IDE/print_clang_header_swift_name.swift&#39; FAILED ********************<br></p><p>Script:<br></p><p>--<br></p><p>echo &#39;#include &quot;print_clang_header_swift_name.h&quot;&#39; &gt; /home/makerpm/build/Ninja-ReleaseAssert/swift-linux-x86_64/test-linux-x86_64/IDE/Output/print_clang_header_swift_name.swift.tmp.m<br></p><p>/home/makerpm/build/Ninja-ReleaseAssert/swift-linux-x86_64/bin/swift-ide-test -target x86_64-unknown-linux-gnu  -module-cache-path &#39;/tmp/swift-testsuite-clang-module-cacheD5HlOp&#39; -completion-cache-path &#39;/tmp/swift-testsuite-completion-cacheHz8Ppv&#39; -source-filename /home/makerpm/swift/test/IDE/print_clang_header_swift_name.swift -print-header -header-to-print      /home/makerpm/swift/test/IDE/Inputs/print_clang_header_swift_name.h --cc-args /home/makerpm/build/Ninja-ReleaseAssert/swift-linux-x86_64/test-linux-x86_64/IDE/Output/print_clang_header_swift_name.swift.tmparget-cc-options      -isysroot &#39;/home/makerpm/swift/test&#39;/Inputs/clang-importer-sdk -fsyntax-only /home/makerpm/build/Ninja-ReleaseAssert/swift-linux-x86_64/test-linux-x86_64/IDE/Output/print_clang_header_swift_name.swift.tmp.m -I /home/makerpm/swift/test/IDE/Inputs | FileCheck /home/makerpm/swift/test/IDE/print_clang_header_swift_name.swift<br></p><p>--<br></p><p>Exit Code: 1<br></p><p><br></p><p><br>Command Output (stderr):<br></p><p>--<br></p><p>/home/makerpm/build/Ninja-ReleaseAssert/swift-linux-x86_64/test-linux-x86_64/IDE/Output/print_clang_header_swift_name.swift.tmp.m:1:10: note: in file included from /home/makerpm/build/Ninja-ReleaseAssert/swift-linux-x86_64/test-linux-x86_64/IDE/Output/print_clang_header_swift_name.swift.tmp.m:1:<br></p><p>#include &quot;print_clang_header_swift_name.h&quot;<br></p><p>         ^<br></p><p>/home/makerpm/swift/test/IDE/Inputs/print_clang_header_swift_name.h:1:1: error: expected identifier or &#39;(&#39;<br></p><p>@import Foundation;<br></p><p>^<br></p><p>/home/makerpm/build/Ninja-ReleaseAssert/swift-linux-x86_64/test-linux-x86_64/IDE/Output/print_clang_header_swift_name.swift.tmp.m:1:10: note: in file included from /home/makerpm/build/Ninja-ReleaseAssert/swift-linux-x86_64/test-linux-x86_64/IDE/Output/print_clang_header_swift_name.swift.tmp.m:1:<br></p><p>#include &quot;print_clang_header_swift_name.h&quot;<br></p><p>         ^<br></p><p>/home/makerpm/swift/test/IDE/Inputs/print_clang_header_swift_name.h:7:9: error: expected identifier or &#39;(&#39;<br></p><p>typedef SWIFT_ENUM(NSInteger, Normal) {<br></p><p>        ^<br></p><p>/home/makerpm/swift/test/IDE/Inputs/print_clang_header_swift_name.h:5:45: note: expanded from macro &#39;SWIFT_ENUM&#39;<br></p><p>#define SWIFT_ENUM(_type, _name) enum _name : _type _name; enum SWIFT_ENUM_EXTRA _name : _type<br></p><p>                                            ^<br></p><p>/home/makerpm/build/Ninja-ReleaseAssert/swift-linux-x86_64/test-linux-x86_64/IDE/Output/print_clang_header_swift_name.swift.tmp.m:1:10: note: in file included from /home/makerpm/build/Ninja-ReleaseAssert/swift-linux-x86_64/test-linux-x86_64/IDE/Output/print_clang_header_swift_name.swift.tmp.m:1:<br></p><p>#include &quot;print_clang_header_swift_name.h&quot;<br></p><p>         ^<br></p><p>/home/makerpm/swift/test/IDE/Inputs/print_clang_header_swift_name.h:7:9: error: expected &#39;;&#39; after top level declarator<br></p><p>typedef SWIFT_ENUM(NSInteger, Normal) {<br></p><p>        ^<br></p><p>/home/makerpm/swift/test/IDE/Inputs/print_clang_header_swift_name.h:5:88: note: expanded from macro &#39;SWIFT_ENUM&#39;<br></p><p>#define SWIFT_ENUM(_type, _name) enum _name : _type _name; enum SWIFT_ENUM_EXTRA _name : _type<br></p><p>                                                                                       ^<br></p><p>/home/makerpm/build/Ninja-ReleaseAssert/swift-linux-x86_64/test-linux-x86_64/IDE/Output/print_clang_header_swift_name.swift.tmp.m:1:10: note: in file included from /home/makerpm/build/Ninja-ReleaseAssert/swift-linux-x86_64/test-linux-x86_64/IDE/Output/print_clang_header_swift_name.swift.tmp.m:1:<br></p><p>#include &quot;print_clang_header_swift_name.h&quot;<br></p><p>         ^<br></p><p>/home/makerpm/swift/test/IDE/Inputs/print_clang_header_swift_name.h:7:20: warning: type specifier missing, defaults to &#39;int&#39;<br></p><p>typedef SWIFT_ENUM(NSInteger, Normal) {<br></p><p>                   ^<br></p><p>/home/makerpm/build/Ninja-ReleaseAssert/swift-linux-x86_64/test-linux-x86_64/IDE/Output/print_clang_header_swift_name.swift.tmp.m:1:10: note: in file included from /home/makerpm/build/Ninja-ReleaseAssert/swift-linux-x86_64/test-linux-x86_64/IDE/Output/print_clang_header_swift_name.swift.tmp.m:1:<br></p><p>#include &quot;print_clang_header_swift_name.h&quot;<br></p><p>         ^<br></p><p>/home/makerpm/swift/test/IDE/Inputs/print_clang_header_swift_name.h:7:38: error: expected &#39;;&#39; after top level declarator<br></p><p>typedef SWIFT_ENUM(NSInteger, Normal) {<br></p><p>                                     ^<br></p><p>/home/makerpm/build/Ninja-ReleaseAssert/swift-linux-x86_64/test-linux-x86_64/IDE/Output/print_clang_header_swift_name.swift.tmp.m:1:10: note: in file included from /home/makerpm/build/Ninja-ReleaseAssert/swift-linux-x86_64/test-linux-x86_64/IDE/Output/print_clang_header_swift_name.swift.tmp.m:1:<br></p><p>#include &quot;print_clang_header_swift_name.h&quot;<br></p><p>         ^<br></p><p>/home/makerpm/swift/test/IDE/Inputs/print_clang_header_swift_name.h:18:9: error: expected identifier or &#39;(&#39;<br></p><p>typedef SWIFT_ENUM(NSInteger, ObjCEnum) {<br></p><p>        ^<br></p><p>/home/makerpm/swift/test/IDE/Inputs/print_clang_header_swift_name.h:15:45: note: expanded from macro &#39;SWIFT_ENUM&#39;<br></p><p>#define SWIFT_ENUM(_type, _name) enum _name : _type _name SWIFT_COMPILE_NAME(SWIFT_ENUM_NAME); enum SWIFT_COMPILE_NAME(SWIFT_ENUM_NAME) SWIFT_ENUM_EXTRA _name : _type<br></p><p>                                            ^<br></p><p>/home/makerpm/build/Ninja-ReleaseAssert/swift-linux-x86_64/test-linux-x86_64/IDE/Output/print_clang_header_swift_name.swift.tmp.m:1:10: note: in file included from /home/makerpm/build/Ninja-ReleaseAssert/swift-linux-x86_64/test-linux-x86_64/IDE/Output/print_clang_header_swift_name.swift.tmp.m:1:<br></p><p>#include &quot;print_clang_header_swift_name.h&quot;<br></p><p>         ^<br></p><p>/home/makerpm/swift/test/IDE/Inputs/print_clang_header_swift_name.h:18:9: error: expected &#39;;&#39; after top level declarator<br></p><p>typedef SWIFT_ENUM(NSInteger, ObjCEnum) {<br></p><p>        ^<br></p><p>/home/makerpm/swift/test/IDE/Inputs/print_clang_header_swift_name.h:15:160: note: expanded from macro &#39;SWIFT_ENUM&#39;<br></p><p>#define SWIFT_ENUM(_type, _name) enum _name : _type _name SWIFT_COMPILE_NAME(SWIFT_ENUM_NAME); enum SWIFT_COMPILE_NAME(SWIFT_ENUM_NAME) SWIFT_ENUM_EXTRA _name : _type<br></p><p>                                                                                                                                                               ^<br></p><p>/home/makerpm/build/Ninja-ReleaseAssert/swift-linux-x86_64/test-linux-x86_64/IDE/Output/print_clang_header_swift_name.swift.tmp.m:1:10: note: in file included from /home/makerpm/build/Ninja-ReleaseAssert/swift-linux-x86_64/test-linux-x86_64/IDE/Output/print_clang_header_swift_name.swift.tmp.m:1:<br></p><p>#include &quot;print_clang_header_swift_name.h&quot;<br></p><p>         ^<br></p><p>/home/makerpm/swift/test/IDE/Inputs/print_clang_header_swift_name.h:18:20: warning: type specifier missing, defaults to &#39;int&#39;<br></p><p>typedef SWIFT_ENUM(NSInteger, ObjCEnum) {<br></p><p>                   ^<br></p><p>/home/makerpm/build/Ninja-ReleaseAssert/swift-linux-x86_64/test-linux-x86_64/IDE/Output/print_clang_header_swift_name.swift.tmp.m:1:10: note: in file included from /home/makerpm/build/Ninja-ReleaseAssert/swift-linux-x86_64/test-linux-x86_64/IDE/Output/print_clang_header_swift_name.swift.tmp.m:1:<br></p><p>#include &quot;print_clang_header_swift_name.h&quot;<br></p><p>         ^<br></p><p>/home/makerpm/swift/test/IDE/Inputs/print_clang_header_swift_name.h:18:40: error: expected &#39;;&#39; after top level declarator<br></p><p>typedef SWIFT_ENUM(NSInteger, ObjCEnum) {<br></p><p>                                       ^<br></p><p>/home/makerpm/build/Ninja-ReleaseAssert/swift-linux-x86_64/test-linux-x86_64/IDE/Output/print_clang_header_swift_name.swift.tmp.m:1:10: note: in file included from /home/makerpm/build/Ninja-ReleaseAssert/swift-linux-x86_64/test-linux-x86_64/IDE/Output/print_clang_header_swift_name.swift.tmp.m:1:<br></p><p>#include &quot;print_clang_header_swift_name.h&quot;<br></p><p>         ^<br></p><p>/home/makerpm/swift/test/IDE/Inputs/print_clang_header_swift_name.h:26:9: error: expected identifier or &#39;(&#39;<br></p><p>typedef SWIFT_ENUM(NSInteger, ObjCEnumTwo) {<br></p><p>        ^<br></p><p>/home/makerpm/swift/test/IDE/Inputs/print_clang_header_swift_name.h:15:45: note: expanded from macro &#39;SWIFT_ENUM&#39;<br></p><p>#define SWIFT_ENUM(_type, _name) enum _name : _type _name SWIFT_COMPILE_NAME(SWIFT_ENUM_NAME); enum SWIFT_COMPILE_NAME(SWIFT_ENUM_NAME) SWIFT_ENUM_EXTRA _name : _type<br></p><p>                                            ^<br></p><p>/home/makerpm/build/Ninja-ReleaseAssert/swift-linux-x86_64/test-linux-x86_64/IDE/Output/print_clang_header_swift_name.swift.tmp.m:1:10: note: in file included from /home/makerpm/build/Ninja-ReleaseAssert/swift-linux-x86_64/test-linux-x86_64/IDE/Output/print_clang_header_swift_name.swift.tmp.m:1:<br></p><p>#include &quot;print_clang_header_swift_name.h&quot;<br></p><p>         ^<br></p><p>/home/makerpm/swift/test/IDE/Inputs/print_clang_header_swift_name.h:26:9: error: expected &#39;;&#39; after top level declarator<br></p><p>typedef SWIFT_ENUM(NSInteger, ObjCEnumTwo) {<br></p><p>        ^<br></p><p>/home/makerpm/swift/test/IDE/Inputs/print_clang_header_swift_name.h:15:160: note: expanded from macro &#39;SWIFT_ENUM&#39;<br></p><p>#define SWIFT_ENUM(_type, _name) enum _name : _type _name SWIFT_COMPILE_NAME(SWIFT_ENUM_NAME); enum SWIFT_COMPILE_NAME(SWIFT_ENUM_NAME) SWIFT_ENUM_EXTRA _name : _type<br></p><p>                                                                                                                                                               ^<br></p><p>/home/makerpm/build/Ninja-ReleaseAssert/swift-linux-x86_64/test-linux-x86_64/IDE/Output/print_clang_header_swift_name.swift.tmp.m:1:10: note: in file included from /home/makerpm/build/Ninja-ReleaseAssert/swift-linux-x86_64/test-linux-x86_64/IDE/Output/print_clang_header_swift_name.swift.tmp.m:1:<br></p><p>#include &quot;print_clang_header_swift_name.h&quot;<br></p><p>         ^<br></p><p>/home/makerpm/swift/test/IDE/Inputs/print_clang_header_swift_name.h:26:20: warning: type specifier missing, defaults to &#39;int&#39;<br></p><p>typedef SWIFT_ENUM(NSInteger, ObjCEnumTwo) {<br></p><p>                   ^<br></p><p>/home/makerpm/build/Ninja-ReleaseAssert/swift-linux-x86_64/test-linux-x86_64/IDE/Output/print_clang_header_swift_name.swift.tmp.m:1:10: note: in file included from /home/makerpm/build/Ninja-ReleaseAssert/swift-linux-x86_64/test-linux-x86_64/IDE/Output/print_clang_header_swift_name.swift.tmp.m:1:<br></p><p>#include &quot;print_clang_header_swift_name.h&quot;<br></p><p>         ^<br></p><p>/home/makerpm/swift/test/IDE/Inputs/print_clang_header_swift_name.h:26:43: error: expected &#39;;&#39; after top level declarator<br></p><p>typedef SWIFT_ENUM(NSInteger, ObjCEnumTwo) {<br></p><p>                                          ^<br></p><p>&lt;unknown&gt;:0: error: failed to import bridging header &#39;/home/makerpm/build/Ninja-ReleaseAssert/swift-linux-x86_64/test-linux-x86_64/IDE/Output/print_clang_header_swift_name.swift.tmp.m&#39;<br></p><p>/home/makerpm/swift/test/IDE/print_clang_header_swift_name.swift:6:11: error: expected string not found in input<br></p><p>// CHECK: enum Normal : Int {<br></p><p>          ^<br></p><p>&lt;stdin&gt;:1:1: note: scanning from here<br></p><p>var NSInteger: Int32<br></p><p>^<br></p><p>&lt;stdin&gt;:1:7: note: possible intended match here<br></p><p>var NSInteger: Int32<br></p><p>      ^<br></p><p><br></p><p><br>--<br></p><p><br></p><p><br>********************<br></p><p>Testing Time: 63.28s<br></p><p>********************<br></p><p>Failing Tests (1):<br></p><p>    Swift :: IDE/print_clang_header_swift_name.swift<br></p><p><br></p><p><br>  Expected Passes    : 1698<br></p><p>  Expected Failures  : 88<br></p><p>  Unsupported Tests  : 579<br></p><p>  Unexpected Failures: 1<br></p><p>*** Failed while running tests for swift (check-swift-linux-x86_64)<br></p><p><br></p><p><br>Thanks for any feedback in advance!<br></p><p><br>Sincerely,<br></p><p><br>Jeremy Fergason<br></p><p><br>-------------- next part --------------<br>An HTML attachment was scrubbed...<br>URL: &lt;https://lists.swift.org/pipermail/swift-dev/attachments/20151223/db6fbe3a/attachment.html&gt;<br></p></div><ul class="comments"><li class="comment"><div class="avatar"><img src="https://www.gravatar.com/avatar/c4fe988326eed161b989d0c5521cb105?s=50"></div><header><strong>Compiling on RHEL 7</strong> from <string>Jordan Rose</string> &lt;jordan_rose at apple.com&gt;<p>December 23, 2015 at 04:00:00pm</p></header><div class="content"><p>My bad (and Kevin&#39;s bad). The test requires Objective-C, but we forgot to include that as a requirement. If you pull more recent changes the test should be disabled on non-Apple platforms.<br></p><p>Jordan<br></p><p>&gt; On Dec 23, 2015, at 16:11, Jeremy Fergason via swift-dev &lt;swift-dev at swift.org&gt; wrote:<br>&gt; <br>&gt; I have successfully built from the git repo on RHEL 7 but one of the tests fail: IDE/print_clang/header_swift_name.swift<br>&gt; <br>&gt; Is this expected?<br>&gt; <br>&gt; Here’s the relevant output:<br>&gt; <br>&gt; FAIL: Swift :: IDE/print_clang_header_swift_name.swift (633 of 2366)<br>&gt; ******************** TEST &#39;Swift :: IDE/print_clang_header_swift_name.swift&#39; FAILED ********************<br>&gt; Script:<br>&gt; --<br>&gt; echo &#39;#include &quot;print_clang_header_swift_name.h&quot;&#39; &gt; /home/makerpm/build/Ninja-ReleaseAssert/swift-linux-x86_64/test-linux-x86_64/IDE/Output/print_clang_header_swift_name.swift.tmp.m<br>&gt; /home/makerpm/build/Ninja-ReleaseAssert/swift-linux-x86_64/bin/swift-ide-test -target x86_64-unknown-linux-gnu  -module-cache-path &#39;/tmp/swift-testsuite-clang-module-cacheD5HlOp&#39; -completion-cache-path &#39;/tmp/swift-testsuite-completion-cacheHz8Ppv&#39; -source-filename /home/makerpm/swift/test/IDE/print_clang_header_swift_name.swift -print-header -header-to-print      /home/makerpm/swift/test/IDE/Inputs/print_clang_header_swift_name.h --cc-args /home/makerpm/build/Ninja-ReleaseAssert/swift-linux-x86_64/test-linux-x86_64/IDE/Output/print_clang_header_swift_name.swift.tmparget-cc-options      -isysroot &#39;/home/makerpm/swift/test&#39;/Inputs/clang-importer-sdk -fsyntax-only /home/makerpm/build/Ninja-ReleaseAssert/swift-linux-x86_64/test-linux-x86_64/IDE/Output/print_clang_header_swift_name.swift.tmp.m -I /home/makerpm/swift/test/IDE/Inputs | FileCheck /home/makerpm/swift/test/IDE/print_clang_header_swift_name.swift<br>&gt; --<br>&gt; Exit Code: 1<br>&gt; <br>&gt; Command Output (stderr):<br>&gt; --<br>&gt; /home/makerpm/build/Ninja-ReleaseAssert/swift-linux-x86_64/test-linux-x86_64/IDE/Output/print_clang_header_swift_name.swift.tmp.m:1:10: note: in file included from /home/makerpm/build/Ninja-ReleaseAssert/swift-linux-x86_64/test-linux-x86_64/IDE/Output/print_clang_header_swift_name.swift.tmp.m:1:<br>&gt; #include &quot;print_clang_header_swift_name.h&quot;<br>&gt;          ^<br>&gt; /home/makerpm/swift/test/IDE/Inputs/print_clang_header_swift_name.h:1:1: error: expected identifier or &#39;(&#39;<br>&gt; @import Foundation;<br>&gt; ^<br>&gt; /home/makerpm/build/Ninja-ReleaseAssert/swift-linux-x86_64/test-linux-x86_64/IDE/Output/print_clang_header_swift_name.swift.tmp.m:1:10: note: in file included from /home/makerpm/build/Ninja-ReleaseAssert/swift-linux-x86_64/test-linux-x86_64/IDE/Output/print_clang_header_swift_name.swift.tmp.m:1:<br>&gt; #include &quot;print_clang_header_swift_name.h&quot;<br>&gt;          ^<br>&gt; /home/makerpm/swift/test/IDE/Inputs/print_clang_header_swift_name.h:7:9: error: expected identifier or &#39;(&#39;<br>&gt; typedef SWIFT_ENUM(NSInteger, Normal) {<br>&gt;         ^<br>&gt; /home/makerpm/swift/test/IDE/Inputs/print_clang_header_swift_name.h:5:45: note: expanded from macro &#39;SWIFT_ENUM&#39;<br>&gt; #define SWIFT_ENUM(_type, _name) enum _name : _type _name; enum SWIFT_ENUM_EXTRA _name : _type<br>&gt;                                             ^<br>&gt; /home/makerpm/build/Ninja-ReleaseAssert/swift-linux-x86_64/test-linux-x86_64/IDE/Output/print_clang_header_swift_name.swift.tmp.m:1:10: note: in file included from /home/makerpm/build/Ninja-ReleaseAssert/swift-linux-x86_64/test-linux-x86_64/IDE/Output/print_clang_header_swift_name.swift.tmp.m:1:<br>&gt; #include &quot;print_clang_header_swift_name.h&quot;<br>&gt;          ^<br>&gt; /home/makerpm/swift/test/IDE/Inputs/print_clang_header_swift_name.h:7:9: error: expected &#39;;&#39; after top level declarator<br>&gt; typedef SWIFT_ENUM(NSInteger, Normal) {<br>&gt;         ^<br>&gt; /home/makerpm/swift/test/IDE/Inputs/print_clang_header_swift_name.h:5:88: note: expanded from macro &#39;SWIFT_ENUM&#39;<br>&gt; #define SWIFT_ENUM(_type, _name) enum _name : _type _name; enum SWIFT_ENUM_EXTRA _name : _type<br>&gt;                                                                                        ^<br>&gt; /home/makerpm/build/Ninja-ReleaseAssert/swift-linux-x86_64/test-linux-x86_64/IDE/Output/print_clang_header_swift_name.swift.tmp.m:1:10: note: in file included from /home/makerpm/build/Ninja-ReleaseAssert/swift-linux-x86_64/test-linux-x86_64/IDE/Output/print_clang_header_swift_name.swift.tmp.m:1:<br>&gt; #include &quot;print_clang_header_swift_name.h&quot;<br>&gt;          ^<br>&gt; /home/makerpm/swift/test/IDE/Inputs/print_clang_header_swift_name.h:7:20: warning: type specifier missing, defaults to &#39;int&#39;<br>&gt; typedef SWIFT_ENUM(NSInteger, Normal) {<br>&gt;                    ^<br>&gt; /home/makerpm/build/Ninja-ReleaseAssert/swift-linux-x86_64/test-linux-x86_64/IDE/Output/print_clang_header_swift_name.swift.tmp.m:1:10: note: in file included from /home/makerpm/build/Ninja-ReleaseAssert/swift-linux-x86_64/test-linux-x86_64/IDE/Output/print_clang_header_swift_name.swift.tmp.m:1:<br>&gt; #include &quot;print_clang_header_swift_name.h&quot;<br>&gt;          ^<br>&gt; /home/makerpm/swift/test/IDE/Inputs/print_clang_header_swift_name.h:7:38: error: expected &#39;;&#39; after top level declarator<br>&gt; typedef SWIFT_ENUM(NSInteger, Normal) {<br>&gt;                                      ^<br>&gt; /home/makerpm/build/Ninja-ReleaseAssert/swift-linux-x86_64/test-linux-x86_64/IDE/Output/print_clang_header_swift_name.swift.tmp.m:1:10: note: in file included from /home/makerpm/build/Ninja-ReleaseAssert/swift-linux-x86_64/test-linux-x86_64/IDE/Output/print_clang_header_swift_name.swift.tmp.m:1:<br>&gt; #include &quot;print_clang_header_swift_name.h&quot;<br>&gt;          ^<br>&gt; /home/makerpm/swift/test/IDE/Inputs/print_clang_header_swift_name.h:18:9: error: expected identifier or &#39;(&#39;<br>&gt; typedef SWIFT_ENUM(NSInteger, ObjCEnum) {<br>&gt;         ^<br>&gt; /home/makerpm/swift/test/IDE/Inputs/print_clang_header_swift_name.h:15:45: note: expanded from macro &#39;SWIFT_ENUM&#39;<br>&gt; #define SWIFT_ENUM(_type, _name) enum _name : _type _name SWIFT_COMPILE_NAME(SWIFT_ENUM_NAME); enum SWIFT_COMPILE_NAME(SWIFT_ENUM_NAME) SWIFT_ENUM_EXTRA _name : _type<br>&gt;                                             ^<br>&gt; /home/makerpm/build/Ninja-ReleaseAssert/swift-linux-x86_64/test-linux-x86_64/IDE/Output/print_clang_header_swift_name.swift.tmp.m:1:10: note: in file included from /home/makerpm/build/Ninja-ReleaseAssert/swift-linux-x86_64/test-linux-x86_64/IDE/Output/print_clang_header_swift_name.swift.tmp.m:1:<br>&gt; #include &quot;print_clang_header_swift_name.h&quot;<br>&gt;          ^<br>&gt; /home/makerpm/swift/test/IDE/Inputs/print_clang_header_swift_name.h:18:9: error: expected &#39;;&#39; after top level declarator<br>&gt; typedef SWIFT_ENUM(NSInteger, ObjCEnum) {<br>&gt;         ^<br>&gt; /home/makerpm/swift/test/IDE/Inputs/print_clang_header_swift_name.h:15:160: note: expanded from macro &#39;SWIFT_ENUM&#39;<br>&gt; #define SWIFT_ENUM(_type, _name) enum _name : _type _name SWIFT_COMPILE_NAME(SWIFT_ENUM_NAME); enum SWIFT_COMPILE_NAME(SWIFT_ENUM_NAME) SWIFT_ENUM_EXTRA _name : _type<br>&gt;                                                                                                                                                                ^<br>&gt; /home/makerpm/build/Ninja-ReleaseAssert/swift-linux-x86_64/test-linux-x86_64/IDE/Output/print_clang_header_swift_name.swift.tmp.m:1:10: note: in file included from /home/makerpm/build/Ninja-ReleaseAssert/swift-linux-x86_64/test-linux-x86_64/IDE/Output/print_clang_header_swift_name.swift.tmp.m:1:<br>&gt; #include &quot;print_clang_header_swift_name.h&quot;<br>&gt;          ^<br>&gt; /home/makerpm/swift/test/IDE/Inputs/print_clang_header_swift_name.h:18:20: warning: type specifier missing, defaults to &#39;int&#39;<br>&gt; typedef SWIFT_ENUM(NSInteger, ObjCEnum) {<br>&gt;                    ^<br>&gt; /home/makerpm/build/Ninja-ReleaseAssert/swift-linux-x86_64/test-linux-x86_64/IDE/Output/print_clang_header_swift_name.swift.tmp.m:1:10: note: in file included from /home/makerpm/build/Ninja-ReleaseAssert/swift-linux-x86_64/test-linux-x86_64/IDE/Output/print_clang_header_swift_name.swift.tmp.m:1:<br>&gt; #include &quot;print_clang_header_swift_name.h&quot;<br>&gt;          ^<br>&gt; /home/makerpm/swift/test/IDE/Inputs/print_clang_header_swift_name.h:18:40: error: expected &#39;;&#39; after top level declarator<br>&gt; typedef SWIFT_ENUM(NSInteger, ObjCEnum) {<br>&gt;                                        ^<br>&gt; /home/makerpm/build/Ninja-ReleaseAssert/swift-linux-x86_64/test-linux-x86_64/IDE/Output/print_clang_header_swift_name.swift.tmp.m:1:10: note: in file included from /home/makerpm/build/Ninja-ReleaseAssert/swift-linux-x86_64/test-linux-x86_64/IDE/Output/print_clang_header_swift_name.swift.tmp.m:1:<br>&gt; #include &quot;print_clang_header_swift_name.h&quot;<br>&gt;          ^<br>&gt; /home/makerpm/swift/test/IDE/Inputs/print_clang_header_swift_name.h:26:9: error: expected identifier or &#39;(&#39;<br>&gt; typedef SWIFT_ENUM(NSInteger, ObjCEnumTwo) {<br>&gt;         ^<br>&gt; /home/makerpm/swift/test/IDE/Inputs/print_clang_header_swift_name.h:15:45: note: expanded from macro &#39;SWIFT_ENUM&#39;<br>&gt; #define SWIFT_ENUM(_type, _name) enum _name : _type _name SWIFT_COMPILE_NAME(SWIFT_ENUM_NAME); enum SWIFT_COMPILE_NAME(SWIFT_ENUM_NAME) SWIFT_ENUM_EXTRA _name : _type<br>&gt;                                             ^<br>&gt; /home/makerpm/build/Ninja-ReleaseAssert/swift-linux-x86_64/test-linux-x86_64/IDE/Output/print_clang_header_swift_name.swift.tmp.m:1:10: note: in file included from /home/makerpm/build/Ninja-ReleaseAssert/swift-linux-x86_64/test-linux-x86_64/IDE/Output/print_clang_header_swift_name.swift.tmp.m:1:<br>&gt; #include &quot;print_clang_header_swift_name.h&quot;<br>&gt;          ^<br>&gt; /home/makerpm/swift/test/IDE/Inputs/print_clang_header_swift_name.h:26:9: error: expected &#39;;&#39; after top level declarator<br>&gt; typedef SWIFT_ENUM(NSInteger, ObjCEnumTwo) {<br>&gt;         ^<br>&gt; /home/makerpm/swift/test/IDE/Inputs/print_clang_header_swift_name.h:15:160: note: expanded from macro &#39;SWIFT_ENUM&#39;<br>&gt; #define SWIFT_ENUM(_type, _name) enum _name : _type _name SWIFT_COMPILE_NAME(SWIFT_ENUM_NAME); enum SWIFT_COMPILE_NAME(SWIFT_ENUM_NAME) SWIFT_ENUM_EXTRA _name : _type<br>&gt;                                                                                                                                                                ^<br>&gt; /home/makerpm/build/Ninja-ReleaseAssert/swift-linux-x86_64/test-linux-x86_64/IDE/Output/print_clang_header_swift_name.swift.tmp.m:1:10: note: in file included from /home/makerpm/build/Ninja-ReleaseAssert/swift-linux-x86_64/test-linux-x86_64/IDE/Output/print_clang_header_swift_name.swift.tmp.m:1:<br>&gt; #include &quot;print_clang_header_swift_name.h&quot;<br>&gt;          ^<br>&gt; /home/makerpm/swift/test/IDE/Inputs/print_clang_header_swift_name.h:26:20: warning: type specifier missing, defaults to &#39;int&#39;<br>&gt; typedef SWIFT_ENUM(NSInteger, ObjCEnumTwo) {<br>&gt;                    ^<br>&gt; /home/makerpm/build/Ninja-ReleaseAssert/swift-linux-x86_64/test-linux-x86_64/IDE/Output/print_clang_header_swift_name.swift.tmp.m:1:10: note: in file included from /home/makerpm/build/Ninja-ReleaseAssert/swift-linux-x86_64/test-linux-x86_64/IDE/Output/print_clang_header_swift_name.swift.tmp.m:1:<br>&gt; #include &quot;print_clang_header_swift_name.h&quot;<br>&gt;          ^<br>&gt; /home/makerpm/swift/test/IDE/Inputs/print_clang_header_swift_name.h:26:43: error: expected &#39;;&#39; after top level declarator<br>&gt; typedef SWIFT_ENUM(NSInteger, ObjCEnumTwo) {<br>&gt;                                           ^<br>&gt; &lt;unknown&gt;:0: error: failed to import bridging header &#39;/home/makerpm/build/Ninja-ReleaseAssert/swift-linux-x86_64/test-linux-x86_64/IDE/Output/print_clang_header_swift_name.swift.tmp.m&#39;<br>&gt; /home/makerpm/swift/test/IDE/print_clang_header_swift_name.swift:6:11: error: expected string not found in input<br>&gt; // CHECK: enum Normal : Int {<br>&gt;           ^<br>&gt; &lt;stdin&gt;:1:1: note: scanning from here<br>&gt; var NSInteger: Int32<br>&gt; ^<br>&gt; &lt;stdin&gt;:1:7: note: possible intended match here<br>&gt; var NSInteger: Int32<br>&gt;       ^<br>&gt; <br>&gt; --<br>&gt; <br>&gt; ********************<br>&gt; Testing Time: 63.28s<br>&gt; ********************<br>&gt; Failing Tests (1):<br>&gt;     Swift :: IDE/print_clang_header_swift_name.swift<br>&gt; <br>&gt;   Expected Passes    : 1698<br>&gt;   Expected Failures  : 88<br>&gt;   Unsupported Tests  : 579<br>&gt;   Unexpected Failures: 1<br>&gt; *** Failed while running tests for swift (check-swift-linux-x86_64)<br>&gt; <br>&gt; Thanks for any feedback in advance!<br>&gt; <br>&gt; Sincerely,<br>&gt; <br>&gt; Jeremy Fergason<br>&gt;  _______________________________________________<br>&gt; swift-dev mailing list<br>&gt; swift-dev at swift.org &lt;mailto:swift-dev at swift.org&gt;<br>&gt; https://lists.swift.org/mailman/listinfo/swift-dev &lt;https://lists.swift.org/mailman/listinfo/swift-dev&gt;<br>-------------- next part --------------<br>An HTML attachment was scrubbed...<br>URL: &lt;https://lists.swift.org/pipermail/swift-dev/attachments/20151223/fc891c8d/attachment.html&gt;<br></p></div></li></ul></li></ul></div>    </main>
    <script src="/js/app-c283ee129de63ad743722e9511e67a5d.js"></script>
  </body>
  <footer>
    <p>Swift and the Swift logo are trademarks of Apple Inc.</p>
  </footer>
</html>
