<!DOCTYPE html>
<html lang="en">
  <head>
    <meta charset="utf-8">
    <meta http-equiv="X-UA-Compatible" content="IE=edge">
    <meta name="viewport" content="width=device-width, initial-scale=1">
    <meta name="description" content="">
    <meta name="author" content="">

    <title>Swift Mailing List Archive</title>
    <link rel="stylesheet" href="/css/app-13f065ae5e595562a5022c544e3b976c.css">
  </head>

  <body>
    <div class="container">
      <header class="header">
        <img src="/images/swift-d0237fc716ba0932a940049990beba1b.svg" height="70">
      </header>

      <p class="alert alert-info" role="alert"></p>
      <p class="alert alert-danger" role="alert"></p>

    </div> <!-- /container -->
    <main role="main">
<div class="comment-wrapper"><ul class="comments"><li class="comment"><div class="avatar"><img src="https://www.gravatar.com/avatar/aea2e26d03f169b1ad6008a77bab533f?s=50"></div><header><strong>About centos7.x source compiler error</strong> from <string>SonWa</string> &lt;six at sonwa.cn&gt;<p>August 11, 2016 at 08:00:00am</p></header><div class="content"><p>Hello,I compiled swift-3.0-branch error in centos7 source,The following error message.<br></p><p><br>-----------------------------------------------------------------------------------------------------<br> <br>[552/583] : &amp;&amp; /usr/bin/clang++  -fPIC -fno-stack-protector -fPIC -fvisibility-inlines-hidden -Wall -W -Wno-unused-parameter -Wwrite-strings -Wcast-qual -Wmissing-field-initializers -Wcovered-switch-default -Wdelete-non-virtual-dtor -std=c++11 -fcolor-diagnostics -fdata-sections -Wdocumentation -Wimplicit-fallthrough -Woverloaded-virtual -O3  -target x86_64-unknown-linux-gnu -lpthread -ldl -fuse-ld=gold  -L/usr/local/src/build/Ninja-ReleaseAssert/swift-linux-x86_64/./lib/swift/linux/x86_64 -L/usr/local/src/build/Ninja-ReleaseAssert/swift-linux-x86_64/./bin/../lib/swift/linux/x86_64 -L/usr/local/src/build/Ninja-ReleaseAssert/swift-linux-x86_64/./bin/../lib/swift/linux -shared -Wl,-soname,libswiftCore.so -o lib/swift/linux/x86_64/libswiftCore.so lib/swift/linux/x86_64/swift_begin.o stdlib/public/core/linux/x86_64/Swift.o stdlib/public/runtime/CMakeFiles/swiftRuntime-linux-x86_64.dir/AnyHashableSupport.cpp.o stdlib/public/runtime/CMakeFiles/swiftRuntime-linux-x86_64.dir/Casting.cpp.o stdlib/public/runtime/CMakeFiles/swiftRuntime-linux-x86_64.dir/CygwinPort.cpp.o stdlib/public/runtime/CMakeFiles/swiftRuntime-linux-x86_64.dir/Demangle.cpp.o stdlib/public/runtime/CMakeFiles/swiftRuntime-linux-x86_64.dir/Enum.cpp.o stdlib/public/runtime/CMakeFiles/swiftRuntime-linux-x86_64.dir/ErrorObjectNative.cpp.o stdlib/public/runtime/CMakeFiles/swiftRuntime-linux-x86_64.dir/Errors.cpp.o stdlib/public/runtime/CMakeFiles/swiftRuntime-linux-x86_64.dir/Heap.cpp.o stdlib/public/runtime/CMakeFiles/swiftRuntime-linux-x86_64.dir/HeapObject.cpp.o stdlib/public/runtime/CMakeFiles/swiftRuntime-linux-x86_64.dir/KnownMetadata.cpp.o stdlib/public/runtime/CMakeFiles/swiftRuntime-linux-x86_64.dir/Metadata.cpp.o stdlib/public/runtime/CMakeFiles/swiftRuntime-linux-x86_64.dir/MetadataLookup.cpp.o stdlib/public/runtime/CMakeFiles/swiftRuntime-linux-x86_64.dir/MutexPThread.cpp.o stdlib/public/runtime/CMakeFiles/swiftRuntime-linux-x86_64.dir/MutexWin32.cpp.o stdlib/public/runtime/CMakeFiles/swiftRuntime-linux-x86_64.dir/Once.cpp.o stdlib/public/runtime/CMakeFiles/swiftRuntime-linux-x86_64.dir/Portability.cpp.o stdlib/public/runtime/CMakeFiles/swiftRuntime-linux-x86_64.dir/ProtocolConformance.cpp.o stdlib/public/runtime/CMakeFiles/swiftRuntime-linux-x86_64.dir/ReflectionNative.cpp.o stdlib/public/runtime/CMakeFiles/swiftRuntime-linux-x86_64.dir/RuntimeEntrySymbols.cpp.o stdlib/public/runtime/CMakeFiles/swiftRuntime-linux-x86_64.dir/SwiftObjectNative.cpp.o stdlib/public/stubs/CMakeFiles/swiftStdlibStubs-linux-x86_64.dir/Assert.cpp.o stdlib/public/stubs/CMakeFiles/swiftStdlibStubs-linux-x86_64.dir/CommandLine.cpp.o stdlib/public/stubs/CMakeFiles/swiftStdlibStubs-linux-x86_64.dir/GlobalObjects.cpp.o stdlib/public/stubs/CMakeFiles/swiftStdlibStubs-linux-x86_64.dir/LibcShims.cpp.o stdlib/public/stubs/CMakeFiles/swiftStdlibStubs-linux-x86_64.dir/Stubs.cpp.o stdlib/public/stubs/CMakeFiles/swiftStdlibStubs-linux-x86_64.dir/8/UnicodeExtendedGraphemeClusters.cpp.o stdlib/public/stubs/CMakeFiles/swiftStdlibStubs-linux-x86_64.dir/UnicodeNormalization.cpp.o lib/swift/linux/x86_64/swift_end.o -L/usr/local/src/build/Ninja-ReleaseAssert/llvm-linux-x86_64/./lib -licuuc -licui18n -Wl,-rpath,&quot;\$ORIGIN:/usr/lib/swift/linux&quot; &amp;&amp; :<br> <br>FAILED: lib/swift/linux/x86_64/libswiftCore.so <br> <br>: &amp;&amp; /usr/bin/clang++  -fPIC -fno-stack-protector -fPIC -fvisibility-inlines-hidden -Wall -W -Wno-unused-parameter -Wwrite-strings -Wcast-qual -Wmissing-field-initializers -Wcovered-switch-default -Wdelete-non-virtual-dtor -std=c++11 -fcolor-diagnostics -fdata-sections -Wdocumentation -Wimplicit-fallthrough -Woverloaded-virtual -O3  -target x86_64-unknown-linux-gnu -lpthread -ldl -fuse-ld=gold  -L/usr/local/src/build/Ninja-ReleaseAssert/swift-linux-x86_64/./lib/swift/linux/x86_64 -L/usr/local/src/build/Ninja-ReleaseAssert/swift-linux-x86_64/./bin/../lib/swift/linux/x86_64 -L/usr/local/src/build/Ninja-ReleaseAssert/swift-linux-x86_64/./bin/../lib/swift/linux -shared -Wl,-soname,libswiftCore.so -o lib/swift/linux/x86_64/libswiftCore.so lib/swift/linux/x86_64/swift_begin.o stdlib/public/core/linux/x86_64/Swift.o stdlib/public/runtime/CMakeFiles/swiftRuntime-linux-x86_64.dir/AnyHashableSupport.cpp.o stdlib/public/runtime/CMakeFiles/swiftRuntime-linux-x86_64.dir/Casting.cpp.o stdlib/public/runtime/CMakeFiles/swiftRuntime-linux-x86_64.dir/CygwinPort.cpp.o stdlib/public/runtime/CMakeFiles/swiftRuntime-linux-x86_64.dir/Demangle.cpp.o stdlib/public/runtime/CMakeFiles/swiftRuntime-linux-x86_64.dir/Enum.cpp.o stdlib/public/runtime/CMakeFiles/swiftRuntime-linux-x86_64.dir/ErrorObjectNative.cpp.o stdlib/public/runtime/CMakeFiles/swiftRuntime-linux-x86_64.dir/Errors.cpp.o stdlib/public/runtime/CMakeFiles/swiftRuntime-linux-x86_64.dir/Heap.cpp.o stdlib/public/runtime/CMakeFiles/swiftRuntime-linux-x86_64.dir/HeapObject.cpp.o stdlib/public/runtime/CMakeFiles/swiftRuntime-linux-x86_64.dir/KnownMetadata.cpp.o stdlib/public/runtime/CMakeFiles/swiftRuntime-linux-x86_64.dir/Metadata.cpp.o stdlib/public/runtime/CMakeFiles/swiftRuntime-linux-x86_64.dir/MetadataLookup.cpp.o stdlib/public/runtime/CMakeFiles/swiftRuntime-linux-x86_64.dir/MutexPThread.cpp.o stdlib/public/runtime/CMakeFiles/swiftRuntime-linux-x86_64.dir/MutexWin32.cpp.o stdlib/public/runtime/CMakeFiles/swiftRuntime-linux-x86_64.dir/Once.cpp.o stdlib/public/runtime/CMakeFiles/swiftRuntime-linux-x86_64.dir/Portability.cpp.o stdlib/public/runtime/CMakeFiles/swiftRuntime-linux-x86_64.dir/ProtocolConformance.cpp.o stdlib/public/runtime/CMakeFiles/swiftRuntime-linux-x86_64.dir/ReflectionNative.cpp.o stdlib/public/runtime/CMakeFiles/swiftRuntime-linux-x86_64.dir/RuntimeEntrySymbols.cpp.o stdlib/public/runtime/CMakeFiles/swiftRuntime-linux-x86_64.dir/SwiftObjectNative.cpp.o stdlib/public/stubs/CMakeFiles/swiftStdlibStubs-linux-x86_64.dir/Assert.cpp.o stdlib/public/stubs/CMakeFiles/swiftStdlibStubs-linux-x86_64.dir/CommandLine.cpp.o stdlib/public/stubs/CMakeFiles/swiftStdlibStubs-linux-x86_64.dir/GlobalObjects.cpp.o stdlib/public/stubs/CMakeFiles/swiftStdlibStubs-linux-x86_64.dir/LibcShims.cpp.o stdlib/public/stubs/CMakeFiles/swiftStdlibStubs-linux-x86_64.dir/Stubs.cpp.o stdlib/public/stubs/CMakeFiles/swiftStdlibStubs-linux-x86_64.dir/8/UnicodeExtendedGraphemeClusters.cpp.o stdlib/public/stubs/CMakeFiles/swiftStdlibStubs-linux-x86_64.dir/UnicodeNormalization.cpp.o lib/swift/linux/x86_64/swift_end.o -L/usr/local/src/build/Ninja-ReleaseAssert/llvm-linux-x86_64/./lib -licuuc -licui18n -Wl,-rpath,&quot;\$ORIGIN:/usr/lib/swift/linux&quot; &amp;&amp; :<br> <br>/usr/bin/ld: stdlib/public/core/linux/x86_64/Swift.o: relocation R_X86_64_PC32 against protected symbol `_swift_stdlib_unicode_strToLower&#39; can not be used when making a shared object<br> <br>/usr/bin/ld: final link failed: Wrong value<br> <br>clang: error: linker command failed with exit code 1 (use -v to see invocation)<br> <br>ninja: build stopped: subcommand failed.<br> <br>./swift/utils/build-script: fatal error: command terminated with a non-zero exit status 1, aborting<br></p><p>-----------------------------------------------------------------------------------------------------<br></p><p><br>How to solve this error?<br>Thank you.<br>-------------- next part --------------<br>An HTML attachment was scrubbed...<br>URL: &lt;https://lists.swift.org/pipermail/swift-users/attachments/20160811/e96ecbd5/attachment.html&gt;<br></p></div></li></ul></div>    </main>
    <script src="/js/app-c283ee129de63ad743722e9511e67a5d.js"></script>
  </body>
  <footer>
    <p>Swift and the Swift logo are trademarks of Apple Inc.</p>
  </footer>
</html>
