<!DOCTYPE html>
<html lang="en">
  <head>
    <meta charset="utf-8">
    <meta http-equiv="X-UA-Compatible" content="IE=edge">
    <meta name="viewport" content="width=device-width, initial-scale=1">
    <meta name="description" content="">
    <meta name="author" content="">

    <title>Swift Mailing List Archive</title>
    <link rel="stylesheet" href="/css/app-13f065ae5e595562a5022c544e3b976c.css?vsn=d">
  </head>

  <body>
    <div class="container">
      <header class="header">
        <img src="/images/swift-d0237fc716ba0932a940049990beba1b.svg?vsn=d" height="70">
      </header>

      <p class="alert alert-info" role="alert"></p>
      <p class="alert alert-danger" role="alert"></p>

    </div> <!-- /container -->
    <main role="main">
<div class="comment-wrapper"><ul class="comments"><li class="comment"><div class="avatar"><img src="https://www.gravatar.com/avatar/b6520643611a05fd040d0abcee3c883c?s=50"></div><header><strong>package manager test failing on Ubuntu 14.04</strong> from <string>Ted Kremenek</string> &lt;kremenek at apple.com&gt;<p>December  3, 2015 at 07:00:00pm</p></header><div class="content"><p>This test is now failing in the package manager on Ubuntu 14.04:<br></p><p>swift-incremental-RA-linux-ubuntu-14_04/swiftpm/Sources/../Tests/sys/MiscTests.swift:16:7: error: type &#39;RmtreeTests&#39; does not conform to protocol &#39;XCTestCaseProvider&#39;<br>class RmtreeTests: XCTestCase {<br>      ^<br>XCTest.XCTestCaseProvider:2:16: note: protocol requires property &#39;allTests&#39; with type &#39;[(String, () -&gt; ())]&#39;<br>    public var allTests: [(String, () -&gt; ())] { get }<br>             <br></p><p>Can someone take a look?<br>-------------- next part --------------<br>An HTML attachment was scrubbed...<br>URL: &lt;https://lists.swift.org/pipermail/swift-build-dev/attachments/20151203/ec6599ac/attachment.html&gt;<br></p></div><ul class="comments"><li class="comment"><div class="avatar"><img src="https://www.gravatar.com/avatar/b6520643611a05fd040d0abcee3c883c?s=50"></div><header><strong>package manager test failing on Ubuntu 14.04</strong> from <string>Ted Kremenek</string> &lt;kremenek at apple.com&gt;<p>December  3, 2015 at 07:00:00pm</p></header><div class="content"><p>Failing on Ubuntu 15.10 as well.<br></p><p>&gt; On Dec 3, 2015, at 7:35 PM, Ted Kremenek &lt;kremenek at apple.com&gt; wrote:<br>&gt; <br>&gt; This test is now failing in the package manager on Ubuntu 14.04:<br>&gt; <br>&gt; swift-incremental-RA-linux-ubuntu-14_04/swiftpm/Sources/../Tests/sys/MiscTests.swift:16:7: error: type &#39;RmtreeTests&#39; does not conform to protocol &#39;XCTestCaseProvider&#39;<br>&gt; class RmtreeTests: XCTestCase {<br>&gt;       ^<br>&gt; XCTest.XCTestCaseProvider:2:16: note: protocol requires property &#39;allTests&#39; with type &#39;[(String, () -&gt; ())]&#39;<br>&gt;     public var allTests: [(String, () -&gt; ())] { get }<br>&gt;              <br>&gt; <br>&gt; Can someone take a look?<br></p><p>-------------- next part --------------<br>An HTML attachment was scrubbed...<br>URL: &lt;https://lists.swift.org/pipermail/swift-build-dev/attachments/20151203/20140bf3/attachment.html&gt;<br></p></div><ul class="comments"><li class="comment"><div class="avatar"><img src="https://www.gravatar.com/avatar/969b04d28c02f951ccc03f615b9a92b3?s=50"></div><header><strong>package manager test failing on Ubuntu 14.04</strong> from <string>Dmitri Gribenko</string> &lt;gribozavr at gmail.com&gt;<p>December  3, 2015 at 07:00:00pm</p></header><div class="content"><p>On Thu, Dec 3, 2015 at 7:36 PM, Ted Kremenek &lt;kremenek at apple.com&gt; wrote:<br>&gt;<br>&gt; Failing on Ubuntu 15.10 as well.<br>&gt;<br>&gt; On Dec 3, 2015, at 7:35 PM, Ted Kremenek &lt;kremenek at apple.com&gt; wrote:<br>&gt;<br>&gt; This test is now failing in the package manager on Ubuntu 14.04:<br>&gt;<br>&gt; swift-incremental-RA-linux-ubuntu-14_04/swiftpm/Sources/../Tests/sys/MiscTests.swift:16:7: error: type &#39;RmtreeTests&#39; does not conform to protocol &#39;XCTestCaseProvider&#39; class RmtreeTests: XCTestCase { ^ XCTest.XCTestCaseProvider:2:16: note: protocol requires property &#39;allTests&#39; with type &#39;[(String, () -&gt; ())]&#39; public var allTests: [(String, () -&gt; ())] { get }<br>&gt;<br>&gt; Can someone take a look?<br></p><p>+Max<br></p><p>https://github.com/apple/swift-package-manager/commit/257fe0af61e5f4d1ab8ff06d38b1868fa60f77e9<br></p><p>-- <br>main(i,j){for(i=2;;i++){for(j=2;j&lt;i;j++){if(!(i%j)){j=0;break;}}if<br>(j){printf(&quot;%d\n&quot;,i);}}} /*Dmitri Gribenko &lt;gribozavr at gmail.com&gt;*/<br></p></div><ul class="comments"><li class="comment"><div class="avatar"><img src="https://www.gravatar.com/avatar/ae51ca494b37cc270597830da66f089f?s=50"></div><header><strong>package manager test failing on Ubuntu 14.04</strong> from <string>Max Howell</string> &lt;max.howell at apple.com&gt;<p>December  3, 2015 at 07:00:00pm</p></header><div class="content"><p>Sorry. I didn&#39;t realize this method was required for Linux XCTest. Will fix<br></p><p>&gt; On Dec 3, 2015, at 7:40 PM, Dmitri Gribenko &lt;gribozavr at gmail.com&gt; wrote:<br>&gt; <br>&gt;&gt; On Thu, Dec 3, 2015 at 7:36 PM, Ted Kremenek &lt;kremenek at apple.com&gt; wrote:<br>&gt;&gt; <br>&gt;&gt; Failing on Ubuntu 15.10 as well.<br>&gt;&gt; <br>&gt;&gt; On Dec 3, 2015, at 7:35 PM, Ted Kremenek &lt;kremenek at apple.com&gt; wrote:<br>&gt;&gt; <br>&gt;&gt; This test is now failing in the package manager on Ubuntu 14.04:<br>&gt;&gt; <br>&gt;&gt; swift-incremental-RA-linux-ubuntu-14_04/swiftpm/Sources/../Tests/sys/MiscTests.swift:16:7: error: type &#39;RmtreeTests&#39; does not conform to protocol &#39;XCTestCaseProvider&#39; class RmtreeTests: XCTestCase { ^ XCTest.XCTestCaseProvider:2:16: note: protocol requires property &#39;allTests&#39; with type &#39;[(String, () -&gt; ())]&#39; public var allTests: [(String, () -&gt; ())] { get }<br>&gt;&gt; <br>&gt;&gt; Can someone take a look?<br>&gt; <br>&gt; +Max<br>&gt; <br>&gt; https://github.com/apple/swift-package-manager/commit/257fe0af61e5f4d1ab8ff06d38b1868fa60f77e9<br>&gt; <br>&gt; -- <br>&gt; main(i,j){for(i=2;;i++){for(j=2;j&lt;i;j++){if(!(i%j)){j=0;break;}}if<br>&gt; (j){printf(&quot;%d\n&quot;,i);}}} /*Dmitri Gribenko &lt;gribozavr at gmail.com&gt;*/<br>&gt; _______________________________________________<br>&gt; swift-build-dev mailing list<br>&gt; swift-build-dev at swift.org<br>&gt; https://lists.swift.org/mailman/listinfo/swift-build-dev<br></p></div><ul class="comments"><li class="comment"><div class="avatar"><img src="https://www.gravatar.com/avatar/5d9baa679148bd83458d11df12327ce0?s=50"></div><header><strong>package manager test failing on Ubuntu 14.04</strong> from <string>Daniel Dunbar</string> &lt;daniel_dunbar at apple.com&gt;<p>December  3, 2015 at 07:00:00pm</p></header><div class="content"><p>I filed:<br>  https://bugs.swift.org/browse/SR-32<br>to see if we can get it so that these methods are required on OS X to make cross platform development more seamless.<br></p><p> - Daniel<br></p><p>&gt; On Dec 3, 2015, at 7:52 PM, Max Howell &lt;max.howell at apple.com&gt; wrote:<br>&gt; <br>&gt; Sorry. I didn&#39;t realize this method was required for Linux XCTest. Will fix<br>&gt; <br>&gt;&gt; On Dec 3, 2015, at 7:40 PM, Dmitri Gribenko &lt;gribozavr at gmail.com&gt; wrote:<br>&gt;&gt; <br>&gt;&gt;&gt; On Thu, Dec 3, 2015 at 7:36 PM, Ted Kremenek &lt;kremenek at apple.com&gt; wrote:<br>&gt;&gt;&gt; <br>&gt;&gt;&gt; Failing on Ubuntu 15.10 as well.<br>&gt;&gt;&gt; <br>&gt;&gt;&gt; On Dec 3, 2015, at 7:35 PM, Ted Kremenek &lt;kremenek at apple.com&gt; wrote:<br>&gt;&gt;&gt; <br>&gt;&gt;&gt; This test is now failing in the package manager on Ubuntu 14.04:<br>&gt;&gt;&gt; <br>&gt;&gt;&gt; swift-incremental-RA-linux-ubuntu-14_04/swiftpm/Sources/../Tests/sys/MiscTests.swift:16:7: error: type &#39;RmtreeTests&#39; does not conform to protocol &#39;XCTestCaseProvider&#39; class RmtreeTests: XCTestCase { ^ XCTest.XCTestCaseProvider:2:16: note: protocol requires property &#39;allTests&#39; with type &#39;[(String, () -&gt; ())]&#39; public var allTests: [(String, () -&gt; ())] { get }<br>&gt;&gt;&gt; <br>&gt;&gt;&gt; Can someone take a look?<br>&gt;&gt; <br>&gt;&gt; +Max<br>&gt;&gt; <br>&gt;&gt; https://github.com/apple/swift-package-manager/commit/257fe0af61e5f4d1ab8ff06d38b1868fa60f77e9<br>&gt;&gt; <br>&gt;&gt; -- <br>&gt;&gt; main(i,j){for(i=2;;i++){for(j=2;j&lt;i;j++){if(!(i%j)){j=0;break;}}if<br>&gt;&gt; (j){printf(&quot;%d\n&quot;,i);}}} /*Dmitri Gribenko &lt;gribozavr at gmail.com&gt;*/<br>&gt;&gt; _______________________________________________<br>&gt;&gt; swift-build-dev mailing list<br>&gt;&gt; swift-build-dev at swift.org<br>&gt;&gt; https://lists.swift.org/mailman/listinfo/swift-build-dev<br>&gt; _______________________________________________<br>&gt; swift-build-dev mailing list<br>&gt; swift-build-dev at swift.org<br>&gt; https://lists.swift.org/mailman/listinfo/swift-build-dev<br></p></div><ul class="comments"><li class="comment"><div class="avatar"><img src="https://www.gravatar.com/avatar/1510549f9353c9859b7b3c81872df09c?s=50"></div><header><strong>package manager test failing on Ubuntu 14.04</strong> from <string>Max Howell</string> &lt;mxcl at me.com&gt;<p>December  3, 2015 at 08:00:00pm</p></header><div class="content"><p>Pushed: https://github.com/apple/swift-package-manager/commit/36579267489afd5f1e83d5c7db42cb3eddb0da03<br></p><p>&gt; I filed:<br>&gt;  https://bugs.swift.org/browse/SR-32<br>&gt; to see if we can get it so that these methods are required on OS X to make cross platform development more seamless.<br>&gt; <br>&gt; - Daniel<br>&gt; <br>&gt;&gt; On Dec 3, 2015, at 7:52 PM, Max Howell &lt;max.howell at apple.com&gt; wrote:<br>&gt;&gt; <br>&gt;&gt; Sorry. I didn&#39;t realize this method was required for Linux XCTest. Will fix<br>&gt;&gt; <br>&gt;&gt;&gt; On Dec 3, 2015, at 7:40 PM, Dmitri Gribenko &lt;gribozavr at gmail.com&gt; wrote:<br>&gt;&gt;&gt; <br>&gt;&gt;&gt;&gt; On Thu, Dec 3, 2015 at 7:36 PM, Ted Kremenek &lt;kremenek at apple.com&gt; wrote:<br>&gt;&gt;&gt;&gt; <br>&gt;&gt;&gt;&gt; Failing on Ubuntu 15.10 as well.<br>&gt;&gt;&gt;&gt; <br>&gt;&gt;&gt;&gt; On Dec 3, 2015, at 7:35 PM, Ted Kremenek &lt;kremenek at apple.com&gt; wrote:<br>&gt;&gt;&gt;&gt; <br>&gt;&gt;&gt;&gt; This test is now failing in the package manager on Ubuntu 14.04:<br>&gt;&gt;&gt;&gt; <br>&gt;&gt;&gt;&gt; swift-incremental-RA-linux-ubuntu-14_04/swiftpm/Sources/../Tests/sys/MiscTests.swift:16:7: error: type &#39;RmtreeTests&#39; does not conform to protocol &#39;XCTestCaseProvider&#39; class RmtreeTests: XCTestCase { ^ XCTest.XCTestCaseProvider:2:16: note: protocol requires property &#39;allTests&#39; with type &#39;[(String, () -&gt; ())]&#39; public var allTests: [(String, () -&gt; ())] { get }<br>&gt;&gt;&gt;&gt; <br>&gt;&gt;&gt;&gt; Can someone take a look?<br>&gt;&gt;&gt; <br>&gt;&gt;&gt; +Max<br>&gt;&gt;&gt; <br>&gt;&gt;&gt; https://github.com/apple/swift-package-manager/commit/257fe0af61e5f4d1ab8ff06d38b1868fa60f77e9<br>&gt;&gt;&gt; <br>&gt;&gt;&gt; -- <br>&gt;&gt;&gt; main(i,j){for(i=2;;i++){for(j=2;j&lt;i;j++){if(!(i%j)){j=0;break;}}if<br>&gt;&gt;&gt; (j){printf(&quot;%d\n&quot;,i);}}} /*Dmitri Gribenko &lt;gribozavr at gmail.com&gt;*/<br>&gt;&gt;&gt; _______________________________________________<br>&gt;&gt;&gt; swift-build-dev mailing list<br>&gt;&gt;&gt; swift-build-dev at swift.org<br>&gt;&gt;&gt; https://lists.swift.org/mailman/listinfo/swift-build-dev<br>&gt;&gt; _______________________________________________<br>&gt;&gt; swift-build-dev mailing list<br>&gt;&gt; swift-build-dev at swift.org<br>&gt;&gt; https://lists.swift.org/mailman/listinfo/swift-build-dev<br>&gt;<br></p></div></li></ul></li></ul></li></ul></li></ul></li></ul></li></ul></div>    </main>
    <script src="/js/app-c283ee129de63ad743722e9511e67a5d.js?vsn=d"></script>
  </body>
  <footer>
    <p>Swift and the Swift logo are trademarks of Apple Inc.</p>
  </footer>
</html>
